#
# A fatal error has been detected by the Java Runtime Environment:
#
#  SIGSEGV (0xb) at pc=0x00007fd88f7772e1, pid=1493, tid=1500
#
# JRE version: OpenJDK Runtime Environment (11.0.5+10) (build 11.0.5+10-post-Ubuntu-0ubuntu1.118.04)
# Java VM: OpenJDK 64-Bit Server VM (11.0.5+10-post-Ubuntu-0ubuntu1.118.04, mixed mode, sharing, tiered, compressed oops, g1 gc, linux-amd64)
# Problematic frame:
# V  [libjvm.so+0xe172e1]
#
# Core dump will be written. Default location: core.1493 (may not exist)
#
# If you would like to submit a bug report, please visit:
#   Unknown
#

---------------  S U M M A R Y ------------

Command Line: -agentlib:jdwp=transport=dt_socket,address=localhost:50089 jdk.jshell.execution.RemoteExecutionControl 50088

Host: Intel(R) Core(TM) i7-8565U CPU @ 1.80GHz, 8 cores, 15G, Ubuntu 18.04.2 LTS
Time: Fri Apr  3 00:09:53 2020 DST elapsed time: 76333 seconds (0d 21h 12m 13s)

---------------  T H R E A D  ---------------

Current thread (0x00007fd88808f800):  ConcurrentGCThread "G1 Conc#0" [stack: 0x00007fd862fd2000,0x00007fd8630d2000] [id=1500]

Stack: [0x00007fd862fd2000,0x00007fd8630d2000],  sp=0x00007fd8630d0e10,  free space=1019k
Native frames: (J=compiled Java code, A=aot compiled Java code, j=interpreted, Vv=VM code, C=native code)
V  [libjvm.so+0xe172e1]
V  [libjvm.so+0xd7ba0a]
V  [libjvm.so+0xbcd3ce]


siginfo: si_signo: 11 (SIGSEGV), si_code: 1 (SEGV_MAPERR), si_addr: 0x0000000000000010

Register to memory mapping:

RAX=0x0 is NULL
RBX=0x00007fd88fd0f378: <offset 0x00000000013af378> in /usr/lib/jvm/java-11-openjdk-amd64/lib/server/libjvm.so at 0x00007fd88e960000
RCX=0x0 is NULL
RDX=0x0 is NULL
RSP=0x00007fd8630d0e10 points into unknown readable memory: 70 0e 0d 63 d8 7f 00 00
RBP=0x00007fd8630d0e40 points into unknown readable memory: c0 0e 0d 63 d8 7f 00 00
RSI=0x0 is NULL
RDI=0x00007fd8630d0d70 points into unknown readable memory: 90 06 da 8f d8 7f 00 00
R8 =0x0 is NULL
R9 =0x00000000ffffffff is an unknown value
R10=0x0 is NULL
R11=0x0 is NULL
R12=0x00007fd8630d0e1c points into unknown readable memory: d8 7f 00 00
R13=0x00007fd88808f800 points into unknown readable memory: 50 01 cf 8f d8 7f 00 00
R14=0x0000000000100000 is an unknown value
R15=0x00007fd890d3f710 is pointing into the stack for thread: 0x00007fd888015000


Registers:
RAX=0x0000000000000000, RBX=0x00007fd88fd0f378, RCX=0x0000000000000000, RDX=0x0000000000000000
RSP=0x00007fd8630d0e10, RBP=0x00007fd8630d0e40, RSI=0x0000000000000000, RDI=0x00007fd8630d0d70
R8 =0x0000000000000000, R9 =0x00000000ffffffff, R10=0x0000000000000000, R11=0x0000000000000000
R12=0x00007fd8630d0e1c, R13=0x00007fd88808f800, R14=0x0000000000100000, R15=0x00007fd890d3f710
RIP=0x00007fd88f7772e1, EFLAGS=0x0000000000010202, CSGSFS=0x00000053002b0033, ERR=0x0000000000000000
  TRAPNO=0x0000000000000000

Top of Stack: (sp=0x00007fd8630d0e10)
0x00007fd8630d0e10:   00007fd8630d0e70 00007fd88808f800
0x00007fd8630d0e20:   00007fd88fd0f378 00007fd88808f800
0x00007fd8630d0e30:   00007fd862fd2000 0000000000100000
0x00007fd8630d0e40:   00007fd8630d0ec0 00007fd88f6dba0a 

Instructions: (pc=0x00007fd88f7772e1)
0x00007fd88f7771e1:   35 cf 49 0f 00 31 c0 4c 89 e7 83 c3 01 e8 bd 0c
0x00007fd88f7771f1:   dc ff 41 39 5e 08 77 d7 5b 4c 89 e7 41 5c 41 5d
0x00007fd88f777201:   41 5e 5d e9 77 13 dc ff 0f 1f 80 00 00 00 00 31
0x00007fd88f777211:   c0 4c 89 ee 4c 89 e7 e8 93 0c dc ff 83 c3 01 41
0x00007fd88f777221:   39 5e 08 77 aa 5b 4c 89 e7 41 5c 41 5d 41 5e 5d
0x00007fd88f777231:   e9 4a 13 dc ff 66 2e 0f 1f 84 00 00 00 00 00 48
0x00007fd88f777241:   8b 87 20 03 00 00 55 48 89 e5 0f b6 40 28 5d c3
0x00007fd88f777251:   90 0f 1f 40 00 66 2e 0f 1f 84 00 00 00 00 00 48
0x00007fd88f777261:   8b 87 20 03 00 00 55 48 89 e5 0f b6 40 29 5d c3
0x00007fd88f777271:   90 0f 1f 40 00 66 2e 0f 1f 84 00 00 00 00 00 55
0x00007fd88f777281:   48 89 e5 53 48 89 fb 48 83 ec 08 e8 ef f0 f5 ff
0x00007fd88f777291:   48 83 c4 08 48 89 df be 09 00 00 00 5b 5d e9 ac
0x00007fd88f7772a1:   46 da ff 66 90 66 2e 0f 1f 84 00 00 00 00 00 55
0x00007fd88f7772b1:   48 89 e5 41 56 41 55 41 54 53 4c 8d 65 dc 49 89
0x00007fd88f7772c1:   fd 48 83 ec 10 66 2e 0f 1f 84 00 00 00 00 00 49
0x00007fd88f7772d1:   8b 85 20 03 00 00 48 8b 78 30 48 8b 07 ff 50 18
0x00007fd88f7772e1:   8b 70 10 48 89 c3 4c 89 e7 49 89 d6 e8 7e 7e 97
0x00007fd88f7772f1:   ff 48 8b 03 44 89 f6 48 89 df ff 10 4c 89 e7 e8
0x00007fd88f777301:   ab 7e 97 ff 49 8b 85 20 03 00 00 48 8b 78 30 48
0x00007fd88f777311:   8b 07 ff 50 20 eb b8 0f 1f 84 00 00 00 00 00 55
0x00007fd88f777321:   48 8d 15 d8 d8 7f ff 48 89 e5 41 54 53 48 8b 07
0x00007fd88f777331:   49 89 fc 48 89 f3 48 8b 80 88 00 00 00 48 39 d0
0x00007fd88f777341:   75 45 48 8b 97 08 03 00 00 48 8d 05 ff dd 07 00
0x00007fd88f777351:   48 85 d2 48 0f 44 d0 48 8d 35 a4 d3 09 00 48 89
0x00007fd88f777361:   df 31 c0 e8 47 0b dc ff 4c 89 e7 48 89 de 31 d2
0x00007fd88f777371:   e8 da e8 f5 ff 48 89 df 5b 41 5c 5d e9 fe 11 dc
0x00007fd88f777381:   ff 66 0f 1f 44 00 00 ff d0 48 89 c2 eb c9 90 55
0x00007fd88f777391:   48 8d 15 e8 fe ff ff 48 89 e5 53 48 89 fb 48 83
0x00007fd88f7773a1:   ec 08 48 8b 07 48 8b 80 b8 00 00 00 48 39 d0 75
0x00007fd88f7773b1:   2e e8 c9 ef f5 ff be 09 00 00 00 48 89 df e8 8c
0x00007fd88f7773c1:   45 da ff 48 8b 03 48 89 df 48 8b 80 c0 00 00 00
0x00007fd88f7773d1:   48 83 c4 08 5b 5d ff e0 0f 1f 80 00 00 00 00 ff 


Stack slot to memory mapping:
stack at sp + 0 slots: 0x00007fd8630d0e70 points into unknown readable memory: c0 0e 0d 63 d8 7f 00 00
stack at sp + 1 slots: 0x00007fd88808f800 points into unknown readable memory: 50 01 cf 8f d8 7f 00 00
stack at sp + 2 slots: 0x00007fd88fd0f378: <offset 0x00000000013af378> in /usr/lib/jvm/java-11-openjdk-amd64/lib/server/libjvm.so at 0x00007fd88e960000
stack at sp + 3 slots: 0x00007fd88808f800 points into unknown readable memory: 50 01 cf 8f d8 7f 00 00
stack at sp + 4 slots: 0x00007fd862fd2000 points into unknown readable memory: 00 00 00 00 00 00 00 00
stack at sp + 5 slots: 0x0000000000100000 is an unknown value
stack at sp + 6 slots: 0x00007fd8630d0ec0 points into unknown readable memory: f0 0e 0d 63 d8 7f 00 00
stack at sp + 7 slots: 0x00007fd88f6dba0a: <offset 0x0000000000d7ba0a> in /usr/lib/jvm/java-11-openjdk-amd64/lib/server/libjvm.so at 0x00007fd88e960000


---------------  P R O C E S S  ---------------

Threads class SMR info:
_java_thread_list=0x00007fd8882b59b0, length=13, elements={
0x00007fd888015000, 0x00007fd8881d6800, 0x00007fd8881d8800, 0x00007fd8881e0800,
0x00007fd8881e2800, 0x00007fd8881e4800, 0x00007fd8881e6800, 0x00007fd88824a000,
0x00007fd88824d800, 0x00007fd828001800, 0x00007fd88824f000, 0x00007fd888265000,
0x00007fd8882b4000
}

Java Threads: ( => current thread )
  0x00007fd888015000 JavaThread "main" [_thread_blocked, id=1497, stack(0x00007fd890c40000,0x00007fd890d41000)]
  0x00007fd8881d6800 JavaThread "Reference Handler" daemon [_thread_blocked, id=1504, stack(0x00007fd8601f0000,0x00007fd8602f1000)]
  0x00007fd8881d8800 JavaThread "Finalizer" daemon [_thread_blocked, id=1505, stack(0x00007fd8600e0000,0x00007fd8601e1000)]
  0x00007fd8881e0800 JavaThread "Signal Dispatcher" daemon [_thread_in_vm, id=1506, stack(0x00007fd8533f0000,0x00007fd8534f1000)]
  0x00007fd8881e2800 JavaThread "C2 CompilerThread0" daemon [_thread_blocked, id=1507, stack(0x00007fd8532e0000,0x00007fd8533e1000)]
  0x00007fd8881e4800 JavaThread "C1 CompilerThread0" daemon [_thread_blocked, id=1508, stack(0x00007fd8531d0000,0x00007fd8532d1000)]
  0x00007fd8881e6800 JavaThread "Sweeper thread" daemon [_thread_blocked, id=1509, stack(0x00007fd8530c0000,0x00007fd8531c1000)]
  0x00007fd88824a000 JavaThread "JDWP Transport Listener: dt_socket" daemon [_thread_blocked, id=1510, stack(0x00007fd852da0000,0x00007fd852ea1000)]
  0x00007fd88824d800 JavaThread "JDWP Event Helper Thread" daemon [_thread_blocked, id=1511, stack(0x00007fd852c90000,0x00007fd852d91000)]
  0x00007fd828001800 JavaThread "JDWP Command Reader" daemon [_thread_in_native, id=1512, stack(0x00007fd852b80000,0x00007fd852c81000)]
  0x00007fd88824f000 JavaThread "Service Thread" daemon [_thread_blocked, id=1516, stack(0x00007fd852a70000,0x00007fd852b71000)]
  0x00007fd888265000 JavaThread "Common-Cleaner" daemon [_thread_blocked, id=1518, stack(0x00007fd852410000,0x00007fd852511000)]
  0x00007fd8882b4000 JavaThread "output reader" daemon [_thread_in_native, id=1520, stack(0x00007fd8520f0000,0x00007fd8521f1000)]

Other Threads:
  0x00007fd8881d3800 VMThread "VM Thread" [stack: 0x00007fd860302000,0x00007fd860402000] [id=1503]
  0x00007fd888251800 WatcherThread [stack: 0x00007fd852962000,0x00007fd852a62000] [id=1517]
  0x00007fd88802e000 GCTaskThread "GC Thread#0" [stack: 0x00007fd88c9f2000,0x00007fd88caf2000] [id=1498]
  0x00007fd88808e000 ConcurrentGCThread "G1 Main Marker" [stack: 0x00007fd870022000,0x00007fd870122000] [id=1499]
=>0x00007fd88808f800 ConcurrentGCThread "G1 Conc#0" [stack: 0x00007fd862fd2000,0x00007fd8630d2000] [id=1500]
  0x00007fd888195800 ConcurrentGCThread "G1 Refine#0" [stack: 0x00007fd860642000,0x00007fd860742000] [id=1501]
  0x00007fd888197800 ConcurrentGCThread "G1 Young RemSet Sampling" [stack: 0x00007fd860532000,0x00007fd860632000] [id=1502]

Threads with active compile tasks:

VM state:not at safepoint (normal execution)

VM Mutex/Monitor currently owned by a thread:  ([mutex/lock_event])
[0x00007fd888011150] Threads_lock - owner thread: 0x00007fd8881e0800

Heap address: 0x0000000701c00000, size: 4068 MB, Compressed Oops mode: Zero based, Oop shift amount: 3
Narrow klass base: 0x0000000800000000, Narrow klass shift: 3
Compressed class space size: 1073741824 Address: 0x0000000840000000

Heap:
 garbage-first heap   total 264192K, used 3768K [0x0000000701c00000, 0x0000000800000000)
  region size 1024K, 4 young (4096K), 0 survivors (0K)
 Metaspace       used 1926K, capacity 4995K, committed 5248K, reserved 1056768K
  class space    used 218K, capacity 540K, committed 640K, reserved 1048576K
Heap Regions: E=young(eden), S=young(survivor), O=old, HS=humongous(starts), HC=humongous(continues), CS=collection set, F=free, A=archive, TAMS=top-at-mark-start (previous, next)
|   0|0x0000000701c00000, 0x0000000701c00000, 0x0000000701d00000|  0%| F|  |TAMS 0x0000000701c00000, 0x0000000701c00000| Untracked 
|   1|0x0000000701d00000, 0x0000000701d00000, 0x0000000701e00000|  0%| F|  |TAMS 0x0000000701d00000, 0x0000000701d00000| Untracked 
|   2|0x0000000701e00000, 0x0000000701e00000, 0x0000000701f00000|  0%| F|  |TAMS 0x0000000701e00000, 0x0000000701e00000| Untracked 
|   3|0x0000000701f00000, 0x0000000701f00000, 0x0000000702000000|  0%| F|  |TAMS 0x0000000701f00000, 0x0000000701f00000| Untracked 
|   4|0x0000000702000000, 0x0000000702000000, 0x0000000702100000|  0%| F|  |TAMS 0x0000000702000000, 0x0000000702000000| Untracked 
|   5|0x0000000702100000, 0x0000000702100000, 0x0000000702200000|  0%| F|  |TAMS 0x0000000702100000, 0x0000000702100000| Untracked 
|   6|0x0000000702200000, 0x0000000702200000, 0x0000000702300000|  0%| F|  |TAMS 0x0000000702200000, 0x0000000702200000| Untracked 
|   7|0x0000000702300000, 0x0000000702300000, 0x0000000702400000|  0%| F|  |TAMS 0x0000000702300000, 0x0000000702300000| Untracked 
|   8|0x0000000702400000, 0x0000000702400000, 0x0000000702500000|  0%| F|  |TAMS 0x0000000702400000, 0x0000000702400000| Untracked 
|   9|0x0000000702500000, 0x0000000702500000, 0x0000000702600000|  0%| F|  |TAMS 0x0000000702500000, 0x0000000702500000| Untracked 
|  10|0x0000000702600000, 0x0000000702600000, 0x0000000702700000|  0%| F|  |TAMS 0x0000000702600000, 0x0000000702600000| Untracked 
|  11|0x0000000702700000, 0x0000000702700000, 0x0000000702800000|  0%| F|  |TAMS 0x0000000702700000, 0x0000000702700000| Untracked 
|  12|0x0000000702800000, 0x0000000702800000, 0x0000000702900000|  0%| F|  |TAMS 0x0000000702800000, 0x0000000702800000| Untracked 
|  13|0x0000000702900000, 0x0000000702900000, 0x0000000702a00000|  0%| F|  |TAMS 0x0000000702900000, 0x0000000702900000| Untracked 
|  14|0x0000000702a00000, 0x0000000702a00000, 0x0000000702b00000|  0%| F|  |TAMS 0x0000000702a00000, 0x0000000702a00000| Untracked 
|  15|0x0000000702b00000, 0x0000000702b00000, 0x0000000702c00000|  0%| F|  |TAMS 0x0000000702b00000, 0x0000000702b00000| Untracked 
|  16|0x0000000702c00000, 0x0000000702c00000, 0x0000000702d00000|  0%| F|  |TAMS 0x0000000702c00000, 0x0000000702c00000| Untracked 
|  17|0x0000000702d00000, 0x0000000702d00000, 0x0000000702e00000|  0%| F|  |TAMS 0x0000000702d00000, 0x0000000702d00000| Untracked 
|  18|0x0000000702e00000, 0x0000000702e00000, 0x0000000702f00000|  0%| F|  |TAMS 0x0000000702e00000, 0x0000000702e00000| Untracked 
|  19|0x0000000702f00000, 0x0000000702f00000, 0x0000000703000000|  0%| F|  |TAMS 0x0000000702f00000, 0x0000000702f00000| Untracked 
|  20|0x0000000703000000, 0x0000000703000000, 0x0000000703100000|  0%| F|  |TAMS 0x0000000703000000, 0x0000000703000000| Untracked 
|  21|0x0000000703100000, 0x0000000703100000, 0x0000000703200000|  0%| F|  |TAMS 0x0000000703100000, 0x0000000703100000| Untracked 
|  22|0x0000000703200000, 0x0000000703200000, 0x0000000703300000|  0%| F|  |TAMS 0x0000000703200000, 0x0000000703200000| Untracked 
|  23|0x0000000703300000, 0x0000000703300000, 0x0000000703400000|  0%| F|  |TAMS 0x0000000703300000, 0x0000000703300000| Untracked 
|  24|0x0000000703400000, 0x0000000703400000, 0x0000000703500000|  0%| F|  |TAMS 0x0000000703400000, 0x0000000703400000| Untracked 
|  25|0x0000000703500000, 0x0000000703500000, 0x0000000703600000|  0%| F|  |TAMS 0x0000000703500000, 0x0000000703500000| Untracked 
|  26|0x0000000703600000, 0x0000000703600000, 0x0000000703700000|  0%| F|  |TAMS 0x0000000703600000, 0x0000000703600000| Untracked 
|  27|0x0000000703700000, 0x0000000703700000, 0x0000000703800000|  0%| F|  |TAMS 0x0000000703700000, 0x0000000703700000| Untracked 
|  28|0x0000000703800000, 0x0000000703800000, 0x0000000703900000|  0%| F|  |TAMS 0x0000000703800000, 0x0000000703800000| Untracked 
|  29|0x0000000703900000, 0x0000000703900000, 0x0000000703a00000|  0%| F|  |TAMS 0x0000000703900000, 0x0000000703900000| Untracked 
|  30|0x0000000703a00000, 0x0000000703a00000, 0x0000000703b00000|  0%| F|  |TAMS 0x0000000703a00000, 0x0000000703a00000| Untracked 
|  31|0x0000000703b00000, 0x0000000703b00000, 0x0000000703c00000|  0%| F|  |TAMS 0x0000000703b00000, 0x0000000703b00000| Untracked 
|  32|0x0000000703c00000, 0x0000000703c00000, 0x0000000703d00000|  0%| F|  |TAMS 0x0000000703c00000, 0x0000000703c00000| Untracked 
|  33|0x0000000703d00000, 0x0000000703d00000, 0x0000000703e00000|  0%| F|  |TAMS 0x0000000703d00000, 0x0000000703d00000| Untracked 
|  34|0x0000000703e00000, 0x0000000703e00000, 0x0000000703f00000|  0%| F|  |TAMS 0x0000000703e00000, 0x0000000703e00000| Untracked 
|  35|0x0000000703f00000, 0x0000000703f00000, 0x0000000704000000|  0%| F|  |TAMS 0x0000000703f00000, 0x0000000703f00000| Untracked 
|  36|0x0000000704000000, 0x0000000704000000, 0x0000000704100000|  0%| F|  |TAMS 0x0000000704000000, 0x0000000704000000| Untracked 
|  37|0x0000000704100000, 0x0000000704100000, 0x0000000704200000|  0%| F|  |TAMS 0x0000000704100000, 0x0000000704100000| Untracked 
|  38|0x0000000704200000, 0x0000000704200000, 0x0000000704300000|  0%| F|  |TAMS 0x0000000704200000, 0x0000000704200000| Untracked 
|  39|0x0000000704300000, 0x0000000704300000, 0x0000000704400000|  0%| F|  |TAMS 0x0000000704300000, 0x0000000704300000| Untracked 
|  40|0x0000000704400000, 0x0000000704400000, 0x0000000704500000|  0%| F|  |TAMS 0x0000000704400000, 0x0000000704400000| Untracked 
|  41|0x0000000704500000, 0x0000000704500000, 0x0000000704600000|  0%| F|  |TAMS 0x0000000704500000, 0x0000000704500000| Untracked 
|  42|0x0000000704600000, 0x0000000704600000, 0x0000000704700000|  0%| F|  |TAMS 0x0000000704600000, 0x0000000704600000| Untracked 
|  43|0x0000000704700000, 0x0000000704700000, 0x0000000704800000|  0%| F|  |TAMS 0x0000000704700000, 0x0000000704700000| Untracked 
|  44|0x0000000704800000, 0x0000000704800000, 0x0000000704900000|  0%| F|  |TAMS 0x0000000704800000, 0x0000000704800000| Untracked 
|  45|0x0000000704900000, 0x0000000704900000, 0x0000000704a00000|  0%| F|  |TAMS 0x0000000704900000, 0x0000000704900000| Untracked 
|  46|0x0000000704a00000, 0x0000000704a00000, 0x0000000704b00000|  0%| F|  |TAMS 0x0000000704a00000, 0x0000000704a00000| Untracked 
|  47|0x0000000704b00000, 0x0000000704b00000, 0x0000000704c00000|  0%| F|  |TAMS 0x0000000704b00000, 0x0000000704b00000| Untracked 
|  48|0x0000000704c00000, 0x0000000704c00000, 0x0000000704d00000|  0%| F|  |TAMS 0x0000000704c00000, 0x0000000704c00000| Untracked 
|  49|0x0000000704d00000, 0x0000000704d00000, 0x0000000704e00000|  0%| F|  |TAMS 0x0000000704d00000, 0x0000000704d00000| Untracked 
|  50|0x0000000704e00000, 0x0000000704e00000, 0x0000000704f00000|  0%| F|  |TAMS 0x0000000704e00000, 0x0000000704e00000| Untracked 
|  51|0x0000000704f00000, 0x0000000704f00000, 0x0000000705000000|  0%| F|  |TAMS 0x0000000704f00000, 0x0000000704f00000| Untracked 
|  52|0x0000000705000000, 0x0000000705000000, 0x0000000705100000|  0%| F|  |TAMS 0x0000000705000000, 0x0000000705000000| Untracked 
|  53|0x0000000705100000, 0x0000000705100000, 0x0000000705200000|  0%| F|  |TAMS 0x0000000705100000, 0x0000000705100000| Untracked 
|  54|0x0000000705200000, 0x0000000705200000, 0x0000000705300000|  0%| F|  |TAMS 0x0000000705200000, 0x0000000705200000| Untracked 
|  55|0x0000000705300000, 0x0000000705300000, 0x0000000705400000|  0%| F|  |TAMS 0x0000000705300000, 0x0000000705300000| Untracked 
|  56|0x0000000705400000, 0x0000000705400000, 0x0000000705500000|  0%| F|  |TAMS 0x0000000705400000, 0x0000000705400000| Untracked 
|  57|0x0000000705500000, 0x0000000705500000, 0x0000000705600000|  0%| F|  |TAMS 0x0000000705500000, 0x0000000705500000| Untracked 
|  58|0x0000000705600000, 0x0000000705600000, 0x0000000705700000|  0%| F|  |TAMS 0x0000000705600000, 0x0000000705600000| Untracked 
|  59|0x0000000705700000, 0x0000000705700000, 0x0000000705800000|  0%| F|  |TAMS 0x0000000705700000, 0x0000000705700000| Untracked 
|  60|0x0000000705800000, 0x0000000705800000, 0x0000000705900000|  0%| F|  |TAMS 0x0000000705800000, 0x0000000705800000| Untracked 
|  61|0x0000000705900000, 0x0000000705900000, 0x0000000705a00000|  0%| F|  |TAMS 0x0000000705900000, 0x0000000705900000| Untracked 
|  62|0x0000000705a00000, 0x0000000705a00000, 0x0000000705b00000|  0%| F|  |TAMS 0x0000000705a00000, 0x0000000705a00000| Untracked 
|  63|0x0000000705b00000, 0x0000000705b00000, 0x0000000705c00000|  0%| F|  |TAMS 0x0000000705b00000, 0x0000000705b00000| Untracked 
|  64|0x0000000705c00000, 0x0000000705c00000, 0x0000000705d00000|  0%| F|  |TAMS 0x0000000705c00000, 0x0000000705c00000| Untracked 
|  65|0x0000000705d00000, 0x0000000705d00000, 0x0000000705e00000|  0%| F|  |TAMS 0x0000000705d00000, 0x0000000705d00000| Untracked 
|  66|0x0000000705e00000, 0x0000000705e00000, 0x0000000705f00000|  0%| F|  |TAMS 0x0000000705e00000, 0x0000000705e00000| Untracked 
|  67|0x0000000705f00000, 0x0000000705f00000, 0x0000000706000000|  0%| F|  |TAMS 0x0000000705f00000, 0x0000000705f00000| Untracked 
|  68|0x0000000706000000, 0x0000000706000000, 0x0000000706100000|  0%| F|  |TAMS 0x0000000706000000, 0x0000000706000000| Untracked 
|  69|0x0000000706100000, 0x0000000706100000, 0x0000000706200000|  0%| F|  |TAMS 0x0000000706100000, 0x0000000706100000| Untracked 
|  70|0x0000000706200000, 0x0000000706200000, 0x0000000706300000|  0%| F|  |TAMS 0x0000000706200000, 0x0000000706200000| Untracked 
|  71|0x0000000706300000, 0x0000000706300000, 0x0000000706400000|  0%| F|  |TAMS 0x0000000706300000, 0x0000000706300000| Untracked 
|  72|0x0000000706400000, 0x0000000706400000, 0x0000000706500000|  0%| F|  |TAMS 0x0000000706400000, 0x0000000706400000| Untracked 
|  73|0x0000000706500000, 0x0000000706500000, 0x0000000706600000|  0%| F|  |TAMS 0x0000000706500000, 0x0000000706500000| Untracked 
|  74|0x0000000706600000, 0x0000000706600000, 0x0000000706700000|  0%| F|  |TAMS 0x0000000706600000, 0x0000000706600000| Untracked 
|  75|0x0000000706700000, 0x0000000706700000, 0x0000000706800000|  0%| F|  |TAMS 0x0000000706700000, 0x0000000706700000| Untracked 
|  76|0x0000000706800000, 0x0000000706800000, 0x0000000706900000|  0%| F|  |TAMS 0x0000000706800000, 0x0000000706800000| Untracked 
|  77|0x0000000706900000, 0x0000000706900000, 0x0000000706a00000|  0%| F|  |TAMS 0x0000000706900000, 0x0000000706900000| Untracked 
|  78|0x0000000706a00000, 0x0000000706a00000, 0x0000000706b00000|  0%| F|  |TAMS 0x0000000706a00000, 0x0000000706a00000| Untracked 
|  79|0x0000000706b00000, 0x0000000706b00000, 0x0000000706c00000|  0%| F|  |TAMS 0x0000000706b00000, 0x0000000706b00000| Untracked 
|  80|0x0000000706c00000, 0x0000000706c00000, 0x0000000706d00000|  0%| F|  |TAMS 0x0000000706c00000, 0x0000000706c00000| Untracked 
|  81|0x0000000706d00000, 0x0000000706d00000, 0x0000000706e00000|  0%| F|  |TAMS 0x0000000706d00000, 0x0000000706d00000| Untracked 
|  82|0x0000000706e00000, 0x0000000706e00000, 0x0000000706f00000|  0%| F|  |TAMS 0x0000000706e00000, 0x0000000706e00000| Untracked 
|  83|0x0000000706f00000, 0x0000000706f00000, 0x0000000707000000|  0%| F|  |TAMS 0x0000000706f00000, 0x0000000706f00000| Untracked 
|  84|0x0000000707000000, 0x0000000707000000, 0x0000000707100000|  0%| F|  |TAMS 0x0000000707000000, 0x0000000707000000| Untracked 
|  85|0x0000000707100000, 0x0000000707100000, 0x0000000707200000|  0%| F|  |TAMS 0x0000000707100000, 0x0000000707100000| Untracked 
|  86|0x0000000707200000, 0x0000000707200000, 0x0000000707300000|  0%| F|  |TAMS 0x0000000707200000, 0x0000000707200000| Untracked 
|  87|0x0000000707300000, 0x0000000707300000, 0x0000000707400000|  0%| F|  |TAMS 0x0000000707300000, 0x0000000707300000| Untracked 
|  88|0x0000000707400000, 0x0000000707400000, 0x0000000707500000|  0%| F|  |TAMS 0x0000000707400000, 0x0000000707400000| Untracked 
|  89|0x0000000707500000, 0x0000000707500000, 0x0000000707600000|  0%| F|  |TAMS 0x0000000707500000, 0x0000000707500000| Untracked 
|  90|0x0000000707600000, 0x0000000707600000, 0x0000000707700000|  0%| F|  |TAMS 0x0000000707600000, 0x0000000707600000| Untracked 
|  91|0x0000000707700000, 0x0000000707700000, 0x0000000707800000|  0%| F|  |TAMS 0x0000000707700000, 0x0000000707700000| Untracked 
|  92|0x0000000707800000, 0x0000000707800000, 0x0000000707900000|  0%| F|  |TAMS 0x0000000707800000, 0x0000000707800000| Untracked 
|  93|0x0000000707900000, 0x0000000707900000, 0x0000000707a00000|  0%| F|  |TAMS 0x0000000707900000, 0x0000000707900000| Untracked 
|  94|0x0000000707a00000, 0x0000000707a00000, 0x0000000707b00000|  0%| F|  |TAMS 0x0000000707a00000, 0x0000000707a00000| Untracked 
|  95|0x0000000707b00000, 0x0000000707b00000, 0x0000000707c00000|  0%| F|  |TAMS 0x0000000707b00000, 0x0000000707b00000| Untracked 
|  96|0x0000000707c00000, 0x0000000707c00000, 0x0000000707d00000|  0%| F|  |TAMS 0x0000000707c00000, 0x0000000707c00000| Untracked 
|  97|0x0000000707d00000, 0x0000000707d00000, 0x0000000707e00000|  0%| F|  |TAMS 0x0000000707d00000, 0x0000000707d00000| Untracked 
|  98|0x0000000707e00000, 0x0000000707e00000, 0x0000000707f00000|  0%| F|  |TAMS 0x0000000707e00000, 0x0000000707e00000| Untracked 
|  99|0x0000000707f00000, 0x0000000707f00000, 0x0000000708000000|  0%| F|  |TAMS 0x0000000707f00000, 0x0000000707f00000| Untracked 
| 100|0x0000000708000000, 0x0000000708000000, 0x0000000708100000|  0%| F|  |TAMS 0x0000000708000000, 0x0000000708000000| Untracked 
| 101|0x0000000708100000, 0x0000000708100000, 0x0000000708200000|  0%| F|  |TAMS 0x0000000708100000, 0x0000000708100000| Untracked 
| 102|0x0000000708200000, 0x0000000708200000, 0x0000000708300000|  0%| F|  |TAMS 0x0000000708200000, 0x0000000708200000| Untracked 
| 103|0x0000000708300000, 0x0000000708300000, 0x0000000708400000|  0%| F|  |TAMS 0x0000000708300000, 0x0000000708300000| Untracked 
| 104|0x0000000708400000, 0x0000000708400000, 0x0000000708500000|  0%| F|  |TAMS 0x0000000708400000, 0x0000000708400000| Untracked 
| 105|0x0000000708500000, 0x0000000708500000, 0x0000000708600000|  0%| F|  |TAMS 0x0000000708500000, 0x0000000708500000| Untracked 
| 106|0x0000000708600000, 0x0000000708600000, 0x0000000708700000|  0%| F|  |TAMS 0x0000000708600000, 0x0000000708600000| Untracked 
| 107|0x0000000708700000, 0x0000000708700000, 0x0000000708800000|  0%| F|  |TAMS 0x0000000708700000, 0x0000000708700000| Untracked 
| 108|0x0000000708800000, 0x0000000708800000, 0x0000000708900000|  0%| F|  |TAMS 0x0000000708800000, 0x0000000708800000| Untracked 
| 109|0x0000000708900000, 0x0000000708900000, 0x0000000708a00000|  0%| F|  |TAMS 0x0000000708900000, 0x0000000708900000| Untracked 
| 110|0x0000000708a00000, 0x0000000708a00000, 0x0000000708b00000|  0%| F|  |TAMS 0x0000000708a00000, 0x0000000708a00000| Untracked 
| 111|0x0000000708b00000, 0x0000000708b00000, 0x0000000708c00000|  0%| F|  |TAMS 0x0000000708b00000, 0x0000000708b00000| Untracked 
| 112|0x0000000708c00000, 0x0000000708c00000, 0x0000000708d00000|  0%| F|  |TAMS 0x0000000708c00000, 0x0000000708c00000| Untracked 
| 113|0x0000000708d00000, 0x0000000708d00000, 0x0000000708e00000|  0%| F|  |TAMS 0x0000000708d00000, 0x0000000708d00000| Untracked 
| 114|0x0000000708e00000, 0x0000000708e00000, 0x0000000708f00000|  0%| F|  |TAMS 0x0000000708e00000, 0x0000000708e00000| Untracked 
| 115|0x0000000708f00000, 0x0000000708f00000, 0x0000000709000000|  0%| F|  |TAMS 0x0000000708f00000, 0x0000000708f00000| Untracked 
| 116|0x0000000709000000, 0x0000000709000000, 0x0000000709100000|  0%| F|  |TAMS 0x0000000709000000, 0x0000000709000000| Untracked 
| 117|0x0000000709100000, 0x0000000709100000, 0x0000000709200000|  0%| F|  |TAMS 0x0000000709100000, 0x0000000709100000| Untracked 
| 118|0x0000000709200000, 0x0000000709200000, 0x0000000709300000|  0%| F|  |TAMS 0x0000000709200000, 0x0000000709200000| Untracked 
| 119|0x0000000709300000, 0x0000000709300000, 0x0000000709400000|  0%| F|  |TAMS 0x0000000709300000, 0x0000000709300000| Untracked 
| 120|0x0000000709400000, 0x0000000709400000, 0x0000000709500000|  0%| F|  |TAMS 0x0000000709400000, 0x0000000709400000| Untracked 
| 121|0x0000000709500000, 0x0000000709500000, 0x0000000709600000|  0%| F|  |TAMS 0x0000000709500000, 0x0000000709500000| Untracked 
| 122|0x0000000709600000, 0x0000000709600000, 0x0000000709700000|  0%| F|  |TAMS 0x0000000709600000, 0x0000000709600000| Untracked 
| 123|0x0000000709700000, 0x0000000709700000, 0x0000000709800000|  0%| F|  |TAMS 0x0000000709700000, 0x0000000709700000| Untracked 
| 124|0x0000000709800000, 0x0000000709800000, 0x0000000709900000|  0%| F|  |TAMS 0x0000000709800000, 0x0000000709800000| Untracked 
| 125|0x0000000709900000, 0x0000000709900000, 0x0000000709a00000|  0%| F|  |TAMS 0x0000000709900000, 0x0000000709900000| Untracked 
| 126|0x0000000709a00000, 0x0000000709a00000, 0x0000000709b00000|  0%| F|  |TAMS 0x0000000709a00000, 0x0000000709a00000| Untracked 
| 127|0x0000000709b00000, 0x0000000709b00000, 0x0000000709c00000|  0%| F|  |TAMS 0x0000000709b00000, 0x0000000709b00000| Untracked 
| 128|0x0000000709c00000, 0x0000000709c00000, 0x0000000709d00000|  0%| F|  |TAMS 0x0000000709c00000, 0x0000000709c00000| Untracked 
| 129|0x0000000709d00000, 0x0000000709d00000, 0x0000000709e00000|  0%| F|  |TAMS 0x0000000709d00000, 0x0000000709d00000| Untracked 
| 130|0x0000000709e00000, 0x0000000709e00000, 0x0000000709f00000|  0%| F|  |TAMS 0x0000000709e00000, 0x0000000709e00000| Untracked 
| 131|0x0000000709f00000, 0x0000000709f00000, 0x000000070a000000|  0%| F|  |TAMS 0x0000000709f00000, 0x0000000709f00000| Untracked 
| 132|0x000000070a000000, 0x000000070a000000, 0x000000070a100000|  0%| F|  |TAMS 0x000000070a000000, 0x000000070a000000| Untracked 
| 133|0x000000070a100000, 0x000000070a100000, 0x000000070a200000|  0%| F|  |TAMS 0x000000070a100000, 0x000000070a100000| Untracked 
| 134|0x000000070a200000, 0x000000070a200000, 0x000000070a300000|  0%| F|  |TAMS 0x000000070a200000, 0x000000070a200000| Untracked 
| 135|0x000000070a300000, 0x000000070a300000, 0x000000070a400000|  0%| F|  |TAMS 0x000000070a300000, 0x000000070a300000| Untracked 
| 136|0x000000070a400000, 0x000000070a400000, 0x000000070a500000|  0%| F|  |TAMS 0x000000070a400000, 0x000000070a400000| Untracked 
| 137|0x000000070a500000, 0x000000070a500000, 0x000000070a600000|  0%| F|  |TAMS 0x000000070a500000, 0x000000070a500000| Untracked 
| 138|0x000000070a600000, 0x000000070a600000, 0x000000070a700000|  0%| F|  |TAMS 0x000000070a600000, 0x000000070a600000| Untracked 
| 139|0x000000070a700000, 0x000000070a700000, 0x000000070a800000|  0%| F|  |TAMS 0x000000070a700000, 0x000000070a700000| Untracked 
| 140|0x000000070a800000, 0x000000070a800000, 0x000000070a900000|  0%| F|  |TAMS 0x000000070a800000, 0x000000070a800000| Untracked 
| 141|0x000000070a900000, 0x000000070a900000, 0x000000070aa00000|  0%| F|  |TAMS 0x000000070a900000, 0x000000070a900000| Untracked 
| 142|0x000000070aa00000, 0x000000070aa00000, 0x000000070ab00000|  0%| F|  |TAMS 0x000000070aa00000, 0x000000070aa00000| Untracked 
| 143|0x000000070ab00000, 0x000000070ab00000, 0x000000070ac00000|  0%| F|  |TAMS 0x000000070ab00000, 0x000000070ab00000| Untracked 
| 144|0x000000070ac00000, 0x000000070ac00000, 0x000000070ad00000|  0%| F|  |TAMS 0x000000070ac00000, 0x000000070ac00000| Untracked 
| 145|0x000000070ad00000, 0x000000070ad00000, 0x000000070ae00000|  0%| F|  |TAMS 0x000000070ad00000, 0x000000070ad00000| Untracked 
| 146|0x000000070ae00000, 0x000000070ae00000, 0x000000070af00000|  0%| F|  |TAMS 0x000000070ae00000, 0x000000070ae00000| Untracked 
| 147|0x000000070af00000, 0x000000070af00000, 0x000000070b000000|  0%| F|  |TAMS 0x000000070af00000, 0x000000070af00000| Untracked 
| 148|0x000000070b000000, 0x000000070b000000, 0x000000070b100000|  0%| F|  |TAMS 0x000000070b000000, 0x000000070b000000| Untracked 
| 149|0x000000070b100000, 0x000000070b100000, 0x000000070b200000|  0%| F|  |TAMS 0x000000070b100000, 0x000000070b100000| Untracked 
| 150|0x000000070b200000, 0x000000070b200000, 0x000000070b300000|  0%| F|  |TAMS 0x000000070b200000, 0x000000070b200000| Untracked 
| 151|0x000000070b300000, 0x000000070b300000, 0x000000070b400000|  0%| F|  |TAMS 0x000000070b300000, 0x000000070b300000| Untracked 
| 152|0x000000070b400000, 0x000000070b400000, 0x000000070b500000|  0%| F|  |TAMS 0x000000070b400000, 0x000000070b400000| Untracked 
| 153|0x000000070b500000, 0x000000070b500000, 0x000000070b600000|  0%| F|  |TAMS 0x000000070b500000, 0x000000070b500000| Untracked 
| 154|0x000000070b600000, 0x000000070b600000, 0x000000070b700000|  0%| F|  |TAMS 0x000000070b600000, 0x000000070b600000| Untracked 
| 155|0x000000070b700000, 0x000000070b700000, 0x000000070b800000|  0%| F|  |TAMS 0x000000070b700000, 0x000000070b700000| Untracked 
| 156|0x000000070b800000, 0x000000070b800000, 0x000000070b900000|  0%| F|  |TAMS 0x000000070b800000, 0x000000070b800000| Untracked 
| 157|0x000000070b900000, 0x000000070b900000, 0x000000070ba00000|  0%| F|  |TAMS 0x000000070b900000, 0x000000070b900000| Untracked 
| 158|0x000000070ba00000, 0x000000070ba00000, 0x000000070bb00000|  0%| F|  |TAMS 0x000000070ba00000, 0x000000070ba00000| Untracked 
| 159|0x000000070bb00000, 0x000000070bb00000, 0x000000070bc00000|  0%| F|  |TAMS 0x000000070bb00000, 0x000000070bb00000| Untracked 
| 160|0x000000070bc00000, 0x000000070bc00000, 0x000000070bd00000|  0%| F|  |TAMS 0x000000070bc00000, 0x000000070bc00000| Untracked 
| 161|0x000000070bd00000, 0x000000070bd00000, 0x000000070be00000|  0%| F|  |TAMS 0x000000070bd00000, 0x000000070bd00000| Untracked 
| 162|0x000000070be00000, 0x000000070be00000, 0x000000070bf00000|  0%| F|  |TAMS 0x000000070be00000, 0x000000070be00000| Untracked 
| 163|0x000000070bf00000, 0x000000070bf00000, 0x000000070c000000|  0%| F|  |TAMS 0x000000070bf00000, 0x000000070bf00000| Untracked 
| 164|0x000000070c000000, 0x000000070c000000, 0x000000070c100000|  0%| F|  |TAMS 0x000000070c000000, 0x000000070c000000| Untracked 
| 165|0x000000070c100000, 0x000000070c100000, 0x000000070c200000|  0%| F|  |TAMS 0x000000070c100000, 0x000000070c100000| Untracked 
| 166|0x000000070c200000, 0x000000070c200000, 0x000000070c300000|  0%| F|  |TAMS 0x000000070c200000, 0x000000070c200000| Untracked 
| 167|0x000000070c300000, 0x000000070c300000, 0x000000070c400000|  0%| F|  |TAMS 0x000000070c300000, 0x000000070c300000| Untracked 
| 168|0x000000070c400000, 0x000000070c400000, 0x000000070c500000|  0%| F|  |TAMS 0x000000070c400000, 0x000000070c400000| Untracked 
| 169|0x000000070c500000, 0x000000070c500000, 0x000000070c600000|  0%| F|  |TAMS 0x000000070c500000, 0x000000070c500000| Untracked 
| 170|0x000000070c600000, 0x000000070c600000, 0x000000070c700000|  0%| F|  |TAMS 0x000000070c600000, 0x000000070c600000| Untracked 
| 171|0x000000070c700000, 0x000000070c700000, 0x000000070c800000|  0%| F|  |TAMS 0x000000070c700000, 0x000000070c700000| Untracked 
| 172|0x000000070c800000, 0x000000070c800000, 0x000000070c900000|  0%| F|  |TAMS 0x000000070c800000, 0x000000070c800000| Untracked 
| 173|0x000000070c900000, 0x000000070c900000, 0x000000070ca00000|  0%| F|  |TAMS 0x000000070c900000, 0x000000070c900000| Untracked 
| 174|0x000000070ca00000, 0x000000070ca00000, 0x000000070cb00000|  0%| F|  |TAMS 0x000000070ca00000, 0x000000070ca00000| Untracked 
| 175|0x000000070cb00000, 0x000000070cb00000, 0x000000070cc00000|  0%| F|  |TAMS 0x000000070cb00000, 0x000000070cb00000| Untracked 
| 176|0x000000070cc00000, 0x000000070cc00000, 0x000000070cd00000|  0%| F|  |TAMS 0x000000070cc00000, 0x000000070cc00000| Untracked 
| 177|0x000000070cd00000, 0x000000070cd00000, 0x000000070ce00000|  0%| F|  |TAMS 0x000000070cd00000, 0x000000070cd00000| Untracked 
| 178|0x000000070ce00000, 0x000000070ce00000, 0x000000070cf00000|  0%| F|  |TAMS 0x000000070ce00000, 0x000000070ce00000| Untracked 
| 179|0x000000070cf00000, 0x000000070cf00000, 0x000000070d000000|  0%| F|  |TAMS 0x000000070cf00000, 0x000000070cf00000| Untracked 
| 180|0x000000070d000000, 0x000000070d000000, 0x000000070d100000|  0%| F|  |TAMS 0x000000070d000000, 0x000000070d000000| Untracked 
| 181|0x000000070d100000, 0x000000070d100000, 0x000000070d200000|  0%| F|  |TAMS 0x000000070d100000, 0x000000070d100000| Untracked 
| 182|0x000000070d200000, 0x000000070d200000, 0x000000070d300000|  0%| F|  |TAMS 0x000000070d200000, 0x000000070d200000| Untracked 
| 183|0x000000070d300000, 0x000000070d300000, 0x000000070d400000|  0%| F|  |TAMS 0x000000070d300000, 0x000000070d300000| Untracked 
| 184|0x000000070d400000, 0x000000070d400000, 0x000000070d500000|  0%| F|  |TAMS 0x000000070d400000, 0x000000070d400000| Untracked 
| 185|0x000000070d500000, 0x000000070d500000, 0x000000070d600000|  0%| F|  |TAMS 0x000000070d500000, 0x000000070d500000| Untracked 
| 186|0x000000070d600000, 0x000000070d600000, 0x000000070d700000|  0%| F|  |TAMS 0x000000070d600000, 0x000000070d600000| Untracked 
| 187|0x000000070d700000, 0x000000070d700000, 0x000000070d800000|  0%| F|  |TAMS 0x000000070d700000, 0x000000070d700000| Untracked 
| 188|0x000000070d800000, 0x000000070d800000, 0x000000070d900000|  0%| F|  |TAMS 0x000000070d800000, 0x000000070d800000| Untracked 
| 189|0x000000070d900000, 0x000000070d900000, 0x000000070da00000|  0%| F|  |TAMS 0x000000070d900000, 0x000000070d900000| Untracked 
| 190|0x000000070da00000, 0x000000070da00000, 0x000000070db00000|  0%| F|  |TAMS 0x000000070da00000, 0x000000070da00000| Untracked 
| 191|0x000000070db00000, 0x000000070db00000, 0x000000070dc00000|  0%| F|  |TAMS 0x000000070db00000, 0x000000070db00000| Untracked 
| 192|0x000000070dc00000, 0x000000070dc00000, 0x000000070dd00000|  0%| F|  |TAMS 0x000000070dc00000, 0x000000070dc00000| Untracked 
| 193|0x000000070dd00000, 0x000000070dd00000, 0x000000070de00000|  0%| F|  |TAMS 0x000000070dd00000, 0x000000070dd00000| Untracked 
| 194|0x000000070de00000, 0x000000070de00000, 0x000000070df00000|  0%| F|  |TAMS 0x000000070de00000, 0x000000070de00000| Untracked 
| 195|0x000000070df00000, 0x000000070df00000, 0x000000070e000000|  0%| F|  |TAMS 0x000000070df00000, 0x000000070df00000| Untracked 
| 196|0x000000070e000000, 0x000000070e000000, 0x000000070e100000|  0%| F|  |TAMS 0x000000070e000000, 0x000000070e000000| Untracked 
| 197|0x000000070e100000, 0x000000070e100000, 0x000000070e200000|  0%| F|  |TAMS 0x000000070e100000, 0x000000070e100000| Untracked 
| 198|0x000000070e200000, 0x000000070e200000, 0x000000070e300000|  0%| F|  |TAMS 0x000000070e200000, 0x000000070e200000| Untracked 
| 199|0x000000070e300000, 0x000000070e300000, 0x000000070e400000|  0%| F|  |TAMS 0x000000070e300000, 0x000000070e300000| Untracked 
| 200|0x000000070e400000, 0x000000070e400000, 0x000000070e500000|  0%| F|  |TAMS 0x000000070e400000, 0x000000070e400000| Untracked 
| 201|0x000000070e500000, 0x000000070e500000, 0x000000070e600000|  0%| F|  |TAMS 0x000000070e500000, 0x000000070e500000| Untracked 
| 202|0x000000070e600000, 0x000000070e600000, 0x000000070e700000|  0%| F|  |TAMS 0x000000070e600000, 0x000000070e600000| Untracked 
| 203|0x000000070e700000, 0x000000070e700000, 0x000000070e800000|  0%| F|  |TAMS 0x000000070e700000, 0x000000070e700000| Untracked 
| 204|0x000000070e800000, 0x000000070e800000, 0x000000070e900000|  0%| F|  |TAMS 0x000000070e800000, 0x000000070e800000| Untracked 
| 205|0x000000070e900000, 0x000000070e900000, 0x000000070ea00000|  0%| F|  |TAMS 0x000000070e900000, 0x000000070e900000| Untracked 
| 206|0x000000070ea00000, 0x000000070ea00000, 0x000000070eb00000|  0%| F|  |TAMS 0x000000070ea00000, 0x000000070ea00000| Untracked 
| 207|0x000000070eb00000, 0x000000070eb00000, 0x000000070ec00000|  0%| F|  |TAMS 0x000000070eb00000, 0x000000070eb00000| Untracked 
| 208|0x000000070ec00000, 0x000000070ec00000, 0x000000070ed00000|  0%| F|  |TAMS 0x000000070ec00000, 0x000000070ec00000| Untracked 
| 209|0x000000070ed00000, 0x000000070ed00000, 0x000000070ee00000|  0%| F|  |TAMS 0x000000070ed00000, 0x000000070ed00000| Untracked 
| 210|0x000000070ee00000, 0x000000070ee00000, 0x000000070ef00000|  0%| F|  |TAMS 0x000000070ee00000, 0x000000070ee00000| Untracked 
| 211|0x000000070ef00000, 0x000000070ef00000, 0x000000070f000000|  0%| F|  |TAMS 0x000000070ef00000, 0x000000070ef00000| Untracked 
| 212|0x000000070f000000, 0x000000070f000000, 0x000000070f100000|  0%| F|  |TAMS 0x000000070f000000, 0x000000070f000000| Untracked 
| 213|0x000000070f100000, 0x000000070f100000, 0x000000070f200000|  0%| F|  |TAMS 0x000000070f100000, 0x000000070f100000| Untracked 
| 214|0x000000070f200000, 0x000000070f200000, 0x000000070f300000|  0%| F|  |TAMS 0x000000070f200000, 0x000000070f200000| Untracked 
| 215|0x000000070f300000, 0x000000070f300000, 0x000000070f400000|  0%| F|  |TAMS 0x000000070f300000, 0x000000070f300000| Untracked 
| 216|0x000000070f400000, 0x000000070f400000, 0x000000070f500000|  0%| F|  |TAMS 0x000000070f400000, 0x000000070f400000| Untracked 
| 217|0x000000070f500000, 0x000000070f500000, 0x000000070f600000|  0%| F|  |TAMS 0x000000070f500000, 0x000000070f500000| Untracked 
| 218|0x000000070f600000, 0x000000070f600000, 0x000000070f700000|  0%| F|  |TAMS 0x000000070f600000, 0x000000070f600000| Untracked 
| 219|0x000000070f700000, 0x000000070f700000, 0x000000070f800000|  0%| F|  |TAMS 0x000000070f700000, 0x000000070f700000| Untracked 
| 220|0x000000070f800000, 0x000000070f800000, 0x000000070f900000|  0%| F|  |TAMS 0x000000070f800000, 0x000000070f800000| Untracked 
| 221|0x000000070f900000, 0x000000070f900000, 0x000000070fa00000|  0%| F|  |TAMS 0x000000070f900000, 0x000000070f900000| Untracked 
| 222|0x000000070fa00000, 0x000000070fa00000, 0x000000070fb00000|  0%| F|  |TAMS 0x000000070fa00000, 0x000000070fa00000| Untracked 
| 223|0x000000070fb00000, 0x000000070fb00000, 0x000000070fc00000|  0%| F|  |TAMS 0x000000070fb00000, 0x000000070fb00000| Untracked 
| 224|0x000000070fc00000, 0x000000070fc00000, 0x000000070fd00000|  0%| F|  |TAMS 0x000000070fc00000, 0x000000070fc00000| Untracked 
| 225|0x000000070fd00000, 0x000000070fd00000, 0x000000070fe00000|  0%| F|  |TAMS 0x000000070fd00000, 0x000000070fd00000| Untracked 
| 226|0x000000070fe00000, 0x000000070fe00000, 0x000000070ff00000|  0%| F|  |TAMS 0x000000070fe00000, 0x000000070fe00000| Untracked 
| 227|0x000000070ff00000, 0x000000070ff00000, 0x0000000710000000|  0%| F|  |TAMS 0x000000070ff00000, 0x000000070ff00000| Untracked 
| 228|0x0000000710000000, 0x0000000710000000, 0x0000000710100000|  0%| F|  |TAMS 0x0000000710000000, 0x0000000710000000| Untracked 
| 229|0x0000000710100000, 0x0000000710100000, 0x0000000710200000|  0%| F|  |TAMS 0x0000000710100000, 0x0000000710100000| Untracked 
| 230|0x0000000710200000, 0x0000000710200000, 0x0000000710300000|  0%| F|  |TAMS 0x0000000710200000, 0x0000000710200000| Untracked 
| 231|0x0000000710300000, 0x0000000710300000, 0x0000000710400000|  0%| F|  |TAMS 0x0000000710300000, 0x0000000710300000| Untracked 
| 232|0x0000000710400000, 0x0000000710400000, 0x0000000710500000|  0%| F|  |TAMS 0x0000000710400000, 0x0000000710400000| Untracked 
| 233|0x0000000710500000, 0x0000000710500000, 0x0000000710600000|  0%| F|  |TAMS 0x0000000710500000, 0x0000000710500000| Untracked 
| 234|0x0000000710600000, 0x0000000710600000, 0x0000000710700000|  0%| F|  |TAMS 0x0000000710600000, 0x0000000710600000| Untracked 
| 235|0x0000000710700000, 0x0000000710700000, 0x0000000710800000|  0%| F|  |TAMS 0x0000000710700000, 0x0000000710700000| Untracked 
| 236|0x0000000710800000, 0x0000000710800000, 0x0000000710900000|  0%| F|  |TAMS 0x0000000710800000, 0x0000000710800000| Untracked 
| 237|0x0000000710900000, 0x0000000710900000, 0x0000000710a00000|  0%| F|  |TAMS 0x0000000710900000, 0x0000000710900000| Untracked 
| 238|0x0000000710a00000, 0x0000000710a00000, 0x0000000710b00000|  0%| F|  |TAMS 0x0000000710a00000, 0x0000000710a00000| Untracked 
| 239|0x0000000710b00000, 0x0000000710b00000, 0x0000000710c00000|  0%| F|  |TAMS 0x0000000710b00000, 0x0000000710b00000| Untracked 
| 240|0x0000000710c00000, 0x0000000710c00000, 0x0000000710d00000|  0%| F|  |TAMS 0x0000000710c00000, 0x0000000710c00000| Untracked 
| 241|0x0000000710d00000, 0x0000000710d00000, 0x0000000710e00000|  0%| F|  |TAMS 0x0000000710d00000, 0x0000000710d00000| Untracked 
| 242|0x0000000710e00000, 0x0000000710e00000, 0x0000000710f00000|  0%| F|  |TAMS 0x0000000710e00000, 0x0000000710e00000| Untracked 
| 243|0x0000000710f00000, 0x0000000710f00000, 0x0000000711000000|  0%| F|  |TAMS 0x0000000710f00000, 0x0000000710f00000| Untracked 
| 244|0x0000000711000000, 0x0000000711000000, 0x0000000711100000|  0%| F|  |TAMS 0x0000000711000000, 0x0000000711000000| Untracked 
| 245|0x0000000711100000, 0x0000000711100000, 0x0000000711200000|  0%| F|  |TAMS 0x0000000711100000, 0x0000000711100000| Untracked 
| 246|0x0000000711200000, 0x0000000711200000, 0x0000000711300000|  0%| F|  |TAMS 0x0000000711200000, 0x0000000711200000| Untracked 
| 247|0x0000000711300000, 0x0000000711300000, 0x0000000711400000|  0%| F|  |TAMS 0x0000000711300000, 0x0000000711300000| Untracked 
| 248|0x0000000711400000, 0x0000000711400000, 0x0000000711500000|  0%| F|  |TAMS 0x0000000711400000, 0x0000000711400000| Untracked 
| 249|0x0000000711500000, 0x0000000711500000, 0x0000000711600000|  0%| F|  |TAMS 0x0000000711500000, 0x0000000711500000| Untracked 
| 250|0x0000000711600000, 0x0000000711600000, 0x0000000711700000|  0%| F|  |TAMS 0x0000000711600000, 0x0000000711600000| Untracked 
| 251|0x0000000711700000, 0x0000000711700000, 0x0000000711800000|  0%| F|  |TAMS 0x0000000711700000, 0x0000000711700000| Untracked 
| 252|0x0000000711800000, 0x00000007118f64c8, 0x0000000711900000| 96%| E|  |TAMS 0x0000000711800000, 0x0000000711800000| Complete 
| 253|0x0000000711900000, 0x0000000711a00000, 0x0000000711a00000|100%| E|CS|TAMS 0x0000000711900000, 0x0000000711900000| Complete 
| 254|0x0000000711a00000, 0x0000000711b00000, 0x0000000711b00000|100%| E|CS|TAMS 0x0000000711a00000, 0x0000000711a00000| Complete 
| 255|0x0000000711b00000, 0x0000000711c00000, 0x0000000711c00000|100%| E|CS|TAMS 0x0000000711b00000, 0x0000000711b00000| Complete 
|3042|0x00000007bfe00000, 0x00000007bfe44000, 0x00000007bff00000| 26%|OA|  |TAMS 0x00000007bfe00000, 0x00000007bfe00000| Untracked 
|3043|0x00000007bff00000, 0x00000007bff6a000, 0x00000007c0000000| 41%|CA|  |TAMS 0x00000007bff00000, 0x00000007bff00000| Untracked 

Card table byte_map: [0x00007fd86b800000,0x00007fd86bff2000] _byte_map_base: 0x00007fd867ff2000

Marking Bits (Prev, Next): (CMBitMap*) 0x00007fd88807d138, (CMBitMap*) 0x00007fd88807d170
 Prev Bits: [0x00007fd867070000, 0x00007fd86b000000)
 Next Bits: [0x00007fd8630e0000, 0x00007fd867070000)

Polling page: 0x00007fd890c30000

Metaspace:

Usage:
  Non-class:      4.35 MB capacity,     1.67 MB ( 38%) used,     2.67 MB ( 61%) free+waste,     8.81 KB ( <1%) overhead. 
      Class:    540.00 KB capacity,   218.87 KB ( 41%) used,   315.76 KB ( 58%) free+waste,     5.38 KB ( <1%) overhead. 
       Both:      4.88 MB capacity,     1.88 MB ( 39%) used,     2.98 MB ( 61%) free+waste,    14.19 KB ( <1%) overhead. 

Virtual space:
  Non-class space:        8.00 MB reserved,       4.50 MB ( 56%) committed 
      Class space:        1.00 GB reserved,     640.00 KB ( <1%) committed 
             Both:        1.01 GB reserved,       5.12 MB ( <1%) committed 

Chunk freelists:
   Non-Class:  25.00 KB
       Class:  4.00 KB
        Both:  29.00 KB

MaxMetaspaceSize: unlimited
CompressedClassSpaceSize: 1.00 GB

CodeHeap 'non-profiled nmethods': size=120032Kb used=128Kb max_used=128Kb free=119903Kb
 bounds [0x00007fd8783f8000, 0x00007fd878668000, 0x00007fd87f930000]
CodeHeap 'profiled nmethods': size=120028Kb used=684Kb max_used=684Kb free=119343Kb
 bounds [0x00007fd870ec1000, 0x00007fd871131000, 0x00007fd8783f8000]
CodeHeap 'non-nmethods': size=5700Kb used=1124Kb max_used=1138Kb free=4576Kb
 bounds [0x00007fd870930000, 0x00007fd870ba0000, 0x00007fd870ec1000]
 total_blobs=879 nmethods=432 adapters=269
 compilation: enabled
              stopped_count=0, restarted_count=0
 full_count=0

Compilation events (20 events):
Event: 4.618 Thread 0x00007fd8881e4800 nmethod 418 0x00007fd870f67d10 code [0x00007fd870f67ec0, 0x00007fd870f68030]
Event: 4.618 Thread 0x00007fd8881e4800  419       3       java.lang.invoke.MemberName::init (66 bytes)
Event: 4.618 Thread 0x00007fd8881e2800 nmethod 417 0x00007fd878417010 code [0x00007fd8784171a0, 0x00007fd8784171f8]
Event: 4.618 Thread 0x00007fd8881e4800 nmethod 419 0x00007fd870f68090 code [0x00007fd870f68240, 0x00007fd870f68510]
Event: 4.618 Thread 0x00007fd8881e4800  420       3       jdk.internal.org.objectweb.asm.MethodWriter::visitMethodInsn (228 bytes)
Event: 4.620 Thread 0x00007fd8881e4800 nmethod 420 0x00007fd870f68590 code [0x00007fd870f687e0, 0x00007fd870f68ea8]
Event: 4.620 Thread 0x00007fd8881e4800  421       3       java.lang.invoke.MethodHandleNatives::refKindHasReceiver (33 bytes)
Event: 4.620 Thread 0x00007fd8881e4800 nmethod 421 0x00007fd870f69210 code [0x00007fd870f693c0, 0x00007fd870f69570]
Event: 4.621 Thread 0x00007fd8881e4800  426   !   3       java.lang.invoke.MemberName$Factory::resolve (157 bytes)
Event: 4.622 Thread 0x00007fd8881e4800 nmethod 426 0x00007fd870f69610 code [0x00007fd870f69860, 0x00007fd870f69fc8]
Event: 4.622 Thread 0x00007fd8881e4800  427   !   3       java.lang.invoke.MemberName::clone (14 bytes)
Event: 4.623 Thread 0x00007fd8881e4800 nmethod 427 0x00007fd870f6a390 code [0x00007fd870f6a580, 0x00007fd870f6a998]
Event: 4.748 Thread 0x00007fd8881e4800  429       3       java.lang.ref.SoftReference::<init> (13 bytes)
Event: 4.749 Thread 0x00007fd8881e4800 nmethod 429 0x00007fd870f6ab90 code [0x00007fd870f6ad60, 0x00007fd870f6b0f0]
Event: 4.876 Thread 0x00007fd8881e4800  430       3       java.io.ObjectStreamClass::requireInitialized (18 bytes)
Event: 4.876 Thread 0x00007fd8881e4800 nmethod 430 0x00007fd870f6b210 code [0x00007fd870f6b3e0, 0x00007fd870f6b688]
Event: 4.877 Thread 0x00007fd8881e4800  431       1       java.net.URL::getProtocol (5 bytes)
Event: 4.878 Thread 0x00007fd8881e4800 nmethod 431 0x00007fd878417f10 code [0x00007fd8784180c0, 0x00007fd8784181f0]
Event: 4.881 Thread 0x00007fd8881e4800  432       3       sun.invoke.util.BytecodeDescriptor::unparse (37 bytes)
Event: 4.882 Thread 0x00007fd8881e4800 nmethod 432 0x00007fd870f6b790 code [0x00007fd870f6b9c0, 0x00007fd870f6c138]

GC Heap History (0 events):
No events

Deoptimization events (4 events):
Event: 0.304 Thread 0x00007fd888015000 Uncommon trap: trap_request=0xffffff4d fr.pc=0x00007fd878401d84 relative=0x00000000000000e4
Event: 0.304 Thread 0x00007fd888015000 Uncommon trap: reason=unstable_if action=reinterpret pc=0x00007fd878401d84 method=java.lang.String.isLatin1()Z @ 10 c2
Event: 0.304 Thread 0x00007fd888015000 DEOPT PACKING pc=0x00007fd878401d84 sp=0x00007fd890d3f420
Event: 0.304 Thread 0x00007fd888015000 DEOPT UNPACKING pc=0x00007fd8709692a5 sp=0x00007fd890d3f390 mode 2

Classes redefined (3 events):
Event: 3.544 Thread 0x00007fd8881d3800 redefined class name=REPL.$JShell$20$InfiniteList, count=1
Event: 4.116 Thread 0x00007fd8881d3800 redefined class name=REPL.$JShell$20$InfiniteList, count=2
Event: 4.283 Thread 0x00007fd8881d3800 redefined class name=REPL.$JShell$20$InfiniteList, count=3

Internal exceptions (6 events):
Event: 0.335 Thread 0x00007fd888015000 Exception <a 'java/lang/NoSuchMethodError'{0x0000000711a71fb0}: 'java.lang.Object java.lang.invoke.DirectMethodHandle$Holder.invokeStatic(java.lang.Object, java.lang.Object, java.lang.Object, java.lang.Object, java.lang.Object, java.lang.Object, java.lang
Event: 0.342 Thread 0x00007fd888015000 Exception <a 'java/lang/NoSuchMethodError'{0x0000000711a8d3b8}: 'java.lang.Object java.lang.invoke.DirectMethodHandle$Holder.invokeStatic(java.lang.Object, java.lang.Object, java.lang.Object, java.lang.Object, java.lang.Object, java.lang.Object, java.lang
Event: 4.084 Thread 0x00007fd888015000 Exception <a 'java/lang/VerifyError'{0x0000000711975a70}: Bad return type
Exception Details:
  Location:
    REPL/$JShell$22B$InfiniteListImpl.limit(J)LREPL/$JShell$22B$InfiniteListImpl; @20: areturn
  Reason:
    Type 'REPL/$JShell$23$EmptyList' (current
Event: 4.092 Thread 0x00007fd888015000 Exception <a 'java/lang/NoSuchMethodError'{0x000000071180f948}: <clinit>> (0x000000071180f948) thrown at [/build/openjdk-lts-ioLltV/openjdk-lts-11.0.5+10/src/hotspot/share/prims/jni.cpp, line 1362]
Event: 4.620 Thread 0x00007fd888015000 Exception <a 'java/lang/NoSuchMethodError'{0x000000071184fb20}: 'java.lang.Object java.lang.invoke.DirectMethodHandle$Holder.invokeStatic(java.lang.Object, java.lang.Object, long)'> (0x000000071184fb20) thrown at [/build/openjdk-lts-ioLltV/openjdk-lts-11.
Event: 4.621 Thread 0x00007fd888015000 Exception <a 'java/lang/NoSuchMethodError'{0x0000000711855f40}: 'java.lang.Object java.lang.invoke.Invokers$Holder.linkToTargetMethod(java.lang.Object, long, java.lang.Object)'> (0x0000000711855f40) thrown at [/build/openjdk-lts-ioLltV/openjdk-lts-11.0.5+

Events (20 events):
Event: 4.431 loading class REPL/$JShell$24
Event: 4.431 loading class REPL/$JShell$24 done
Event: 4.435 loading class REPL/$JShell$22C$InfiniteListImpl
Event: 4.435 loading class REPL/$JShell$22C$InfiniteListImpl done
Event: 4.435 loading class REPL/$JShell$22C$InfiniteListImpl
Event: 4.435 loading class REPL/$JShell$22C$InfiniteListImpl done
Event: 4.613 loading class REPL/$JShell$25
Event: 4.613 loading class REPL/$JShell$25 done
Event: 4.617 loading class REPL/$JShell$22C$InfiniteListImpl
Event: 4.617 loading class REPL/$JShell$22C$InfiniteListImpl done
Event: 4.619 loading class REPL/$JShell$22C$InfiniteListImpl
Event: 4.619 loading class REPL/$JShell$22C$InfiniteListImpl done
Event: 4.619 loading class REPL/$JShell$22C$InfiniteListImpl
Event: 4.619 loading class REPL/$JShell$22C$InfiniteListImpl done
Event: 4.748 loading class REPL/$JShell$26
Event: 4.748 loading class REPL/$JShell$26 done
Event: 4.877 loading class REPL/$JShell$27
Event: 4.877 loading class REPL/$JShell$27 done
Event: 76333.122 loading class jdk/internal/misc/Signal$1
Event: 76333.122 loading class jdk/internal/misc/Signal$1 done


Dynamic libraries:
701c00000-711c00000 rw-p 00000000 00:00 0
711c00000-7bfe00000 ---p 00000000 00:00 0
7bfe00000-7bfe44000 rw-p 01104000 00:00 181837                   /usr/lib/jvm/java-11-openjdk-amd64/lib/server/classes.jsa
7bfe44000-7bff00000 rw-p 00000000 00:00 0
7bff00000-7bff6a000 rw-p 0109a000 00:00 181837                   /usr/lib/jvm/java-11-openjdk-amd64/lib/server/classes.jsa
7bff6a000-7c0000000 rw-p 00000000 00:00 0
7c0000000-800000000 ---p 00000000 00:00 0
800000000-800002000 rwxp 00001000 00:00 181837                   /usr/lib/jvm/java-11-openjdk-amd64/lib/server/classes.jsa
800002000-8003b8000 rw-p 00003000 00:00 181837                   /usr/lib/jvm/java-11-openjdk-amd64/lib/server/classes.jsa
8003b8000-800a8c000 rw-p 003b9000 00:00 181837                   /usr/lib/jvm/java-11-openjdk-amd64/lib/server/classes.jsa
800a8c000-800a8d000 rw-p 00a8d000 00:00 181837                   /usr/lib/jvm/java-11-openjdk-amd64/lib/server/classes.jsa
800a8d000-801099000 rw-p 00a8e000 00:00 181837                   /usr/lib/jvm/java-11-openjdk-amd64/lib/server/classes.jsa
840000000-8400a0000 rw-p 00000000 00:00 0
8400a0000-880000000 ---p 00000000 00:00 0
7fd810000000-7fd810021000 rw-p 00000000 00:00 0
7fd810021000-7fd814000000 ---p 00000000 00:00 0
7fd814000000-7fd814021000 rw-p 00000000 00:00 0
7fd814021000-7fd818000000 ---p 00000000 00:00 0
7fd818000000-7fd818021000 rw-p 00000000 00:00 0
7fd818021000-7fd81c000000 ---p 00000000 00:00 0
7fd81c000000-7fd81c021000 rw-p 00000000 00:00 0
7fd81c021000-7fd820000000 ---p 00000000 00:00 0
7fd820000000-7fd820021000 rw-p 00000000 00:00 0
7fd820021000-7fd824000000 ---p 00000000 00:00 0
7fd824000000-7fd824021000 rw-p 00000000 00:00 0
7fd824021000-7fd828000000 ---p 00000000 00:00 0
7fd828000000-7fd828021000 rw-p 00000000 00:00 0
7fd828021000-7fd82c000000 ---p 00000000 00:00 0
7fd82c000000-7fd82c021000 rw-p 00000000 00:00 0
7fd82c021000-7fd830000000 ---p 00000000 00:00 0
7fd830000000-7fd830247000 rw-p 00000000 00:00 0
7fd830247000-7fd834000000 ---p 00000000 00:00 0
7fd834000000-7fd834021000 rw-p 00000000 00:00 0
7fd834021000-7fd838000000 ---p 00000000 00:00 0
7fd838000000-7fd838021000 rw-p 00000000 00:00 0
7fd838021000-7fd83c000000 ---p 00000000 00:00 0
7fd83c000000-7fd83c0f1000 rw-p 00000000 00:00 0
7fd83c0f1000-7fd840000000 ---p 00000000 00:00 0
7fd840000000-7fd840021000 rw-p 00000000 00:00 0
7fd840021000-7fd844000000 ---p 00000000 00:00 0
7fd844000000-7fd844021000 rw-p 00000000 00:00 0
7fd844021000-7fd848000000 ---p 00000000 00:00 0
7fd848000000-7fd848021000 rw-p 00000000 00:00 0
7fd848021000-7fd84c000000 ---p 00000000 00:00 0
7fd84c000000-7fd84c021000 rw-p 00000000 00:00 0
7fd84c021000-7fd850000000 ---p 00000000 00:00 0
7fd851fe0000-7fd8520e1000 rw-p 00000000 00:00 0
7fd8520f0000-7fd8520f4000 ---p 00000000 00:00 0
7fd8520f4000-7fd8521f1000 rw-p 00000000 00:00 0
7fd852200000-7fd852202000 r-xp 00000000 00:00 138092             /usr/lib/jvm/java-11-openjdk-amd64/lib/libextnet.so
7fd852202000-7fd852203000 ---p 00002000 00:00 138092             /usr/lib/jvm/java-11-openjdk-amd64/lib/libextnet.so
7fd852203000-7fd852401000 ---p 00000003 00:00 138092             /usr/lib/jvm/java-11-openjdk-amd64/lib/libextnet.so
7fd852401000-7fd852402000 r--p 00001000 00:00 138092             /usr/lib/jvm/java-11-openjdk-amd64/lib/libextnet.so
7fd852402000-7fd852403000 rw-p 00002000 00:00 138092             /usr/lib/jvm/java-11-openjdk-amd64/lib/libextnet.so
7fd852410000-7fd852414000 ---p 00000000 00:00 0
7fd852414000-7fd852511000 rw-p 00000000 00:00 0
7fd852520000-7fd852536000 r-xp 00000000 00:00 139242             /usr/lib/jvm/java-11-openjdk-amd64/lib/libnet.so
7fd852536000-7fd852537000 ---p 00016000 00:00 139242             /usr/lib/jvm/java-11-openjdk-amd64/lib/libnet.so
7fd852537000-7fd852735000 ---p 00000017 00:00 139242             /usr/lib/jvm/java-11-openjdk-amd64/lib/libnet.so
7fd852735000-7fd852736000 r--p 00015000 00:00 139242             /usr/lib/jvm/java-11-openjdk-amd64/lib/libnet.so
7fd852736000-7fd852737000 rw-p 00016000 00:00 139242             /usr/lib/jvm/java-11-openjdk-amd64/lib/libnet.so
7fd852740000-7fd852750000 r-xp 00000000 00:00 139247             /usr/lib/jvm/java-11-openjdk-amd64/lib/libnio.so
7fd852750000-7fd852751000 ---p 00010000 00:00 139247             /usr/lib/jvm/java-11-openjdk-amd64/lib/libnio.so
7fd852751000-7fd85294f000 ---p 00000011 00:00 139247             /usr/lib/jvm/java-11-openjdk-amd64/lib/libnio.so
7fd85294f000-7fd852950000 r--p 0000f000 00:00 139247             /usr/lib/jvm/java-11-openjdk-amd64/lib/libnio.so
7fd852950000-7fd852951000 rw-p 00010000 00:00 139247             /usr/lib/jvm/java-11-openjdk-amd64/lib/libnio.so
7fd852960000-7fd852961000 ---p 00000000 00:00 0
7fd852961000-7fd852a62000 rw-p 00000000 00:00 0
7fd852a70000-7fd852a74000 ---p 00000000 00:00 0
7fd852a74000-7fd852b71000 rw-p 00000000 00:00 0
7fd852b80000-7fd852b84000 ---p 00000000 00:00 0
7fd852b84000-7fd852c81000 rw-p 00000000 00:00 0
7fd852c90000-7fd852c94000 ---p 00000000 00:00 0
7fd852c94000-7fd852d91000 rw-p 00000000 00:00 0
7fd852da0000-7fd852da4000 ---p 00000000 00:00 0
7fd852da4000-7fd852ea1000 rw-p 00000000 00:00 0
7fd852eb0000-7fd852eb4000 r-xp 00000000 00:00 137958             /usr/lib/jvm/java-11-openjdk-amd64/lib/libdt_socket.so
7fd852eb4000-7fd852eb6000 ---p 00004000 00:00 137958             /usr/lib/jvm/java-11-openjdk-amd64/lib/libdt_socket.so
7fd852eb6000-7fd8530b4000 ---p 00000006 00:00 137958             /usr/lib/jvm/java-11-openjdk-amd64/lib/libdt_socket.so
7fd8530b4000-7fd8530b5000 r--p 00004000 00:00 137958             /usr/lib/jvm/java-11-openjdk-amd64/lib/libdt_socket.so
7fd8530b5000-7fd8530b6000 rw-p 00005000 00:00 137958             /usr/lib/jvm/java-11-openjdk-amd64/lib/libdt_socket.so
7fd8530c0000-7fd8530c4000 ---p 00000000 00:00 0
7fd8530c4000-7fd8531c1000 rw-p 00000000 00:00 0
7fd8531d0000-7fd8531d4000 ---p 00000000 00:00 0
7fd8531d4000-7fd8532d1000 rw-p 00000000 00:00 0
7fd8532e0000-7fd8532e4000 ---p 00000000 00:00 0
7fd8532e4000-7fd8533e1000 rw-p 00000000 00:00 0
7fd8533f0000-7fd8533f4000 ---p 00000000 00:00 0
7fd8533f4000-7fd8534f1000 rw-p 00000000 00:00 0
7fd8534f2000-7fd853665000 r--p 00000000 00:00 620215             /usr/lib/locale/C.UTF-8/LC_COLLATE
7fd853665000-7fd853800000 r--p 00000000 00:00 620296             /usr/lib/locale/locale-archive
7fd853800000-7fd853c80000 rw-p 00000000 00:00 0
7fd853c80000-7fd854000000 ---p 00000000 00:00 0
7fd854000000-7fd854021000 rw-p 00000000 00:00 0
7fd854021000-7fd858000000 ---p 00000000 00:00 0
7fd858000000-7fd858021000 rw-p 00000000 00:00 0
7fd858021000-7fd85c000000 ---p 00000000 00:00 0
7fd85c000000-7fd85c021000 rw-p 00000000 00:00 0
7fd85c021000-7fd860000000 ---p 00000000 00:00 0
7fd860070000-7fd8600a1000 rw-p 00000000 00:00 0
7fd8600af000-7fd8600e0000 r--p 00000000 00:00 620223             /usr/lib/locale/C.UTF-8/LC_CTYPE
7fd8600e0000-7fd8600e4000 ---p 00000000 00:00 0
7fd8600e4000-7fd8601e1000 rw-p 00000000 00:00 0
7fd8601f0000-7fd8601f4000 ---p 00000000 00:00 0
7fd8601f4000-7fd8602f1000 rw-p 00000000 00:00 0
7fd860300000-7fd860301000 ---p 00000000 00:00 0
7fd860301000-7fd860402000 rw-p 00000000 00:00 0
7fd860410000-7fd860491000 rw-p 00000000 00:00 0
7fd8604a0000-7fd8604fb000 rw-p 00000000 00:00 0
7fd860500000-7fd860528000 rw-p 00000000 00:00 0
7fd860530000-7fd860531000 ---p 00000000 00:00 0
7fd860531000-7fd860632000 rw-p 00000000 00:00 0
7fd860640000-7fd860641000 ---p 00000000 00:00 0
7fd860641000-7fd860742000 rw-p 00000000 00:00 0
7fd860750000-7fd860851000 rw-p 00000000 00:00 0
7fd860860000-7fd860961000 rw-p 00000000 00:00 0
7fd860970000-7fd860a71000 rw-p 00000000 00:00 0
7fd860a80000-7fd860b81000 rw-p 00000000 00:00 0
7fd860b90000-7fd860c91000 rw-p 00000000 00:00 0
7fd860ca0000-7fd860da1000 rw-p 00000000 00:00 0
7fd860db0000-7fd860eb1000 rw-p 00000000 00:00 0
7fd860ec0000-7fd860fc1000 rw-p 00000000 00:00 0
7fd860fd0000-7fd862fd0000 rw-p 00000000 00:00 0
7fd862fd0000-7fd862fd1000 ---p 00000000 00:00 0
7fd862fd1000-7fd8630d2000 rw-p 00000000 00:00 0
7fd8630e0000-7fd8634e0000 rw-p 00000000 00:00 0
7fd8634e0000-7fd866068000 ---p 00000000 00:00 0
7fd866068000-7fd866070000 rw-p 00000000 00:00 0
7fd866070000-7fd867070000 ---p 00000000 00:00 0
7fd867070000-7fd867470000 rw-p 00000000 00:00 0
7fd867470000-7fd869ff8000 ---p 00000000 00:00 0
7fd869ff8000-7fd86a000000 rw-p 00000000 00:00 0
7fd86a000000-7fd86b000000 ---p 00000000 00:00 0
7fd86b000000-7fd86b080000 rw-p 00000000 00:00 0
7fd86b080000-7fd86b5f1000 ---p 00000000 00:00 0
7fd86b5f1000-7fd86b5f2000 rw-p 00000000 00:00 0
7fd86b5f2000-7fd86b7f2000 ---p 00000000 00:00 0
7fd86b800000-7fd86b880000 rw-p 00000000 00:00 0
7fd86b880000-7fd86bdf1000 ---p 00000000 00:00 0
7fd86bdf1000-7fd86bdf2000 rw-p 00000000 00:00 0
7fd86bdf2000-7fd86bff2000 ---p 00000000 00:00 0
7fd86c000000-7fd86c021000 rw-p 00000000 00:00 0
7fd86c021000-7fd870000000 ---p 00000000 00:00 0
7fd870020000-7fd870021000 ---p 00000000 00:00 0
7fd870021000-7fd870122000 rw-p 00000000 00:00 0
7fd870130000-7fd8701b0000 rw-p 00000000 00:00 0
7fd8701b0000-7fd870721000 ---p 00000000 00:00 0
7fd870721000-7fd870722000 rw-p 00000000 00:00 0
7fd870722000-7fd870922000 ---p 00000000 00:00 0
7fd870930000-7fd870ba0000 rwxp 00000000 00:00 0
7fd870ba0000-7fd870ec1000 ---p 00000000 00:00 0
7fd870ec1000-7fd871131000 rwxp 00000000 00:00 0
7fd871131000-7fd8783f8000 ---p 00000000 00:00 0
7fd8783f8000-7fd878668000 rwxp 00000000 00:00 0
7fd878668000-7fd87f930000 ---p 00000000 00:00 0
7fd87f93e000-7fd888000000 r--s 00000000 00:00 141554             /usr/lib/jvm/java-11-openjdk-amd64/lib/modules
7fd888000000-7fd8882dc000 rw-p 00000000 00:00 0
7fd8882dc000-7fd88c000000 ---p 00000000 00:00 0
7fd88c000000-7fd88c021000 rw-p 00000000 00:00 0
7fd88c030000-7fd88c051000 rw-p 00000000 00:00 0
7fd88c060000-7fd88c167000 rw-p 00000000 00:00 0
7fd88c170000-7fd88c271000 rw-p 00000000 00:00 0
7fd88c280000-7fd88c381000 rw-p 00000000 00:00 0
7fd88c390000-7fd88c491000 rw-p 00000000 00:00 0
7fd88c4a0000-7fd88c5a1000 rw-p 00000000 00:00 0
7fd88c5b0000-7fd88c6b1000 rw-p 00000000 00:00 0
7fd88c6c0000-7fd88c7c1000 rw-p 00000000 00:00 0
7fd88c7d0000-7fd88c8d1000 rw-p 00000000 00:00 0
7fd88c8e0000-7fd88c9e1000 rw-p 00000000 00:00 0
7fd88c9f0000-7fd88c9f1000 ---p 00000000 00:00 0
7fd88c9f1000-7fd88caf2000 rw-p 00000000 00:00 0
7fd88cb00000-7fd88cb05000 r-xp 00000000 00:00 138887             /usr/lib/jvm/java-11-openjdk-amd64/lib/libjimage.so
7fd88cb05000-7fd88cb06000 ---p 00005000 00:00 138887             /usr/lib/jvm/java-11-openjdk-amd64/lib/libjimage.so
7fd88cb06000-7fd88cd04000 ---p 00000006 00:00 138887             /usr/lib/jvm/java-11-openjdk-amd64/lib/libjimage.so
7fd88cd04000-7fd88cd05000 r--p 00004000 00:00 138887             /usr/lib/jvm/java-11-openjdk-amd64/lib/libjimage.so
7fd88cd05000-7fd88cd06000 rw-p 00005000 00:00 138887             /usr/lib/jvm/java-11-openjdk-amd64/lib/libjimage.so
7fd88cd10000-7fd88cd17000 r-xp 00000000 00:00 140971             /usr/lib/jvm/java-11-openjdk-amd64/lib/libzip.so
7fd88cd17000-7fd88cd18000 ---p 00007000 00:00 140971             /usr/lib/jvm/java-11-openjdk-amd64/lib/libzip.so
7fd88cd18000-7fd88cf16000 ---p 00000008 00:00 140971             /usr/lib/jvm/java-11-openjdk-amd64/lib/libzip.so
7fd88cf16000-7fd88cf17000 r--p 00006000 00:00 140971             /usr/lib/jvm/java-11-openjdk-amd64/lib/libzip.so
7fd88cf17000-7fd88cf18000 rw-p 00007000 00:00 140971             /usr/lib/jvm/java-11-openjdk-amd64/lib/libzip.so
7fd88cf20000-7fd88cf2b000 r-xp 00000000 00:00 487271             /lib/x86_64-linux-gnu/libnss_files-2.27.so
7fd88cf2b000-7fd88cf2c000 ---p 0000b000 00:00 487271             /lib/x86_64-linux-gnu/libnss_files-2.27.so
7fd88cf2c000-7fd88d12a000 ---p 0000000c 00:00 487271             /lib/x86_64-linux-gnu/libnss_files-2.27.so
7fd88d12a000-7fd88d12b000 r--p 0000a000 00:00 487271             /lib/x86_64-linux-gnu/libnss_files-2.27.so
7fd88d12b000-7fd88d12c000 rw-p 0000b000 00:00 487271             /lib/x86_64-linux-gnu/libnss_files-2.27.so
7fd88d12c000-7fd88d132000 rw-p 00000000 00:00 0
7fd88d140000-7fd88d157000 r-xp 00000000 00:00 487265             /lib/x86_64-linux-gnu/libnsl-2.27.so
7fd88d157000-7fd88d158000 ---p 00017000 00:00 487265             /lib/x86_64-linux-gnu/libnsl-2.27.so
7fd88d158000-7fd88d356000 ---p 00000018 00:00 487265             /lib/x86_64-linux-gnu/libnsl-2.27.so
7fd88d356000-7fd88d357000 r--p 00016000 00:00 487265             /lib/x86_64-linux-gnu/libnsl-2.27.so
7fd88d357000-7fd88d358000 rw-p 00017000 00:00 487265             /lib/x86_64-linux-gnu/libnsl-2.27.so
7fd88d358000-7fd88d35a000 rw-p 00000000 00:00 0
7fd88d360000-7fd88d36b000 r-xp 00000000 00:00 487276             /lib/x86_64-linux-gnu/libnss_nis-2.27.so
7fd88d36b000-7fd88d36c000 ---p 0000b000 00:00 487276             /lib/x86_64-linux-gnu/libnss_nis-2.27.so
7fd88d36c000-7fd88d56a000 ---p 0000000c 00:00 487276             /lib/x86_64-linux-gnu/libnss_nis-2.27.so
7fd88d56a000-7fd88d56b000 r--p 0000a000 00:00 487276             /lib/x86_64-linux-gnu/libnss_nis-2.27.so
7fd88d56b000-7fd88d56c000 rw-p 0000b000 00:00 487276             /lib/x86_64-linux-gnu/libnss_nis-2.27.so
7fd88d570000-7fd88d578000 r-xp 00000000 00:00 487267             /lib/x86_64-linux-gnu/libnss_compat-2.27.so
7fd88d578000-7fd88d57a000 ---p 00008000 00:00 487267             /lib/x86_64-linux-gnu/libnss_compat-2.27.so
7fd88d57a000-7fd88d778000 ---p 0000000a 00:00 487267             /lib/x86_64-linux-gnu/libnss_compat-2.27.so
7fd88d778000-7fd88d779000 r--p 00008000 00:00 487267             /lib/x86_64-linux-gnu/libnss_compat-2.27.so
7fd88d779000-7fd88d77a000 rw-p 00009000 00:00 487267             /lib/x86_64-linux-gnu/libnss_compat-2.27.so
7fd88d780000-7fd88d7bb000 r-xp 00000000 00:00 138617             /usr/lib/jvm/java-11-openjdk-amd64/lib/libjdwp.so
7fd88d7bb000-7fd88d7bc000 ---p 0003b000 00:00 138617             /usr/lib/jvm/java-11-openjdk-amd64/lib/libjdwp.so
7fd88d7bc000-7fd88d9ba000 ---p 0000003c 00:00 138617             /usr/lib/jvm/java-11-openjdk-amd64/lib/libjdwp.so
7fd88d9ba000-7fd88d9bb000 r--p 0003a000 00:00 138617             /usr/lib/jvm/java-11-openjdk-amd64/lib/libjdwp.so
7fd88d9bb000-7fd88d9bc000 rw-p 0003b000 00:00 138617             /usr/lib/jvm/java-11-openjdk-amd64/lib/libjdwp.so
7fd88d9c0000-7fd88d9e9000 r-xp 00000000 00:00 138269             /usr/lib/jvm/java-11-openjdk-amd64/lib/libjava.so
7fd88d9e9000-7fd88d9eb000 ---p 00029000 00:00 138269             /usr/lib/jvm/java-11-openjdk-amd64/lib/libjava.so
7fd88d9eb000-7fd88dbe8000 ---p 0000002b 00:00 138269             /usr/lib/jvm/java-11-openjdk-amd64/lib/libjava.so
7fd88dbe8000-7fd88dbe9000 r--p 00028000 00:00 138269             /usr/lib/jvm/java-11-openjdk-amd64/lib/libjava.so
7fd88dbe9000-7fd88dbeb000 rw-p 00029000 00:00 138269             /usr/lib/jvm/java-11-openjdk-amd64/lib/libjava.so
7fd88dbf0000-7fd88dbfd000 r-xp 00000000 00:00 140960             /usr/lib/jvm/java-11-openjdk-amd64/lib/libverify.so
7fd88dbfd000-7fd88dbff000 ---p 0000d000 00:00 140960             /usr/lib/jvm/java-11-openjdk-amd64/lib/libverify.so
7fd88dbff000-7fd88ddfc000 ---p 0000000f 00:00 140960             /usr/lib/jvm/java-11-openjdk-amd64/lib/libverify.so
7fd88ddfc000-7fd88ddfe000 r--p 0000c000 00:00 140960             /usr/lib/jvm/java-11-openjdk-amd64/lib/libverify.so
7fd88ddfe000-7fd88ddff000 rw-p 0000e000 00:00 140960             /usr/lib/jvm/java-11-openjdk-amd64/lib/libverify.so
7fd88de00000-7fd88de07000 r-xp 00000000 00:00 487328             /lib/x86_64-linux-gnu/librt-2.27.so
7fd88de07000-7fd88de08000 ---p 00007000 00:00 487328             /lib/x86_64-linux-gnu/librt-2.27.so
7fd88de08000-7fd88e006000 ---p 00000008 00:00 487328             /lib/x86_64-linux-gnu/librt-2.27.so
7fd88e006000-7fd88e007000 r--p 00006000 00:00 487328             /lib/x86_64-linux-gnu/librt-2.27.so
7fd88e007000-7fd88e008000 rw-p 00007000 00:00 487328             /lib/x86_64-linux-gnu/librt-2.27.so
7fd88e010000-7fd88e027000 r-xp 00000000 00:00 487212             /lib/x86_64-linux-gnu/libgcc_s.so.1
7fd88e027000-7fd88e028000 ---p 00017000 00:00 487212             /lib/x86_64-linux-gnu/libgcc_s.so.1
7fd88e028000-7fd88e226000 ---p 00000018 00:00 487212             /lib/x86_64-linux-gnu/libgcc_s.so.1
7fd88e226000-7fd88e227000 r--p 00016000 00:00 487212             /lib/x86_64-linux-gnu/libgcc_s.so.1
7fd88e227000-7fd88e228000 rw-p 00017000 00:00 487212             /lib/x86_64-linux-gnu/libgcc_s.so.1
7fd88e230000-7fd88e3cd000 r-xp 00000000 00:00 487240             /lib/x86_64-linux-gnu/libm-2.27.so
7fd88e3cd000-7fd88e3d0000 ---p 0019d000 00:00 487240             /lib/x86_64-linux-gnu/libm-2.27.so
7fd88e3d0000-7fd88e5cc000 ---p 000001a0 00:00 487240             /lib/x86_64-linux-gnu/libm-2.27.so
7fd88e5cc000-7fd88e5cd000 r--p 0019c000 00:00 487240             /lib/x86_64-linux-gnu/libm-2.27.so
7fd88e5cd000-7fd88e5ce000 rw-p 0019d000 00:00 487240             /lib/x86_64-linux-gnu/libm-2.27.so
7fd88e5d0000-7fd88e749000 r-xp 00000000 00:00 682071             /usr/lib/x86_64-linux-gnu/libstdc++.so.6.0.25
7fd88e749000-7fd88e756000 ---p 00179000 00:00 682071             /usr/lib/x86_64-linux-gnu/libstdc++.so.6.0.25
7fd88e756000-7fd88e949000 ---p 00000186 00:00 682071             /usr/lib/x86_64-linux-gnu/libstdc++.so.6.0.25
7fd88e949000-7fd88e953000 r--p 00179000 00:00 682071             /usr/lib/x86_64-linux-gnu/libstdc++.so.6.0.25
7fd88e953000-7fd88e955000 rw-p 00183000 00:00 682071             /usr/lib/x86_64-linux-gnu/libstdc++.so.6.0.25
7fd88e955000-7fd88e959000 rw-p 00000000 00:00 0
7fd88e960000-7fd88fa34000 r-xp 00000000 00:00 142530             /usr/lib/jvm/java-11-openjdk-amd64/lib/server/libjvm.so
7fd88fa34000-7fd88fb2b000 ---p 010d4000 00:00 142530             /usr/lib/jvm/java-11-openjdk-amd64/lib/server/libjvm.so
7fd88fb2b000-7fd88fc34000 ---p 000011cb 00:00 142530             /usr/lib/jvm/java-11-openjdk-amd64/lib/server/libjvm.so
7fd88fc34000-7fd88fcf1000 r--p 010d4000 00:00 142530             /usr/lib/jvm/java-11-openjdk-amd64/lib/server/libjvm.so
7fd88fcf1000-7fd88fd2a000 rw-p 01191000 00:00 142530             /usr/lib/jvm/java-11-openjdk-amd64/lib/server/libjvm.so
7fd88fd2a000-7fd88fd81000 rw-p 00000000 00:00 0
7fd88fd90000-7fd88fdaa000 r-xp 00000000 00:00 487320             /lib/x86_64-linux-gnu/libpthread-2.27.so
7fd88fdaa000-7fd88fdb4000 ---p 0001a000 00:00 487320             /lib/x86_64-linux-gnu/libpthread-2.27.so
7fd88fdb4000-7fd88ffa9000 ---p 00000024 00:00 487320             /lib/x86_64-linux-gnu/libpthread-2.27.so
7fd88ffa9000-7fd88ffaa000 r--p 00019000 00:00 487320             /lib/x86_64-linux-gnu/libpthread-2.27.so
7fd88ffaa000-7fd88ffab000 rw-p 0001a000 00:00 487320             /lib/x86_64-linux-gnu/libpthread-2.27.so
7fd88ffab000-7fd88ffaf000 rw-p 00000000 00:00 0
7fd88ffb0000-7fd88ffb3000 r-xp 00000000 00:00 487187             /lib/x86_64-linux-gnu/libdl-2.27.so
7fd88ffb3000-7fd88ffb4000 ---p 00003000 00:00 487187             /lib/x86_64-linux-gnu/libdl-2.27.so
7fd88ffb4000-7fd8901b2000 ---p 00000004 00:00 487187             /lib/x86_64-linux-gnu/libdl-2.27.so
7fd8901b2000-7fd8901b3000 r--p 00002000 00:00 487187             /lib/x86_64-linux-gnu/libdl-2.27.so
7fd8901b3000-7fd8901b4000 rw-p 00003000 00:00 487187             /lib/x86_64-linux-gnu/libdl-2.27.so
7fd8901c0000-7fd8901dc000 r-xp 00000000 00:00 487370             /lib/x86_64-linux-gnu/libz.so.1.2.11
7fd8901dc000-7fd8901dd000 ---p 0001c000 00:00 487370             /lib/x86_64-linux-gnu/libz.so.1.2.11
7fd8901dd000-7fd8903db000 ---p 0000001d 00:00 487370             /lib/x86_64-linux-gnu/libz.so.1.2.11
7fd8903db000-7fd8903dc000 r--p 0001b000 00:00 487370             /lib/x86_64-linux-gnu/libz.so.1.2.11
7fd8903dc000-7fd8903dd000 rw-p 0001c000 00:00 487370             /lib/x86_64-linux-gnu/libz.so.1.2.11
7fd8903e0000-7fd8905c7000 r-xp 00000000 00:00 487157             /lib/x86_64-linux-gnu/libc-2.27.so
7fd8905c7000-7fd8905d0000 ---p 001e7000 00:00 487157             /lib/x86_64-linux-gnu/libc-2.27.so
7fd8905d0000-7fd8907c7000 ---p 000001f0 00:00 487157             /lib/x86_64-linux-gnu/libc-2.27.so
7fd8907c7000-7fd8907cb000 r--p 001e7000 00:00 487157             /lib/x86_64-linux-gnu/libc-2.27.so
7fd8907cb000-7fd8907cd000 rw-p 001eb000 00:00 487157             /lib/x86_64-linux-gnu/libc-2.27.so
7fd8907cd000-7fd8907d1000 rw-p 00000000 00:00 0
7fd8907e0000-7fd8907f0000 r-xp 00000000 00:00 137834             /usr/lib/jvm/java-11-openjdk-amd64/lib/jli/libjli.so
7fd8907f0000-7fd8907f1000 ---p 00010000 00:00 137834             /usr/lib/jvm/java-11-openjdk-amd64/lib/jli/libjli.so
7fd8907f1000-7fd8909ef000 ---p 00000011 00:00 137834             /usr/lib/jvm/java-11-openjdk-amd64/lib/jli/libjli.so
7fd8909ef000-7fd8909f0000 r--p 0000f000 00:00 137834             /usr/lib/jvm/java-11-openjdk-amd64/lib/jli/libjli.so
7fd8909f0000-7fd8909f1000 rw-p 00010000 00:00 137834             /usr/lib/jvm/java-11-openjdk-amd64/lib/jli/libjli.so
7fd890a00000-7fd890a26000 r-xp 00000000 00:00 487133             /lib/x86_64-linux-gnu/ld-2.27.so
7fd890a26000-7fd890a27000 r-xp 00026000 00:00 487133             /lib/x86_64-linux-gnu/ld-2.27.so
7fd890a30000-7fd890a35000 rw-p 00000000 00:00 0
7fd890a35000-7fd890b1b000 ---p 00000000 00:00 0
7fd890b20000-7fd890b25000 rw-p 00000000 00:00 0
7fd890b25000-7fd890c0b000 ---p 00000000 00:00 0
7fd890c10000-7fd890c15000 rw-p 00000000 00:00 0
7fd890c15000-7fd890c1c000 ---p 00000000 00:00 0
7fd890c27000-7fd890c28000 r--p 00027000 00:00 487133             /lib/x86_64-linux-gnu/ld-2.27.so
7fd890c28000-7fd890c29000 rw-p 00028000 00:00 487133             /lib/x86_64-linux-gnu/ld-2.27.so
7fd890c29000-7fd890c2a000 rw-p 00000000 00:00 0
7fd890c30000-7fd890c31000 ---p 00000000 00:00 0
7fd890c31000-7fd890c32000 r--p 00000000 00:00 0
7fd890c40000-7fd890c44000 ---p 00000000 00:00 0
7fd890c44000-7fd890d41000 rw-p 00000000 00:00 0
7fd890d49000-7fd890d50000 r--s 00000000 00:00 681823             /usr/lib/x86_64-linux-gnu/gconv/gconv-modules.cache
7fd890d50000-7fd890d52000 rw-p 00000000 00:00 0
7fd890d55000-7fd890d56000 r--p 00000000 00:00 620278             /usr/lib/locale/C.UTF-8/LC_NUMERIC
7fd890d56000-7fd890d57000 r--p 00000000 00:00 620293             /usr/lib/locale/C.UTF-8/LC_TIME
7fd890d57000-7fd890d58000 r--p 00000000 00:00 620258             /usr/lib/locale/C.UTF-8/LC_MONETARY
7fd890d58000-7fd890d60000 rw-s 00000000 00:00 217335             /tmp/hsperfdata_ashleyljh/1493
7fd890d60000-7fd890d62000 rw-p 00000000 00:00 0
7fd890d62000-7fd890d63000 r--p 00000000 00:00 620254             /usr/lib/locale/C.UTF-8/LC_MESSAGES/SYS_LC_MESSAGES
7fd890d63000-7fd890d64000 r--p 00000000 00:00 620279             /usr/lib/locale/C.UTF-8/LC_PAPER
7fd890d64000-7fd890d65000 r--p 00000000 00:00 620267             /usr/lib/locale/C.UTF-8/LC_NAME
7fd890d65000-7fd890d66000 r--p 00000000 00:00 620210             /usr/lib/locale/C.UTF-8/LC_ADDRESS
7fd890d66000-7fd890d67000 r--p 00000000 00:00 620281             /usr/lib/locale/C.UTF-8/LC_TELEPHONE
7fd890d67000-7fd890d68000 r--p 00000000 00:00 620242             /usr/lib/locale/C.UTF-8/LC_MEASUREMENT
7fd890d68000-7fd890d69000 r--p 00000000 00:00 620231             /usr/lib/locale/C.UTF-8/LC_IDENTIFICATION
7fd890e00000-7fd890e01000 r-xp 00000000 00:00 136991             /usr/lib/jvm/java-11-openjdk-amd64/bin/java
7fd891001000-7fd891002000 r--p 00001000 00:00 136991             /usr/lib/jvm/java-11-openjdk-amd64/bin/java
7fd891002000-7fd891003000 rw-p 00002000 00:00 136991             /usr/lib/jvm/java-11-openjdk-amd64/bin/java
7fffba6e2000-7fffba703000 rw-p 00000000 00:00 0                  [heap]
7fffc0e18000-7fffc1618000 rw-p 00000000 00:00 0                  [stack]
7fffc1a6c000-7fffc1a6d000 r-xp 00000000 00:00 0                  [vdso]


VM Arguments:
jvm_args: -agentlib:jdwp=transport=dt_socket,address=localhost:50089 
java_command: jdk.jshell.execution.RemoteExecutionControl 50088
java_class_path (initial): .
Launcher Type: SUN_STANDARD

