#
# A fatal error has been detected by the Java Runtime Environment:
#
#  SIGSEGV (0xb) at pc=0x00007f94365772e1, pid=714, tid=721
#
# JRE version: OpenJDK Runtime Environment (11.0.5+10) (build 11.0.5+10-post-Ubuntu-0ubuntu1.118.04)
# Java VM: OpenJDK 64-Bit Server VM (11.0.5+10-post-Ubuntu-0ubuntu1.118.04, mixed mode, sharing, tiered, compressed oops, g1 gc, linux-amd64)
# Problematic frame:
# V  [libjvm.so+0xe172e1]
#
# Core dump will be written. Default location: core.714 (may not exist)
#
# If you would like to submit a bug report, please visit:
#   Unknown
#

---------------  S U M M A R Y ------------

Command Line: -agentlib:jdwp=transport=dt_socket,address=localhost:50023 jdk.jshell.execution.RemoteExecutionControl 50022

Host: Intel(R) Core(TM) i7-8565U CPU @ 1.80GHz, 8 cores, 15G, Ubuntu 18.04.2 LTS
Time: Fri Apr  3 00:09:53 2020 DST elapsed time: 77618 seconds (0d 21h 33m 38s)

---------------  T H R E A D  ---------------

Current thread (0x00007f943008f800):  ConcurrentGCThread "G1 Conc#0" [stack: 0x00007f9415c12000,0x00007f9415d12000] [id=721]

Stack: [0x00007f9415c12000,0x00007f9415d12000],  sp=0x00007f9415d10e10,  free space=1019k
Native frames: (J=compiled Java code, A=aot compiled Java code, j=interpreted, Vv=VM code, C=native code)
V  [libjvm.so+0xe172e1]
V  [libjvm.so+0xd7ba0a]
V  [libjvm.so+0xbcd3ce]


siginfo: si_signo: 11 (SIGSEGV), si_code: 1 (SEGV_MAPERR), si_addr: 0x0000000000000010

Register to memory mapping:

RAX=0x0 is NULL
RBX=0x00007f9436b0f378: <offset 0x00000000013af378> in /usr/lib/jvm/java-11-openjdk-amd64/lib/server/libjvm.so at 0x00007f9435760000
RCX=0x0 is NULL
RDX=0x0 is NULL
RSP=0x00007f9415d10e10 points into unknown readable memory: 70 0e d1 15 94 7f 00 00
RBP=0x00007f9415d10e40 points into unknown readable memory: c0 0e d1 15 94 7f 00 00
RSI=0x0 is NULL
RDI=0x00007f9415d10d70 points into unknown readable memory: 90 06 ba 36 94 7f 00 00
R8 =0x0 is NULL
R9 =0x00000000ffffffff is an unknown value
R10=0x0 is NULL
R11=0x0 is NULL
R12=0x00007f9415d10e1c points into unknown readable memory: 94 7f 00 00
R13=0x00007f943008f800 points into unknown readable memory: 50 01 af 36 94 7f 00 00
R14=0x0000000000100000 is an unknown value
R15=0x00007f9437a1f710 is pointing into the stack for thread: 0x00007f9430015000


Registers:
RAX=0x0000000000000000, RBX=0x00007f9436b0f378, RCX=0x0000000000000000, RDX=0x0000000000000000
RSP=0x00007f9415d10e10, RBP=0x00007f9415d10e40, RSI=0x0000000000000000, RDI=0x00007f9415d10d70
R8 =0x0000000000000000, R9 =0x00000000ffffffff, R10=0x0000000000000000, R11=0x0000000000000000
R12=0x00007f9415d10e1c, R13=0x00007f943008f800, R14=0x0000000000100000, R15=0x00007f9437a1f710
RIP=0x00007f94365772e1, EFLAGS=0x0000000000010202, CSGSFS=0x00000053002b0033, ERR=0x0000000000000000
  TRAPNO=0x0000000000000000

Top of Stack: (sp=0x00007f9415d10e10)
0x00007f9415d10e10:   00007f9415d10e70 00007f943008f800
0x00007f9415d10e20:   00007f9436b0f378 00007f943008f800
0x00007f9415d10e30:   00007f9415c12000 0000000000100000
0x00007f9415d10e40:   00007f9415d10ec0 00007f94364dba0a 

Instructions: (pc=0x00007f94365772e1)
0x00007f94365771e1:   35 cf 49 0f 00 31 c0 4c 89 e7 83 c3 01 e8 bd 0c
0x00007f94365771f1:   dc ff 41 39 5e 08 77 d7 5b 4c 89 e7 41 5c 41 5d
0x00007f9436577201:   41 5e 5d e9 77 13 dc ff 0f 1f 80 00 00 00 00 31
0x00007f9436577211:   c0 4c 89 ee 4c 89 e7 e8 93 0c dc ff 83 c3 01 41
0x00007f9436577221:   39 5e 08 77 aa 5b 4c 89 e7 41 5c 41 5d 41 5e 5d
0x00007f9436577231:   e9 4a 13 dc ff 66 2e 0f 1f 84 00 00 00 00 00 48
0x00007f9436577241:   8b 87 20 03 00 00 55 48 89 e5 0f b6 40 28 5d c3
0x00007f9436577251:   90 0f 1f 40 00 66 2e 0f 1f 84 00 00 00 00 00 48
0x00007f9436577261:   8b 87 20 03 00 00 55 48 89 e5 0f b6 40 29 5d c3
0x00007f9436577271:   90 0f 1f 40 00 66 2e 0f 1f 84 00 00 00 00 00 55
0x00007f9436577281:   48 89 e5 53 48 89 fb 48 83 ec 08 e8 ef f0 f5 ff
0x00007f9436577291:   48 83 c4 08 48 89 df be 09 00 00 00 5b 5d e9 ac
0x00007f94365772a1:   46 da ff 66 90 66 2e 0f 1f 84 00 00 00 00 00 55
0x00007f94365772b1:   48 89 e5 41 56 41 55 41 54 53 4c 8d 65 dc 49 89
0x00007f94365772c1:   fd 48 83 ec 10 66 2e 0f 1f 84 00 00 00 00 00 49
0x00007f94365772d1:   8b 85 20 03 00 00 48 8b 78 30 48 8b 07 ff 50 18
0x00007f94365772e1:   8b 70 10 48 89 c3 4c 89 e7 49 89 d6 e8 7e 7e 97
0x00007f94365772f1:   ff 48 8b 03 44 89 f6 48 89 df ff 10 4c 89 e7 e8
0x00007f9436577301:   ab 7e 97 ff 49 8b 85 20 03 00 00 48 8b 78 30 48
0x00007f9436577311:   8b 07 ff 50 20 eb b8 0f 1f 84 00 00 00 00 00 55
0x00007f9436577321:   48 8d 15 d8 d8 7f ff 48 89 e5 41 54 53 48 8b 07
0x00007f9436577331:   49 89 fc 48 89 f3 48 8b 80 88 00 00 00 48 39 d0
0x00007f9436577341:   75 45 48 8b 97 08 03 00 00 48 8d 05 ff dd 07 00
0x00007f9436577351:   48 85 d2 48 0f 44 d0 48 8d 35 a4 d3 09 00 48 89
0x00007f9436577361:   df 31 c0 e8 47 0b dc ff 4c 89 e7 48 89 de 31 d2
0x00007f9436577371:   e8 da e8 f5 ff 48 89 df 5b 41 5c 5d e9 fe 11 dc
0x00007f9436577381:   ff 66 0f 1f 44 00 00 ff d0 48 89 c2 eb c9 90 55
0x00007f9436577391:   48 8d 15 e8 fe ff ff 48 89 e5 53 48 89 fb 48 83
0x00007f94365773a1:   ec 08 48 8b 07 48 8b 80 b8 00 00 00 48 39 d0 75
0x00007f94365773b1:   2e e8 c9 ef f5 ff be 09 00 00 00 48 89 df e8 8c
0x00007f94365773c1:   45 da ff 48 8b 03 48 89 df 48 8b 80 c0 00 00 00
0x00007f94365773d1:   48 83 c4 08 5b 5d ff e0 0f 1f 80 00 00 00 00 ff 


Stack slot to memory mapping:
stack at sp + 0 slots: 0x00007f9415d10e70 points into unknown readable memory: c0 0e d1 15 94 7f 00 00
stack at sp + 1 slots: 0x00007f943008f800 points into unknown readable memory: 50 01 af 36 94 7f 00 00
stack at sp + 2 slots: 0x00007f9436b0f378: <offset 0x00000000013af378> in /usr/lib/jvm/java-11-openjdk-amd64/lib/server/libjvm.so at 0x00007f9435760000
stack at sp + 3 slots: 0x00007f943008f800 points into unknown readable memory: 50 01 af 36 94 7f 00 00
stack at sp + 4 slots: 0x00007f9415c12000 points into unknown readable memory: 00 00 00 00 00 00 00 00
stack at sp + 5 slots: 0x0000000000100000 is an unknown value
stack at sp + 6 slots: 0x00007f9415d10ec0 points into unknown readable memory: f0 0e d1 15 94 7f 00 00
stack at sp + 7 slots: 0x00007f94364dba0a: <offset 0x0000000000d7ba0a> in /usr/lib/jvm/java-11-openjdk-amd64/lib/server/libjvm.so at 0x00007f9435760000


---------------  P R O C E S S  ---------------

Threads class SMR info:
_java_thread_list=0x00007f93e0002df0, length=14, elements={
0x00007f9430015000, 0x00007f94301d6800, 0x00007f94301d8800, 0x00007f94301e0800,
0x00007f94301e2800, 0x00007f94301e4800, 0x00007f94301e6800, 0x00007f9430272000,
0x00007f9430275800, 0x00007f93d0001800, 0x00007f9430277000, 0x00007f943028d000,
0x00007f94302dc800, 0x00007f93e0001800
}

Java Threads: ( => current thread )
  0x00007f9430015000 JavaThread "main" [_thread_blocked, id=717, stack(0x00007f9437920000,0x00007f9437a21000)]
  0x00007f94301d6800 JavaThread "Reference Handler" daemon [_thread_blocked, id=725, stack(0x00007f9414630000,0x00007f9414731000)]
  0x00007f94301d8800 JavaThread "Finalizer" daemon [_thread_blocked, id=726, stack(0x00007f9414520000,0x00007f9414621000)]
  0x00007f94301e0800 JavaThread "Signal Dispatcher" daemon [_thread_blocked, id=727, stack(0x00007f94140e0000,0x00007f94141e1000)]
  0x00007f94301e2800 JavaThread "C2 CompilerThread0" daemon [_thread_blocked, id=728, stack(0x00007f9401ef0000,0x00007f9401ff1000)]
  0x00007f94301e4800 JavaThread "C1 CompilerThread0" daemon [_thread_blocked, id=729, stack(0x00007f9401de0000,0x00007f9401ee1000)]
  0x00007f94301e6800 JavaThread "Sweeper thread" daemon [_thread_blocked, id=730, stack(0x00007f9401cd0000,0x00007f9401dd1000)]
  0x00007f9430272000 JavaThread "JDWP Transport Listener: dt_socket" daemon [_thread_blocked, id=731, stack(0x00007f94019b0000,0x00007f9401ab1000)]
  0x00007f9430275800 JavaThread "JDWP Event Helper Thread" daemon [_thread_blocked, id=732, stack(0x00007f94018a0000,0x00007f94019a1000)]
  0x00007f93d0001800 JavaThread "JDWP Command Reader" daemon [_thread_in_native, id=733, stack(0x00007f9401790000,0x00007f9401891000)]
  0x00007f9430277000 JavaThread "Service Thread" daemon [_thread_blocked, id=737, stack(0x00007f9401680000,0x00007f9401781000)]
  0x00007f943028d000 JavaThread "Common-Cleaner" daemon [_thread_blocked, id=739, stack(0x00007f9401020000,0x00007f9401121000)]
  0x00007f94302dc800 JavaThread "output reader" daemon [_thread_in_native, id=741, stack(0x00007f9400d00000,0x00007f9400e01000)]
  0x00007f93e0001800 JavaThread "SIGTERM handler" daemon [_thread_new, id=5876, stack(0x00007f9400bf0000,0x00007f9400cf1000)]

Other Threads:
  0x00007f94301d3800 VMThread "VM Thread" [stack: 0x00007f9414742000,0x00007f9414842000] [id=724]
  0x00007f9430279800 WatcherThread [stack: 0x00007f9401572000,0x00007f9401672000] [id=738]
  0x00007f943002e000 GCTaskThread "GC Thread#0" [stack: 0x00007f9417fc2000,0x00007f94180c2000] [id=719]
  0x00007f943008e000 ConcurrentGCThread "G1 Main Marker" [stack: 0x00007f9415d22000,0x00007f9415e22000] [id=720]
=>0x00007f943008f800 ConcurrentGCThread "G1 Conc#0" [stack: 0x00007f9415c12000,0x00007f9415d12000] [id=721]
  0x00007f9430195800 ConcurrentGCThread "G1 Refine#0" [stack: 0x00007f9415282000,0x00007f9415382000] [id=722]
  0x00007f9430197800 ConcurrentGCThread "G1 Young RemSet Sampling" [stack: 0x00007f9415172000,0x00007f9415272000] [id=723]

Threads with active compile tasks:

VM state:not at safepoint (normal execution)

VM Mutex/Monitor currently owned by a thread: None

Heap address: 0x0000000701c00000, size: 4068 MB, Compressed Oops mode: Zero based, Oop shift amount: 3
Narrow klass base: 0x0000000800000000, Narrow klass shift: 3
Compressed class space size: 1073741824 Address: 0x0000000840000000

Heap:
 garbage-first heap   total 264192K, used 4792K [0x0000000701c00000, 0x0000000800000000)
  region size 1024K, 5 young (5120K), 0 survivors (0K)
 Metaspace       used 2125K, capacity 5209K, committed 5504K, reserved 1056768K
  class space    used 256K, capacity 589K, committed 640K, reserved 1048576K
Heap Regions: E=young(eden), S=young(survivor), O=old, HS=humongous(starts), HC=humongous(continues), CS=collection set, F=free, A=archive, TAMS=top-at-mark-start (previous, next)
|   0|0x0000000701c00000, 0x0000000701c00000, 0x0000000701d00000|  0%| F|  |TAMS 0x0000000701c00000, 0x0000000701c00000| Untracked 
|   1|0x0000000701d00000, 0x0000000701d00000, 0x0000000701e00000|  0%| F|  |TAMS 0x0000000701d00000, 0x0000000701d00000| Untracked 
|   2|0x0000000701e00000, 0x0000000701e00000, 0x0000000701f00000|  0%| F|  |TAMS 0x0000000701e00000, 0x0000000701e00000| Untracked 
|   3|0x0000000701f00000, 0x0000000701f00000, 0x0000000702000000|  0%| F|  |TAMS 0x0000000701f00000, 0x0000000701f00000| Untracked 
|   4|0x0000000702000000, 0x0000000702000000, 0x0000000702100000|  0%| F|  |TAMS 0x0000000702000000, 0x0000000702000000| Untracked 
|   5|0x0000000702100000, 0x0000000702100000, 0x0000000702200000|  0%| F|  |TAMS 0x0000000702100000, 0x0000000702100000| Untracked 
|   6|0x0000000702200000, 0x0000000702200000, 0x0000000702300000|  0%| F|  |TAMS 0x0000000702200000, 0x0000000702200000| Untracked 
|   7|0x0000000702300000, 0x0000000702300000, 0x0000000702400000|  0%| F|  |TAMS 0x0000000702300000, 0x0000000702300000| Untracked 
|   8|0x0000000702400000, 0x0000000702400000, 0x0000000702500000|  0%| F|  |TAMS 0x0000000702400000, 0x0000000702400000| Untracked 
|   9|0x0000000702500000, 0x0000000702500000, 0x0000000702600000|  0%| F|  |TAMS 0x0000000702500000, 0x0000000702500000| Untracked 
|  10|0x0000000702600000, 0x0000000702600000, 0x0000000702700000|  0%| F|  |TAMS 0x0000000702600000, 0x0000000702600000| Untracked 
|  11|0x0000000702700000, 0x0000000702700000, 0x0000000702800000|  0%| F|  |TAMS 0x0000000702700000, 0x0000000702700000| Untracked 
|  12|0x0000000702800000, 0x0000000702800000, 0x0000000702900000|  0%| F|  |TAMS 0x0000000702800000, 0x0000000702800000| Untracked 
|  13|0x0000000702900000, 0x0000000702900000, 0x0000000702a00000|  0%| F|  |TAMS 0x0000000702900000, 0x0000000702900000| Untracked 
|  14|0x0000000702a00000, 0x0000000702a00000, 0x0000000702b00000|  0%| F|  |TAMS 0x0000000702a00000, 0x0000000702a00000| Untracked 
|  15|0x0000000702b00000, 0x0000000702b00000, 0x0000000702c00000|  0%| F|  |TAMS 0x0000000702b00000, 0x0000000702b00000| Untracked 
|  16|0x0000000702c00000, 0x0000000702c00000, 0x0000000702d00000|  0%| F|  |TAMS 0x0000000702c00000, 0x0000000702c00000| Untracked 
|  17|0x0000000702d00000, 0x0000000702d00000, 0x0000000702e00000|  0%| F|  |TAMS 0x0000000702d00000, 0x0000000702d00000| Untracked 
|  18|0x0000000702e00000, 0x0000000702e00000, 0x0000000702f00000|  0%| F|  |TAMS 0x0000000702e00000, 0x0000000702e00000| Untracked 
|  19|0x0000000702f00000, 0x0000000702f00000, 0x0000000703000000|  0%| F|  |TAMS 0x0000000702f00000, 0x0000000702f00000| Untracked 
|  20|0x0000000703000000, 0x0000000703000000, 0x0000000703100000|  0%| F|  |TAMS 0x0000000703000000, 0x0000000703000000| Untracked 
|  21|0x0000000703100000, 0x0000000703100000, 0x0000000703200000|  0%| F|  |TAMS 0x0000000703100000, 0x0000000703100000| Untracked 
|  22|0x0000000703200000, 0x0000000703200000, 0x0000000703300000|  0%| F|  |TAMS 0x0000000703200000, 0x0000000703200000| Untracked 
|  23|0x0000000703300000, 0x0000000703300000, 0x0000000703400000|  0%| F|  |TAMS 0x0000000703300000, 0x0000000703300000| Untracked 
|  24|0x0000000703400000, 0x0000000703400000, 0x0000000703500000|  0%| F|  |TAMS 0x0000000703400000, 0x0000000703400000| Untracked 
|  25|0x0000000703500000, 0x0000000703500000, 0x0000000703600000|  0%| F|  |TAMS 0x0000000703500000, 0x0000000703500000| Untracked 
|  26|0x0000000703600000, 0x0000000703600000, 0x0000000703700000|  0%| F|  |TAMS 0x0000000703600000, 0x0000000703600000| Untracked 
|  27|0x0000000703700000, 0x0000000703700000, 0x0000000703800000|  0%| F|  |TAMS 0x0000000703700000, 0x0000000703700000| Untracked 
|  28|0x0000000703800000, 0x0000000703800000, 0x0000000703900000|  0%| F|  |TAMS 0x0000000703800000, 0x0000000703800000| Untracked 
|  29|0x0000000703900000, 0x0000000703900000, 0x0000000703a00000|  0%| F|  |TAMS 0x0000000703900000, 0x0000000703900000| Untracked 
|  30|0x0000000703a00000, 0x0000000703a00000, 0x0000000703b00000|  0%| F|  |TAMS 0x0000000703a00000, 0x0000000703a00000| Untracked 
|  31|0x0000000703b00000, 0x0000000703b00000, 0x0000000703c00000|  0%| F|  |TAMS 0x0000000703b00000, 0x0000000703b00000| Untracked 
|  32|0x0000000703c00000, 0x0000000703c00000, 0x0000000703d00000|  0%| F|  |TAMS 0x0000000703c00000, 0x0000000703c00000| Untracked 
|  33|0x0000000703d00000, 0x0000000703d00000, 0x0000000703e00000|  0%| F|  |TAMS 0x0000000703d00000, 0x0000000703d00000| Untracked 
|  34|0x0000000703e00000, 0x0000000703e00000, 0x0000000703f00000|  0%| F|  |TAMS 0x0000000703e00000, 0x0000000703e00000| Untracked 
|  35|0x0000000703f00000, 0x0000000703f00000, 0x0000000704000000|  0%| F|  |TAMS 0x0000000703f00000, 0x0000000703f00000| Untracked 
|  36|0x0000000704000000, 0x0000000704000000, 0x0000000704100000|  0%| F|  |TAMS 0x0000000704000000, 0x0000000704000000| Untracked 
|  37|0x0000000704100000, 0x0000000704100000, 0x0000000704200000|  0%| F|  |TAMS 0x0000000704100000, 0x0000000704100000| Untracked 
|  38|0x0000000704200000, 0x0000000704200000, 0x0000000704300000|  0%| F|  |TAMS 0x0000000704200000, 0x0000000704200000| Untracked 
|  39|0x0000000704300000, 0x0000000704300000, 0x0000000704400000|  0%| F|  |TAMS 0x0000000704300000, 0x0000000704300000| Untracked 
|  40|0x0000000704400000, 0x0000000704400000, 0x0000000704500000|  0%| F|  |TAMS 0x0000000704400000, 0x0000000704400000| Untracked 
|  41|0x0000000704500000, 0x0000000704500000, 0x0000000704600000|  0%| F|  |TAMS 0x0000000704500000, 0x0000000704500000| Untracked 
|  42|0x0000000704600000, 0x0000000704600000, 0x0000000704700000|  0%| F|  |TAMS 0x0000000704600000, 0x0000000704600000| Untracked 
|  43|0x0000000704700000, 0x0000000704700000, 0x0000000704800000|  0%| F|  |TAMS 0x0000000704700000, 0x0000000704700000| Untracked 
|  44|0x0000000704800000, 0x0000000704800000, 0x0000000704900000|  0%| F|  |TAMS 0x0000000704800000, 0x0000000704800000| Untracked 
|  45|0x0000000704900000, 0x0000000704900000, 0x0000000704a00000|  0%| F|  |TAMS 0x0000000704900000, 0x0000000704900000| Untracked 
|  46|0x0000000704a00000, 0x0000000704a00000, 0x0000000704b00000|  0%| F|  |TAMS 0x0000000704a00000, 0x0000000704a00000| Untracked 
|  47|0x0000000704b00000, 0x0000000704b00000, 0x0000000704c00000|  0%| F|  |TAMS 0x0000000704b00000, 0x0000000704b00000| Untracked 
|  48|0x0000000704c00000, 0x0000000704c00000, 0x0000000704d00000|  0%| F|  |TAMS 0x0000000704c00000, 0x0000000704c00000| Untracked 
|  49|0x0000000704d00000, 0x0000000704d00000, 0x0000000704e00000|  0%| F|  |TAMS 0x0000000704d00000, 0x0000000704d00000| Untracked 
|  50|0x0000000704e00000, 0x0000000704e00000, 0x0000000704f00000|  0%| F|  |TAMS 0x0000000704e00000, 0x0000000704e00000| Untracked 
|  51|0x0000000704f00000, 0x0000000704f00000, 0x0000000705000000|  0%| F|  |TAMS 0x0000000704f00000, 0x0000000704f00000| Untracked 
|  52|0x0000000705000000, 0x0000000705000000, 0x0000000705100000|  0%| F|  |TAMS 0x0000000705000000, 0x0000000705000000| Untracked 
|  53|0x0000000705100000, 0x0000000705100000, 0x0000000705200000|  0%| F|  |TAMS 0x0000000705100000, 0x0000000705100000| Untracked 
|  54|0x0000000705200000, 0x0000000705200000, 0x0000000705300000|  0%| F|  |TAMS 0x0000000705200000, 0x0000000705200000| Untracked 
|  55|0x0000000705300000, 0x0000000705300000, 0x0000000705400000|  0%| F|  |TAMS 0x0000000705300000, 0x0000000705300000| Untracked 
|  56|0x0000000705400000, 0x0000000705400000, 0x0000000705500000|  0%| F|  |TAMS 0x0000000705400000, 0x0000000705400000| Untracked 
|  57|0x0000000705500000, 0x0000000705500000, 0x0000000705600000|  0%| F|  |TAMS 0x0000000705500000, 0x0000000705500000| Untracked 
|  58|0x0000000705600000, 0x0000000705600000, 0x0000000705700000|  0%| F|  |TAMS 0x0000000705600000, 0x0000000705600000| Untracked 
|  59|0x0000000705700000, 0x0000000705700000, 0x0000000705800000|  0%| F|  |TAMS 0x0000000705700000, 0x0000000705700000| Untracked 
|  60|0x0000000705800000, 0x0000000705800000, 0x0000000705900000|  0%| F|  |TAMS 0x0000000705800000, 0x0000000705800000| Untracked 
|  61|0x0000000705900000, 0x0000000705900000, 0x0000000705a00000|  0%| F|  |TAMS 0x0000000705900000, 0x0000000705900000| Untracked 
|  62|0x0000000705a00000, 0x0000000705a00000, 0x0000000705b00000|  0%| F|  |TAMS 0x0000000705a00000, 0x0000000705a00000| Untracked 
|  63|0x0000000705b00000, 0x0000000705b00000, 0x0000000705c00000|  0%| F|  |TAMS 0x0000000705b00000, 0x0000000705b00000| Untracked 
|  64|0x0000000705c00000, 0x0000000705c00000, 0x0000000705d00000|  0%| F|  |TAMS 0x0000000705c00000, 0x0000000705c00000| Untracked 
|  65|0x0000000705d00000, 0x0000000705d00000, 0x0000000705e00000|  0%| F|  |TAMS 0x0000000705d00000, 0x0000000705d00000| Untracked 
|  66|0x0000000705e00000, 0x0000000705e00000, 0x0000000705f00000|  0%| F|  |TAMS 0x0000000705e00000, 0x0000000705e00000| Untracked 
|  67|0x0000000705f00000, 0x0000000705f00000, 0x0000000706000000|  0%| F|  |TAMS 0x0000000705f00000, 0x0000000705f00000| Untracked 
|  68|0x0000000706000000, 0x0000000706000000, 0x0000000706100000|  0%| F|  |TAMS 0x0000000706000000, 0x0000000706000000| Untracked 
|  69|0x0000000706100000, 0x0000000706100000, 0x0000000706200000|  0%| F|  |TAMS 0x0000000706100000, 0x0000000706100000| Untracked 
|  70|0x0000000706200000, 0x0000000706200000, 0x0000000706300000|  0%| F|  |TAMS 0x0000000706200000, 0x0000000706200000| Untracked 
|  71|0x0000000706300000, 0x0000000706300000, 0x0000000706400000|  0%| F|  |TAMS 0x0000000706300000, 0x0000000706300000| Untracked 
|  72|0x0000000706400000, 0x0000000706400000, 0x0000000706500000|  0%| F|  |TAMS 0x0000000706400000, 0x0000000706400000| Untracked 
|  73|0x0000000706500000, 0x0000000706500000, 0x0000000706600000|  0%| F|  |TAMS 0x0000000706500000, 0x0000000706500000| Untracked 
|  74|0x0000000706600000, 0x0000000706600000, 0x0000000706700000|  0%| F|  |TAMS 0x0000000706600000, 0x0000000706600000| Untracked 
|  75|0x0000000706700000, 0x0000000706700000, 0x0000000706800000|  0%| F|  |TAMS 0x0000000706700000, 0x0000000706700000| Untracked 
|  76|0x0000000706800000, 0x0000000706800000, 0x0000000706900000|  0%| F|  |TAMS 0x0000000706800000, 0x0000000706800000| Untracked 
|  77|0x0000000706900000, 0x0000000706900000, 0x0000000706a00000|  0%| F|  |TAMS 0x0000000706900000, 0x0000000706900000| Untracked 
|  78|0x0000000706a00000, 0x0000000706a00000, 0x0000000706b00000|  0%| F|  |TAMS 0x0000000706a00000, 0x0000000706a00000| Untracked 
|  79|0x0000000706b00000, 0x0000000706b00000, 0x0000000706c00000|  0%| F|  |TAMS 0x0000000706b00000, 0x0000000706b00000| Untracked 
|  80|0x0000000706c00000, 0x0000000706c00000, 0x0000000706d00000|  0%| F|  |TAMS 0x0000000706c00000, 0x0000000706c00000| Untracked 
|  81|0x0000000706d00000, 0x0000000706d00000, 0x0000000706e00000|  0%| F|  |TAMS 0x0000000706d00000, 0x0000000706d00000| Untracked 
|  82|0x0000000706e00000, 0x0000000706e00000, 0x0000000706f00000|  0%| F|  |TAMS 0x0000000706e00000, 0x0000000706e00000| Untracked 
|  83|0x0000000706f00000, 0x0000000706f00000, 0x0000000707000000|  0%| F|  |TAMS 0x0000000706f00000, 0x0000000706f00000| Untracked 
|  84|0x0000000707000000, 0x0000000707000000, 0x0000000707100000|  0%| F|  |TAMS 0x0000000707000000, 0x0000000707000000| Untracked 
|  85|0x0000000707100000, 0x0000000707100000, 0x0000000707200000|  0%| F|  |TAMS 0x0000000707100000, 0x0000000707100000| Untracked 
|  86|0x0000000707200000, 0x0000000707200000, 0x0000000707300000|  0%| F|  |TAMS 0x0000000707200000, 0x0000000707200000| Untracked 
|  87|0x0000000707300000, 0x0000000707300000, 0x0000000707400000|  0%| F|  |TAMS 0x0000000707300000, 0x0000000707300000| Untracked 
|  88|0x0000000707400000, 0x0000000707400000, 0x0000000707500000|  0%| F|  |TAMS 0x0000000707400000, 0x0000000707400000| Untracked 
|  89|0x0000000707500000, 0x0000000707500000, 0x0000000707600000|  0%| F|  |TAMS 0x0000000707500000, 0x0000000707500000| Untracked 
|  90|0x0000000707600000, 0x0000000707600000, 0x0000000707700000|  0%| F|  |TAMS 0x0000000707600000, 0x0000000707600000| Untracked 
|  91|0x0000000707700000, 0x0000000707700000, 0x0000000707800000|  0%| F|  |TAMS 0x0000000707700000, 0x0000000707700000| Untracked 
|  92|0x0000000707800000, 0x0000000707800000, 0x0000000707900000|  0%| F|  |TAMS 0x0000000707800000, 0x0000000707800000| Untracked 
|  93|0x0000000707900000, 0x0000000707900000, 0x0000000707a00000|  0%| F|  |TAMS 0x0000000707900000, 0x0000000707900000| Untracked 
|  94|0x0000000707a00000, 0x0000000707a00000, 0x0000000707b00000|  0%| F|  |TAMS 0x0000000707a00000, 0x0000000707a00000| Untracked 
|  95|0x0000000707b00000, 0x0000000707b00000, 0x0000000707c00000|  0%| F|  |TAMS 0x0000000707b00000, 0x0000000707b00000| Untracked 
|  96|0x0000000707c00000, 0x0000000707c00000, 0x0000000707d00000|  0%| F|  |TAMS 0x0000000707c00000, 0x0000000707c00000| Untracked 
|  97|0x0000000707d00000, 0x0000000707d00000, 0x0000000707e00000|  0%| F|  |TAMS 0x0000000707d00000, 0x0000000707d00000| Untracked 
|  98|0x0000000707e00000, 0x0000000707e00000, 0x0000000707f00000|  0%| F|  |TAMS 0x0000000707e00000, 0x0000000707e00000| Untracked 
|  99|0x0000000707f00000, 0x0000000707f00000, 0x0000000708000000|  0%| F|  |TAMS 0x0000000707f00000, 0x0000000707f00000| Untracked 
| 100|0x0000000708000000, 0x0000000708000000, 0x0000000708100000|  0%| F|  |TAMS 0x0000000708000000, 0x0000000708000000| Untracked 
| 101|0x0000000708100000, 0x0000000708100000, 0x0000000708200000|  0%| F|  |TAMS 0x0000000708100000, 0x0000000708100000| Untracked 
| 102|0x0000000708200000, 0x0000000708200000, 0x0000000708300000|  0%| F|  |TAMS 0x0000000708200000, 0x0000000708200000| Untracked 
| 103|0x0000000708300000, 0x0000000708300000, 0x0000000708400000|  0%| F|  |TAMS 0x0000000708300000, 0x0000000708300000| Untracked 
| 104|0x0000000708400000, 0x0000000708400000, 0x0000000708500000|  0%| F|  |TAMS 0x0000000708400000, 0x0000000708400000| Untracked 
| 105|0x0000000708500000, 0x0000000708500000, 0x0000000708600000|  0%| F|  |TAMS 0x0000000708500000, 0x0000000708500000| Untracked 
| 106|0x0000000708600000, 0x0000000708600000, 0x0000000708700000|  0%| F|  |TAMS 0x0000000708600000, 0x0000000708600000| Untracked 
| 107|0x0000000708700000, 0x0000000708700000, 0x0000000708800000|  0%| F|  |TAMS 0x0000000708700000, 0x0000000708700000| Untracked 
| 108|0x0000000708800000, 0x0000000708800000, 0x0000000708900000|  0%| F|  |TAMS 0x0000000708800000, 0x0000000708800000| Untracked 
| 109|0x0000000708900000, 0x0000000708900000, 0x0000000708a00000|  0%| F|  |TAMS 0x0000000708900000, 0x0000000708900000| Untracked 
| 110|0x0000000708a00000, 0x0000000708a00000, 0x0000000708b00000|  0%| F|  |TAMS 0x0000000708a00000, 0x0000000708a00000| Untracked 
| 111|0x0000000708b00000, 0x0000000708b00000, 0x0000000708c00000|  0%| F|  |TAMS 0x0000000708b00000, 0x0000000708b00000| Untracked 
| 112|0x0000000708c00000, 0x0000000708c00000, 0x0000000708d00000|  0%| F|  |TAMS 0x0000000708c00000, 0x0000000708c00000| Untracked 
| 113|0x0000000708d00000, 0x0000000708d00000, 0x0000000708e00000|  0%| F|  |TAMS 0x0000000708d00000, 0x0000000708d00000| Untracked 
| 114|0x0000000708e00000, 0x0000000708e00000, 0x0000000708f00000|  0%| F|  |TAMS 0x0000000708e00000, 0x0000000708e00000| Untracked 
| 115|0x0000000708f00000, 0x0000000708f00000, 0x0000000709000000|  0%| F|  |TAMS 0x0000000708f00000, 0x0000000708f00000| Untracked 
| 116|0x0000000709000000, 0x0000000709000000, 0x0000000709100000|  0%| F|  |TAMS 0x0000000709000000, 0x0000000709000000| Untracked 
| 117|0x0000000709100000, 0x0000000709100000, 0x0000000709200000|  0%| F|  |TAMS 0x0000000709100000, 0x0000000709100000| Untracked 
| 118|0x0000000709200000, 0x0000000709200000, 0x0000000709300000|  0%| F|  |TAMS 0x0000000709200000, 0x0000000709200000| Untracked 
| 119|0x0000000709300000, 0x0000000709300000, 0x0000000709400000|  0%| F|  |TAMS 0x0000000709300000, 0x0000000709300000| Untracked 
| 120|0x0000000709400000, 0x0000000709400000, 0x0000000709500000|  0%| F|  |TAMS 0x0000000709400000, 0x0000000709400000| Untracked 
| 121|0x0000000709500000, 0x0000000709500000, 0x0000000709600000|  0%| F|  |TAMS 0x0000000709500000, 0x0000000709500000| Untracked 
| 122|0x0000000709600000, 0x0000000709600000, 0x0000000709700000|  0%| F|  |TAMS 0x0000000709600000, 0x0000000709600000| Untracked 
| 123|0x0000000709700000, 0x0000000709700000, 0x0000000709800000|  0%| F|  |TAMS 0x0000000709700000, 0x0000000709700000| Untracked 
| 124|0x0000000709800000, 0x0000000709800000, 0x0000000709900000|  0%| F|  |TAMS 0x0000000709800000, 0x0000000709800000| Untracked 
| 125|0x0000000709900000, 0x0000000709900000, 0x0000000709a00000|  0%| F|  |TAMS 0x0000000709900000, 0x0000000709900000| Untracked 
| 126|0x0000000709a00000, 0x0000000709a00000, 0x0000000709b00000|  0%| F|  |TAMS 0x0000000709a00000, 0x0000000709a00000| Untracked 
| 127|0x0000000709b00000, 0x0000000709b00000, 0x0000000709c00000|  0%| F|  |TAMS 0x0000000709b00000, 0x0000000709b00000| Untracked 
| 128|0x0000000709c00000, 0x0000000709c00000, 0x0000000709d00000|  0%| F|  |TAMS 0x0000000709c00000, 0x0000000709c00000| Untracked 
| 129|0x0000000709d00000, 0x0000000709d00000, 0x0000000709e00000|  0%| F|  |TAMS 0x0000000709d00000, 0x0000000709d00000| Untracked 
| 130|0x0000000709e00000, 0x0000000709e00000, 0x0000000709f00000|  0%| F|  |TAMS 0x0000000709e00000, 0x0000000709e00000| Untracked 
| 131|0x0000000709f00000, 0x0000000709f00000, 0x000000070a000000|  0%| F|  |TAMS 0x0000000709f00000, 0x0000000709f00000| Untracked 
| 132|0x000000070a000000, 0x000000070a000000, 0x000000070a100000|  0%| F|  |TAMS 0x000000070a000000, 0x000000070a000000| Untracked 
| 133|0x000000070a100000, 0x000000070a100000, 0x000000070a200000|  0%| F|  |TAMS 0x000000070a100000, 0x000000070a100000| Untracked 
| 134|0x000000070a200000, 0x000000070a200000, 0x000000070a300000|  0%| F|  |TAMS 0x000000070a200000, 0x000000070a200000| Untracked 
| 135|0x000000070a300000, 0x000000070a300000, 0x000000070a400000|  0%| F|  |TAMS 0x000000070a300000, 0x000000070a300000| Untracked 
| 136|0x000000070a400000, 0x000000070a400000, 0x000000070a500000|  0%| F|  |TAMS 0x000000070a400000, 0x000000070a400000| Untracked 
| 137|0x000000070a500000, 0x000000070a500000, 0x000000070a600000|  0%| F|  |TAMS 0x000000070a500000, 0x000000070a500000| Untracked 
| 138|0x000000070a600000, 0x000000070a600000, 0x000000070a700000|  0%| F|  |TAMS 0x000000070a600000, 0x000000070a600000| Untracked 
| 139|0x000000070a700000, 0x000000070a700000, 0x000000070a800000|  0%| F|  |TAMS 0x000000070a700000, 0x000000070a700000| Untracked 
| 140|0x000000070a800000, 0x000000070a800000, 0x000000070a900000|  0%| F|  |TAMS 0x000000070a800000, 0x000000070a800000| Untracked 
| 141|0x000000070a900000, 0x000000070a900000, 0x000000070aa00000|  0%| F|  |TAMS 0x000000070a900000, 0x000000070a900000| Untracked 
| 142|0x000000070aa00000, 0x000000070aa00000, 0x000000070ab00000|  0%| F|  |TAMS 0x000000070aa00000, 0x000000070aa00000| Untracked 
| 143|0x000000070ab00000, 0x000000070ab00000, 0x000000070ac00000|  0%| F|  |TAMS 0x000000070ab00000, 0x000000070ab00000| Untracked 
| 144|0x000000070ac00000, 0x000000070ac00000, 0x000000070ad00000|  0%| F|  |TAMS 0x000000070ac00000, 0x000000070ac00000| Untracked 
| 145|0x000000070ad00000, 0x000000070ad00000, 0x000000070ae00000|  0%| F|  |TAMS 0x000000070ad00000, 0x000000070ad00000| Untracked 
| 146|0x000000070ae00000, 0x000000070ae00000, 0x000000070af00000|  0%| F|  |TAMS 0x000000070ae00000, 0x000000070ae00000| Untracked 
| 147|0x000000070af00000, 0x000000070af00000, 0x000000070b000000|  0%| F|  |TAMS 0x000000070af00000, 0x000000070af00000| Untracked 
| 148|0x000000070b000000, 0x000000070b000000, 0x000000070b100000|  0%| F|  |TAMS 0x000000070b000000, 0x000000070b000000| Untracked 
| 149|0x000000070b100000, 0x000000070b100000, 0x000000070b200000|  0%| F|  |TAMS 0x000000070b100000, 0x000000070b100000| Untracked 
| 150|0x000000070b200000, 0x000000070b200000, 0x000000070b300000|  0%| F|  |TAMS 0x000000070b200000, 0x000000070b200000| Untracked 
| 151|0x000000070b300000, 0x000000070b300000, 0x000000070b400000|  0%| F|  |TAMS 0x000000070b300000, 0x000000070b300000| Untracked 
| 152|0x000000070b400000, 0x000000070b400000, 0x000000070b500000|  0%| F|  |TAMS 0x000000070b400000, 0x000000070b400000| Untracked 
| 153|0x000000070b500000, 0x000000070b500000, 0x000000070b600000|  0%| F|  |TAMS 0x000000070b500000, 0x000000070b500000| Untracked 
| 154|0x000000070b600000, 0x000000070b600000, 0x000000070b700000|  0%| F|  |TAMS 0x000000070b600000, 0x000000070b600000| Untracked 
| 155|0x000000070b700000, 0x000000070b700000, 0x000000070b800000|  0%| F|  |TAMS 0x000000070b700000, 0x000000070b700000| Untracked 
| 156|0x000000070b800000, 0x000000070b800000, 0x000000070b900000|  0%| F|  |TAMS 0x000000070b800000, 0x000000070b800000| Untracked 
| 157|0x000000070b900000, 0x000000070b900000, 0x000000070ba00000|  0%| F|  |TAMS 0x000000070b900000, 0x000000070b900000| Untracked 
| 158|0x000000070ba00000, 0x000000070ba00000, 0x000000070bb00000|  0%| F|  |TAMS 0x000000070ba00000, 0x000000070ba00000| Untracked 
| 159|0x000000070bb00000, 0x000000070bb00000, 0x000000070bc00000|  0%| F|  |TAMS 0x000000070bb00000, 0x000000070bb00000| Untracked 
| 160|0x000000070bc00000, 0x000000070bc00000, 0x000000070bd00000|  0%| F|  |TAMS 0x000000070bc00000, 0x000000070bc00000| Untracked 
| 161|0x000000070bd00000, 0x000000070bd00000, 0x000000070be00000|  0%| F|  |TAMS 0x000000070bd00000, 0x000000070bd00000| Untracked 
| 162|0x000000070be00000, 0x000000070be00000, 0x000000070bf00000|  0%| F|  |TAMS 0x000000070be00000, 0x000000070be00000| Untracked 
| 163|0x000000070bf00000, 0x000000070bf00000, 0x000000070c000000|  0%| F|  |TAMS 0x000000070bf00000, 0x000000070bf00000| Untracked 
| 164|0x000000070c000000, 0x000000070c000000, 0x000000070c100000|  0%| F|  |TAMS 0x000000070c000000, 0x000000070c000000| Untracked 
| 165|0x000000070c100000, 0x000000070c100000, 0x000000070c200000|  0%| F|  |TAMS 0x000000070c100000, 0x000000070c100000| Untracked 
| 166|0x000000070c200000, 0x000000070c200000, 0x000000070c300000|  0%| F|  |TAMS 0x000000070c200000, 0x000000070c200000| Untracked 
| 167|0x000000070c300000, 0x000000070c300000, 0x000000070c400000|  0%| F|  |TAMS 0x000000070c300000, 0x000000070c300000| Untracked 
| 168|0x000000070c400000, 0x000000070c400000, 0x000000070c500000|  0%| F|  |TAMS 0x000000070c400000, 0x000000070c400000| Untracked 
| 169|0x000000070c500000, 0x000000070c500000, 0x000000070c600000|  0%| F|  |TAMS 0x000000070c500000, 0x000000070c500000| Untracked 
| 170|0x000000070c600000, 0x000000070c600000, 0x000000070c700000|  0%| F|  |TAMS 0x000000070c600000, 0x000000070c600000| Untracked 
| 171|0x000000070c700000, 0x000000070c700000, 0x000000070c800000|  0%| F|  |TAMS 0x000000070c700000, 0x000000070c700000| Untracked 
| 172|0x000000070c800000, 0x000000070c800000, 0x000000070c900000|  0%| F|  |TAMS 0x000000070c800000, 0x000000070c800000| Untracked 
| 173|0x000000070c900000, 0x000000070c900000, 0x000000070ca00000|  0%| F|  |TAMS 0x000000070c900000, 0x000000070c900000| Untracked 
| 174|0x000000070ca00000, 0x000000070ca00000, 0x000000070cb00000|  0%| F|  |TAMS 0x000000070ca00000, 0x000000070ca00000| Untracked 
| 175|0x000000070cb00000, 0x000000070cb00000, 0x000000070cc00000|  0%| F|  |TAMS 0x000000070cb00000, 0x000000070cb00000| Untracked 
| 176|0x000000070cc00000, 0x000000070cc00000, 0x000000070cd00000|  0%| F|  |TAMS 0x000000070cc00000, 0x000000070cc00000| Untracked 
| 177|0x000000070cd00000, 0x000000070cd00000, 0x000000070ce00000|  0%| F|  |TAMS 0x000000070cd00000, 0x000000070cd00000| Untracked 
| 178|0x000000070ce00000, 0x000000070ce00000, 0x000000070cf00000|  0%| F|  |TAMS 0x000000070ce00000, 0x000000070ce00000| Untracked 
| 179|0x000000070cf00000, 0x000000070cf00000, 0x000000070d000000|  0%| F|  |TAMS 0x000000070cf00000, 0x000000070cf00000| Untracked 
| 180|0x000000070d000000, 0x000000070d000000, 0x000000070d100000|  0%| F|  |TAMS 0x000000070d000000, 0x000000070d000000| Untracked 
| 181|0x000000070d100000, 0x000000070d100000, 0x000000070d200000|  0%| F|  |TAMS 0x000000070d100000, 0x000000070d100000| Untracked 
| 182|0x000000070d200000, 0x000000070d200000, 0x000000070d300000|  0%| F|  |TAMS 0x000000070d200000, 0x000000070d200000| Untracked 
| 183|0x000000070d300000, 0x000000070d300000, 0x000000070d400000|  0%| F|  |TAMS 0x000000070d300000, 0x000000070d300000| Untracked 
| 184|0x000000070d400000, 0x000000070d400000, 0x000000070d500000|  0%| F|  |TAMS 0x000000070d400000, 0x000000070d400000| Untracked 
| 185|0x000000070d500000, 0x000000070d500000, 0x000000070d600000|  0%| F|  |TAMS 0x000000070d500000, 0x000000070d500000| Untracked 
| 186|0x000000070d600000, 0x000000070d600000, 0x000000070d700000|  0%| F|  |TAMS 0x000000070d600000, 0x000000070d600000| Untracked 
| 187|0x000000070d700000, 0x000000070d700000, 0x000000070d800000|  0%| F|  |TAMS 0x000000070d700000, 0x000000070d700000| Untracked 
| 188|0x000000070d800000, 0x000000070d800000, 0x000000070d900000|  0%| F|  |TAMS 0x000000070d800000, 0x000000070d800000| Untracked 
| 189|0x000000070d900000, 0x000000070d900000, 0x000000070da00000|  0%| F|  |TAMS 0x000000070d900000, 0x000000070d900000| Untracked 
| 190|0x000000070da00000, 0x000000070da00000, 0x000000070db00000|  0%| F|  |TAMS 0x000000070da00000, 0x000000070da00000| Untracked 
| 191|0x000000070db00000, 0x000000070db00000, 0x000000070dc00000|  0%| F|  |TAMS 0x000000070db00000, 0x000000070db00000| Untracked 
| 192|0x000000070dc00000, 0x000000070dc00000, 0x000000070dd00000|  0%| F|  |TAMS 0x000000070dc00000, 0x000000070dc00000| Untracked 
| 193|0x000000070dd00000, 0x000000070dd00000, 0x000000070de00000|  0%| F|  |TAMS 0x000000070dd00000, 0x000000070dd00000| Untracked 
| 194|0x000000070de00000, 0x000000070de00000, 0x000000070df00000|  0%| F|  |TAMS 0x000000070de00000, 0x000000070de00000| Untracked 
| 195|0x000000070df00000, 0x000000070df00000, 0x000000070e000000|  0%| F|  |TAMS 0x000000070df00000, 0x000000070df00000| Untracked 
| 196|0x000000070e000000, 0x000000070e000000, 0x000000070e100000|  0%| F|  |TAMS 0x000000070e000000, 0x000000070e000000| Untracked 
| 197|0x000000070e100000, 0x000000070e100000, 0x000000070e200000|  0%| F|  |TAMS 0x000000070e100000, 0x000000070e100000| Untracked 
| 198|0x000000070e200000, 0x000000070e200000, 0x000000070e300000|  0%| F|  |TAMS 0x000000070e200000, 0x000000070e200000| Untracked 
| 199|0x000000070e300000, 0x000000070e300000, 0x000000070e400000|  0%| F|  |TAMS 0x000000070e300000, 0x000000070e300000| Untracked 
| 200|0x000000070e400000, 0x000000070e400000, 0x000000070e500000|  0%| F|  |TAMS 0x000000070e400000, 0x000000070e400000| Untracked 
| 201|0x000000070e500000, 0x000000070e500000, 0x000000070e600000|  0%| F|  |TAMS 0x000000070e500000, 0x000000070e500000| Untracked 
| 202|0x000000070e600000, 0x000000070e600000, 0x000000070e700000|  0%| F|  |TAMS 0x000000070e600000, 0x000000070e600000| Untracked 
| 203|0x000000070e700000, 0x000000070e700000, 0x000000070e800000|  0%| F|  |TAMS 0x000000070e700000, 0x000000070e700000| Untracked 
| 204|0x000000070e800000, 0x000000070e800000, 0x000000070e900000|  0%| F|  |TAMS 0x000000070e800000, 0x000000070e800000| Untracked 
| 205|0x000000070e900000, 0x000000070e900000, 0x000000070ea00000|  0%| F|  |TAMS 0x000000070e900000, 0x000000070e900000| Untracked 
| 206|0x000000070ea00000, 0x000000070ea00000, 0x000000070eb00000|  0%| F|  |TAMS 0x000000070ea00000, 0x000000070ea00000| Untracked 
| 207|0x000000070eb00000, 0x000000070eb00000, 0x000000070ec00000|  0%| F|  |TAMS 0x000000070eb00000, 0x000000070eb00000| Untracked 
| 208|0x000000070ec00000, 0x000000070ec00000, 0x000000070ed00000|  0%| F|  |TAMS 0x000000070ec00000, 0x000000070ec00000| Untracked 
| 209|0x000000070ed00000, 0x000000070ed00000, 0x000000070ee00000|  0%| F|  |TAMS 0x000000070ed00000, 0x000000070ed00000| Untracked 
| 210|0x000000070ee00000, 0x000000070ee00000, 0x000000070ef00000|  0%| F|  |TAMS 0x000000070ee00000, 0x000000070ee00000| Untracked 
| 211|0x000000070ef00000, 0x000000070ef00000, 0x000000070f000000|  0%| F|  |TAMS 0x000000070ef00000, 0x000000070ef00000| Untracked 
| 212|0x000000070f000000, 0x000000070f000000, 0x000000070f100000|  0%| F|  |TAMS 0x000000070f000000, 0x000000070f000000| Untracked 
| 213|0x000000070f100000, 0x000000070f100000, 0x000000070f200000|  0%| F|  |TAMS 0x000000070f100000, 0x000000070f100000| Untracked 
| 214|0x000000070f200000, 0x000000070f200000, 0x000000070f300000|  0%| F|  |TAMS 0x000000070f200000, 0x000000070f200000| Untracked 
| 215|0x000000070f300000, 0x000000070f300000, 0x000000070f400000|  0%| F|  |TAMS 0x000000070f300000, 0x000000070f300000| Untracked 
| 216|0x000000070f400000, 0x000000070f400000, 0x000000070f500000|  0%| F|  |TAMS 0x000000070f400000, 0x000000070f400000| Untracked 
| 217|0x000000070f500000, 0x000000070f500000, 0x000000070f600000|  0%| F|  |TAMS 0x000000070f500000, 0x000000070f500000| Untracked 
| 218|0x000000070f600000, 0x000000070f600000, 0x000000070f700000|  0%| F|  |TAMS 0x000000070f600000, 0x000000070f600000| Untracked 
| 219|0x000000070f700000, 0x000000070f700000, 0x000000070f800000|  0%| F|  |TAMS 0x000000070f700000, 0x000000070f700000| Untracked 
| 220|0x000000070f800000, 0x000000070f800000, 0x000000070f900000|  0%| F|  |TAMS 0x000000070f800000, 0x000000070f800000| Untracked 
| 221|0x000000070f900000, 0x000000070f900000, 0x000000070fa00000|  0%| F|  |TAMS 0x000000070f900000, 0x000000070f900000| Untracked 
| 222|0x000000070fa00000, 0x000000070fa00000, 0x000000070fb00000|  0%| F|  |TAMS 0x000000070fa00000, 0x000000070fa00000| Untracked 
| 223|0x000000070fb00000, 0x000000070fb00000, 0x000000070fc00000|  0%| F|  |TAMS 0x000000070fb00000, 0x000000070fb00000| Untracked 
| 224|0x000000070fc00000, 0x000000070fc00000, 0x000000070fd00000|  0%| F|  |TAMS 0x000000070fc00000, 0x000000070fc00000| Untracked 
| 225|0x000000070fd00000, 0x000000070fd00000, 0x000000070fe00000|  0%| F|  |TAMS 0x000000070fd00000, 0x000000070fd00000| Untracked 
| 226|0x000000070fe00000, 0x000000070fe00000, 0x000000070ff00000|  0%| F|  |TAMS 0x000000070fe00000, 0x000000070fe00000| Untracked 
| 227|0x000000070ff00000, 0x000000070ff00000, 0x0000000710000000|  0%| F|  |TAMS 0x000000070ff00000, 0x000000070ff00000| Untracked 
| 228|0x0000000710000000, 0x0000000710000000, 0x0000000710100000|  0%| F|  |TAMS 0x0000000710000000, 0x0000000710000000| Untracked 
| 229|0x0000000710100000, 0x0000000710100000, 0x0000000710200000|  0%| F|  |TAMS 0x0000000710100000, 0x0000000710100000| Untracked 
| 230|0x0000000710200000, 0x0000000710200000, 0x0000000710300000|  0%| F|  |TAMS 0x0000000710200000, 0x0000000710200000| Untracked 
| 231|0x0000000710300000, 0x0000000710300000, 0x0000000710400000|  0%| F|  |TAMS 0x0000000710300000, 0x0000000710300000| Untracked 
| 232|0x0000000710400000, 0x0000000710400000, 0x0000000710500000|  0%| F|  |TAMS 0x0000000710400000, 0x0000000710400000| Untracked 
| 233|0x0000000710500000, 0x0000000710500000, 0x0000000710600000|  0%| F|  |TAMS 0x0000000710500000, 0x0000000710500000| Untracked 
| 234|0x0000000710600000, 0x0000000710600000, 0x0000000710700000|  0%| F|  |TAMS 0x0000000710600000, 0x0000000710600000| Untracked 
| 235|0x0000000710700000, 0x0000000710700000, 0x0000000710800000|  0%| F|  |TAMS 0x0000000710700000, 0x0000000710700000| Untracked 
| 236|0x0000000710800000, 0x0000000710800000, 0x0000000710900000|  0%| F|  |TAMS 0x0000000710800000, 0x0000000710800000| Untracked 
| 237|0x0000000710900000, 0x0000000710900000, 0x0000000710a00000|  0%| F|  |TAMS 0x0000000710900000, 0x0000000710900000| Untracked 
| 238|0x0000000710a00000, 0x0000000710a00000, 0x0000000710b00000|  0%| F|  |TAMS 0x0000000710a00000, 0x0000000710a00000| Untracked 
| 239|0x0000000710b00000, 0x0000000710b00000, 0x0000000710c00000|  0%| F|  |TAMS 0x0000000710b00000, 0x0000000710b00000| Untracked 
| 240|0x0000000710c00000, 0x0000000710c00000, 0x0000000710d00000|  0%| F|  |TAMS 0x0000000710c00000, 0x0000000710c00000| Untracked 
| 241|0x0000000710d00000, 0x0000000710d00000, 0x0000000710e00000|  0%| F|  |TAMS 0x0000000710d00000, 0x0000000710d00000| Untracked 
| 242|0x0000000710e00000, 0x0000000710e00000, 0x0000000710f00000|  0%| F|  |TAMS 0x0000000710e00000, 0x0000000710e00000| Untracked 
| 243|0x0000000710f00000, 0x0000000710f00000, 0x0000000711000000|  0%| F|  |TAMS 0x0000000710f00000, 0x0000000710f00000| Untracked 
| 244|0x0000000711000000, 0x0000000711000000, 0x0000000711100000|  0%| F|  |TAMS 0x0000000711000000, 0x0000000711000000| Untracked 
| 245|0x0000000711100000, 0x0000000711100000, 0x0000000711200000|  0%| F|  |TAMS 0x0000000711100000, 0x0000000711100000| Untracked 
| 246|0x0000000711200000, 0x0000000711200000, 0x0000000711300000|  0%| F|  |TAMS 0x0000000711200000, 0x0000000711200000| Untracked 
| 247|0x0000000711300000, 0x0000000711300000, 0x0000000711400000|  0%| F|  |TAMS 0x0000000711300000, 0x0000000711300000| Untracked 
| 248|0x0000000711400000, 0x0000000711400000, 0x0000000711500000|  0%| F|  |TAMS 0x0000000711400000, 0x0000000711400000| Untracked 
| 249|0x0000000711500000, 0x0000000711500000, 0x0000000711600000|  0%| F|  |TAMS 0x0000000711500000, 0x0000000711500000| Untracked 
| 250|0x0000000711600000, 0x0000000711600000, 0x0000000711700000|  0%| F|  |TAMS 0x0000000711600000, 0x0000000711600000| Untracked 
| 251|0x0000000711700000, 0x00000007117f64c8, 0x0000000711800000| 96%| E|  |TAMS 0x0000000711700000, 0x0000000711700000| Complete 
| 252|0x0000000711800000, 0x0000000711900000, 0x0000000711900000|100%| E|CS|TAMS 0x0000000711800000, 0x0000000711800000| Complete 
| 253|0x0000000711900000, 0x0000000711a00000, 0x0000000711a00000|100%| E|CS|TAMS 0x0000000711900000, 0x0000000711900000| Complete 
| 254|0x0000000711a00000, 0x0000000711b00000, 0x0000000711b00000|100%| E|CS|TAMS 0x0000000711a00000, 0x0000000711a00000| Complete 
| 255|0x0000000711b00000, 0x0000000711c00000, 0x0000000711c00000|100%| E|CS|TAMS 0x0000000711b00000, 0x0000000711b00000| Complete 
|3042|0x00000007bfe00000, 0x00000007bfe44000, 0x00000007bff00000| 26%|OA|  |TAMS 0x00000007bfe00000, 0x00000007bfe00000| Untracked 
|3043|0x00000007bff00000, 0x00000007bff6a000, 0x00000007c0000000| 41%|CA|  |TAMS 0x00000007bff00000, 0x00000007bff00000| Untracked 

Card table byte_map: [0x00007f9416740000,0x00007f9416f32000] _byte_map_base: 0x00007f9412f32000

Marking Bits (Prev, Next): (CMBitMap*) 0x00007f943007d138, (CMBitMap*) 0x00007f943007d170
 Prev Bits: [0x00007f940c070000, 0x00007f9410000000)
 Next Bits: [0x00007f94080e0000, 0x00007f940c070000)

Polling page: 0x00007f9437a60000

Metaspace:

Usage:
  Non-class:      4.51 MB capacity,     1.83 MB ( 40%) used,     2.67 MB ( 59%) free+waste,    15.19 KB ( <1%) overhead. 
      Class:    589.00 KB capacity,   256.11 KB ( 43%) used,   324.45 KB ( 55%) free+waste,     8.44 KB (  1%) overhead. 
       Both:      5.09 MB capacity,     2.08 MB ( 41%) used,     2.99 MB ( 59%) free+waste,    23.62 KB ( <1%) overhead. 

Virtual space:
  Non-class space:        8.00 MB reserved,       4.75 MB ( 59%) committed 
      Class space:        1.00 GB reserved,     640.00 KB ( <1%) committed 
             Both:        1.01 GB reserved,       5.38 MB ( <1%) committed 

Chunk freelists:
   Non-Class:  0 bytes
       Class:  0 bytes
        Both:  0 bytes

MaxMetaspaceSize: unlimited
CompressedClassSpaceSize: 1.00 GB

CodeHeap 'non-profiled nmethods': size=120032Kb used=159Kb max_used=159Kb free=119872Kb
 bounds [0x00007f941fb98000, 0x00007f941fe08000, 0x00007f94270d0000]
CodeHeap 'profiled nmethods': size=120028Kb used=832Kb max_used=832Kb free=119195Kb
 bounds [0x00007f9418661000, 0x00007f94188d1000, 0x00007f941fb98000]
CodeHeap 'non-nmethods': size=5700Kb used=1125Kb max_used=1142Kb free=4574Kb
 bounds [0x00007f94180d0000, 0x00007f9418340000, 0x00007f9418661000]
 total_blobs=997 nmethods=527 adapters=272
 compilation: enabled
              stopped_count=0, restarted_count=0
 full_count=0

Compilation events (20 events):
Event: 8.615 Thread 0x00007f94301e4800  517       1       java.net.URL::getUserInfo (5 bytes)
Event: 8.615 Thread 0x00007f94301e4800 nmethod 517 0x00007f941fbbd410 code [0x00007f941fbbd5c0, 0x00007f941fbbd6f0]
Event: 8.615 Thread 0x00007f94301e4800  518       3       java.nio.Buffer::checkIndex (22 bytes)
Event: 8.615 Thread 0x00007f94301e4800 nmethod 518 0x00007f941872e910 code [0x00007f941872eae0, 0x00007f941872edc8]
Event: 8.618 Thread 0x00007f94301e2800  519       4       jdk.internal.org.objectweb.asm.Item::set (219 bytes)
Event: 8.619 Thread 0x00007f94301e4800  520       3       java.lang.invoke.MethodTypeForm::cachedLambdaForm (44 bytes)
Event: 8.619 Thread 0x00007f94301e4800 nmethod 520 0x00007f941872ef10 code [0x00007f941872f0e0, 0x00007f941872f4e8]
Event: 8.694 Thread 0x00007f94301e2800 nmethod 519 0x00007f941fbbd790 code [0x00007f941fbbd980, 0x00007f941fbbed58]
Event: 8.771 Thread 0x00007f94301e4800  521       3       java.io.ObjectInputStream$BlockDataInputStream::peekByte (20 bytes)
Event: 8.771 Thread 0x00007f94301e4800 nmethod 521 0x00007f941872f610 code [0x00007f941872f7e0, 0x00007f941872fa78]
Event: 8.772 Thread 0x00007f94301e4800  522       3       java.io.ObjectInputStream$BlockDataInputStream::peek (55 bytes)
Event: 8.772 Thread 0x00007f94301e4800 nmethod 522 0x00007f941872fb90 code [0x00007f941872fd80, 0x00007f94187300b8]
Event: 8.774 Thread 0x00007f94301e4800  523       3       java.lang.invoke.MemberName::getType (19 bytes)
Event: 8.775 Thread 0x00007f94301e4800 nmethod 523 0x00007f9418730210 code [0x00007f9418730400, 0x00007f9418730818]
Event: 8.775 Thread 0x00007f94301e4800  524       1       java.lang.invoke.InfoFromMemberName::getReferenceKind (5 bytes)
Event: 8.775 Thread 0x00007f94301e4800 nmethod 524 0x00007f941fbbf510 code [0x00007f941fbbf6c0, 0x00007f941fbbf7f0]
Event: 8.866 Thread 0x00007f94301e4800  525       3       java.io.OutputStream::flush (1 bytes)
Event: 8.866 Thread 0x00007f94301e4800 nmethod 525 0x00007f9418730990 code [0x00007f9418730b40, 0x00007f9418730cb0]
Event: 8.992 Thread 0x00007f94301e4800  526       3       java.lang.reflect.AccessibleObject::<init> (5 bytes)
Event: 8.993 Thread 0x00007f94301e4800 nmethod 526 0x00007f9418730d10 code [0x00007f9418730ec0, 0x00007f9418731090]

GC Heap History (0 events):
No events

Deoptimization events (10 events):
Event: 0.295 Thread 0x00007f9430015000 Uncommon trap: trap_request=0xffffff4d fr.pc=0x00007f941fba2104 relative=0x00000000000000e4
Event: 0.295 Thread 0x00007f9430015000 Uncommon trap: reason=unstable_if action=reinterpret pc=0x00007f941fba2104 method=java.lang.String.isLatin1()Z @ 10 c2
Event: 0.295 Thread 0x00007f9430015000 DEOPT PACKING pc=0x00007f941fba2104 sp=0x00007f9437a1f420
Event: 0.295 Thread 0x00007f9430015000 DEOPT UNPACKING pc=0x00007f94181092a5 sp=0x00007f9437a1f390 mode 2
Event: 0.296 Thread 0x00007f9430015000 Uncommon trap: trap_request=0xffffff4d fr.pc=0x00007f941fba290c relative=0x000000000000006c
Event: 0.296 Thread 0x00007f9430015000 Uncommon trap: reason=unstable_if action=reinterpret pc=0x00007f941fba290c method=java.lang.String.isLatin1()Z @ 10 c2
Event: 0.296 Thread 0x00007f9430015000 DEOPT PACKING pc=0x00007f941fba290c sp=0x00007f9437a1f3d0
Event: 0.296 Thread 0x00007f9430015000 DEOPT UNPACKING pc=0x00007f94181092a5 sp=0x00007f9437a1f390 mode 2
Event: 7.325 Thread 0x00007f94302dc800 DEOPT PACKING pc=0x00007f94186eb63c sp=0x00007f9400dff810
Event: 7.325 Thread 0x00007f94302dc800 DEOPT UNPACKING pc=0x00007f94181090ba sp=0x00007f9400dfecf0 mode 0

Classes redefined (3 events):
Event: 3.839 Thread 0x00007f94301d3800 redefined class name=REPL.$JShell$20$InfiniteList, count=1
Event: 4.484 Thread 0x00007f94301d3800 redefined class name=REPL.$JShell$20$InfiniteList, count=2
Event: 4.662 Thread 0x00007f94301d3800 redefined class name=REPL.$JShell$20$InfiniteList, count=3

Internal exceptions (6 events):
Event: 0.317 Thread 0x00007f9430015000 Exception <a 'java/lang/NoSuchMethodError'{0x0000000711a72000}: 'java.lang.Object java.lang.invoke.DirectMethodHandle$Holder.invokeStatic(java.lang.Object, java.lang.Object, java.lang.Object, java.lang.Object, java.lang.Object, java.lang.Object, java.lang
Event: 0.321 Thread 0x00007f9430015000 Exception <a 'java/lang/NoSuchMethodError'{0x0000000711a8d430}: 'java.lang.Object java.lang.invoke.DirectMethodHandle$Holder.invokeStatic(java.lang.Object, java.lang.Object, java.lang.Object, java.lang.Object, java.lang.Object, java.lang.Object, java.lang
Event: 4.457 Thread 0x00007f9430015000 Exception <a 'java/lang/VerifyError'{0x0000000711975c20}: Bad return type
Exception Details:
  Location:
    REPL/$JShell$22B$InfiniteListImpl.limit(J)LREPL/$JShell$22B$InfiniteListImpl; @13: areturn
  Reason:
    Type 'REPL/$JShell$23$EmptyList' (current
Event: 4.464 Thread 0x00007f9430015000 Exception <a 'java/lang/NoSuchMethodError'{0x000000071180fad0}: <clinit>> (0x000000071180fad0) thrown at [/build/openjdk-lts-ioLltV/openjdk-lts-11.0.5+10/src/hotspot/share/prims/jni.cpp, line 1362]
Event: 5.044 Thread 0x00007f9430015000 Exception <a 'java/lang/NoSuchMethodError'{0x000000071184ffc0}: 'java.lang.Object java.lang.invoke.DirectMethodHandle$Holder.invokeStatic(java.lang.Object, java.lang.Object, long)'> (0x000000071184ffc0) thrown at [/build/openjdk-lts-ioLltV/openjdk-lts-11.
Event: 5.046 Thread 0x00007f9430015000 Exception <a 'java/lang/NoSuchMethodError'{0x00000007118563e0}: 'java.lang.Object java.lang.invoke.Invokers$Holder.linkToTargetMethod(java.lang.Object, long, java.lang.Object)'> (0x00000007118563e0) thrown at [/build/openjdk-lts-ioLltV/openjdk-lts-11.0.5+

Events (20 events):
Event: 7.137 loading class REPL/$JShell$38
Event: 7.137 loading class REPL/$JShell$38 done
Event: 7.143 loading class REPL/$JShell$15$Lazy
Event: 7.143 loading class REPL/$JShell$15$Lazy done
Event: 7.144 loading class REPL/$JShell$22C$InfiniteListImpl
Event: 7.144 loading class REPL/$JShell$22C$InfiniteListImpl done
Event: 7.325 loading class REPL/$JShell$39
Event: 7.325 loading class REPL/$JShell$39 done
Event: 7.473 loading class REPL/$JShell$40
Event: 7.473 loading class REPL/$JShell$40 done
Event: 7.614 loading class REPL/$JShell$41
Event: 7.614 loading class REPL/$JShell$41 done
Event: 8.067 loading class REPL/$JShell$42
Event: 8.067 loading class REPL/$JShell$42 done
Event: 8.614 loading class REPL/$JShell$43
Event: 8.614 loading class REPL/$JShell$43 done
Event: 8.772 loading class REPL/$JShell$44
Event: 8.772 loading class REPL/$JShell$44 done
Event: 8.989 loading class REPL/$JShell$45
Event: 8.989 loading class REPL/$JShell$45 done


Dynamic libraries:
701c00000-711c00000 rw-p 00000000 00:00 0
711c00000-7bfe00000 ---p 00000000 00:00 0
7bfe00000-7bfe44000 rw-p 01104000 00:00 181837                   /usr/lib/jvm/java-11-openjdk-amd64/lib/server/classes.jsa
7bfe44000-7bff00000 rw-p 00000000 00:00 0
7bff00000-7bff6a000 rw-p 0109a000 00:00 181837                   /usr/lib/jvm/java-11-openjdk-amd64/lib/server/classes.jsa
7bff6a000-7c0000000 rw-p 00000000 00:00 0
7c0000000-800000000 ---p 00000000 00:00 0
800000000-800002000 rwxp 00001000 00:00 181837                   /usr/lib/jvm/java-11-openjdk-amd64/lib/server/classes.jsa
800002000-8003b8000 rw-p 00003000 00:00 181837                   /usr/lib/jvm/java-11-openjdk-amd64/lib/server/classes.jsa
8003b8000-800a8c000 rw-p 003b9000 00:00 181837                   /usr/lib/jvm/java-11-openjdk-amd64/lib/server/classes.jsa
800a8c000-800a8d000 rw-p 00a8d000 00:00 181837                   /usr/lib/jvm/java-11-openjdk-amd64/lib/server/classes.jsa
800a8d000-801099000 rw-p 00a8e000 00:00 181837                   /usr/lib/jvm/java-11-openjdk-amd64/lib/server/classes.jsa
840000000-8400a0000 rw-p 00000000 00:00 0
8400a0000-880000000 ---p 00000000 00:00 0
7f93b8000000-7f93b8021000 rw-p 00000000 00:00 0
7f93b8021000-7f93bc000000 ---p 00000000 00:00 0
7f93bc000000-7f93bc021000 rw-p 00000000 00:00 0
7f93bc021000-7f93c0000000 ---p 00000000 00:00 0
7f93c0000000-7f93c0021000 rw-p 00000000 00:00 0
7f93c0021000-7f93c4000000 ---p 00000000 00:00 0
7f93c4000000-7f93c4021000 rw-p 00000000 00:00 0
7f93c4021000-7f93c8000000 ---p 00000000 00:00 0
7f93c8000000-7f93c8021000 rw-p 00000000 00:00 0
7f93c8021000-7f93cc000000 ---p 00000000 00:00 0
7f93cc000000-7f93cc021000 rw-p 00000000 00:00 0
7f93cc021000-7f93d0000000 ---p 00000000 00:00 0
7f93d0000000-7f93d0021000 rw-p 00000000 00:00 0
7f93d0021000-7f93d4000000 ---p 00000000 00:00 0
7f93d4000000-7f93d4021000 rw-p 00000000 00:00 0
7f93d4021000-7f93d8000000 ---p 00000000 00:00 0
7f93d8000000-7f93d8215000 rw-p 00000000 00:00 0
7f93d8215000-7f93dc000000 ---p 00000000 00:00 0
7f93dc000000-7f93dc021000 rw-p 00000000 00:00 0
7f93dc021000-7f93e0000000 ---p 00000000 00:00 0
7f93e0000000-7f93e0021000 rw-p 00000000 00:00 0
7f93e0021000-7f93e4000000 ---p 00000000 00:00 0
7f93e4000000-7f93e4325000 rw-p 00000000 00:00 0
7f93e4325000-7f93e8000000 ---p 00000000 00:00 0
7f93e8000000-7f93e8021000 rw-p 00000000 00:00 0
7f93e8021000-7f93ec000000 ---p 00000000 00:00 0
7f93ec000000-7f93ec021000 rw-p 00000000 00:00 0
7f93ec021000-7f93f0000000 ---p 00000000 00:00 0
7f93f0000000-7f93f0021000 rw-p 00000000 00:00 0
7f93f0021000-7f93f4000000 ---p 00000000 00:00 0
7f93f4000000-7f93f4021000 rw-p 00000000 00:00 0
7f93f4021000-7f93f8000000 ---p 00000000 00:00 0
7f93f8000000-7f93f8021000 rw-p 00000000 00:00 0
7f93f8021000-7f93fc000000 ---p 00000000 00:00 0
7f93fc000000-7f93fc021000 rw-p 00000000 00:00 0
7f93fc021000-7f9400000000 ---p 00000000 00:00 0
7f9400bf0000-7f9400bf4000 ---p 00000000 00:00 0
7f9400bf4000-7f9400cf1000 rw-p 00000000 00:00 0
7f9400d00000-7f9400d04000 ---p 00000000 00:00 0
7f9400d04000-7f9400e01000 rw-p 00000000 00:00 0
7f9400e10000-7f9400e12000 r-xp 00000000 00:00 138092             /usr/lib/jvm/java-11-openjdk-amd64/lib/libextnet.so
7f9400e12000-7f9400e13000 ---p 00002000 00:00 138092             /usr/lib/jvm/java-11-openjdk-amd64/lib/libextnet.so
7f9400e13000-7f9401011000 ---p 00000003 00:00 138092             /usr/lib/jvm/java-11-openjdk-amd64/lib/libextnet.so
7f9401011000-7f9401012000 r--p 00001000 00:00 138092             /usr/lib/jvm/java-11-openjdk-amd64/lib/libextnet.so
7f9401012000-7f9401013000 rw-p 00002000 00:00 138092             /usr/lib/jvm/java-11-openjdk-amd64/lib/libextnet.so
7f9401020000-7f9401024000 ---p 00000000 00:00 0
7f9401024000-7f9401121000 rw-p 00000000 00:00 0
7f9401130000-7f9401146000 r-xp 00000000 00:00 139242             /usr/lib/jvm/java-11-openjdk-amd64/lib/libnet.so
7f9401146000-7f9401147000 ---p 00016000 00:00 139242             /usr/lib/jvm/java-11-openjdk-amd64/lib/libnet.so
7f9401147000-7f9401345000 ---p 00000017 00:00 139242             /usr/lib/jvm/java-11-openjdk-amd64/lib/libnet.so
7f9401345000-7f9401346000 r--p 00015000 00:00 139242             /usr/lib/jvm/java-11-openjdk-amd64/lib/libnet.so
7f9401346000-7f9401347000 rw-p 00016000 00:00 139242             /usr/lib/jvm/java-11-openjdk-amd64/lib/libnet.so
7f9401350000-7f9401360000 r-xp 00000000 00:00 139247             /usr/lib/jvm/java-11-openjdk-amd64/lib/libnio.so
7f9401360000-7f9401361000 ---p 00010000 00:00 139247             /usr/lib/jvm/java-11-openjdk-amd64/lib/libnio.so
7f9401361000-7f940155f000 ---p 00000011 00:00 139247             /usr/lib/jvm/java-11-openjdk-amd64/lib/libnio.so
7f940155f000-7f9401560000 r--p 0000f000 00:00 139247             /usr/lib/jvm/java-11-openjdk-amd64/lib/libnio.so
7f9401560000-7f9401561000 rw-p 00010000 00:00 139247             /usr/lib/jvm/java-11-openjdk-amd64/lib/libnio.so
7f9401570000-7f9401571000 ---p 00000000 00:00 0
7f9401571000-7f9401672000 rw-p 00000000 00:00 0
7f9401680000-7f9401684000 ---p 00000000 00:00 0
7f9401684000-7f9401781000 rw-p 00000000 00:00 0
7f9401790000-7f9401794000 ---p 00000000 00:00 0
7f9401794000-7f9401891000 rw-p 00000000 00:00 0
7f94018a0000-7f94018a4000 ---p 00000000 00:00 0
7f94018a4000-7f94019a1000 rw-p 00000000 00:00 0
7f94019b0000-7f94019b4000 ---p 00000000 00:00 0
7f94019b4000-7f9401ab1000 rw-p 00000000 00:00 0
7f9401ac0000-7f9401ac4000 r-xp 00000000 00:00 137958             /usr/lib/jvm/java-11-openjdk-amd64/lib/libdt_socket.so
7f9401ac4000-7f9401ac6000 ---p 00004000 00:00 137958             /usr/lib/jvm/java-11-openjdk-amd64/lib/libdt_socket.so
7f9401ac6000-7f9401cc4000 ---p 00000006 00:00 137958             /usr/lib/jvm/java-11-openjdk-amd64/lib/libdt_socket.so
7f9401cc4000-7f9401cc5000 r--p 00004000 00:00 137958             /usr/lib/jvm/java-11-openjdk-amd64/lib/libdt_socket.so
7f9401cc5000-7f9401cc6000 rw-p 00005000 00:00 137958             /usr/lib/jvm/java-11-openjdk-amd64/lib/libdt_socket.so
7f9401cd0000-7f9401cd4000 ---p 00000000 00:00 0
7f9401cd4000-7f9401dd1000 rw-p 00000000 00:00 0
7f9401de0000-7f9401de4000 ---p 00000000 00:00 0
7f9401de4000-7f9401ee1000 rw-p 00000000 00:00 0
7f9401ef0000-7f9401ef4000 ---p 00000000 00:00 0
7f9401ef4000-7f9401ff1000 rw-p 00000000 00:00 0
7f9402000000-7f9404021000 rw-p 00000000 00:00 0
7f9404021000-7f9408000000 ---p 00000000 00:00 0
7f94080e0000-7f94084e0000 rw-p 00000000 00:00 0
7f94084e0000-7f940b068000 ---p 00000000 00:00 0
7f940b068000-7f940b070000 rw-p 00000000 00:00 0
7f940b070000-7f940c070000 ---p 00000000 00:00 0
7f940c070000-7f940c470000 rw-p 00000000 00:00 0
7f940c470000-7f940eff8000 ---p 00000000 00:00 0
7f940eff8000-7f940f000000 rw-p 00000000 00:00 0
7f940f000000-7f9410000000 ---p 00000000 00:00 0
7f9410000000-7f9410021000 rw-p 00000000 00:00 0
7f9410021000-7f9414000000 ---p 00000000 00:00 0
7f94140a0000-7f94140d1000 rw-p 00000000 00:00 0
7f94140e0000-7f94140e4000 ---p 00000000 00:00 0
7f94140e4000-7f94141e1000 rw-p 00000000 00:00 0
7f94141e1000-7f9414212000 r--p 00000000 00:00 620223             /usr/lib/locale/C.UTF-8/LC_CTYPE
7f9414212000-7f9414385000 r--p 00000000 00:00 620215             /usr/lib/locale/C.UTF-8/LC_COLLATE
7f9414385000-7f9414520000 r--p 00000000 00:00 620296             /usr/lib/locale/locale-archive
7f9414520000-7f9414524000 ---p 00000000 00:00 0
7f9414524000-7f9414621000 rw-p 00000000 00:00 0
7f9414630000-7f9414634000 ---p 00000000 00:00 0
7f9414634000-7f9414731000 rw-p 00000000 00:00 0
7f9414740000-7f9414741000 ---p 00000000 00:00 0
7f9414741000-7f9414842000 rw-p 00000000 00:00 0
7f9414850000-7f94148d1000 rw-p 00000000 00:00 0
7f94148e0000-7f941493b000 rw-p 00000000 00:00 0
7f9414940000-7f9414968000 rw-p 00000000 00:00 0
7f9414970000-7f9414e30000 rw-p 00000000 00:00 0
7f9414e30000-7f9415171000 ---p 00000000 00:00 0
7f9415171000-7f9415272000 rw-p 00000000 00:00 0
7f9415280000-7f9415281000 ---p 00000000 00:00 0
7f9415281000-7f9415382000 rw-p 00000000 00:00 0
7f9415390000-7f9415491000 rw-p 00000000 00:00 0
7f94154a0000-7f94155a1000 rw-p 00000000 00:00 0
7f94155b0000-7f94156b1000 rw-p 00000000 00:00 0
7f94156c0000-7f94157c1000 rw-p 00000000 00:00 0
7f94157d0000-7f94158d1000 rw-p 00000000 00:00 0
7f94158e0000-7f94159e1000 rw-p 00000000 00:00 0
7f94159f0000-7f9415af1000 rw-p 00000000 00:00 0
7f9415b00000-7f9415c01000 rw-p 00000000 00:00 0
7f9415c10000-7f9415c11000 ---p 00000000 00:00 0
7f9415c11000-7f9415d12000 rw-p 00000000 00:00 0
7f9415d20000-7f9415d21000 ---p 00000000 00:00 0
7f9415d21000-7f9415e22000 rw-p 00000000 00:00 0
7f9415e30000-7f9415f37000 rw-p 00000000 00:00 0
7f9415f40000-7f9415fc0000 rw-p 00000000 00:00 0
7f9415fc0000-7f9416531000 ---p 00000000 00:00 0
7f9416531000-7f9416532000 rw-p 00000000 00:00 0
7f9416532000-7f9416732000 ---p 00000000 00:00 0
7f9416740000-7f94167c0000 rw-p 00000000 00:00 0
7f94167c0000-7f9416d31000 ---p 00000000 00:00 0
7f9416d31000-7f9416d32000 rw-p 00000000 00:00 0
7f9416d32000-7f9416f32000 ---p 00000000 00:00 0
7f9416f40000-7f9416fc0000 rw-p 00000000 00:00 0
7f9416fc0000-7f9417531000 ---p 00000000 00:00 0
7f9417531000-7f9417532000 rw-p 00000000 00:00 0
7f9417532000-7f9417732000 ---p 00000000 00:00 0
7f9417740000-7f9417841000 rw-p 00000000 00:00 0
7f9417850000-7f9417951000 rw-p 00000000 00:00 0
7f9417960000-7f9417a61000 rw-p 00000000 00:00 0
7f9417a70000-7f9417b71000 rw-p 00000000 00:00 0
7f9417b80000-7f9417c81000 rw-p 00000000 00:00 0
7f9417c90000-7f9417d91000 rw-p 00000000 00:00 0
7f9417da0000-7f9417ea1000 rw-p 00000000 00:00 0
7f9417eb0000-7f9417fb1000 rw-p 00000000 00:00 0
7f9417fc0000-7f9417fc1000 ---p 00000000 00:00 0
7f9417fc1000-7f94180c2000 rw-p 00000000 00:00 0
7f94180d0000-7f9418340000 rwxp 00000000 00:00 0
7f9418340000-7f9418661000 ---p 00000000 00:00 0
7f9418661000-7f94188d1000 rwxp 00000000 00:00 0
7f94188d1000-7f941fb98000 ---p 00000000 00:00 0
7f941fb98000-7f941fe08000 rwxp 00000000 00:00 0
7f941fe08000-7f94270d0000 ---p 00000000 00:00 0
7f94270de000-7f942f7a0000 r--s 00000000 00:00 141554             /usr/lib/jvm/java-11-openjdk-amd64/lib/modules
7f942f7a0000-7f942f7a5000 r-xp 00000000 00:00 138887             /usr/lib/jvm/java-11-openjdk-amd64/lib/libjimage.so
7f942f7a5000-7f942f7a6000 ---p 00005000 00:00 138887             /usr/lib/jvm/java-11-openjdk-amd64/lib/libjimage.so
7f942f7a6000-7f942f9a4000 ---p 00000006 00:00 138887             /usr/lib/jvm/java-11-openjdk-amd64/lib/libjimage.so
7f942f9a4000-7f942f9a5000 r--p 00004000 00:00 138887             /usr/lib/jvm/java-11-openjdk-amd64/lib/libjimage.so
7f942f9a5000-7f942f9a6000 rw-p 00005000 00:00 138887             /usr/lib/jvm/java-11-openjdk-amd64/lib/libjimage.so
7f942f9b0000-7f942f9b7000 r-xp 00000000 00:00 140971             /usr/lib/jvm/java-11-openjdk-amd64/lib/libzip.so
7f942f9b7000-7f942f9b8000 ---p 00007000 00:00 140971             /usr/lib/jvm/java-11-openjdk-amd64/lib/libzip.so
7f942f9b8000-7f942fbb6000 ---p 00000008 00:00 140971             /usr/lib/jvm/java-11-openjdk-amd64/lib/libzip.so
7f942fbb6000-7f942fbb7000 r--p 00006000 00:00 140971             /usr/lib/jvm/java-11-openjdk-amd64/lib/libzip.so
7f942fbb7000-7f942fbb8000 rw-p 00007000 00:00 140971             /usr/lib/jvm/java-11-openjdk-amd64/lib/libzip.so
7f942fbc0000-7f942fbcb000 r-xp 00000000 00:00 487271             /lib/x86_64-linux-gnu/libnss_files-2.27.so
7f942fbcb000-7f942fbcc000 ---p 0000b000 00:00 487271             /lib/x86_64-linux-gnu/libnss_files-2.27.so
7f942fbcc000-7f942fdca000 ---p 0000000c 00:00 487271             /lib/x86_64-linux-gnu/libnss_files-2.27.so
7f942fdca000-7f942fdcb000 r--p 0000a000 00:00 487271             /lib/x86_64-linux-gnu/libnss_files-2.27.so
7f942fdcb000-7f942fdcc000 rw-p 0000b000 00:00 487271             /lib/x86_64-linux-gnu/libnss_files-2.27.so
7f942fdcc000-7f942fdd2000 rw-p 00000000 00:00 0
7f942fde0000-7f942fdf7000 r-xp 00000000 00:00 487265             /lib/x86_64-linux-gnu/libnsl-2.27.so
7f942fdf7000-7f942fdf8000 ---p 00017000 00:00 487265             /lib/x86_64-linux-gnu/libnsl-2.27.so
7f942fdf8000-7f942fff6000 ---p 00000018 00:00 487265             /lib/x86_64-linux-gnu/libnsl-2.27.so
7f942fff6000-7f942fff7000 r--p 00016000 00:00 487265             /lib/x86_64-linux-gnu/libnsl-2.27.so
7f942fff7000-7f942fff8000 rw-p 00017000 00:00 487265             /lib/x86_64-linux-gnu/libnsl-2.27.so
7f942fff8000-7f942fffa000 rw-p 00000000 00:00 0
7f9430000000-7f9430304000 rw-p 00000000 00:00 0
7f9430304000-7f9434000000 ---p 00000000 00:00 0
7f9434010000-7f9434031000 rw-p 00000000 00:00 0
7f9434040000-7f9434061000 rw-p 00000000 00:00 0
7f9434070000-7f9434075000 rw-p 00000000 00:00 0
7f9434075000-7f943415b000 ---p 00000000 00:00 0
7f9434160000-7f943416b000 r-xp 00000000 00:00 487276             /lib/x86_64-linux-gnu/libnss_nis-2.27.so
7f943416b000-7f943416c000 ---p 0000b000 00:00 487276             /lib/x86_64-linux-gnu/libnss_nis-2.27.so
7f943416c000-7f943436a000 ---p 0000000c 00:00 487276             /lib/x86_64-linux-gnu/libnss_nis-2.27.so
7f943436a000-7f943436b000 r--p 0000a000 00:00 487276             /lib/x86_64-linux-gnu/libnss_nis-2.27.so
7f943436b000-7f943436c000 rw-p 0000b000 00:00 487276             /lib/x86_64-linux-gnu/libnss_nis-2.27.so
7f9434370000-7f9434378000 r-xp 00000000 00:00 487267             /lib/x86_64-linux-gnu/libnss_compat-2.27.so
7f9434378000-7f943437a000 ---p 00008000 00:00 487267             /lib/x86_64-linux-gnu/libnss_compat-2.27.so
7f943437a000-7f9434578000 ---p 0000000a 00:00 487267             /lib/x86_64-linux-gnu/libnss_compat-2.27.so
7f9434578000-7f9434579000 r--p 00008000 00:00 487267             /lib/x86_64-linux-gnu/libnss_compat-2.27.so
7f9434579000-7f943457a000 rw-p 00009000 00:00 487267             /lib/x86_64-linux-gnu/libnss_compat-2.27.so
7f9434580000-7f94345bb000 r-xp 00000000 00:00 138617             /usr/lib/jvm/java-11-openjdk-amd64/lib/libjdwp.so
7f94345bb000-7f94345bc000 ---p 0003b000 00:00 138617             /usr/lib/jvm/java-11-openjdk-amd64/lib/libjdwp.so
7f94345bc000-7f94347ba000 ---p 0000003c 00:00 138617             /usr/lib/jvm/java-11-openjdk-amd64/lib/libjdwp.so
7f94347ba000-7f94347bb000 r--p 0003a000 00:00 138617             /usr/lib/jvm/java-11-openjdk-amd64/lib/libjdwp.so
7f94347bb000-7f94347bc000 rw-p 0003b000 00:00 138617             /usr/lib/jvm/java-11-openjdk-amd64/lib/libjdwp.so
7f94347c0000-7f94347e9000 r-xp 00000000 00:00 138269             /usr/lib/jvm/java-11-openjdk-amd64/lib/libjava.so
7f94347e9000-7f94347eb000 ---p 00029000 00:00 138269             /usr/lib/jvm/java-11-openjdk-amd64/lib/libjava.so
7f94347eb000-7f94349e8000 ---p 0000002b 00:00 138269             /usr/lib/jvm/java-11-openjdk-amd64/lib/libjava.so
7f94349e8000-7f94349e9000 r--p 00028000 00:00 138269             /usr/lib/jvm/java-11-openjdk-amd64/lib/libjava.so
7f94349e9000-7f94349eb000 rw-p 00029000 00:00 138269             /usr/lib/jvm/java-11-openjdk-amd64/lib/libjava.so
7f94349f0000-7f94349fd000 r-xp 00000000 00:00 140960             /usr/lib/jvm/java-11-openjdk-amd64/lib/libverify.so
7f94349fd000-7f94349ff000 ---p 0000d000 00:00 140960             /usr/lib/jvm/java-11-openjdk-amd64/lib/libverify.so
7f94349ff000-7f9434bfc000 ---p 0000000f 00:00 140960             /usr/lib/jvm/java-11-openjdk-amd64/lib/libverify.so
7f9434bfc000-7f9434bfe000 r--p 0000c000 00:00 140960             /usr/lib/jvm/java-11-openjdk-amd64/lib/libverify.so
7f9434bfe000-7f9434bff000 rw-p 0000e000 00:00 140960             /usr/lib/jvm/java-11-openjdk-amd64/lib/libverify.so
7f9434c00000-7f9434c07000 r-xp 00000000 00:00 487328             /lib/x86_64-linux-gnu/librt-2.27.so
7f9434c07000-7f9434c08000 ---p 00007000 00:00 487328             /lib/x86_64-linux-gnu/librt-2.27.so
7f9434c08000-7f9434e06000 ---p 00000008 00:00 487328             /lib/x86_64-linux-gnu/librt-2.27.so
7f9434e06000-7f9434e07000 r--p 00006000 00:00 487328             /lib/x86_64-linux-gnu/librt-2.27.so
7f9434e07000-7f9434e08000 rw-p 00007000 00:00 487328             /lib/x86_64-linux-gnu/librt-2.27.so
7f9434e10000-7f9434e27000 r-xp 00000000 00:00 487212             /lib/x86_64-linux-gnu/libgcc_s.so.1
7f9434e27000-7f9434e28000 ---p 00017000 00:00 487212             /lib/x86_64-linux-gnu/libgcc_s.so.1
7f9434e28000-7f9435026000 ---p 00000018 00:00 487212             /lib/x86_64-linux-gnu/libgcc_s.so.1
7f9435026000-7f9435027000 r--p 00016000 00:00 487212             /lib/x86_64-linux-gnu/libgcc_s.so.1
7f9435027000-7f9435028000 rw-p 00017000 00:00 487212             /lib/x86_64-linux-gnu/libgcc_s.so.1
7f9435030000-7f94351cd000 r-xp 00000000 00:00 487240             /lib/x86_64-linux-gnu/libm-2.27.so
7f94351cd000-7f94351d0000 ---p 0019d000 00:00 487240             /lib/x86_64-linux-gnu/libm-2.27.so
7f94351d0000-7f94353cc000 ---p 000001a0 00:00 487240             /lib/x86_64-linux-gnu/libm-2.27.so
7f94353cc000-7f94353cd000 r--p 0019c000 00:00 487240             /lib/x86_64-linux-gnu/libm-2.27.so
7f94353cd000-7f94353ce000 rw-p 0019d000 00:00 487240             /lib/x86_64-linux-gnu/libm-2.27.so
7f94353d0000-7f9435549000 r-xp 00000000 00:00 682071             /usr/lib/x86_64-linux-gnu/libstdc++.so.6.0.25
7f9435549000-7f9435556000 ---p 00179000 00:00 682071             /usr/lib/x86_64-linux-gnu/libstdc++.so.6.0.25
7f9435556000-7f9435749000 ---p 00000186 00:00 682071             /usr/lib/x86_64-linux-gnu/libstdc++.so.6.0.25
7f9435749000-7f9435753000 r--p 00179000 00:00 682071             /usr/lib/x86_64-linux-gnu/libstdc++.so.6.0.25
7f9435753000-7f9435755000 rw-p 00183000 00:00 682071             /usr/lib/x86_64-linux-gnu/libstdc++.so.6.0.25
7f9435755000-7f9435759000 rw-p 00000000 00:00 0
7f9435760000-7f9436834000 r-xp 00000000 00:00 142530             /usr/lib/jvm/java-11-openjdk-amd64/lib/server/libjvm.so
7f9436834000-7f943692b000 ---p 010d4000 00:00 142530             /usr/lib/jvm/java-11-openjdk-amd64/lib/server/libjvm.so
7f943692b000-7f9436a34000 ---p 000011cb 00:00 142530             /usr/lib/jvm/java-11-openjdk-amd64/lib/server/libjvm.so
7f9436a34000-7f9436af1000 r--p 010d4000 00:00 142530             /usr/lib/jvm/java-11-openjdk-amd64/lib/server/libjvm.so
7f9436af1000-7f9436b2a000 rw-p 01191000 00:00 142530             /usr/lib/jvm/java-11-openjdk-amd64/lib/server/libjvm.so
7f9436b2a000-7f9436b81000 rw-p 00000000 00:00 0
7f9436b90000-7f9436baa000 r-xp 00000000 00:00 487320             /lib/x86_64-linux-gnu/libpthread-2.27.so
7f9436baa000-7f9436bb4000 ---p 0001a000 00:00 487320             /lib/x86_64-linux-gnu/libpthread-2.27.so
7f9436bb4000-7f9436da9000 ---p 00000024 00:00 487320             /lib/x86_64-linux-gnu/libpthread-2.27.so
7f9436da9000-7f9436daa000 r--p 00019000 00:00 487320             /lib/x86_64-linux-gnu/libpthread-2.27.so
7f9436daa000-7f9436dab000 rw-p 0001a000 00:00 487320             /lib/x86_64-linux-gnu/libpthread-2.27.so
7f9436dab000-7f9436daf000 rw-p 00000000 00:00 0
7f9436db0000-7f9436db3000 r-xp 00000000 00:00 487187             /lib/x86_64-linux-gnu/libdl-2.27.so
7f9436db3000-7f9436db4000 ---p 00003000 00:00 487187             /lib/x86_64-linux-gnu/libdl-2.27.so
7f9436db4000-7f9436fb2000 ---p 00000004 00:00 487187             /lib/x86_64-linux-gnu/libdl-2.27.so
7f9436fb2000-7f9436fb3000 r--p 00002000 00:00 487187             /lib/x86_64-linux-gnu/libdl-2.27.so
7f9436fb3000-7f9436fb4000 rw-p 00003000 00:00 487187             /lib/x86_64-linux-gnu/libdl-2.27.so
7f9436fc0000-7f9436fdc000 r-xp 00000000 00:00 487370             /lib/x86_64-linux-gnu/libz.so.1.2.11
7f9436fdc000-7f9436fdd000 ---p 0001c000 00:00 487370             /lib/x86_64-linux-gnu/libz.so.1.2.11
7f9436fdd000-7f94371db000 ---p 0000001d 00:00 487370             /lib/x86_64-linux-gnu/libz.so.1.2.11
7f94371db000-7f94371dc000 r--p 0001b000 00:00 487370             /lib/x86_64-linux-gnu/libz.so.1.2.11
7f94371dc000-7f94371dd000 rw-p 0001c000 00:00 487370             /lib/x86_64-linux-gnu/libz.so.1.2.11
7f94371e0000-7f94373c7000 r-xp 00000000 00:00 487157             /lib/x86_64-linux-gnu/libc-2.27.so
7f94373c7000-7f94373d0000 ---p 001e7000 00:00 487157             /lib/x86_64-linux-gnu/libc-2.27.so
7f94373d0000-7f94375c7000 ---p 000001f0 00:00 487157             /lib/x86_64-linux-gnu/libc-2.27.so
7f94375c7000-7f94375cb000 r--p 001e7000 00:00 487157             /lib/x86_64-linux-gnu/libc-2.27.so
7f94375cb000-7f94375cd000 rw-p 001eb000 00:00 487157             /lib/x86_64-linux-gnu/libc-2.27.so
7f94375cd000-7f94375d1000 rw-p 00000000 00:00 0
7f94375e0000-7f94375f0000 r-xp 00000000 00:00 137834             /usr/lib/jvm/java-11-openjdk-amd64/lib/jli/libjli.so
7f94375f0000-7f94375f1000 ---p 00010000 00:00 137834             /usr/lib/jvm/java-11-openjdk-amd64/lib/jli/libjli.so
7f94375f1000-7f94377ef000 ---p 00000011 00:00 137834             /usr/lib/jvm/java-11-openjdk-amd64/lib/jli/libjli.so
7f94377ef000-7f94377f0000 r--p 0000f000 00:00 137834             /usr/lib/jvm/java-11-openjdk-amd64/lib/jli/libjli.so
7f94377f0000-7f94377f1000 rw-p 00010000 00:00 137834             /usr/lib/jvm/java-11-openjdk-amd64/lib/jli/libjli.so
7f9437800000-7f9437826000 r-xp 00000000 00:00 487133             /lib/x86_64-linux-gnu/ld-2.27.so
7f9437826000-7f9437827000 r-xp 00026000 00:00 487133             /lib/x86_64-linux-gnu/ld-2.27.so
7f9437830000-7f9437835000 rw-p 00000000 00:00 0
7f9437835000-7f943791b000 ---p 00000000 00:00 0
7f9437920000-7f9437924000 ---p 00000000 00:00 0
7f9437924000-7f9437a21000 rw-p 00000000 00:00 0
7f9437a27000-7f9437a28000 r--p 00027000 00:00 487133             /lib/x86_64-linux-gnu/ld-2.27.so
7f9437a28000-7f9437a29000 rw-p 00028000 00:00 487133             /lib/x86_64-linux-gnu/ld-2.27.so
7f9437a29000-7f9437a2a000 rw-p 00000000 00:00 0
7f9437a50000-7f9437a55000 rw-p 00000000 00:00 0
7f9437a55000-7f9437a5c000 ---p 00000000 00:00 0
7f9437a60000-7f9437a61000 ---p 00000000 00:00 0
7f9437a61000-7f9437a62000 r--p 00000000 00:00 0
7f9437a6d000-7f9437a6e000 r--p 00000000 00:00 620278             /usr/lib/locale/C.UTF-8/LC_NUMERIC
7f9437a6e000-7f9437a6f000 r--p 00000000 00:00 620293             /usr/lib/locale/C.UTF-8/LC_TIME
7f9437a6f000-7f9437a70000 r--p 00000000 00:00 620258             /usr/lib/locale/C.UTF-8/LC_MONETARY
7f9437a70000-7f9437a72000 rw-p 00000000 00:00 0
7f9437a72000-7f9437a73000 r--p 00000000 00:00 620254             /usr/lib/locale/C.UTF-8/LC_MESSAGES/SYS_LC_MESSAGES
7f9437a73000-7f9437a74000 r--p 00000000 00:00 620279             /usr/lib/locale/C.UTF-8/LC_PAPER
7f9437a74000-7f9437a75000 r--p 00000000 00:00 620267             /usr/lib/locale/C.UTF-8/LC_NAME
7f9437a75000-7f9437a76000 r--p 00000000 00:00 620210             /usr/lib/locale/C.UTF-8/LC_ADDRESS
7f9437a76000-7f9437a77000 r--p 00000000 00:00 620281             /usr/lib/locale/C.UTF-8/LC_TELEPHONE
7f9437a77000-7f9437a78000 r--p 00000000 00:00 620242             /usr/lib/locale/C.UTF-8/LC_MEASUREMENT
7f9437a78000-7f9437a7f000 r--s 00000000 00:00 681823             /usr/lib/x86_64-linux-gnu/gconv/gconv-modules.cache
7f9437a7f000-7f9437a80000 r--p 00000000 00:00 620231             /usr/lib/locale/C.UTF-8/LC_IDENTIFICATION
7f9437a80000-7f9437a82000 rw-p 00000000 00:00 0
7f9437a82000-7f9437a8a000 rw-s 00000000 00:00 216707             /tmp/hsperfdata_ashleyljh/714
7f9437c00000-7f9437c01000 r-xp 00000000 00:00 136991             /usr/lib/jvm/java-11-openjdk-amd64/bin/java
7f9437e01000-7f9437e02000 r--p 00001000 00:00 136991             /usr/lib/jvm/java-11-openjdk-amd64/bin/java
7f9437e02000-7f9437e03000 rw-p 00002000 00:00 136991             /usr/lib/jvm/java-11-openjdk-amd64/bin/java
7fffc3df1000-7fffc3e12000 rw-p 00000000 00:00 0                  [heap]
7fffca94b000-7fffcb14b000 rw-p 00000000 00:00 0                  [stack]
7fffcb537000-7fffcb538000 r-xp 00000000 00:00 0                  [vdso]


VM Arguments:
jvm_args: -agentlib:jdwp=transport=dt_socket,address=localhost:50023 
java_command: jdk.jshell.execution.RemoteExecutionControl 50022
java_class_path (initial): .
Launcher Type: SUN_STANDARD

[Global flags]
     intx CICompilerCount                          = 4                                         {product} {ergonomic}
     uint ConcGCThreads                            = 2                                         {product} {ergonomic}
     uint G1ConcRefinementThreads                  = 8                                         {product} {ergonomic}
   size_t G1HeapRegionSize                         = 1048576                                   {product} {ergonomic}
    uintx GCDrainStackTargetSize                   = 64                                        {product} {ergonomic}
   size_t InitialHeapSize                          = 268435456                                 {product} {ergonomic}
   size_t MarkStackSize                            = 4194304                                   {product} {ergonomic}
   size_t MaxHeapSize                              = 4265607168                                {product} {ergonomic}
   size_t MaxNewSize                               = 2558525440                                {product} {ergonomic}
   size_t MinHeapDeltaBytes                        = 1048576                                   {product} {ergonomic}
    uintx NonNMethodCodeHeapSize                   = 5836300                                {pd product} {ergonomic}
    uintx NonProfiledCodeHeapSize                  = 122910970                              {pd product} {ergonomic}
    uintx ProfiledCodeHeapSize                     = 122910970                              {pd product} {ergonomic}
    uintx ReservedCodeCacheSize                    = 251658240                              {pd product} {ergonomic}
     bool SegmentedCodeCache                       = true                                      {product} {ergonomic}
     bool UseCompressedClassPointers               = true                                 {lp64_product} {ergonomic}
     bool UseCompressedOops                        = true                                 {lp64_product} {ergonomic}
     bool UseG1GC                                  = true                                      {product} {ergonomic}

Logging:
Log output configuration:
 #0: stdout all=warning uptime,level,tags
 #1: stderr all=off uptime,level,tags

Environment Variables:
PATH=/usr/local/sbin:/usr/local/bin:/usr/sbin:/usr/bin:/sbin:/bin:/usr/games:/usr/local/games:/mnt/c/Program Files/WindowsApps/CanonicalGroupLimited.UbuntuonWindows_1804.2020.5.0_x64__79rhkp1fndgsc:/mnt/c/Program Files (x86)/Common Files/Oracle/Java/javapath:/mnt/c/Windows/System32:/mnt/c/Windows:/mnt/c/Windows/System32/wbem:/mnt/c/Windows/System32/WindowsPowerShell/v1.0:/mnt/c/Windows/System32/OpenSSH:/mnt/c/Program Files (x86)/NVIDIA Corporation/PhysX/Common:/mnt/c/Program Files/Intel/WiFi/bin:/mnt/c/Program Files/Common Files/Intel/WirelessCommon:/mnt/c/Program Files/Java/jdk-12.0.2/bin:/mnt/d/Matlab/bin:/mnt/c/Users/ashle/AppData/Local/Microsoft/WindowsApps:/mnt/c/Users/ashle/AppData/Local/Programs/Microsoft VS Code/bin:/snap/bin
SHELL=/bin/bash
DISPLAY=:0
HOSTTYPE=x86_64

Signal Handlers:
SIGSEGV: [libjvm.so+0xdeda70], sa_mask[0]=11111111111111111111111111111110, sa_flags=SA_RESTART|SA_SIGINFO
SIGBUS: [libjvm.so+0xdeda70], sa_mask[0]=11111111111111111111111111111110, sa_flags=SA_RESTART|SA_SIGINFO
SIGFPE: [libjvm.so+0xdeda70], sa_mask[0]=11111111111111111111111111111110, sa_flags=SA_RESTART|SA_SIGINFO
SIGPIPE: [libjvm.so+0xbc3040], sa_mask[0]=11111111111111111111111111111110, sa_flags=SA_RESTART|SA_SIGINFO
SIGXFSZ: [libjvm.so+0xbc3040], sa_mask[0]=11111111111111111111111111111110, sa_flags=SA_RESTART|SA_SIGINFO
SIGILL: [libjvm.so+0xdeda70], sa_mask[0]=11111111111111111111111111111110, sa_flags=SA_RESTART|SA_SIGINFO
SIGUSR2: [libjvm.so+0xbc2ee0], sa_mask[0]=00100000000000000000000000000000, sa_flags=SA_RESTART|SA_SIGINFO
SIGHUP: [libjvm.so+0xbc3240], sa_mask[0]=11111111111111111111111111111110, sa_flags=SA_RESTART|SA_SIGINFO
SIGINT: [libjvm.so+0xbc3240], sa_mask[0]=11111111111111111111111111111110, sa_flags=SA_RESTART|SA_SIGINFO
SIGTERM: [libjvm.so+0xbc3240], sa_mask[0]=11111111111111111111111111111110, sa_flags=SA_RESTART|SA_SIGINFO
SIGQUIT: [libjvm.so+0xbc3240], sa_mask[0]=11111111111111111111111111111110, sa_flags=SA_RESTART|SA_SIGINFO


---------------  S Y S T E M  ---------------

OS:DISTRIB_ID=Ubuntu
DISTRIB_RELEASE=18.04
DISTRIB_CODENAME=bionic
DISTRIB_DESCRIPTION="Ubuntu 18.04.2 LTS"
uname:Linux 4.4.0-17763-Microsoft #864-Microsoft Thu Nov 07 15:22:00 PST 2019 x86_64
libc:glibc 2.27 NPTL 2.27 
rlimit: STACK 8192k, CORE 0k, NPROC 7823, NOFILE 65536, AS infinity, DATA infinity, FSIZE infinity
load average:0.52 0.58 0.59

/proc/meminfo:
MemTotal:       16661812 kB
MemFree:         2466144 kB
Buffers:           34032 kB
Cached:           188576 kB
SwapCached:            0 kB
Active:           167556 kB
Inactive:         157876 kB
Active(anon):     103104 kB
Inactive(anon):    17440 kB
Active(file):      64452 kB
Inactive(file):   140436 kB
Unevictable:           0 kB
Mlocked:               0 kB
SwapTotal:      15467644 kB
SwapFree:       12801092 kB
Dirty:                 0 kB
Writeback:             0 kB
AnonPages:        102824 kB
Mapped:            71404 kB
Shmem:             17720 kB
Slab:              13868 kB
SReclaimable:       6744 kB
SUnreclaim:         7124 kB
KernelStack:        2848 kB
PageTables:         2524 kB
NFS_Unstable:          0 kB
Bounce:                0 kB
WritebackTmp:          0 kB
CommitLimit:      515524 kB
Committed_AS:    3450064 kB
VmallocTotal:     122880 kB
VmallocUsed:       21296 kB
VmallocChunk:      66044 kB
HardwareCorrupted:     0 kB
AnonHugePages:      2048 kB
HugePages_Total:       0
HugePages_Free:        0
HugePages_Rsvd:        0
HugePages_Surp:        0
Hugepagesize:       2048 kB
DirectMap4k:       12280 kB
DirectMap4M:      897024 kB


/proc/sys/kernel/threads-max (system-wide limit on the number of threads):
32768


/proc/sys/vm/max_map_count (maximum number of memory map areas a process may have):


/proc/sys/kernel/pid_max (system-wide limit on number of process identifiers):
32768



