#
# A fatal error has been detected by the Java Runtime Environment:
#
#  SIGSEGV (0xb) at pc=0x00007ff9eb5772e1, pid=9604, tid=9611
#
# JRE version: OpenJDK Runtime Environment (11.0.5+10) (build 11.0.5+10-post-Ubuntu-0ubuntu1.118.04)
# Java VM: OpenJDK 64-Bit Server VM (11.0.5+10-post-Ubuntu-0ubuntu1.118.04, mixed mode, sharing, tiered, compressed oops, g1 gc, linux-amd64)
# Problematic frame:
# V  [libjvm.so+0xe172e1]
#
# Core dump will be written. Default location: core.9604 (may not exist)
#
# If you would like to submit a bug report, please visit:
#   Unknown
#

---------------  S U M M A R Y ------------

Command Line: -agentlib:jdwp=transport=dt_socket,address=localhost:50590 jdk.jshell.execution.RemoteExecutionControl 50589

Host: Intel(R) Core(TM) i7-8565U CPU @ 1.80GHz, 8 cores, 15G, Ubuntu 18.04.2 LTS
Time: Thu Apr  2 02:10:58 2020 DST elapsed time: 40393 seconds (0d 11h 13m 13s)

---------------  T H R E A D  ---------------

Current thread (0x00007ff9e408f800):  ConcurrentGCThread "G1 Conc#0" [stack: 0x00007ff9cc3e2000,0x00007ff9cc4e2000] [id=9611]

Stack: [0x00007ff9cc3e2000,0x00007ff9cc4e2000],  sp=0x00007ff9cc4e0e10,  free space=1019k
Native frames: (J=compiled Java code, A=aot compiled Java code, j=interpreted, Vv=VM code, C=native code)
V  [libjvm.so+0xe172e1]
V  [libjvm.so+0xd7ba0a]
V  [libjvm.so+0xbcd3ce]


siginfo: si_signo: 11 (SIGSEGV), si_code: 1 (SEGV_MAPERR), si_addr: 0x0000000000000010

Register to memory mapping:

RAX=0x0 is NULL
RBX=0x00007ff9ebb0f378: <offset 0x00000000013af378> in /usr/lib/jvm/java-11-openjdk-amd64/lib/server/libjvm.so at 0x00007ff9ea760000
RCX=0x0 is NULL
RDX=0x0 is NULL
RSP=0x00007ff9cc4e0e10 points into unknown readable memory: 70 0e 4e cc f9 7f 00 00
RBP=0x00007ff9cc4e0e40 points into unknown readable memory: c0 0e 4e cc f9 7f 00 00
RSI=0x0 is NULL
RDI=0x00007ff9cc4e0d70 points into unknown readable memory: 90 06 ba eb f9 7f 00 00
R8 =0x0 is NULL
R9 =0x00000000ffffffff is an unknown value
R10=0x0 is NULL
R11=0x0 is NULL
R12=0x00007ff9cc4e0e1c points into unknown readable memory: f9 7f 00 00
R13=0x00007ff9e408f800 points into unknown readable memory: 50 01 af eb f9 7f 00 00
R14=0x0000000000100000 is an unknown value
R15=0x00007ff9eca1f710 is pointing into the stack for thread: 0x00007ff9e4015000


Registers:
RAX=0x0000000000000000, RBX=0x00007ff9ebb0f378, RCX=0x0000000000000000, RDX=0x0000000000000000
RSP=0x00007ff9cc4e0e10, RBP=0x00007ff9cc4e0e40, RSI=0x0000000000000000, RDI=0x00007ff9cc4e0d70
R8 =0x0000000000000000, R9 =0x00000000ffffffff, R10=0x0000000000000000, R11=0x0000000000000000
R12=0x00007ff9cc4e0e1c, R13=0x00007ff9e408f800, R14=0x0000000000100000, R15=0x00007ff9eca1f710
RIP=0x00007ff9eb5772e1, EFLAGS=0x0000000000010202, CSGSFS=0x00000053002b0033, ERR=0x0000000000000000
  TRAPNO=0x0000000000000000

Top of Stack: (sp=0x00007ff9cc4e0e10)
0x00007ff9cc4e0e10:   00007ff9cc4e0e70 00007ff9e408f800
0x00007ff9cc4e0e20:   00007ff9ebb0f378 00007ff9e408f800
0x00007ff9cc4e0e30:   00007ff9cc3e2000 0000000000100000
0x00007ff9cc4e0e40:   00007ff9cc4e0ec0 00007ff9eb4dba0a 

Instructions: (pc=0x00007ff9eb5772e1)
0x00007ff9eb5771e1:   35 cf 49 0f 00 31 c0 4c 89 e7 83 c3 01 e8 bd 0c
0x00007ff9eb5771f1:   dc ff 41 39 5e 08 77 d7 5b 4c 89 e7 41 5c 41 5d
0x00007ff9eb577201:   41 5e 5d e9 77 13 dc ff 0f 1f 80 00 00 00 00 31
0x00007ff9eb577211:   c0 4c 89 ee 4c 89 e7 e8 93 0c dc ff 83 c3 01 41
0x00007ff9eb577221:   39 5e 08 77 aa 5b 4c 89 e7 41 5c 41 5d 41 5e 5d
0x00007ff9eb577231:   e9 4a 13 dc ff 66 2e 0f 1f 84 00 00 00 00 00 48
0x00007ff9eb577241:   8b 87 20 03 00 00 55 48 89 e5 0f b6 40 28 5d c3
0x00007ff9eb577251:   90 0f 1f 40 00 66 2e 0f 1f 84 00 00 00 00 00 48
0x00007ff9eb577261:   8b 87 20 03 00 00 55 48 89 e5 0f b6 40 29 5d c3
0x00007ff9eb577271:   90 0f 1f 40 00 66 2e 0f 1f 84 00 00 00 00 00 55
0x00007ff9eb577281:   48 89 e5 53 48 89 fb 48 83 ec 08 e8 ef f0 f5 ff
0x00007ff9eb577291:   48 83 c4 08 48 89 df be 09 00 00 00 5b 5d e9 ac
0x00007ff9eb5772a1:   46 da ff 66 90 66 2e 0f 1f 84 00 00 00 00 00 55
0x00007ff9eb5772b1:   48 89 e5 41 56 41 55 41 54 53 4c 8d 65 dc 49 89
0x00007ff9eb5772c1:   fd 48 83 ec 10 66 2e 0f 1f 84 00 00 00 00 00 49
0x00007ff9eb5772d1:   8b 85 20 03 00 00 48 8b 78 30 48 8b 07 ff 50 18
0x00007ff9eb5772e1:   8b 70 10 48 89 c3 4c 89 e7 49 89 d6 e8 7e 7e 97
0x00007ff9eb5772f1:   ff 48 8b 03 44 89 f6 48 89 df ff 10 4c 89 e7 e8
0x00007ff9eb577301:   ab 7e 97 ff 49 8b 85 20 03 00 00 48 8b 78 30 48
0x00007ff9eb577311:   8b 07 ff 50 20 eb b8 0f 1f 84 00 00 00 00 00 55
0x00007ff9eb577321:   48 8d 15 d8 d8 7f ff 48 89 e5 41 54 53 48 8b 07
0x00007ff9eb577331:   49 89 fc 48 89 f3 48 8b 80 88 00 00 00 48 39 d0
0x00007ff9eb577341:   75 45 48 8b 97 08 03 00 00 48 8d 05 ff dd 07 00
0x00007ff9eb577351:   48 85 d2 48 0f 44 d0 48 8d 35 a4 d3 09 00 48 89
0x00007ff9eb577361:   df 31 c0 e8 47 0b dc ff 4c 89 e7 48 89 de 31 d2
0x00007ff9eb577371:   e8 da e8 f5 ff 48 89 df 5b 41 5c 5d e9 fe 11 dc
0x00007ff9eb577381:   ff 66 0f 1f 44 00 00 ff d0 48 89 c2 eb c9 90 55
0x00007ff9eb577391:   48 8d 15 e8 fe ff ff 48 89 e5 53 48 89 fb 48 83
0x00007ff9eb5773a1:   ec 08 48 8b 07 48 8b 80 b8 00 00 00 48 39 d0 75
0x00007ff9eb5773b1:   2e e8 c9 ef f5 ff be 09 00 00 00 48 89 df e8 8c
0x00007ff9eb5773c1:   45 da ff 48 8b 03 48 89 df 48 8b 80 c0 00 00 00
0x00007ff9eb5773d1:   48 83 c4 08 5b 5d ff e0 0f 1f 80 00 00 00 00 ff 


Stack slot to memory mapping:
stack at sp + 0 slots: 0x00007ff9cc4e0e70 points into unknown readable memory: c0 0e 4e cc f9 7f 00 00
stack at sp + 1 slots: 0x00007ff9e408f800 points into unknown readable memory: 50 01 af eb f9 7f 00 00
stack at sp + 2 slots: 0x00007ff9ebb0f378: <offset 0x00000000013af378> in /usr/lib/jvm/java-11-openjdk-amd64/lib/server/libjvm.so at 0x00007ff9ea760000
stack at sp + 3 slots: 0x00007ff9e408f800 points into unknown readable memory: 50 01 af eb f9 7f 00 00
stack at sp + 4 slots: 0x00007ff9cc3e2000 points into unknown readable memory: 00 00 00 00 00 00 00 00
stack at sp + 5 slots: 0x0000000000100000 is an unknown value
stack at sp + 6 slots: 0x00007ff9cc4e0ec0 points into unknown readable memory: f0 0e 4e cc f9 7f 00 00
stack at sp + 7 slots: 0x00007ff9eb4dba0a: <offset 0x0000000000d7ba0a> in /usr/lib/jvm/java-11-openjdk-amd64/lib/server/libjvm.so at 0x00007ff9ea760000


---------------  P R O C E S S  ---------------

Threads class SMR info:
_java_thread_list=0x00007ff9e42a59e0, length=13, elements={
0x00007ff9e4015000, 0x00007ff9e41d6800, 0x00007ff9e41d8800, 0x00007ff9e41e0800,
0x00007ff9e41e2800, 0x00007ff9e41e4800, 0x00007ff9e41e6800, 0x00007ff9e4241800,
0x00007ff9e4245800, 0x00007ff984001800, 0x00007ff9e4247000, 0x00007ff9e425d000,
0x00007ff9e42a4000
}

Java Threads: ( => current thread )
  0x00007ff9e4015000 JavaThread "main" [_thread_blocked, id=9608, stack(0x00007ff9ec920000,0x00007ff9eca21000)]
  0x00007ff9e41d6800 JavaThread "Reference Handler" daemon [_thread_blocked, id=9615, stack(0x00007ff9af6f0000,0x00007ff9af7f1000)]
  0x00007ff9e41d8800 JavaThread "Finalizer" daemon [_thread_blocked, id=9616, stack(0x00007ff9af5e0000,0x00007ff9af6e1000)]
  0x00007ff9e41e0800 JavaThread "Signal Dispatcher" daemon [_thread_in_vm, id=9617, stack(0x00007ff9af1d0000,0x00007ff9af2d1000)]
  0x00007ff9e41e2800 JavaThread "C2 CompilerThread0" daemon [_thread_blocked, id=9618, stack(0x00007ff9af0c0000,0x00007ff9af1c1000)]
  0x00007ff9e41e4800 JavaThread "C1 CompilerThread0" daemon [_thread_blocked, id=9619, stack(0x00007ff9aefb0000,0x00007ff9af0b1000)]
  0x00007ff9e41e6800 JavaThread "Sweeper thread" daemon [_thread_blocked, id=9620, stack(0x00007ff9aeea0000,0x00007ff9aefa1000)]
  0x00007ff9e4241800 JavaThread "JDWP Transport Listener: dt_socket" daemon [_thread_blocked, id=9621, stack(0x00007ff9aeb80000,0x00007ff9aec81000)]
  0x00007ff9e4245800 JavaThread "JDWP Event Helper Thread" daemon [_thread_blocked, id=9622, stack(0x00007ff9aea70000,0x00007ff9aeb71000)]
  0x00007ff984001800 JavaThread "JDWP Command Reader" daemon [_thread_in_native, id=9623, stack(0x00007ff9ae960000,0x00007ff9aea61000)]
  0x00007ff9e4247000 JavaThread "Service Thread" daemon [_thread_blocked, id=9627, stack(0x00007ff9ae850000,0x00007ff9ae951000)]
  0x00007ff9e425d000 JavaThread "Common-Cleaner" daemon [_thread_blocked, id=9629, stack(0x00007ff9ae1f0000,0x00007ff9ae2f1000)]
  0x00007ff9e42a4000 JavaThread "output reader" daemon [_thread_in_native, id=9631, stack(0x00007ff9aded0000,0x00007ff9adfd1000)]

Other Threads:
  0x00007ff9e41d3800 VMThread "VM Thread" [stack: 0x00007ff9bc062000,0x00007ff9bc162000] [id=9614]
  0x00007ff9e4249800 WatcherThread [stack: 0x00007ff9ae742000,0x00007ff9ae842000] [id=9628]
  0x00007ff9e402e000 GCTaskThread "GC Thread#0" [stack: 0x00007ff9e8702000,0x00007ff9e8802000] [id=9609]
  0x00007ff9e408e000 ConcurrentGCThread "G1 Main Marker" [stack: 0x00007ff9cc4f2000,0x00007ff9cc5f2000] [id=9610]
=>0x00007ff9e408f800 ConcurrentGCThread "G1 Conc#0" [stack: 0x00007ff9cc3e2000,0x00007ff9cc4e2000] [id=9611]
  0x00007ff9e4195800 ConcurrentGCThread "G1 Refine#0" [stack: 0x00007ff9bc282000,0x00007ff9bc382000] [id=9612]
  0x00007ff9e4197800 ConcurrentGCThread "G1 Young RemSet Sampling" [stack: 0x00007ff9bc172000,0x00007ff9bc272000] [id=9613]

Threads with active compile tasks:

VM state:not at safepoint (normal execution)

VM Mutex/Monitor currently owned by a thread:  ([mutex/lock_event])
[0x00007ff9e4011150] Threads_lock - owner thread: 0x00007ff9e41e0800

Heap address: 0x0000000701c00000, size: 4068 MB, Compressed Oops mode: Zero based, Oop shift amount: 3
Narrow klass base: 0x0000000800000000, Narrow klass shift: 3
Compressed class space size: 1073741824 Address: 0x0000000840000000

Heap:
 garbage-first heap   total 264192K, used 3768K [0x0000000701c00000, 0x0000000800000000)
  region size 1024K, 4 young (4096K), 0 survivors (0K)
 Metaspace       used 1960K, capacity 5020K, committed 5248K, reserved 1056768K
  class space    used 225K, capacity 547K, committed 640K, reserved 1048576K
Heap Regions: E=young(eden), S=young(survivor), O=old, HS=humongous(starts), HC=humongous(continues), CS=collection set, F=free, A=archive, TAMS=top-at-mark-start (previous, next)
|   0|0x0000000701c00000, 0x0000000701c00000, 0x0000000701d00000|  0%| F|  |TAMS 0x0000000701c00000, 0x0000000701c00000| Untracked 
|   1|0x0000000701d00000, 0x0000000701d00000, 0x0000000701e00000|  0%| F|  |TAMS 0x0000000701d00000, 0x0000000701d00000| Untracked 
|   2|0x0000000701e00000, 0x0000000701e00000, 0x0000000701f00000|  0%| F|  |TAMS 0x0000000701e00000, 0x0000000701e00000| Untracked 
|   3|0x0000000701f00000, 0x0000000701f00000, 0x0000000702000000|  0%| F|  |TAMS 0x0000000701f00000, 0x0000000701f00000| Untracked 
|   4|0x0000000702000000, 0x0000000702000000, 0x0000000702100000|  0%| F|  |TAMS 0x0000000702000000, 0x0000000702000000| Untracked 
|   5|0x0000000702100000, 0x0000000702100000, 0x0000000702200000|  0%| F|  |TAMS 0x0000000702100000, 0x0000000702100000| Untracked 
|   6|0x0000000702200000, 0x0000000702200000, 0x0000000702300000|  0%| F|  |TAMS 0x0000000702200000, 0x0000000702200000| Untracked 
|   7|0x0000000702300000, 0x0000000702300000, 0x0000000702400000|  0%| F|  |TAMS 0x0000000702300000, 0x0000000702300000| Untracked 
|   8|0x0000000702400000, 0x0000000702400000, 0x0000000702500000|  0%| F|  |TAMS 0x0000000702400000, 0x0000000702400000| Untracked 
|   9|0x0000000702500000, 0x0000000702500000, 0x0000000702600000|  0%| F|  |TAMS 0x0000000702500000, 0x0000000702500000| Untracked 
|  10|0x0000000702600000, 0x0000000702600000, 0x0000000702700000|  0%| F|  |TAMS 0x0000000702600000, 0x0000000702600000| Untracked 
|  11|0x0000000702700000, 0x0000000702700000, 0x0000000702800000|  0%| F|  |TAMS 0x0000000702700000, 0x0000000702700000| Untracked 
|  12|0x0000000702800000, 0x0000000702800000, 0x0000000702900000|  0%| F|  |TAMS 0x0000000702800000, 0x0000000702800000| Untracked 
|  13|0x0000000702900000, 0x0000000702900000, 0x0000000702a00000|  0%| F|  |TAMS 0x0000000702900000, 0x0000000702900000| Untracked 
|  14|0x0000000702a00000, 0x0000000702a00000, 0x0000000702b00000|  0%| F|  |TAMS 0x0000000702a00000, 0x0000000702a00000| Untracked 
|  15|0x0000000702b00000, 0x0000000702b00000, 0x0000000702c00000|  0%| F|  |TAMS 0x0000000702b00000, 0x0000000702b00000| Untracked 
|  16|0x0000000702c00000, 0x0000000702c00000, 0x0000000702d00000|  0%| F|  |TAMS 0x0000000702c00000, 0x0000000702c00000| Untracked 
|  17|0x0000000702d00000, 0x0000000702d00000, 0x0000000702e00000|  0%| F|  |TAMS 0x0000000702d00000, 0x0000000702d00000| Untracked 
|  18|0x0000000702e00000, 0x0000000702e00000, 0x0000000702f00000|  0%| F|  |TAMS 0x0000000702e00000, 0x0000000702e00000| Untracked 
|  19|0x0000000702f00000, 0x0000000702f00000, 0x0000000703000000|  0%| F|  |TAMS 0x0000000702f00000, 0x0000000702f00000| Untracked 
|  20|0x0000000703000000, 0x0000000703000000, 0x0000000703100000|  0%| F|  |TAMS 0x0000000703000000, 0x0000000703000000| Untracked 
|  21|0x0000000703100000, 0x0000000703100000, 0x0000000703200000|  0%| F|  |TAMS 0x0000000703100000, 0x0000000703100000| Untracked 
|  22|0x0000000703200000, 0x0000000703200000, 0x0000000703300000|  0%| F|  |TAMS 0x0000000703200000, 0x0000000703200000| Untracked 
|  23|0x0000000703300000, 0x0000000703300000, 0x0000000703400000|  0%| F|  |TAMS 0x0000000703300000, 0x0000000703300000| Untracked 
|  24|0x0000000703400000, 0x0000000703400000, 0x0000000703500000|  0%| F|  |TAMS 0x0000000703400000, 0x0000000703400000| Untracked 
|  25|0x0000000703500000, 0x0000000703500000, 0x0000000703600000|  0%| F|  |TAMS 0x0000000703500000, 0x0000000703500000| Untracked 
|  26|0x0000000703600000, 0x0000000703600000, 0x0000000703700000|  0%| F|  |TAMS 0x0000000703600000, 0x0000000703600000| Untracked 
|  27|0x0000000703700000, 0x0000000703700000, 0x0000000703800000|  0%| F|  |TAMS 0x0000000703700000, 0x0000000703700000| Untracked 
|  28|0x0000000703800000, 0x0000000703800000, 0x0000000703900000|  0%| F|  |TAMS 0x0000000703800000, 0x0000000703800000| Untracked 
|  29|0x0000000703900000, 0x0000000703900000, 0x0000000703a00000|  0%| F|  |TAMS 0x0000000703900000, 0x0000000703900000| Untracked 
|  30|0x0000000703a00000, 0x0000000703a00000, 0x0000000703b00000|  0%| F|  |TAMS 0x0000000703a00000, 0x0000000703a00000| Untracked 
|  31|0x0000000703b00000, 0x0000000703b00000, 0x0000000703c00000|  0%| F|  |TAMS 0x0000000703b00000, 0x0000000703b00000| Untracked 
|  32|0x0000000703c00000, 0x0000000703c00000, 0x0000000703d00000|  0%| F|  |TAMS 0x0000000703c00000, 0x0000000703c00000| Untracked 
|  33|0x0000000703d00000, 0x0000000703d00000, 0x0000000703e00000|  0%| F|  |TAMS 0x0000000703d00000, 0x0000000703d00000| Untracked 
|  34|0x0000000703e00000, 0x0000000703e00000, 0x0000000703f00000|  0%| F|  |TAMS 0x0000000703e00000, 0x0000000703e00000| Untracked 
|  35|0x0000000703f00000, 0x0000000703f00000, 0x0000000704000000|  0%| F|  |TAMS 0x0000000703f00000, 0x0000000703f00000| Untracked 
|  36|0x0000000704000000, 0x0000000704000000, 0x0000000704100000|  0%| F|  |TAMS 0x0000000704000000, 0x0000000704000000| Untracked 
|  37|0x0000000704100000, 0x0000000704100000, 0x0000000704200000|  0%| F|  |TAMS 0x0000000704100000, 0x0000000704100000| Untracked 
|  38|0x0000000704200000, 0x0000000704200000, 0x0000000704300000|  0%| F|  |TAMS 0x0000000704200000, 0x0000000704200000| Untracked 
|  39|0x0000000704300000, 0x0000000704300000, 0x0000000704400000|  0%| F|  |TAMS 0x0000000704300000, 0x0000000704300000| Untracked 
|  40|0x0000000704400000, 0x0000000704400000, 0x0000000704500000|  0%| F|  |TAMS 0x0000000704400000, 0x0000000704400000| Untracked 
|  41|0x0000000704500000, 0x0000000704500000, 0x0000000704600000|  0%| F|  |TAMS 0x0000000704500000, 0x0000000704500000| Untracked 
|  42|0x0000000704600000, 0x0000000704600000, 0x0000000704700000|  0%| F|  |TAMS 0x0000000704600000, 0x0000000704600000| Untracked 
|  43|0x0000000704700000, 0x0000000704700000, 0x0000000704800000|  0%| F|  |TAMS 0x0000000704700000, 0x0000000704700000| Untracked 
|  44|0x0000000704800000, 0x0000000704800000, 0x0000000704900000|  0%| F|  |TAMS 0x0000000704800000, 0x0000000704800000| Untracked 
|  45|0x0000000704900000, 0x0000000704900000, 0x0000000704a00000|  0%| F|  |TAMS 0x0000000704900000, 0x0000000704900000| Untracked 
|  46|0x0000000704a00000, 0x0000000704a00000, 0x0000000704b00000|  0%| F|  |TAMS 0x0000000704a00000, 0x0000000704a00000| Untracked 
|  47|0x0000000704b00000, 0x0000000704b00000, 0x0000000704c00000|  0%| F|  |TAMS 0x0000000704b00000, 0x0000000704b00000| Untracked 
|  48|0x0000000704c00000, 0x0000000704c00000, 0x0000000704d00000|  0%| F|  |TAMS 0x0000000704c00000, 0x0000000704c00000| Untracked 
|  49|0x0000000704d00000, 0x0000000704d00000, 0x0000000704e00000|  0%| F|  |TAMS 0x0000000704d00000, 0x0000000704d00000| Untracked 
|  50|0x0000000704e00000, 0x0000000704e00000, 0x0000000704f00000|  0%| F|  |TAMS 0x0000000704e00000, 0x0000000704e00000| Untracked 
|  51|0x0000000704f00000, 0x0000000704f00000, 0x0000000705000000|  0%| F|  |TAMS 0x0000000704f00000, 0x0000000704f00000| Untracked 
|  52|0x0000000705000000, 0x0000000705000000, 0x0000000705100000|  0%| F|  |TAMS 0x0000000705000000, 0x0000000705000000| Untracked 
|  53|0x0000000705100000, 0x0000000705100000, 0x0000000705200000|  0%| F|  |TAMS 0x0000000705100000, 0x0000000705100000| Untracked 
|  54|0x0000000705200000, 0x0000000705200000, 0x0000000705300000|  0%| F|  |TAMS 0x0000000705200000, 0x0000000705200000| Untracked 
|  55|0x0000000705300000, 0x0000000705300000, 0x0000000705400000|  0%| F|  |TAMS 0x0000000705300000, 0x0000000705300000| Untracked 
|  56|0x0000000705400000, 0x0000000705400000, 0x0000000705500000|  0%| F|  |TAMS 0x0000000705400000, 0x0000000705400000| Untracked 
|  57|0x0000000705500000, 0x0000000705500000, 0x0000000705600000|  0%| F|  |TAMS 0x0000000705500000, 0x0000000705500000| Untracked 
|  58|0x0000000705600000, 0x0000000705600000, 0x0000000705700000|  0%| F|  |TAMS 0x0000000705600000, 0x0000000705600000| Untracked 
|  59|0x0000000705700000, 0x0000000705700000, 0x0000000705800000|  0%| F|  |TAMS 0x0000000705700000, 0x0000000705700000| Untracked 
|  60|0x0000000705800000, 0x0000000705800000, 0x0000000705900000|  0%| F|  |TAMS 0x0000000705800000, 0x0000000705800000| Untracked 
|  61|0x0000000705900000, 0x0000000705900000, 0x0000000705a00000|  0%| F|  |TAMS 0x0000000705900000, 0x0000000705900000| Untracked 
|  62|0x0000000705a00000, 0x0000000705a00000, 0x0000000705b00000|  0%| F|  |TAMS 0x0000000705a00000, 0x0000000705a00000| Untracked 
|  63|0x0000000705b00000, 0x0000000705b00000, 0x0000000705c00000|  0%| F|  |TAMS 0x0000000705b00000, 0x0000000705b00000| Untracked 
|  64|0x0000000705c00000, 0x0000000705c00000, 0x0000000705d00000|  0%| F|  |TAMS 0x0000000705c00000, 0x0000000705c00000| Untracked 
|  65|0x0000000705d00000, 0x0000000705d00000, 0x0000000705e00000|  0%| F|  |TAMS 0x0000000705d00000, 0x0000000705d00000| Untracked 
|  66|0x0000000705e00000, 0x0000000705e00000, 0x0000000705f00000|  0%| F|  |TAMS 0x0000000705e00000, 0x0000000705e00000| Untracked 
|  67|0x0000000705f00000, 0x0000000705f00000, 0x0000000706000000|  0%| F|  |TAMS 0x0000000705f00000, 0x0000000705f00000| Untracked 
|  68|0x0000000706000000, 0x0000000706000000, 0x0000000706100000|  0%| F|  |TAMS 0x0000000706000000, 0x0000000706000000| Untracked 
|  69|0x0000000706100000, 0x0000000706100000, 0x0000000706200000|  0%| F|  |TAMS 0x0000000706100000, 0x0000000706100000| Untracked 
|  70|0x0000000706200000, 0x0000000706200000, 0x0000000706300000|  0%| F|  |TAMS 0x0000000706200000, 0x0000000706200000| Untracked 
|  71|0x0000000706300000, 0x0000000706300000, 0x0000000706400000|  0%| F|  |TAMS 0x0000000706300000, 0x0000000706300000| Untracked 
|  72|0x0000000706400000, 0x0000000706400000, 0x0000000706500000|  0%| F|  |TAMS 0x0000000706400000, 0x0000000706400000| Untracked 
|  73|0x0000000706500000, 0x0000000706500000, 0x0000000706600000|  0%| F|  |TAMS 0x0000000706500000, 0x0000000706500000| Untracked 
|  74|0x0000000706600000, 0x0000000706600000, 0x0000000706700000|  0%| F|  |TAMS 0x0000000706600000, 0x0000000706600000| Untracked 
|  75|0x0000000706700000, 0x0000000706700000, 0x0000000706800000|  0%| F|  |TAMS 0x0000000706700000, 0x0000000706700000| Untracked 
|  76|0x0000000706800000, 0x0000000706800000, 0x0000000706900000|  0%| F|  |TAMS 0x0000000706800000, 0x0000000706800000| Untracked 
|  77|0x0000000706900000, 0x0000000706900000, 0x0000000706a00000|  0%| F|  |TAMS 0x0000000706900000, 0x0000000706900000| Untracked 
|  78|0x0000000706a00000, 0x0000000706a00000, 0x0000000706b00000|  0%| F|  |TAMS 0x0000000706a00000, 0x0000000706a00000| Untracked 
|  79|0x0000000706b00000, 0x0000000706b00000, 0x0000000706c00000|  0%| F|  |TAMS 0x0000000706b00000, 0x0000000706b00000| Untracked 
|  80|0x0000000706c00000, 0x0000000706c00000, 0x0000000706d00000|  0%| F|  |TAMS 0x0000000706c00000, 0x0000000706c00000| Untracked 
|  81|0x0000000706d00000, 0x0000000706d00000, 0x0000000706e00000|  0%| F|  |TAMS 0x0000000706d00000, 0x0000000706d00000| Untracked 
|  82|0x0000000706e00000, 0x0000000706e00000, 0x0000000706f00000|  0%| F|  |TAMS 0x0000000706e00000, 0x0000000706e00000| Untracked 
|  83|0x0000000706f00000, 0x0000000706f00000, 0x0000000707000000|  0%| F|  |TAMS 0x0000000706f00000, 0x0000000706f00000| Untracked 
|  84|0x0000000707000000, 0x0000000707000000, 0x0000000707100000|  0%| F|  |TAMS 0x0000000707000000, 0x0000000707000000| Untracked 
|  85|0x0000000707100000, 0x0000000707100000, 0x0000000707200000|  0%| F|  |TAMS 0x0000000707100000, 0x0000000707100000| Untracked 
|  86|0x0000000707200000, 0x0000000707200000, 0x0000000707300000|  0%| F|  |TAMS 0x0000000707200000, 0x0000000707200000| Untracked 
|  87|0x0000000707300000, 0x0000000707300000, 0x0000000707400000|  0%| F|  |TAMS 0x0000000707300000, 0x0000000707300000| Untracked 
|  88|0x0000000707400000, 0x0000000707400000, 0x0000000707500000|  0%| F|  |TAMS 0x0000000707400000, 0x0000000707400000| Untracked 
|  89|0x0000000707500000, 0x0000000707500000, 0x0000000707600000|  0%| F|  |TAMS 0x0000000707500000, 0x0000000707500000| Untracked 
|  90|0x0000000707600000, 0x0000000707600000, 0x0000000707700000|  0%| F|  |TAMS 0x0000000707600000, 0x0000000707600000| Untracked 
|  91|0x0000000707700000, 0x0000000707700000, 0x0000000707800000|  0%| F|  |TAMS 0x0000000707700000, 0x0000000707700000| Untracked 
|  92|0x0000000707800000, 0x0000000707800000, 0x0000000707900000|  0%| F|  |TAMS 0x0000000707800000, 0x0000000707800000| Untracked 
|  93|0x0000000707900000, 0x0000000707900000, 0x0000000707a00000|  0%| F|  |TAMS 0x0000000707900000, 0x0000000707900000| Untracked 
|  94|0x0000000707a00000, 0x0000000707a00000, 0x0000000707b00000|  0%| F|  |TAMS 0x0000000707a00000, 0x0000000707a00000| Untracked 
|  95|0x0000000707b00000, 0x0000000707b00000, 0x0000000707c00000|  0%| F|  |TAMS 0x0000000707b00000, 0x0000000707b00000| Untracked 
|  96|0x0000000707c00000, 0x0000000707c00000, 0x0000000707d00000|  0%| F|  |TAMS 0x0000000707c00000, 0x0000000707c00000| Untracked 
|  97|0x0000000707d00000, 0x0000000707d00000, 0x0000000707e00000|  0%| F|  |TAMS 0x0000000707d00000, 0x0000000707d00000| Untracked 
|  98|0x0000000707e00000, 0x0000000707e00000, 0x0000000707f00000|  0%| F|  |TAMS 0x0000000707e00000, 0x0000000707e00000| Untracked 
|  99|0x0000000707f00000, 0x0000000707f00000, 0x0000000708000000|  0%| F|  |TAMS 0x0000000707f00000, 0x0000000707f00000| Untracked 
| 100|0x0000000708000000, 0x0000000708000000, 0x0000000708100000|  0%| F|  |TAMS 0x0000000708000000, 0x0000000708000000| Untracked 
| 101|0x0000000708100000, 0x0000000708100000, 0x0000000708200000|  0%| F|  |TAMS 0x0000000708100000, 0x0000000708100000| Untracked 
| 102|0x0000000708200000, 0x0000000708200000, 0x0000000708300000|  0%| F|  |TAMS 0x0000000708200000, 0x0000000708200000| Untracked 
| 103|0x0000000708300000, 0x0000000708300000, 0x0000000708400000|  0%| F|  |TAMS 0x0000000708300000, 0x0000000708300000| Untracked 
| 104|0x0000000708400000, 0x0000000708400000, 0x0000000708500000|  0%| F|  |TAMS 0x0000000708400000, 0x0000000708400000| Untracked 
| 105|0x0000000708500000, 0x0000000708500000, 0x0000000708600000|  0%| F|  |TAMS 0x0000000708500000, 0x0000000708500000| Untracked 
| 106|0x0000000708600000, 0x0000000708600000, 0x0000000708700000|  0%| F|  |TAMS 0x0000000708600000, 0x0000000708600000| Untracked 
| 107|0x0000000708700000, 0x0000000708700000, 0x0000000708800000|  0%| F|  |TAMS 0x0000000708700000, 0x0000000708700000| Untracked 
| 108|0x0000000708800000, 0x0000000708800000, 0x0000000708900000|  0%| F|  |TAMS 0x0000000708800000, 0x0000000708800000| Untracked 
| 109|0x0000000708900000, 0x0000000708900000, 0x0000000708a00000|  0%| F|  |TAMS 0x0000000708900000, 0x0000000708900000| Untracked 
| 110|0x0000000708a00000, 0x0000000708a00000, 0x0000000708b00000|  0%| F|  |TAMS 0x0000000708a00000, 0x0000000708a00000| Untracked 
| 111|0x0000000708b00000, 0x0000000708b00000, 0x0000000708c00000|  0%| F|  |TAMS 0x0000000708b00000, 0x0000000708b00000| Untracked 
| 112|0x0000000708c00000, 0x0000000708c00000, 0x0000000708d00000|  0%| F|  |TAMS 0x0000000708c00000, 0x0000000708c00000| Untracked 
| 113|0x0000000708d00000, 0x0000000708d00000, 0x0000000708e00000|  0%| F|  |TAMS 0x0000000708d00000, 0x0000000708d00000| Untracked 
| 114|0x0000000708e00000, 0x0000000708e00000, 0x0000000708f00000|  0%| F|  |TAMS 0x0000000708e00000, 0x0000000708e00000| Untracked 
| 115|0x0000000708f00000, 0x0000000708f00000, 0x0000000709000000|  0%| F|  |TAMS 0x0000000708f00000, 0x0000000708f00000| Untracked 
| 116|0x0000000709000000, 0x0000000709000000, 0x0000000709100000|  0%| F|  |TAMS 0x0000000709000000, 0x0000000709000000| Untracked 
| 117|0x0000000709100000, 0x0000000709100000, 0x0000000709200000|  0%| F|  |TAMS 0x0000000709100000, 0x0000000709100000| Untracked 
| 118|0x0000000709200000, 0x0000000709200000, 0x0000000709300000|  0%| F|  |TAMS 0x0000000709200000, 0x0000000709200000| Untracked 
| 119|0x0000000709300000, 0x0000000709300000, 0x0000000709400000|  0%| F|  |TAMS 0x0000000709300000, 0x0000000709300000| Untracked 
| 120|0x0000000709400000, 0x0000000709400000, 0x0000000709500000|  0%| F|  |TAMS 0x0000000709400000, 0x0000000709400000| Untracked 
| 121|0x0000000709500000, 0x0000000709500000, 0x0000000709600000|  0%| F|  |TAMS 0x0000000709500000, 0x0000000709500000| Untracked 
| 122|0x0000000709600000, 0x0000000709600000, 0x0000000709700000|  0%| F|  |TAMS 0x0000000709600000, 0x0000000709600000| Untracked 
| 123|0x0000000709700000, 0x0000000709700000, 0x0000000709800000|  0%| F|  |TAMS 0x0000000709700000, 0x0000000709700000| Untracked 
| 124|0x0000000709800000, 0x0000000709800000, 0x0000000709900000|  0%| F|  |TAMS 0x0000000709800000, 0x0000000709800000| Untracked 
| 125|0x0000000709900000, 0x0000000709900000, 0x0000000709a00000|  0%| F|  |TAMS 0x0000000709900000, 0x0000000709900000| Untracked 
| 126|0x0000000709a00000, 0x0000000709a00000, 0x0000000709b00000|  0%| F|  |TAMS 0x0000000709a00000, 0x0000000709a00000| Untracked 
| 127|0x0000000709b00000, 0x0000000709b00000, 0x0000000709c00000|  0%| F|  |TAMS 0x0000000709b00000, 0x0000000709b00000| Untracked 
| 128|0x0000000709c00000, 0x0000000709c00000, 0x0000000709d00000|  0%| F|  |TAMS 0x0000000709c00000, 0x0000000709c00000| Untracked 
| 129|0x0000000709d00000, 0x0000000709d00000, 0x0000000709e00000|  0%| F|  |TAMS 0x0000000709d00000, 0x0000000709d00000| Untracked 
| 130|0x0000000709e00000, 0x0000000709e00000, 0x0000000709f00000|  0%| F|  |TAMS 0x0000000709e00000, 0x0000000709e00000| Untracked 
| 131|0x0000000709f00000, 0x0000000709f00000, 0x000000070a000000|  0%| F|  |TAMS 0x0000000709f00000, 0x0000000709f00000| Untracked 
| 132|0x000000070a000000, 0x000000070a000000, 0x000000070a100000|  0%| F|  |TAMS 0x000000070a000000, 0x000000070a000000| Untracked 
| 133|0x000000070a100000, 0x000000070a100000, 0x000000070a200000|  0%| F|  |TAMS 0x000000070a100000, 0x000000070a100000| Untracked 
| 134|0x000000070a200000, 0x000000070a200000, 0x000000070a300000|  0%| F|  |TAMS 0x000000070a200000, 0x000000070a200000| Untracked 
| 135|0x000000070a300000, 0x000000070a300000, 0x000000070a400000|  0%| F|  |TAMS 0x000000070a300000, 0x000000070a300000| Untracked 
| 136|0x000000070a400000, 0x000000070a400000, 0x000000070a500000|  0%| F|  |TAMS 0x000000070a400000, 0x000000070a400000| Untracked 
| 137|0x000000070a500000, 0x000000070a500000, 0x000000070a600000|  0%| F|  |TAMS 0x000000070a500000, 0x000000070a500000| Untracked 
| 138|0x000000070a600000, 0x000000070a600000, 0x000000070a700000|  0%| F|  |TAMS 0x000000070a600000, 0x000000070a600000| Untracked 
| 139|0x000000070a700000, 0x000000070a700000, 0x000000070a800000|  0%| F|  |TAMS 0x000000070a700000, 0x000000070a700000| Untracked 
| 140|0x000000070a800000, 0x000000070a800000, 0x000000070a900000|  0%| F|  |TAMS 0x000000070a800000, 0x000000070a800000| Untracked 
| 141|0x000000070a900000, 0x000000070a900000, 0x000000070aa00000|  0%| F|  |TAMS 0x000000070a900000, 0x000000070a900000| Untracked 
| 142|0x000000070aa00000, 0x000000070aa00000, 0x000000070ab00000|  0%| F|  |TAMS 0x000000070aa00000, 0x000000070aa00000| Untracked 
| 143|0x000000070ab00000, 0x000000070ab00000, 0x000000070ac00000|  0%| F|  |TAMS 0x000000070ab00000, 0x000000070ab00000| Untracked 
| 144|0x000000070ac00000, 0x000000070ac00000, 0x000000070ad00000|  0%| F|  |TAMS 0x000000070ac00000, 0x000000070ac00000| Untracked 
| 145|0x000000070ad00000, 0x000000070ad00000, 0x000000070ae00000|  0%| F|  |TAMS 0x000000070ad00000, 0x000000070ad00000| Untracked 
| 146|0x000000070ae00000, 0x000000070ae00000, 0x000000070af00000|  0%| F|  |TAMS 0x000000070ae00000, 0x000000070ae00000| Untracked 
| 147|0x000000070af00000, 0x000000070af00000, 0x000000070b000000|  0%| F|  |TAMS 0x000000070af00000, 0x000000070af00000| Untracked 
| 148|0x000000070b000000, 0x000000070b000000, 0x000000070b100000|  0%| F|  |TAMS 0x000000070b000000, 0x000000070b000000| Untracked 
| 149|0x000000070b100000, 0x000000070b100000, 0x000000070b200000|  0%| F|  |TAMS 0x000000070b100000, 0x000000070b100000| Untracked 
| 150|0x000000070b200000, 0x000000070b200000, 0x000000070b300000|  0%| F|  |TAMS 0x000000070b200000, 0x000000070b200000| Untracked 
| 151|0x000000070b300000, 0x000000070b300000, 0x000000070b400000|  0%| F|  |TAMS 0x000000070b300000, 0x000000070b300000| Untracked 
| 152|0x000000070b400000, 0x000000070b400000, 0x000000070b500000|  0%| F|  |TAMS 0x000000070b400000, 0x000000070b400000| Untracked 
| 153|0x000000070b500000, 0x000000070b500000, 0x000000070b600000|  0%| F|  |TAMS 0x000000070b500000, 0x000000070b500000| Untracked 
| 154|0x000000070b600000, 0x000000070b600000, 0x000000070b700000|  0%| F|  |TAMS 0x000000070b600000, 0x000000070b600000| Untracked 
| 155|0x000000070b700000, 0x000000070b700000, 0x000000070b800000|  0%| F|  |TAMS 0x000000070b700000, 0x000000070b700000| Untracked 
| 156|0x000000070b800000, 0x000000070b800000, 0x000000070b900000|  0%| F|  |TAMS 0x000000070b800000, 0x000000070b800000| Untracked 
| 157|0x000000070b900000, 0x000000070b900000, 0x000000070ba00000|  0%| F|  |TAMS 0x000000070b900000, 0x000000070b900000| Untracked 
| 158|0x000000070ba00000, 0x000000070ba00000, 0x000000070bb00000|  0%| F|  |TAMS 0x000000070ba00000, 0x000000070ba00000| Untracked 
| 159|0x000000070bb00000, 0x000000070bb00000, 0x000000070bc00000|  0%| F|  |TAMS 0x000000070bb00000, 0x000000070bb00000| Untracked 
| 160|0x000000070bc00000, 0x000000070bc00000, 0x000000070bd00000|  0%| F|  |TAMS 0x000000070bc00000, 0x000000070bc00000| Untracked 
| 161|0x000000070bd00000, 0x000000070bd00000, 0x000000070be00000|  0%| F|  |TAMS 0x000000070bd00000, 0x000000070bd00000| Untracked 
| 162|0x000000070be00000, 0x000000070be00000, 0x000000070bf00000|  0%| F|  |TAMS 0x000000070be00000, 0x000000070be00000| Untracked 
| 163|0x000000070bf00000, 0x000000070bf00000, 0x000000070c000000|  0%| F|  |TAMS 0x000000070bf00000, 0x000000070bf00000| Untracked 
| 164|0x000000070c000000, 0x000000070c000000, 0x000000070c100000|  0%| F|  |TAMS 0x000000070c000000, 0x000000070c000000| Untracked 
| 165|0x000000070c100000, 0x000000070c100000, 0x000000070c200000|  0%| F|  |TAMS 0x000000070c100000, 0x000000070c100000| Untracked 
| 166|0x000000070c200000, 0x000000070c200000, 0x000000070c300000|  0%| F|  |TAMS 0x000000070c200000, 0x000000070c200000| Untracked 
| 167|0x000000070c300000, 0x000000070c300000, 0x000000070c400000|  0%| F|  |TAMS 0x000000070c300000, 0x000000070c300000| Untracked 
| 168|0x000000070c400000, 0x000000070c400000, 0x000000070c500000|  0%| F|  |TAMS 0x000000070c400000, 0x000000070c400000| Untracked 
| 169|0x000000070c500000, 0x000000070c500000, 0x000000070c600000|  0%| F|  |TAMS 0x000000070c500000, 0x000000070c500000| Untracked 
| 170|0x000000070c600000, 0x000000070c600000, 0x000000070c700000|  0%| F|  |TAMS 0x000000070c600000, 0x000000070c600000| Untracked 
| 171|0x000000070c700000, 0x000000070c700000, 0x000000070c800000|  0%| F|  |TAMS 0x000000070c700000, 0x000000070c700000| Untracked 
| 172|0x000000070c800000, 0x000000070c800000, 0x000000070c900000|  0%| F|  |TAMS 0x000000070c800000, 0x000000070c800000| Untracked 
| 173|0x000000070c900000, 0x000000070c900000, 0x000000070ca00000|  0%| F|  |TAMS 0x000000070c900000, 0x000000070c900000| Untracked 
| 174|0x000000070ca00000, 0x000000070ca00000, 0x000000070cb00000|  0%| F|  |TAMS 0x000000070ca00000, 0x000000070ca00000| Untracked 
| 175|0x000000070cb00000, 0x000000070cb00000, 0x000000070cc00000|  0%| F|  |TAMS 0x000000070cb00000, 0x000000070cb00000| Untracked 
| 176|0x000000070cc00000, 0x000000070cc00000, 0x000000070cd00000|  0%| F|  |TAMS 0x000000070cc00000, 0x000000070cc00000| Untracked 
| 177|0x000000070cd00000, 0x000000070cd00000, 0x000000070ce00000|  0%| F|  |TAMS 0x000000070cd00000, 0x000000070cd00000| Untracked 
| 178|0x000000070ce00000, 0x000000070ce00000, 0x000000070cf00000|  0%| F|  |TAMS 0x000000070ce00000, 0x000000070ce00000| Untracked 
| 179|0x000000070cf00000, 0x000000070cf00000, 0x000000070d000000|  0%| F|  |TAMS 0x000000070cf00000, 0x000000070cf00000| Untracked 
| 180|0x000000070d000000, 0x000000070d000000, 0x000000070d100000|  0%| F|  |TAMS 0x000000070d000000, 0x000000070d000000| Untracked 
| 181|0x000000070d100000, 0x000000070d100000, 0x000000070d200000|  0%| F|  |TAMS 0x000000070d100000, 0x000000070d100000| Untracked 
| 182|0x000000070d200000, 0x000000070d200000, 0x000000070d300000|  0%| F|  |TAMS 0x000000070d200000, 0x000000070d200000| Untracked 
| 183|0x000000070d300000, 0x000000070d300000, 0x000000070d400000|  0%| F|  |TAMS 0x000000070d300000, 0x000000070d300000| Untracked 
| 184|0x000000070d400000, 0x000000070d400000, 0x000000070d500000|  0%| F|  |TAMS 0x000000070d400000, 0x000000070d400000| Untracked 
| 185|0x000000070d500000, 0x000000070d500000, 0x000000070d600000|  0%| F|  |TAMS 0x000000070d500000, 0x000000070d500000| Untracked 
| 186|0x000000070d600000, 0x000000070d600000, 0x000000070d700000|  0%| F|  |TAMS 0x000000070d600000, 0x000000070d600000| Untracked 
| 187|0x000000070d700000, 0x000000070d700000, 0x000000070d800000|  0%| F|  |TAMS 0x000000070d700000, 0x000000070d700000| Untracked 
| 188|0x000000070d800000, 0x000000070d800000, 0x000000070d900000|  0%| F|  |TAMS 0x000000070d800000, 0x000000070d800000| Untracked 
| 189|0x000000070d900000, 0x000000070d900000, 0x000000070da00000|  0%| F|  |TAMS 0x000000070d900000, 0x000000070d900000| Untracked 
| 190|0x000000070da00000, 0x000000070da00000, 0x000000070db00000|  0%| F|  |TAMS 0x000000070da00000, 0x000000070da00000| Untracked 
| 191|0x000000070db00000, 0x000000070db00000, 0x000000070dc00000|  0%| F|  |TAMS 0x000000070db00000, 0x000000070db00000| Untracked 
| 192|0x000000070dc00000, 0x000000070dc00000, 0x000000070dd00000|  0%| F|  |TAMS 0x000000070dc00000, 0x000000070dc00000| Untracked 
| 193|0x000000070dd00000, 0x000000070dd00000, 0x000000070de00000|  0%| F|  |TAMS 0x000000070dd00000, 0x000000070dd00000| Untracked 
| 194|0x000000070de00000, 0x000000070de00000, 0x000000070df00000|  0%| F|  |TAMS 0x000000070de00000, 0x000000070de00000| Untracked 
| 195|0x000000070df00000, 0x000000070df00000, 0x000000070e000000|  0%| F|  |TAMS 0x000000070df00000, 0x000000070df00000| Untracked 
| 196|0x000000070e000000, 0x000000070e000000, 0x000000070e100000|  0%| F|  |TAMS 0x000000070e000000, 0x000000070e000000| Untracked 
| 197|0x000000070e100000, 0x000000070e100000, 0x000000070e200000|  0%| F|  |TAMS 0x000000070e100000, 0x000000070e100000| Untracked 
| 198|0x000000070e200000, 0x000000070e200000, 0x000000070e300000|  0%| F|  |TAMS 0x000000070e200000, 0x000000070e200000| Untracked 
| 199|0x000000070e300000, 0x000000070e300000, 0x000000070e400000|  0%| F|  |TAMS 0x000000070e300000, 0x000000070e300000| Untracked 
| 200|0x000000070e400000, 0x000000070e400000, 0x000000070e500000|  0%| F|  |TAMS 0x000000070e400000, 0x000000070e400000| Untracked 
| 201|0x000000070e500000, 0x000000070e500000, 0x000000070e600000|  0%| F|  |TAMS 0x000000070e500000, 0x000000070e500000| Untracked 
| 202|0x000000070e600000, 0x000000070e600000, 0x000000070e700000|  0%| F|  |TAMS 0x000000070e600000, 0x000000070e600000| Untracked 
| 203|0x000000070e700000, 0x000000070e700000, 0x000000070e800000|  0%| F|  |TAMS 0x000000070e700000, 0x000000070e700000| Untracked 
| 204|0x000000070e800000, 0x000000070e800000, 0x000000070e900000|  0%| F|  |TAMS 0x000000070e800000, 0x000000070e800000| Untracked 
| 205|0x000000070e900000, 0x000000070e900000, 0x000000070ea00000|  0%| F|  |TAMS 0x000000070e900000, 0x000000070e900000| Untracked 
| 206|0x000000070ea00000, 0x000000070ea00000, 0x000000070eb00000|  0%| F|  |TAMS 0x000000070ea00000, 0x000000070ea00000| Untracked 
| 207|0x000000070eb00000, 0x000000070eb00000, 0x000000070ec00000|  0%| F|  |TAMS 0x000000070eb00000, 0x000000070eb00000| Untracked 
| 208|0x000000070ec00000, 0x000000070ec00000, 0x000000070ed00000|  0%| F|  |TAMS 0x000000070ec00000, 0x000000070ec00000| Untracked 
| 209|0x000000070ed00000, 0x000000070ed00000, 0x000000070ee00000|  0%| F|  |TAMS 0x000000070ed00000, 0x000000070ed00000| Untracked 
| 210|0x000000070ee00000, 0x000000070ee00000, 0x000000070ef00000|  0%| F|  |TAMS 0x000000070ee00000, 0x000000070ee00000| Untracked 
| 211|0x000000070ef00000, 0x000000070ef00000, 0x000000070f000000|  0%| F|  |TAMS 0x000000070ef00000, 0x000000070ef00000| Untracked 
| 212|0x000000070f000000, 0x000000070f000000, 0x000000070f100000|  0%| F|  |TAMS 0x000000070f000000, 0x000000070f000000| Untracked 
| 213|0x000000070f100000, 0x000000070f100000, 0x000000070f200000|  0%| F|  |TAMS 0x000000070f100000, 0x000000070f100000| Untracked 
| 214|0x000000070f200000, 0x000000070f200000, 0x000000070f300000|  0%| F|  |TAMS 0x000000070f200000, 0x000000070f200000| Untracked 
| 215|0x000000070f300000, 0x000000070f300000, 0x000000070f400000|  0%| F|  |TAMS 0x000000070f300000, 0x000000070f300000| Untracked 
| 216|0x000000070f400000, 0x000000070f400000, 0x000000070f500000|  0%| F|  |TAMS 0x000000070f400000, 0x000000070f400000| Untracked 
| 217|0x000000070f500000, 0x000000070f500000, 0x000000070f600000|  0%| F|  |TAMS 0x000000070f500000, 0x000000070f500000| Untracked 
| 218|0x000000070f600000, 0x000000070f600000, 0x000000070f700000|  0%| F|  |TAMS 0x000000070f600000, 0x000000070f600000| Untracked 
| 219|0x000000070f700000, 0x000000070f700000, 0x000000070f800000|  0%| F|  |TAMS 0x000000070f700000, 0x000000070f700000| Untracked 
| 220|0x000000070f800000, 0x000000070f800000, 0x000000070f900000|  0%| F|  |TAMS 0x000000070f800000, 0x000000070f800000| Untracked 
| 221|0x000000070f900000, 0x000000070f900000, 0x000000070fa00000|  0%| F|  |TAMS 0x000000070f900000, 0x000000070f900000| Untracked 
| 222|0x000000070fa00000, 0x000000070fa00000, 0x000000070fb00000|  0%| F|  |TAMS 0x000000070fa00000, 0x000000070fa00000| Untracked 
| 223|0x000000070fb00000, 0x000000070fb00000, 0x000000070fc00000|  0%| F|  |TAMS 0x000000070fb00000, 0x000000070fb00000| Untracked 
| 224|0x000000070fc00000, 0x000000070fc00000, 0x000000070fd00000|  0%| F|  |TAMS 0x000000070fc00000, 0x000000070fc00000| Untracked 
| 225|0x000000070fd00000, 0x000000070fd00000, 0x000000070fe00000|  0%| F|  |TAMS 0x000000070fd00000, 0x000000070fd00000| Untracked 
| 226|0x000000070fe00000, 0x000000070fe00000, 0x000000070ff00000|  0%| F|  |TAMS 0x000000070fe00000, 0x000000070fe00000| Untracked 
| 227|0x000000070ff00000, 0x000000070ff00000, 0x0000000710000000|  0%| F|  |TAMS 0x000000070ff00000, 0x000000070ff00000| Untracked 
| 228|0x0000000710000000, 0x0000000710000000, 0x0000000710100000|  0%| F|  |TAMS 0x0000000710000000, 0x0000000710000000| Untracked 
| 229|0x0000000710100000, 0x0000000710100000, 0x0000000710200000|  0%| F|  |TAMS 0x0000000710100000, 0x0000000710100000| Untracked 
| 230|0x0000000710200000, 0x0000000710200000, 0x0000000710300000|  0%| F|  |TAMS 0x0000000710200000, 0x0000000710200000| Untracked 
| 231|0x0000000710300000, 0x0000000710300000, 0x0000000710400000|  0%| F|  |TAMS 0x0000000710300000, 0x0000000710300000| Untracked 
| 232|0x0000000710400000, 0x0000000710400000, 0x0000000710500000|  0%| F|  |TAMS 0x0000000710400000, 0x0000000710400000| Untracked 
| 233|0x0000000710500000, 0x0000000710500000, 0x0000000710600000|  0%| F|  |TAMS 0x0000000710500000, 0x0000000710500000| Untracked 
| 234|0x0000000710600000, 0x0000000710600000, 0x0000000710700000|  0%| F|  |TAMS 0x0000000710600000, 0x0000000710600000| Untracked 
| 235|0x0000000710700000, 0x0000000710700000, 0x0000000710800000|  0%| F|  |TAMS 0x0000000710700000, 0x0000000710700000| Untracked 
| 236|0x0000000710800000, 0x0000000710800000, 0x0000000710900000|  0%| F|  |TAMS 0x0000000710800000, 0x0000000710800000| Untracked 
| 237|0x0000000710900000, 0x0000000710900000, 0x0000000710a00000|  0%| F|  |TAMS 0x0000000710900000, 0x0000000710900000| Untracked 
| 238|0x0000000710a00000, 0x0000000710a00000, 0x0000000710b00000|  0%| F|  |TAMS 0x0000000710a00000, 0x0000000710a00000| Untracked 
| 239|0x0000000710b00000, 0x0000000710b00000, 0x0000000710c00000|  0%| F|  |TAMS 0x0000000710b00000, 0x0000000710b00000| Untracked 
| 240|0x0000000710c00000, 0x0000000710c00000, 0x0000000710d00000|  0%| F|  |TAMS 0x0000000710c00000, 0x0000000710c00000| Untracked 
| 241|0x0000000710d00000, 0x0000000710d00000, 0x0000000710e00000|  0%| F|  |TAMS 0x0000000710d00000, 0x0000000710d00000| Untracked 
| 242|0x0000000710e00000, 0x0000000710e00000, 0x0000000710f00000|  0%| F|  |TAMS 0x0000000710e00000, 0x0000000710e00000| Untracked 
| 243|0x0000000710f00000, 0x0000000710f00000, 0x0000000711000000|  0%| F|  |TAMS 0x0000000710f00000, 0x0000000710f00000| Untracked 
| 244|0x0000000711000000, 0x0000000711000000, 0x0000000711100000|  0%| F|  |TAMS 0x0000000711000000, 0x0000000711000000| Untracked 
| 245|0x0000000711100000, 0x0000000711100000, 0x0000000711200000|  0%| F|  |TAMS 0x0000000711100000, 0x0000000711100000| Untracked 
| 246|0x0000000711200000, 0x0000000711200000, 0x0000000711300000|  0%| F|  |TAMS 0x0000000711200000, 0x0000000711200000| Untracked 
| 247|0x0000000711300000, 0x0000000711300000, 0x0000000711400000|  0%| F|  |TAMS 0x0000000711300000, 0x0000000711300000| Untracked 
| 248|0x0000000711400000, 0x0000000711400000, 0x0000000711500000|  0%| F|  |TAMS 0x0000000711400000, 0x0000000711400000| Untracked 
| 249|0x0000000711500000, 0x0000000711500000, 0x0000000711600000|  0%| F|  |TAMS 0x0000000711500000, 0x0000000711500000| Untracked 
| 250|0x0000000711600000, 0x0000000711600000, 0x0000000711700000|  0%| F|  |TAMS 0x0000000711600000, 0x0000000711600000| Untracked 
| 251|0x0000000711700000, 0x0000000711700000, 0x0000000711800000|  0%| F|  |TAMS 0x0000000711700000, 0x0000000711700000| Untracked 
| 252|0x0000000711800000, 0x00000007118f64b0, 0x0000000711900000| 96%| E|  |TAMS 0x0000000711800000, 0x0000000711800000| Complete 
| 253|0x0000000711900000, 0x0000000711a00000, 0x0000000711a00000|100%| E|CS|TAMS 0x0000000711900000, 0x0000000711900000| Complete 
| 254|0x0000000711a00000, 0x0000000711b00000, 0x0000000711b00000|100%| E|CS|TAMS 0x0000000711a00000, 0x0000000711a00000| Complete 
| 255|0x0000000711b00000, 0x0000000711c00000, 0x0000000711c00000|100%| E|CS|TAMS 0x0000000711b00000, 0x0000000711b00000| Complete 
|3042|0x00000007bfe00000, 0x00000007bfe44000, 0x00000007bff00000| 26%|OA|  |TAMS 0x00000007bfe00000, 0x00000007bfe00000| Untracked 
|3043|0x00000007bff00000, 0x00000007bff6a000, 0x00000007c0000000| 41%|CA|  |TAMS 0x00000007bff00000, 0x00000007bff00000| Untracked 

Card table byte_map: [0x00007ff9c7000000,0x00007ff9c77f2000] _byte_map_base: 0x00007ff9c37f2000

Marking Bits (Prev, Next): (CMBitMap*) 0x00007ff9e407d138, (CMBitMap*) 0x00007ff9e407d170
 Prev Bits: [0x00007ff9c2870000, 0x00007ff9c6800000)
 Next Bits: [0x00007ff9be8e0000, 0x00007ff9c2870000)

Polling page: 0x00007ff9ecaf0000

Metaspace:

Usage:
  Non-class:      4.37 MB capacity,     1.69 MB ( 39%) used,     2.66 MB ( 61%) free+waste,     9.94 KB ( <1%) overhead. 
      Class:    547.00 KB capacity,   225.81 KB ( 41%) used,   315.38 KB ( 58%) free+waste,     5.81 KB (  1%) overhead. 
       Both:      4.90 MB capacity,     1.91 MB ( 39%) used,     2.97 MB ( 61%) free+waste,    15.75 KB ( <1%) overhead. 

Virtual space:
  Non-class space:        8.00 MB reserved,       4.50 MB ( 56%) committed 
      Class space:        1.00 GB reserved,     640.00 KB ( <1%) committed 
             Both:        1.01 GB reserved,       5.12 MB ( <1%) committed 

Chunk freelists:
   Non-Class:  7.00 KB
       Class:  0 bytes
        Both:  7.00 KB

MaxMetaspaceSize: unlimited
CompressedClassSpaceSize: 1.00 GB

CodeHeap 'non-profiled nmethods': size=120032Kb used=133Kb max_used=133Kb free=119899Kb
 bounds [0x00007ff9d43f8000, 0x00007ff9d4668000, 0x00007ff9db930000]
CodeHeap 'profiled nmethods': size=120028Kb used=725Kb max_used=725Kb free=119302Kb
 bounds [0x00007ff9ccec1000, 0x00007ff9cd131000, 0x00007ff9d43f8000]
CodeHeap 'non-nmethods': size=5700Kb used=1123Kb max_used=1137Kb free=4576Kb
 bounds [0x00007ff9cc930000, 0x00007ff9ccba0000, 0x00007ff9ccec1000]
 total_blobs=894 nmethods=447 adapters=269
 compilation: enabled
              stopped_count=0, restarted_count=0
 full_count=0

Compilation events (20 events):
Event: 5.819 Thread 0x00007ff9e41e4800  438       3       java.lang.reflect.Modifier::isProtected (12 bytes)
Event: 5.819 Thread 0x00007ff9e41e4800 nmethod 438 0x00007ff9ccf71190 code [0x00007ff9ccf71340, 0x00007ff9ccf714d0]
Event: 5.819 Thread 0x00007ff9e41e4800  439       3       jdk.internal.org.objectweb.asm.ByteVector::<init> (13 bytes)
Event: 5.819 Thread 0x00007ff9e41e4800 nmethod 439 0x00007ff9ccf71590 code [0x00007ff9ccf71740, 0x00007ff9ccf71a30]
Event: 5.819 Thread 0x00007ff9e41e4800  440       3       jdk.internal.org.objectweb.asm.ByteVector::putByteArray (49 bytes)
Event: 5.820 Thread 0x00007ff9e41e4800 nmethod 440 0x00007ff9ccf71b10 code [0x00007ff9ccf71ce0, 0x00007ff9ccf72018]
Event: 5.960 Thread 0x00007ff9e41e4800  441       3       java.io.ObjectInputStream$BlockDataInputStream::read (62 bytes)
Event: 5.961 Thread 0x00007ff9e41e4800 nmethod 441 0x00007ff9ccf72110 code [0x00007ff9ccf72300, 0x00007ff9ccf72638]
Event: 5.961 Thread 0x00007ff9e41e4800  442       3       java.lang.StringCoding::decodeUTF8 (45 bytes)
Event: 5.962 Thread 0x00007ff9e41e4800 nmethod 442 0x00007ff9ccf72790 code [0x00007ff9ccf729a0, 0x00007ff9ccf73008]
Event: 5.962 Thread 0x00007ff9e41e4800  443       3       java.lang.StringCoding$Result::with (12 bytes)
Event: 5.963 Thread 0x00007ff9e41e4800 nmethod 443 0x00007ff9ccf73210 code [0x00007ff9ccf733c0, 0x00007ff9ccf73590]
Event: 5.963 Thread 0x00007ff9e41e4800  444       3       java.lang.String::<init> (10 bytes)
Event: 5.963 Thread 0x00007ff9e41e4800 nmethod 444 0x00007ff9ccf73610 code [0x00007ff9ccf737c0, 0x00007ff9ccf739a8]
Event: 5.963 Thread 0x00007ff9e41e4800  445       3       java.lang.String::<init> (55 bytes)
Event: 5.964 Thread 0x00007ff9e41e4800 nmethod 445 0x00007ff9ccf73a90 code [0x00007ff9ccf73c80, 0x00007ff9ccf74088]
Event: 5.964 Thread 0x00007ff9e41e4800  446   !   3       java.lang.StringCoding::decode (165 bytes)
Event: 5.967 Thread 0x00007ff9e41e4800 nmethod 446 0x00007ff9ccf74290 code [0x00007ff9ccf74640, 0x00007ff9ccf75d88]
Event: 6.799 Thread 0x00007ff9e41e4800  447       1       java.util.ArrayList::size (5 bytes)
Event: 6.799 Thread 0x00007ff9e41e4800 nmethod 447 0x00007ff9d4419090 code [0x00007ff9d4419240, 0x00007ff9d4419370]

GC Heap History (0 events):
No events

Deoptimization events (4 events):
Event: 0.311 Thread 0x00007ff9e4015000 Uncommon trap: trap_request=0xffffff4d fr.pc=0x00007ff9d4402104 relative=0x00000000000000e4
Event: 0.311 Thread 0x00007ff9e4015000 Uncommon trap: reason=unstable_if action=reinterpret pc=0x00007ff9d4402104 method=java.lang.String.isLatin1()Z @ 10 c2
Event: 0.311 Thread 0x00007ff9e4015000 DEOPT PACKING pc=0x00007ff9d4402104 sp=0x00007ff9eca1f420
Event: 0.311 Thread 0x00007ff9e4015000 DEOPT UNPACKING pc=0x00007ff9cc9692a5 sp=0x00007ff9eca1f390 mode 2

Classes redefined (3 events):
Event: 3.818 Thread 0x00007ff9e41d3800 redefined class name=REPL.$JShell$20$InfiniteList, count=1
Event: 4.682 Thread 0x00007ff9e41d3800 redefined class name=REPL.$JShell$20$InfiniteList, count=2
Event: 4.833 Thread 0x00007ff9e41d3800 redefined class name=REPL.$JShell$20$InfiniteList, count=3

Internal exceptions (4 events):
Event: 0.342 Thread 0x00007ff9e4015000 Exception <a 'java/lang/NoSuchMethodError'{0x0000000711a72000}: 'java.lang.Object java.lang.invoke.DirectMethodHandle$Holder.invokeStatic(java.lang.Object, java.lang.Object, java.lang.Object, java.lang.Object, java.lang.Object, java.lang.Object, java.lang
Event: 0.349 Thread 0x00007ff9e4015000 Exception <a 'java/lang/NoSuchMethodError'{0x0000000711a8d430}: 'java.lang.Object java.lang.invoke.DirectMethodHandle$Holder.invokeStatic(java.lang.Object, java.lang.Object, java.lang.Object, java.lang.Object, java.lang.Object, java.lang.Object, java.lang
Event: 4.652 Thread 0x00007ff9e4015000 Exception <a 'java/lang/VerifyError'{0x0000000711974590}: Bad return type
Exception Details:
  Location:
    REPL/$JShell$21B$InfiniteListImpl.filter(Ljava/util/function/Predicate;)LREPL/$JShell$21B$InfiniteListImpl; @14: areturn
  Reason:
    Type 'REPL/
Event: 4.661 Thread 0x00007ff9e4015000 Exception <a 'java/lang/NoSuchMethodError'{0x000000071180e240}: <clinit>> (0x000000071180e240) thrown at [/build/openjdk-lts-ioLltV/openjdk-lts-11.0.5+10/src/hotspot/share/prims/jni.cpp, line 1362]

Events (20 events):
Event: 5.522 loading class REPL/$JShell$21C$InfiniteListImpl
Event: 5.522 loading class REPL/$JShell$21C$InfiniteListImpl done
Event: 5.686 loading class REPL/$JShell$27
Event: 5.686 loading class REPL/$JShell$27 done
Event: 5.816 loading class REPL/$JShell$28
Event: 5.816 loading class REPL/$JShell$28 done
Event: 5.818 loading class REPL/$JShell$21C$InfiniteListImpl
Event: 5.818 loading class REPL/$JShell$21C$InfiniteListImpl done
Event: 5.819 loading class REPL/$JShell$21C$InfiniteListImpl
Event: 5.819 loading class REPL/$JShell$21C$InfiniteListImpl done
Event: 5.961 loading class REPL/$JShell$29
Event: 5.961 loading class REPL/$JShell$29 done
Event: 6.099 loading class REPL/$JShell$30
Event: 6.099 loading class REPL/$JShell$30 done
Event: 6.266 loading class REPL/$JShell$31
Event: 6.266 loading class REPL/$JShell$31 done
Event: 6.798 loading class REPL/$JShell$35
Event: 6.798 loading class REPL/$JShell$35 done
Event: 7.490 loading class REPL/$JShell$39
Event: 7.490 loading class REPL/$JShell$39 done


Dynamic libraries:
701c00000-711c00000 rw-p 00000000 00:00 0
711c00000-7bfe00000 ---p 00000000 00:00 0
7bfe00000-7bfe44000 rw-p 01104000 00:00 181837                   /usr/lib/jvm/java-11-openjdk-amd64/lib/server/classes.jsa
7bfe44000-7bff00000 rw-p 00000000 00:00 0
7bff00000-7bff6a000 rw-p 0109a000 00:00 181837                   /usr/lib/jvm/java-11-openjdk-amd64/lib/server/classes.jsa
7bff6a000-7c0000000 rw-p 00000000 00:00 0
7c0000000-800000000 ---p 00000000 00:00 0
800000000-800002000 rwxp 00001000 00:00 181837                   /usr/lib/jvm/java-11-openjdk-amd64/lib/server/classes.jsa
800002000-8003b8000 rw-p 00003000 00:00 181837                   /usr/lib/jvm/java-11-openjdk-amd64/lib/server/classes.jsa
8003b8000-800a8c000 rw-p 003b9000 00:00 181837                   /usr/lib/jvm/java-11-openjdk-amd64/lib/server/classes.jsa
800a8c000-800a8d000 rw-p 00a8d000 00:00 181837                   /usr/lib/jvm/java-11-openjdk-amd64/lib/server/classes.jsa
800a8d000-801099000 rw-p 00a8e000 00:00 181837                   /usr/lib/jvm/java-11-openjdk-amd64/lib/server/classes.jsa
840000000-8400a0000 rw-p 00000000 00:00 0
8400a0000-880000000 ---p 00000000 00:00 0
7ff96c000000-7ff96c021000 rw-p 00000000 00:00 0
7ff96c021000-7ff970000000 ---p 00000000 00:00 0
7ff970000000-7ff970021000 rw-p 00000000 00:00 0
7ff970021000-7ff974000000 ---p 00000000 00:00 0
7ff974000000-7ff974021000 rw-p 00000000 00:00 0
7ff974021000-7ff978000000 ---p 00000000 00:00 0
7ff978000000-7ff978021000 rw-p 00000000 00:00 0
7ff978021000-7ff97c000000 ---p 00000000 00:00 0
7ff97c000000-7ff97c021000 rw-p 00000000 00:00 0
7ff97c021000-7ff980000000 ---p 00000000 00:00 0
7ff980000000-7ff980021000 rw-p 00000000 00:00 0
7ff980021000-7ff984000000 ---p 00000000 00:00 0
7ff984000000-7ff984021000 rw-p 00000000 00:00 0
7ff984021000-7ff988000000 ---p 00000000 00:00 0
7ff988000000-7ff988021000 rw-p 00000000 00:00 0
7ff988021000-7ff98c000000 ---p 00000000 00:00 0
7ff98c000000-7ff98c214000 rw-p 00000000 00:00 0
7ff98c214000-7ff990000000 ---p 00000000 00:00 0
7ff990000000-7ff990021000 rw-p 00000000 00:00 0
7ff990021000-7ff994000000 ---p 00000000 00:00 0
7ff994000000-7ff994021000 rw-p 00000000 00:00 0
7ff994021000-7ff998000000 ---p 00000000 00:00 0
7ff998000000-7ff998123000 rw-p 00000000 00:00 0
7ff998123000-7ff99c000000 ---p 00000000 00:00 0
7ff99c000000-7ff99c021000 rw-p 00000000 00:00 0
7ff99c021000-7ff9a0000000 ---p 00000000 00:00 0
7ff9a0000000-7ff9a0021000 rw-p 00000000 00:00 0
7ff9a0021000-7ff9a4000000 ---p 00000000 00:00 0
7ff9a4000000-7ff9a4021000 rw-p 00000000 00:00 0
7ff9a4021000-7ff9a8000000 ---p 00000000 00:00 0
7ff9a8000000-7ff9a8021000 rw-p 00000000 00:00 0
7ff9a8021000-7ff9ac000000 ---p 00000000 00:00 0
7ff9addc0000-7ff9adec1000 rw-p 00000000 00:00 0
7ff9aded0000-7ff9aded4000 ---p 00000000 00:00 0
7ff9aded4000-7ff9adfd1000 rw-p 00000000 00:00 0
7ff9adfe0000-7ff9adfe2000 r-xp 00000000 00:00 138092             /usr/lib/jvm/java-11-openjdk-amd64/lib/libextnet.so
7ff9adfe2000-7ff9adfe3000 ---p 00002000 00:00 138092             /usr/lib/jvm/java-11-openjdk-amd64/lib/libextnet.so
7ff9adfe3000-7ff9ae1e1000 ---p 00000003 00:00 138092             /usr/lib/jvm/java-11-openjdk-amd64/lib/libextnet.so
7ff9ae1e1000-7ff9ae1e2000 r--p 00001000 00:00 138092             /usr/lib/jvm/java-11-openjdk-amd64/lib/libextnet.so
7ff9ae1e2000-7ff9ae1e3000 rw-p 00002000 00:00 138092             /usr/lib/jvm/java-11-openjdk-amd64/lib/libextnet.so
7ff9ae1f0000-7ff9ae1f4000 ---p 00000000 00:00 0
7ff9ae1f4000-7ff9ae2f1000 rw-p 00000000 00:00 0
7ff9ae300000-7ff9ae316000 r-xp 00000000 00:00 139242             /usr/lib/jvm/java-11-openjdk-amd64/lib/libnet.so
7ff9ae316000-7ff9ae317000 ---p 00016000 00:00 139242             /usr/lib/jvm/java-11-openjdk-amd64/lib/libnet.so
7ff9ae317000-7ff9ae515000 ---p 00000017 00:00 139242             /usr/lib/jvm/java-11-openjdk-amd64/lib/libnet.so
7ff9ae515000-7ff9ae516000 r--p 00015000 00:00 139242             /usr/lib/jvm/java-11-openjdk-amd64/lib/libnet.so
7ff9ae516000-7ff9ae517000 rw-p 00016000 00:00 139242             /usr/lib/jvm/java-11-openjdk-amd64/lib/libnet.so
7ff9ae520000-7ff9ae530000 r-xp 00000000 00:00 139247             /usr/lib/jvm/java-11-openjdk-amd64/lib/libnio.so
7ff9ae530000-7ff9ae531000 ---p 00010000 00:00 139247             /usr/lib/jvm/java-11-openjdk-amd64/lib/libnio.so
7ff9ae531000-7ff9ae72f000 ---p 00000011 00:00 139247             /usr/lib/jvm/java-11-openjdk-amd64/lib/libnio.so
7ff9ae72f000-7ff9ae730000 r--p 0000f000 00:00 139247             /usr/lib/jvm/java-11-openjdk-amd64/lib/libnio.so
7ff9ae730000-7ff9ae731000 rw-p 00010000 00:00 139247             /usr/lib/jvm/java-11-openjdk-amd64/lib/libnio.so
7ff9ae740000-7ff9ae741000 ---p 00000000 00:00 0
7ff9ae741000-7ff9ae842000 rw-p 00000000 00:00 0
7ff9ae850000-7ff9ae854000 ---p 00000000 00:00 0
7ff9ae854000-7ff9ae951000 rw-p 00000000 00:00 0
7ff9ae960000-7ff9ae964000 ---p 00000000 00:00 0
7ff9ae964000-7ff9aea61000 rw-p 00000000 00:00 0
7ff9aea70000-7ff9aea74000 ---p 00000000 00:00 0
7ff9aea74000-7ff9aeb71000 rw-p 00000000 00:00 0
7ff9aeb80000-7ff9aeb84000 ---p 00000000 00:00 0
7ff9aeb84000-7ff9aec81000 rw-p 00000000 00:00 0
7ff9aec90000-7ff9aec94000 r-xp 00000000 00:00 137958             /usr/lib/jvm/java-11-openjdk-amd64/lib/libdt_socket.so
7ff9aec94000-7ff9aec96000 ---p 00004000 00:00 137958             /usr/lib/jvm/java-11-openjdk-amd64/lib/libdt_socket.so
7ff9aec96000-7ff9aee94000 ---p 00000006 00:00 137958             /usr/lib/jvm/java-11-openjdk-amd64/lib/libdt_socket.so
7ff9aee94000-7ff9aee95000 r--p 00004000 00:00 137958             /usr/lib/jvm/java-11-openjdk-amd64/lib/libdt_socket.so
7ff9aee95000-7ff9aee96000 rw-p 00005000 00:00 137958             /usr/lib/jvm/java-11-openjdk-amd64/lib/libdt_socket.so
7ff9aeea0000-7ff9aeea4000 ---p 00000000 00:00 0
7ff9aeea4000-7ff9aefa1000 rw-p 00000000 00:00 0
7ff9aefb0000-7ff9aefb4000 ---p 00000000 00:00 0
7ff9aefb4000-7ff9af0b1000 rw-p 00000000 00:00 0
7ff9af0c0000-7ff9af0c4000 ---p 00000000 00:00 0
7ff9af0c4000-7ff9af1c1000 rw-p 00000000 00:00 0
7ff9af1d0000-7ff9af1d4000 ---p 00000000 00:00 0
7ff9af1d4000-7ff9af2d1000 rw-p 00000000 00:00 0
7ff9af2d2000-7ff9af445000 r--p 00000000 00:00 620215             /usr/lib/locale/C.UTF-8/LC_COLLATE
7ff9af445000-7ff9af5e0000 r--p 00000000 00:00 620296             /usr/lib/locale/locale-archive
7ff9af5e0000-7ff9af5e4000 ---p 00000000 00:00 0
7ff9af5e4000-7ff9af6e1000 rw-p 00000000 00:00 0
7ff9af6f0000-7ff9af6f4000 ---p 00000000 00:00 0
7ff9af6f4000-7ff9af7f1000 rw-p 00000000 00:00 0
7ff9af800000-7ff9afc80000 rw-p 00000000 00:00 0
7ff9afc80000-7ff9b0000000 ---p 00000000 00:00 0
7ff9b0000000-7ff9b0021000 rw-p 00000000 00:00 0
7ff9b0021000-7ff9b4000000 ---p 00000000 00:00 0
7ff9b4000000-7ff9b4021000 rw-p 00000000 00:00 0
7ff9b4021000-7ff9b8000000 ---p 00000000 00:00 0
7ff9b8000000-7ff9b8021000 rw-p 00000000 00:00 0
7ff9b8021000-7ff9bc000000 ---p 00000000 00:00 0
7ff9bc020000-7ff9bc051000 rw-p 00000000 00:00 0
7ff9bc060000-7ff9bc061000 ---p 00000000 00:00 0
7ff9bc061000-7ff9bc162000 rw-p 00000000 00:00 0
7ff9bc170000-7ff9bc171000 ---p 00000000 00:00 0
7ff9bc171000-7ff9bc272000 rw-p 00000000 00:00 0
7ff9bc280000-7ff9bc281000 ---p 00000000 00:00 0
7ff9bc281000-7ff9bc382000 rw-p 00000000 00:00 0
7ff9bc390000-7ff9bc491000 rw-p 00000000 00:00 0
7ff9bc4a0000-7ff9bc5a1000 rw-p 00000000 00:00 0
7ff9bc5b0000-7ff9bc6b1000 rw-p 00000000 00:00 0
7ff9bc6c0000-7ff9bc7c1000 rw-p 00000000 00:00 0
7ff9bc7d0000-7ff9bc8d1000 rw-p 00000000 00:00 0
7ff9bc8e0000-7ff9bece0000 rw-p 00000000 00:00 0
7ff9bece0000-7ff9c1868000 ---p 00000000 00:00 0
7ff9c1868000-7ff9c1870000 rw-p 00000000 00:00 0
7ff9c1870000-7ff9c2870000 ---p 00000000 00:00 0
7ff9c2870000-7ff9c2c70000 rw-p 00000000 00:00 0
7ff9c2c70000-7ff9c57f8000 ---p 00000000 00:00 0
7ff9c57f8000-7ff9c5800000 rw-p 00000000 00:00 0
7ff9c5800000-7ff9c6800000 ---p 00000000 00:00 0
7ff9c6800000-7ff9c6880000 rw-p 00000000 00:00 0
7ff9c6880000-7ff9c6df1000 ---p 00000000 00:00 0
7ff9c6df1000-7ff9c6df2000 rw-p 00000000 00:00 0
7ff9c6df2000-7ff9c6ff2000 ---p 00000000 00:00 0
7ff9c7000000-7ff9c7080000 rw-p 00000000 00:00 0
7ff9c7080000-7ff9c75f1000 ---p 00000000 00:00 0
7ff9c75f1000-7ff9c75f2000 rw-p 00000000 00:00 0
7ff9c75f2000-7ff9c77f2000 ---p 00000000 00:00 0
7ff9c7800000-7ff9c7880000 rw-p 00000000 00:00 0
7ff9c7880000-7ff9c7df1000 ---p 00000000 00:00 0
7ff9c7df1000-7ff9c7df2000 rw-p 00000000 00:00 0
7ff9c7df2000-7ff9c7ff2000 ---p 00000000 00:00 0
7ff9c8000000-7ff9c8021000 rw-p 00000000 00:00 0
7ff9c8021000-7ff9cc000000 ---p 00000000 00:00 0
7ff9cc020000-7ff9cc0a1000 rw-p 00000000 00:00 0
7ff9cc0b0000-7ff9cc1b1000 rw-p 00000000 00:00 0
7ff9cc1c0000-7ff9cc2c1000 rw-p 00000000 00:00 0
7ff9cc2d0000-7ff9cc3d1000 rw-p 00000000 00:00 0
7ff9cc3e0000-7ff9cc3e1000 ---p 00000000 00:00 0
7ff9cc3e1000-7ff9cc4e2000 rw-p 00000000 00:00 0
7ff9cc4f0000-7ff9cc4f1000 ---p 00000000 00:00 0
7ff9cc4f1000-7ff9cc5f2000 rw-p 00000000 00:00 0
7ff9cc600000-7ff9cc707000 rw-p 00000000 00:00 0
7ff9cc710000-7ff9cc811000 rw-p 00000000 00:00 0
7ff9cc820000-7ff9cc921000 rw-p 00000000 00:00 0
7ff9cc930000-7ff9ccba0000 rwxp 00000000 00:00 0
7ff9ccba0000-7ff9ccec1000 ---p 00000000 00:00 0
7ff9ccec1000-7ff9cd131000 rwxp 00000000 00:00 0
7ff9cd131000-7ff9d43f8000 ---p 00000000 00:00 0
7ff9d43f8000-7ff9d4668000 rwxp 00000000 00:00 0
7ff9d4668000-7ff9db930000 ---p 00000000 00:00 0
7ff9db93e000-7ff9e4000000 r--s 00000000 00:00 141554             /usr/lib/jvm/java-11-openjdk-amd64/lib/modules
7ff9e4000000-7ff9e42c9000 rw-p 00000000 00:00 0
7ff9e42c9000-7ff9e8000000 ---p 00000000 00:00 0
7ff9e800f000-7ff9e8040000 r--p 00000000 00:00 620223             /usr/lib/locale/C.UTF-8/LC_CTYPE
7ff9e8040000-7ff9e809b000 rw-p 00000000 00:00 0
7ff9e80a0000-7ff9e81a1000 rw-p 00000000 00:00 0
7ff9e81b0000-7ff9e82b1000 rw-p 00000000 00:00 0
7ff9e82c0000-7ff9e83c1000 rw-p 00000000 00:00 0
7ff9e83d0000-7ff9e84d1000 rw-p 00000000 00:00 0
7ff9e84e0000-7ff9e85e1000 rw-p 00000000 00:00 0
7ff9e85f0000-7ff9e86f1000 rw-p 00000000 00:00 0
7ff9e8700000-7ff9e8701000 ---p 00000000 00:00 0
7ff9e8701000-7ff9e8802000 rw-p 00000000 00:00 0
7ff9e8810000-7ff9e8815000 rw-p 00000000 00:00 0
7ff9e8815000-7ff9e88fb000 ---p 00000000 00:00 0
7ff9e8900000-7ff9e8905000 r-xp 00000000 00:00 138887             /usr/lib/jvm/java-11-openjdk-amd64/lib/libjimage.so
7ff9e8905000-7ff9e8906000 ---p 00005000 00:00 138887             /usr/lib/jvm/java-11-openjdk-amd64/lib/libjimage.so
7ff9e8906000-7ff9e8b04000 ---p 00000006 00:00 138887             /usr/lib/jvm/java-11-openjdk-amd64/lib/libjimage.so
7ff9e8b04000-7ff9e8b05000 r--p 00004000 00:00 138887             /usr/lib/jvm/java-11-openjdk-amd64/lib/libjimage.so
7ff9e8b05000-7ff9e8b06000 rw-p 00005000 00:00 138887             /usr/lib/jvm/java-11-openjdk-amd64/lib/libjimage.so
7ff9e8b10000-7ff9e8b17000 r-xp 00000000 00:00 140971             /usr/lib/jvm/java-11-openjdk-amd64/lib/libzip.so
7ff9e8b17000-7ff9e8b18000 ---p 00007000 00:00 140971             /usr/lib/jvm/java-11-openjdk-amd64/lib/libzip.so
7ff9e8b18000-7ff9e8d16000 ---p 00000008 00:00 140971             /usr/lib/jvm/java-11-openjdk-amd64/lib/libzip.so
7ff9e8d16000-7ff9e8d17000 r--p 00006000 00:00 140971             /usr/lib/jvm/java-11-openjdk-amd64/lib/libzip.so
7ff9e8d17000-7ff9e8d18000 rw-p 00007000 00:00 140971             /usr/lib/jvm/java-11-openjdk-amd64/lib/libzip.so
7ff9e8d20000-7ff9e8d2b000 r-xp 00000000 00:00 487271             /lib/x86_64-linux-gnu/libnss_files-2.27.so
7ff9e8d2b000-7ff9e8d2c000 ---p 0000b000 00:00 487271             /lib/x86_64-linux-gnu/libnss_files-2.27.so
7ff9e8d2c000-7ff9e8f2a000 ---p 0000000c 00:00 487271             /lib/x86_64-linux-gnu/libnss_files-2.27.so
7ff9e8f2a000-7ff9e8f2b000 r--p 0000a000 00:00 487271             /lib/x86_64-linux-gnu/libnss_files-2.27.so
7ff9e8f2b000-7ff9e8f2c000 rw-p 0000b000 00:00 487271             /lib/x86_64-linux-gnu/libnss_files-2.27.so
7ff9e8f2c000-7ff9e8f32000 rw-p 00000000 00:00 0
7ff9e8f40000-7ff9e8f57000 r-xp 00000000 00:00 487265             /lib/x86_64-linux-gnu/libnsl-2.27.so
7ff9e8f57000-7ff9e8f58000 ---p 00017000 00:00 487265             /lib/x86_64-linux-gnu/libnsl-2.27.so
7ff9e8f58000-7ff9e9156000 ---p 00000018 00:00 487265             /lib/x86_64-linux-gnu/libnsl-2.27.so
7ff9e9156000-7ff9e9157000 r--p 00016000 00:00 487265             /lib/x86_64-linux-gnu/libnsl-2.27.so
7ff9e9157000-7ff9e9158000 rw-p 00017000 00:00 487265             /lib/x86_64-linux-gnu/libnsl-2.27.so
7ff9e9158000-7ff9e915a000 rw-p 00000000 00:00 0
7ff9e9160000-7ff9e916b000 r-xp 00000000 00:00 487276             /lib/x86_64-linux-gnu/libnss_nis-2.27.so
7ff9e916b000-7ff9e916c000 ---p 0000b000 00:00 487276             /lib/x86_64-linux-gnu/libnss_nis-2.27.so
7ff9e916c000-7ff9e936a000 ---p 0000000c 00:00 487276             /lib/x86_64-linux-gnu/libnss_nis-2.27.so
7ff9e936a000-7ff9e936b000 r--p 0000a000 00:00 487276             /lib/x86_64-linux-gnu/libnss_nis-2.27.so
7ff9e936b000-7ff9e936c000 rw-p 0000b000 00:00 487276             /lib/x86_64-linux-gnu/libnss_nis-2.27.so
7ff9e9370000-7ff9e9378000 r-xp 00000000 00:00 487267             /lib/x86_64-linux-gnu/libnss_compat-2.27.so
7ff9e9378000-7ff9e937a000 ---p 00008000 00:00 487267             /lib/x86_64-linux-gnu/libnss_compat-2.27.so
7ff9e937a000-7ff9e9578000 ---p 0000000a 00:00 487267             /lib/x86_64-linux-gnu/libnss_compat-2.27.so
7ff9e9578000-7ff9e9579000 r--p 00008000 00:00 487267             /lib/x86_64-linux-gnu/libnss_compat-2.27.so
7ff9e9579000-7ff9e957a000 rw-p 00009000 00:00 487267             /lib/x86_64-linux-gnu/libnss_compat-2.27.so
7ff9e9580000-7ff9e95bb000 r-xp 00000000 00:00 138617             /usr/lib/jvm/java-11-openjdk-amd64/lib/libjdwp.so
7ff9e95bb000-7ff9e95bc000 ---p 0003b000 00:00 138617             /usr/lib/jvm/java-11-openjdk-amd64/lib/libjdwp.so
7ff9e95bc000-7ff9e97ba000 ---p 0000003c 00:00 138617             /usr/lib/jvm/java-11-openjdk-amd64/lib/libjdwp.so
7ff9e97ba000-7ff9e97bb000 r--p 0003a000 00:00 138617             /usr/lib/jvm/java-11-openjdk-amd64/lib/libjdwp.so
7ff9e97bb000-7ff9e97bc000 rw-p 0003b000 00:00 138617             /usr/lib/jvm/java-11-openjdk-amd64/lib/libjdwp.so
7ff9e97c0000-7ff9e97e9000 r-xp 00000000 00:00 138269             /usr/lib/jvm/java-11-openjdk-amd64/lib/libjava.so
7ff9e97e9000-7ff9e97eb000 ---p 00029000 00:00 138269             /usr/lib/jvm/java-11-openjdk-amd64/lib/libjava.so
7ff9e97eb000-7ff9e99e8000 ---p 0000002b 00:00 138269             /usr/lib/jvm/java-11-openjdk-amd64/lib/libjava.so
7ff9e99e8000-7ff9e99e9000 r--p 00028000 00:00 138269             /usr/lib/jvm/java-11-openjdk-amd64/lib/libjava.so
7ff9e99e9000-7ff9e99eb000 rw-p 00029000 00:00 138269             /usr/lib/jvm/java-11-openjdk-amd64/lib/libjava.so
7ff9e99f0000-7ff9e99fd000 r-xp 00000000 00:00 140960             /usr/lib/jvm/java-11-openjdk-amd64/lib/libverify.so
7ff9e99fd000-7ff9e99ff000 ---p 0000d000 00:00 140960             /usr/lib/jvm/java-11-openjdk-amd64/lib/libverify.so
7ff9e99ff000-7ff9e9bfc000 ---p 0000000f 00:00 140960             /usr/lib/jvm/java-11-openjdk-amd64/lib/libverify.so
7ff9e9bfc000-7ff9e9bfe000 r--p 0000c000 00:00 140960             /usr/lib/jvm/java-11-openjdk-amd64/lib/libverify.so
7ff9e9bfe000-7ff9e9bff000 rw-p 0000e000 00:00 140960             /usr/lib/jvm/java-11-openjdk-amd64/lib/libverify.so
7ff9e9c00000-7ff9e9c07000 r-xp 00000000 00:00 487328             /lib/x86_64-linux-gnu/librt-2.27.so
7ff9e9c07000-7ff9e9c08000 ---p 00007000 00:00 487328             /lib/x86_64-linux-gnu/librt-2.27.so
7ff9e9c08000-7ff9e9e06000 ---p 00000008 00:00 487328             /lib/x86_64-linux-gnu/librt-2.27.so
7ff9e9e06000-7ff9e9e07000 r--p 00006000 00:00 487328             /lib/x86_64-linux-gnu/librt-2.27.so
7ff9e9e07000-7ff9e9e08000 rw-p 00007000 00:00 487328             /lib/x86_64-linux-gnu/librt-2.27.so
7ff9e9e10000-7ff9e9e27000 r-xp 00000000 00:00 487212             /lib/x86_64-linux-gnu/libgcc_s.so.1
7ff9e9e27000-7ff9e9e28000 ---p 00017000 00:00 487212             /lib/x86_64-linux-gnu/libgcc_s.so.1
7ff9e9e28000-7ff9ea026000 ---p 00000018 00:00 487212             /lib/x86_64-linux-gnu/libgcc_s.so.1
7ff9ea026000-7ff9ea027000 r--p 00016000 00:00 487212             /lib/x86_64-linux-gnu/libgcc_s.so.1
7ff9ea027000-7ff9ea028000 rw-p 00017000 00:00 487212             /lib/x86_64-linux-gnu/libgcc_s.so.1
7ff9ea030000-7ff9ea1cd000 r-xp 00000000 00:00 487240             /lib/x86_64-linux-gnu/libm-2.27.so
7ff9ea1cd000-7ff9ea1d0000 ---p 0019d000 00:00 487240             /lib/x86_64-linux-gnu/libm-2.27.so
7ff9ea1d0000-7ff9ea3cc000 ---p 000001a0 00:00 487240             /lib/x86_64-linux-gnu/libm-2.27.so
7ff9ea3cc000-7ff9ea3cd000 r--p 0019c000 00:00 487240             /lib/x86_64-linux-gnu/libm-2.27.so
7ff9ea3cd000-7ff9ea3ce000 rw-p 0019d000 00:00 487240             /lib/x86_64-linux-gnu/libm-2.27.so
7ff9ea3d0000-7ff9ea549000 r-xp 00000000 00:00 682071             /usr/lib/x86_64-linux-gnu/libstdc++.so.6.0.25
7ff9ea549000-7ff9ea556000 ---p 00179000 00:00 682071             /usr/lib/x86_64-linux-gnu/libstdc++.so.6.0.25
7ff9ea556000-7ff9ea749000 ---p 00000186 00:00 682071             /usr/lib/x86_64-linux-gnu/libstdc++.so.6.0.25
7ff9ea749000-7ff9ea753000 r--p 00179000 00:00 682071             /usr/lib/x86_64-linux-gnu/libstdc++.so.6.0.25
7ff9ea753000-7ff9ea755000 rw-p 00183000 00:00 682071             /usr/lib/x86_64-linux-gnu/libstdc++.so.6.0.25
7ff9ea755000-7ff9ea759000 rw-p 00000000 00:00 0
7ff9ea760000-7ff9eb834000 r-xp 00000000 00:00 142530             /usr/lib/jvm/java-11-openjdk-amd64/lib/server/libjvm.so
7ff9eb834000-7ff9eb92b000 ---p 010d4000 00:00 142530             /usr/lib/jvm/java-11-openjdk-amd64/lib/server/libjvm.so
7ff9eb92b000-7ff9eba34000 ---p 000011cb 00:00 142530             /usr/lib/jvm/java-11-openjdk-amd64/lib/server/libjvm.so
7ff9eba34000-7ff9ebaf1000 r--p 010d4000 00:00 142530             /usr/lib/jvm/java-11-openjdk-amd64/lib/server/libjvm.so
7ff9ebaf1000-7ff9ebb2a000 rw-p 01191000 00:00 142530             /usr/lib/jvm/java-11-openjdk-amd64/lib/server/libjvm.so
7ff9ebb2a000-7ff9ebb81000 rw-p 00000000 00:00 0
7ff9ebb90000-7ff9ebbaa000 r-xp 00000000 00:00 487320             /lib/x86_64-linux-gnu/libpthread-2.27.so
7ff9ebbaa000-7ff9ebbb4000 ---p 0001a000 00:00 487320             /lib/x86_64-linux-gnu/libpthread-2.27.so
7ff9ebbb4000-7ff9ebda9000 ---p 00000024 00:00 487320             /lib/x86_64-linux-gnu/libpthread-2.27.so
7ff9ebda9000-7ff9ebdaa000 r--p 00019000 00:00 487320             /lib/x86_64-linux-gnu/libpthread-2.27.so
7ff9ebdaa000-7ff9ebdab000 rw-p 0001a000 00:00 487320             /lib/x86_64-linux-gnu/libpthread-2.27.so
7ff9ebdab000-7ff9ebdaf000 rw-p 00000000 00:00 0
7ff9ebdb0000-7ff9ebdb3000 r-xp 00000000 00:00 487187             /lib/x86_64-linux-gnu/libdl-2.27.so
7ff9ebdb3000-7ff9ebdb4000 ---p 00003000 00:00 487187             /lib/x86_64-linux-gnu/libdl-2.27.so
7ff9ebdb4000-7ff9ebfb2000 ---p 00000004 00:00 487187             /lib/x86_64-linux-gnu/libdl-2.27.so
7ff9ebfb2000-7ff9ebfb3000 r--p 00002000 00:00 487187             /lib/x86_64-linux-gnu/libdl-2.27.so
7ff9ebfb3000-7ff9ebfb4000 rw-p 00003000 00:00 487187             /lib/x86_64-linux-gnu/libdl-2.27.so
7ff9ebfc0000-7ff9ebfdc000 r-xp 00000000 00:00 487370             /lib/x86_64-linux-gnu/libz.so.1.2.11
7ff9ebfdc000-7ff9ebfdd000 ---p 0001c000 00:00 487370             /lib/x86_64-linux-gnu/libz.so.1.2.11
7ff9ebfdd000-7ff9ec1db000 ---p 0000001d 00:00 487370             /lib/x86_64-linux-gnu/libz.so.1.2.11
7ff9ec1db000-7ff9ec1dc000 r--p 0001b000 00:00 487370             /lib/x86_64-linux-gnu/libz.so.1.2.11
7ff9ec1dc000-7ff9ec1dd000 rw-p 0001c000 00:00 487370             /lib/x86_64-linux-gnu/libz.so.1.2.11
7ff9ec1e0000-7ff9ec3c7000 r-xp 00000000 00:00 487157             /lib/x86_64-linux-gnu/libc-2.27.so
7ff9ec3c7000-7ff9ec3d0000 ---p 001e7000 00:00 487157             /lib/x86_64-linux-gnu/libc-2.27.so
7ff9ec3d0000-7ff9ec5c7000 ---p 000001f0 00:00 487157             /lib/x86_64-linux-gnu/libc-2.27.so
7ff9ec5c7000-7ff9ec5cb000 r--p 001e7000 00:00 487157             /lib/x86_64-linux-gnu/libc-2.27.so
7ff9ec5cb000-7ff9ec5cd000 rw-p 001eb000 00:00 487157             /lib/x86_64-linux-gnu/libc-2.27.so
7ff9ec5cd000-7ff9ec5d1000 rw-p 00000000 00:00 0
7ff9ec5e0000-7ff9ec5f0000 r-xp 00000000 00:00 137834             /usr/lib/jvm/java-11-openjdk-amd64/lib/jli/libjli.so
7ff9ec5f0000-7ff9ec5f1000 ---p 00010000 00:00 137834             /usr/lib/jvm/java-11-openjdk-amd64/lib/jli/libjli.so
7ff9ec5f1000-7ff9ec7ef000 ---p 00000011 00:00 137834             /usr/lib/jvm/java-11-openjdk-amd64/lib/jli/libjli.so
7ff9ec7ef000-7ff9ec7f0000 r--p 0000f000 00:00 137834             /usr/lib/jvm/java-11-openjdk-amd64/lib/jli/libjli.so
7ff9ec7f0000-7ff9ec7f1000 rw-p 00010000 00:00 137834             /usr/lib/jvm/java-11-openjdk-amd64/lib/jli/libjli.so
7ff9ec800000-7ff9ec826000 r-xp 00000000 00:00 487133             /lib/x86_64-linux-gnu/ld-2.27.so
7ff9ec826000-7ff9ec827000 r-xp 00026000 00:00 487133             /lib/x86_64-linux-gnu/ld-2.27.so
7ff9ec830000-7ff9ec835000 rw-p 00000000 00:00 0
7ff9ec835000-7ff9ec91b000 ---p 00000000 00:00 0
7ff9ec920000-7ff9ec924000 ---p 00000000 00:00 0
7ff9ec924000-7ff9eca21000 rw-p 00000000 00:00 0
7ff9eca27000-7ff9eca28000 r--p 00027000 00:00 487133             /lib/x86_64-linux-gnu/ld-2.27.so
7ff9eca28000-7ff9eca29000 rw-p 00028000 00:00 487133             /lib/x86_64-linux-gnu/ld-2.27.so
7ff9eca29000-7ff9eca2a000 rw-p 00000000 00:00 0
7ff9eca50000-7ff9eca78000 rw-p 00000000 00:00 0
7ff9eca80000-7ff9ecaa1000 rw-p 00000000 00:00 0
7ff9ecab0000-7ff9ecad1000 rw-p 00000000 00:00 0
7ff9ecae0000-7ff9ecae5000 rw-p 00000000 00:00 0
7ff9ecae5000-7ff9ecaec000 ---p 00000000 00:00 0
7ff9ecaf0000-7ff9ecaf1000 ---p 00000000 00:00 0
7ff9ecaf1000-7ff9ecaf2000 r--p 00000000 00:00 0
7ff9ecb00000-7ff9ecb02000 rw-p 00000000 00:00 0
7ff9ecb04000-7ff9ecb05000 r--p 00000000 00:00 620278             /usr/lib/locale/C.UTF-8/LC_NUMERIC
7ff9ecb05000-7ff9ecb06000 r--p 00000000 00:00 620293             /usr/lib/locale/C.UTF-8/LC_TIME
7ff9ecb06000-7ff9ecb07000 r--p 00000000 00:00 620258             /usr/lib/locale/C.UTF-8/LC_MONETARY
7ff9ecb07000-7ff9ecb08000 r--p 00000000 00:00 620254             /usr/lib/locale/C.UTF-8/LC_MESSAGES/SYS_LC_MESSAGES
7ff9ecb08000-7ff9ecb09000 r--p 00000000 00:00 620279             /usr/lib/locale/C.UTF-8/LC_PAPER
7ff9ecb09000-7ff9ecb10000 r--s 00000000 00:00 681823             /usr/lib/x86_64-linux-gnu/gconv/gconv-modules.cache
7ff9ecb10000-7ff9ecb12000 rw-p 00000000 00:00 0
7ff9ecb12000-7ff9ecb13000 r--p 00000000 00:00 620267             /usr/lib/locale/C.UTF-8/LC_NAME
7ff9ecb13000-7ff9ecb14000 r--p 00000000 00:00 620210             /usr/lib/locale/C.UTF-8/LC_ADDRESS
7ff9ecb14000-7ff9ecb15000 r--p 00000000 00:00 620281             /usr/lib/locale/C.UTF-8/LC_TELEPHONE
7ff9ecb15000-7ff9ecb16000 r--p 00000000 00:00 620242             /usr/lib/locale/C.UTF-8/LC_MEASUREMENT
7ff9ecb16000-7ff9ecb17000 r--p 00000000 00:00 620231             /usr/lib/locale/C.UTF-8/LC_IDENTIFICATION
7ff9ecb17000-7ff9ecb1f000 rw-s 00000000 00:00 219997             /tmp/hsperfdata_ashleyljh/9604
7ff9ecc00000-7ff9ecc01000 r-xp 00000000 00:00 136991             /usr/lib/jvm/java-11-openjdk-amd64/bin/java
7ff9ece01000-7ff9ece02000 r--p 00001000 00:00 136991             /usr/lib/jvm/java-11-openjdk-amd64/bin/java
7ff9ece02000-7ff9ece03000 rw-p 00002000 00:00 136991             /usr/lib/jvm/java-11-openjdk-amd64/bin/java
7fffeebaf000-7fffeebd0000 rw-p 00000000 00:00 0                  [heap]
7ffff5145000-7ffff5945000 rw-p 00000000 00:00 0                  [stack]
7ffff5c53000-7ffff5c54000 r-xp 00000000 00:00 0                  [vdso]


VM Arguments:
jvm_args: -agentlib:jdwp=transport=dt_socket,address=localhost:50590 
java_command: jdk.jshell.execution.RemoteExecutionControl 50589
java_class_path (initial): .
Launcher Type: SUN_STANDARD

[Global flags]
     intx CICompilerCount                          = 4                                         {product} {ergonomic}
     uint ConcGCThreads                            = 2                                         {product} {ergonomic}
     uint G1ConcRefinementThreads                  = 8                                         {product} {ergonomic}
   size_t G1HeapRegionSize                         = 1048576                                   {product} {ergonomic}
    uintx GCDrainStackTargetSize                   = 64                                        {product} {ergonomic}
   size_t InitialHeapSize                          = 268435456                                 {product} {ergonomic}
   size_t MarkStackSize                            = 4194304                                   {product} {ergonomic}
   size_t MaxHeapSize                              = 4265607168                                {product} {ergonomic}
   size_t MaxNewSize                               = 2558525440                                {product} {ergonomic}
   size_t MinHeapDeltaBytes                        = 1048576                                   {product} {ergonomic}
    uintx NonNMethodCodeHeapSize                   = 5836300                                {pd product} {ergonomic}
    uintx NonProfiledCodeHeapSize                  = 122910970                              {pd product} {ergonomic}
    uintx ProfiledCodeHeapSize                     = 122910970                              {pd product} {ergonomic}
    uintx ReservedCodeCacheSize                    = 251658240                              {pd product} {ergonomic}
     bool SegmentedCodeCache                       = true                                      {product} {ergonomic}
     bool UseCompressedClassPointers               = true                                 {lp64_product} {ergonomic}
     bool UseCompressedOops                        = true                                 {lp64_product} {ergonomic}
     bool UseG1GC                                  = true                                      {product} {ergonomic}

Logging:
Log output configuration:
 #0: stdout all=warning uptime,level,tags
 #1: stderr all=off uptime,level,tags

Environment Variables:
PATH=/usr/local/sbin:/usr/local/bin:/usr/sbin:/usr/bin:/sbin:/bin:/usr/games:/usr/local/games:/mnt/c/Program Files/WindowsApps/CanonicalGroupLimited.UbuntuonWindows_1804.2020.5.0_x64__79rhkp1fndgsc:/mnt/c/Program Files (x86)/Common Files/Oracle/Java/javapath:/mnt/c/Windows/System32:/mnt/c/Windows:/mnt/c/Windows/System32/wbem:/mnt/c/Windows/System32/WindowsPowerShell/v1.0:/mnt/c/Windows/System32/OpenSSH:/mnt/c/Program Files (x86)/NVIDIA Corporation/PhysX/Common:/mnt/c/Program Files/Intel/WiFi/bin:/mnt/c/Program Files/Common Files/Intel/WirelessCommon:/mnt/c/Program Files/Java/jdk-12.0.2/bin:/mnt/d/Matlab/bin:/mnt/c/Users/ashle/AppData/Local/Microsoft/WindowsApps:/mnt/c/Users/ashle/AppData/Local/Programs/Microsoft VS Code/bin:/snap/bin
SHELL=/bin/bash
DISPLAY=:0
HOSTTYPE=x86_64

Signal Handlers:
SIGSEGV: [libjvm.so+0xdeda70], sa_mask[0]=11111111111111111111111111111110, sa_flags=SA_RESTART|SA_SIGINFO
SIGBUS: [libjvm.so+0xdeda70], sa_mask[0]=11111111111111111111111111111110, sa_flags=SA_RESTART|SA_SIGINFO
SIGFPE: [libjvm.so+0xdeda70], sa_mask[0]=11111111111111111111111111111110, sa_flags=SA_RESTART|SA_SIGINFO
SIGPIPE: [libjvm.so+0xbc3040], sa_mask[0]=11111111111111111111111111111110, sa_flags=SA_RESTART|SA_SIGINFO
SIGXFSZ: [libjvm.so+0xbc3040], sa_mask[0]=11111111111111111111111111111110, sa_flags=SA_RESTART|SA_SIGINFO
SIGILL: [libjvm.so+0xdeda70], sa_mask[0]=11111111111111111111111111111110, sa_flags=SA_RESTART|SA_SIGINFO
SIGUSR2: [libjvm.so+0xbc2ee0], sa_mask[0]=00100000000000000000000000000000, sa_flags=SA_RESTART|SA_SIGINFO
SIGHUP: [libjvm.so+0xbc3240], sa_mask[0]=11111111111111111111111111111110, sa_flags=SA_RESTART|SA_SIGINFO
SIGINT: [libjvm.so+0xbc3240], sa_mask[0]=11111111111111111111111111111110, sa_flags=SA_RESTART|SA_SIGINFO
SIGTERM: [libjvm.so+0xbc3240], sa_mask[0]=11111111111111111111111111111110, sa_flags=SA_RESTART|SA_SIGINFO
SIGQUIT: [libjvm.so+0xbc3240], sa_mask[0]=11111111111111111111111111111110, sa_flags=SA_RESTART|SA_SIGINFO


---------------  S Y S T E M  ---------------

OS:DISTRIB_ID=Ubuntu
DISTRIB_RELEASE=18.04
DISTRIB_CODENAME=bionic
DISTRIB_DESCRIPTION="Ubuntu 18.04.2 LTS"
uname:Linux 4.4.0-17763-Microsoft #864-Microsoft Thu Nov 07 15:22:00 PST 2019 x86_64
libc:glibc 2.27 NPTL 2.27 
rlimit: STACK 8192k, CORE 0k, NPROC 7823, NOFILE 65536, AS infinity, DATA infinity, FSIZE infinity
load average:0.52 0.58 0.59

/proc/meminfo:
MemTotal:       16661812 kB
MemFree:         6758632 kB
Buffers:           34032 kB
Cached:           188576 kB
SwapCached:            0 kB
Active:           167556 kB
Inactive:         157876 kB
Active(anon):     103104 kB
Inactive(anon):    17440 kB
Active(file):      64452 kB
Inactive(file):   140436 kB
Unevictable:           0 kB
Mlocked:               0 kB
SwapTotal:      15467644 kB
SwapFree:       15255760 kB
Dirty:                 0 kB
Writeback:             0 kB
AnonPages:        102824 kB
Mapped:            71404 kB
Shmem:             17720 kB
Slab:              13868 kB
SReclaimable:       6744 kB
SUnreclaim:         7124 kB
KernelStack:        2848 kB
PageTables:         2524 kB
NFS_Unstable:          0 kB
Bounce:                0 kB
WritebackTmp:          0 kB
CommitLimit:      515524 kB
Committed_AS:    3450064 kB
VmallocTotal:     122880 kB
VmallocUsed:       21296 kB
VmallocChunk:      66044 kB
HardwareCorrupted:     0 kB
AnonHugePages:      2048 kB
HugePages_Total:       0
HugePages_Free:        0
HugePages_Rsvd:        0
HugePages_Surp:        0
Hugepagesize:       2048 kB
DirectMap4k:       12280 kB
DirectMap4M:      897024 kB


/proc/sys/kernel/threads-max (system-wide limit on the number of threads):
32768


/proc/sys/vm/max_map_count (maximum number of memory map areas a process may have):


/proc/sys/kernel/pid_max (system-wide limit on number of process identifiers):
32768



Steal ticks since vm start: 0
Steal ticks percentage since vm start:  0.000

CPU:total 8 (initial active 8) (4 cores per cpu, 2 threads per core) family 6 model 142 stepping 11, cmov, cx8, fxsr, mmx, sse, sse2, sse3, ssse3, sse4.1, sse4.2, popcnt, avx, avx2, aes, clmul, erms, 3dnowpref, lzcnt, ht, tsc, tscinvbit, bmi1, bmi2, adx, fma
CPU Model and flags from /proc/cpuinfo:
model name	: Intel(R) Core(TM) i7-8565U CPU @ 1.80GHz
flags		: fpu vme de pse tsc msr pae mce cx8 apic sep mtrr pge mca cmov pat pse36 clflush dts acpi mmx fxsr sse sse2 ss ht tm pbe syscall nx pdpe1gb rdtscp lm pni pclmulqdq dtes64 monitor ds_cpl vmx est tm2 ssse3 fma cx16 xtpr pdcm pcid sse4_1 sse4_2 x2apic movbe popcnt tsc_deadline_timer aes xsave osxsave avx f16c rdrand

Memory: 4k page, physical 16661812k(6758632k free), swap 15467644k(15255760k free)

vm_info: OpenJDK 64-Bit Server VM (11.0.5+10-post-Ubuntu-0ubuntu1.118.04) for linux-amd64 JRE (11.0.5+10-post-Ubuntu-0ubuntu1.118.04), built on Oct 16 2019 22:01:07 by "buildd" with gcc 7.4.0

END.
