#
# A fatal error has been detected by the Java Runtime Environment:
#
#  SIGSEGV (0xb) at pc=0x00007fe95bf772e1, pid=9462, tid=9467
#
# JRE version: OpenJDK Runtime Environment (11.0.5+10) (build 11.0.5+10-post-Ubuntu-0ubuntu1.118.04)
# Java VM: OpenJDK 64-Bit Server VM (11.0.5+10-post-Ubuntu-0ubuntu1.118.04, mixed mode, sharing, tiered, compressed oops, g1 gc, linux-amd64)
# Problematic frame:
# V  [libjvm.so+0xe172e1]
#
# Core dump will be written. Default location: core.9462 (may not exist)
#
# If you would like to submit a bug report, please visit:
#   Unknown
#

---------------  S U M M A R Y ------------

Command Line: -agentlib:jdwp=transport=dt_socket,address=localhost:50564 jdk.jshell.execution.RemoteExecutionControl 50563

Host: Intel(R) Core(TM) i7-8565U CPU @ 1.80GHz, 8 cores, 15G, Ubuntu 18.04.2 LTS
Time: Thu Apr  2 02:10:58 2020 DST elapsed time: 40841 seconds (0d 11h 20m 41s)

---------------  T H R E A D  ---------------

Current thread (0x00007fe95402e000):  GCTaskThread "GC Thread#0" [stack: 0x00007fe9591f2000,0x00007fe9592f2000] [id=9467]

Stack: [0x00007fe9591f2000,0x00007fe9592f2000],  sp=0x00007fe9592f0e10,  free space=1019k
Native frames: (J=compiled Java code, A=aot compiled Java code, j=interpreted, Vv=VM code, C=native code)
V  [libjvm.so+0xe172e1]
V  [libjvm.so+0xd7ba0a]
V  [libjvm.so+0xbcd3ce]


siginfo: si_signo: 11 (SIGSEGV), si_code: 1 (SEGV_MAPERR), si_addr: 0x0000000000000010

Register to memory mapping:

RAX=0x0 is NULL
RBX=0x00007fe92c4909c0 points into unknown readable memory: 70 67 44 5c e9 7f 00 00
RCX=0x0 is NULL
RDX=0x0 is NULL
RSP=0x00007fe9592f0e10 points into unknown readable memory: 70 0e 2f 59 e9 7f 00 00
RBP=0x00007fe9592f0e40 points into unknown readable memory: c0 0e 2f 59 e9 7f 00 00
RSI=0x0 is NULL
RDI=0x00007fe9592f0d70 points into unknown readable memory: 90 06 5a 5c e9 7f 00 00
R8 =0x0 is NULL
R9 =0x00000000ffffffff is an unknown value
R10=0x0 is NULL
R11=0x0 is NULL
R12=0x00007fe9592f0e1c points into unknown readable memory: ff ff ff ff
R13=0x00007fe95402e000 points into unknown readable memory: 50 01 4f 5c e9 7f 00 00
R14=0x0 is NULL
R15=0x00007fe95d5ff7d0 is pointing into the stack for thread: 0x00007fe954015000


Registers:
RAX=0x0000000000000000, RBX=0x00007fe92c4909c0, RCX=0x0000000000000000, RDX=0x0000000000000000
RSP=0x00007fe9592f0e10, RBP=0x00007fe9592f0e40, RSI=0x0000000000000000, RDI=0x00007fe9592f0d70
R8 =0x0000000000000000, R9 =0x00000000ffffffff, R10=0x0000000000000000, R11=0x0000000000000000
R12=0x00007fe9592f0e1c, R13=0x00007fe95402e000, R14=0x0000000000000000, R15=0x00007fe95d5ff7d0
RIP=0x00007fe95bf772e1, EFLAGS=0x0000000000010202, CSGSFS=0x00000053002b0033, ERR=0x0000000000000000
  TRAPNO=0x0000000000000000

Top of Stack: (sp=0x00007fe9592f0e10)
0x00007fe9592f0e10:   00007fe9592f0e70 ffffffff5402e000
0x00007fe9592f0e20:   00007fe95c50f378 00007fe95402e000
0x00007fe9592f0e30:   00007fe9591f2000 0000000000100000
0x00007fe9592f0e40:   00007fe9592f0ec0 00007fe95bedba0a 

Instructions: (pc=0x00007fe95bf772e1)
0x00007fe95bf771e1:   35 cf 49 0f 00 31 c0 4c 89 e7 83 c3 01 e8 bd 0c
0x00007fe95bf771f1:   dc ff 41 39 5e 08 77 d7 5b 4c 89 e7 41 5c 41 5d
0x00007fe95bf77201:   41 5e 5d e9 77 13 dc ff 0f 1f 80 00 00 00 00 31
0x00007fe95bf77211:   c0 4c 89 ee 4c 89 e7 e8 93 0c dc ff 83 c3 01 41
0x00007fe95bf77221:   39 5e 08 77 aa 5b 4c 89 e7 41 5c 41 5d 41 5e 5d
0x00007fe95bf77231:   e9 4a 13 dc ff 66 2e 0f 1f 84 00 00 00 00 00 48
0x00007fe95bf77241:   8b 87 20 03 00 00 55 48 89 e5 0f b6 40 28 5d c3
0x00007fe95bf77251:   90 0f 1f 40 00 66 2e 0f 1f 84 00 00 00 00 00 48
0x00007fe95bf77261:   8b 87 20 03 00 00 55 48 89 e5 0f b6 40 29 5d c3
0x00007fe95bf77271:   90 0f 1f 40 00 66 2e 0f 1f 84 00 00 00 00 00 55
0x00007fe95bf77281:   48 89 e5 53 48 89 fb 48 83 ec 08 e8 ef f0 f5 ff
0x00007fe95bf77291:   48 83 c4 08 48 89 df be 09 00 00 00 5b 5d e9 ac
0x00007fe95bf772a1:   46 da ff 66 90 66 2e 0f 1f 84 00 00 00 00 00 55
0x00007fe95bf772b1:   48 89 e5 41 56 41 55 41 54 53 4c 8d 65 dc 49 89
0x00007fe95bf772c1:   fd 48 83 ec 10 66 2e 0f 1f 84 00 00 00 00 00 49
0x00007fe95bf772d1:   8b 85 20 03 00 00 48 8b 78 30 48 8b 07 ff 50 18
0x00007fe95bf772e1:   8b 70 10 48 89 c3 4c 89 e7 49 89 d6 e8 7e 7e 97
0x00007fe95bf772f1:   ff 48 8b 03 44 89 f6 48 89 df ff 10 4c 89 e7 e8
0x00007fe95bf77301:   ab 7e 97 ff 49 8b 85 20 03 00 00 48 8b 78 30 48
0x00007fe95bf77311:   8b 07 ff 50 20 eb b8 0f 1f 84 00 00 00 00 00 55
0x00007fe95bf77321:   48 8d 15 d8 d8 7f ff 48 89 e5 41 54 53 48 8b 07
0x00007fe95bf77331:   49 89 fc 48 89 f3 48 8b 80 88 00 00 00 48 39 d0
0x00007fe95bf77341:   75 45 48 8b 97 08 03 00 00 48 8d 05 ff dd 07 00
0x00007fe95bf77351:   48 85 d2 48 0f 44 d0 48 8d 35 a4 d3 09 00 48 89
0x00007fe95bf77361:   df 31 c0 e8 47 0b dc ff 4c 89 e7 48 89 de 31 d2
0x00007fe95bf77371:   e8 da e8 f5 ff 48 89 df 5b 41 5c 5d e9 fe 11 dc
0x00007fe95bf77381:   ff 66 0f 1f 44 00 00 ff d0 48 89 c2 eb c9 90 55
0x00007fe95bf77391:   48 8d 15 e8 fe ff ff 48 89 e5 53 48 89 fb 48 83
0x00007fe95bf773a1:   ec 08 48 8b 07 48 8b 80 b8 00 00 00 48 39 d0 75
0x00007fe95bf773b1:   2e e8 c9 ef f5 ff be 09 00 00 00 48 89 df e8 8c
0x00007fe95bf773c1:   45 da ff 48 8b 03 48 89 df 48 8b 80 c0 00 00 00
0x00007fe95bf773d1:   48 83 c4 08 5b 5d ff e0 0f 1f 80 00 00 00 00 ff 


Stack slot to memory mapping:
stack at sp + 0 slots: 0x00007fe9592f0e70 points into unknown readable memory: c0 0e 2f 59 e9 7f 00 00
stack at sp + 1 slots: 0xffffffff5402e000 is an unknown value
stack at sp + 2 slots: 0x00007fe95c50f378: <offset 0x00000000013af378> in /usr/lib/jvm/java-11-openjdk-amd64/lib/server/libjvm.so at 0x00007fe95b160000
stack at sp + 3 slots: 0x00007fe95402e000 points into unknown readable memory: 50 01 4f 5c e9 7f 00 00
stack at sp + 4 slots: 0x00007fe9591f2000 points into unknown readable memory: 00 00 00 00 00 00 00 00
stack at sp + 5 slots: 0x0000000000100000 is an unknown value
stack at sp + 6 slots: 0x00007fe9592f0ec0 points into unknown readable memory: f0 0e 2f 59 e9 7f 00 00
stack at sp + 7 slots: 0x00007fe95bedba0a: <offset 0x0000000000d7ba0a> in /usr/lib/jvm/java-11-openjdk-amd64/lib/server/libjvm.so at 0x00007fe95b160000


---------------  P R O C E S S  ---------------

Threads class SMR info:
_java_thread_list=0x00007fe9542c5940, length=13, elements={
0x00007fe954015000, 0x00007fe9541d6800, 0x00007fe9541d8800, 0x00007fe9541e0800,
0x00007fe9541e2800, 0x00007fe9541e4800, 0x00007fe9541e6800, 0x00007fe954259800,
0x00007fe95425d800, 0x00007fe8fc001800, 0x00007fe95425f000, 0x00007fe954274800,
0x00007fe9542c4000
}

Java Threads: ( => current thread )
  0x00007fe954015000 JavaThread "main" [_thread_blocked, id=9466, stack(0x00007fe95d500000,0x00007fe95d601000)]
  0x00007fe9541d6800 JavaThread "Reference Handler" daemon [_thread_blocked, id=9473, stack(0x00007fe92c280000,0x00007fe92c381000)]
  0x00007fe9541d8800 JavaThread "Finalizer" daemon [_thread_blocked, id=9474, stack(0x00007fe92c170000,0x00007fe92c271000)]
  0x00007fe9541e0800 JavaThread "Signal Dispatcher" daemon [_thread_in_vm, id=9475, stack(0x00007fe92c030000,0x00007fe92c131000)]
  0x00007fe9541e2800 JavaThread "C2 CompilerThread0" daemon [_thread_blocked, id=9476, stack(0x00007fe90fbf0000,0x00007fe90fcf1000)]
  0x00007fe9541e4800 JavaThread "C1 CompilerThread0" daemon [_thread_blocked, id=9477, stack(0x00007fe90fae0000,0x00007fe90fbe1000)]
  0x00007fe9541e6800 JavaThread "Sweeper thread" daemon [_thread_blocked, id=9478, stack(0x00007fe90f9d0000,0x00007fe90fad1000)]
  0x00007fe954259800 JavaThread "JDWP Transport Listener: dt_socket" daemon [_thread_blocked, id=9479, stack(0x00007fe90f6b0000,0x00007fe90f7b1000)]
  0x00007fe95425d800 JavaThread "JDWP Event Helper Thread" daemon [_thread_blocked, id=9480, stack(0x00007fe90f5a0000,0x00007fe90f6a1000)]
  0x00007fe8fc001800 JavaThread "JDWP Command Reader" daemon [_thread_in_native, id=9481, stack(0x00007fe90f490000,0x00007fe90f591000)]
  0x00007fe95425f000 JavaThread "Service Thread" daemon [_thread_blocked, id=9485, stack(0x00007fe90f380000,0x00007fe90f481000)]
  0x00007fe954274800 JavaThread "Common-Cleaner" daemon [_thread_blocked, id=9487, stack(0x00007fe90ece0000,0x00007fe90ede1000)]
  0x00007fe9542c4000 JavaThread "output reader" daemon [_thread_in_native, id=9489, stack(0x00007fe90e9c0000,0x00007fe90eac1000)]

Other Threads:
  0x00007fe9541d3800 VMThread "VM Thread" [stack: 0x00007fe92c392000,0x00007fe92c492000] [id=9472]
  0x00007fe954261800 WatcherThread [stack: 0x00007fe90f272000,0x00007fe90f372000] [id=9486]
=>0x00007fe95402e000 GCTaskThread "GC Thread#0" [stack: 0x00007fe9591f2000,0x00007fe9592f2000] [id=9467]
  0x00007fe95408e000 ConcurrentGCThread "G1 Main Marker" [stack: 0x00007fe93c022000,0x00007fe93c122000] [id=9468]
  0x00007fe95408f800 ConcurrentGCThread "G1 Conc#0" [stack: 0x00007fe92f7d2000,0x00007fe92f8d2000] [id=9469]
  0x00007fe954195800 ConcurrentGCThread "G1 Refine#0" [stack: 0x00007fe92ce42000,0x00007fe92cf42000] [id=9470]
  0x00007fe954197800 ConcurrentGCThread "G1 Young RemSet Sampling" [stack: 0x00007fe92cd32000,0x00007fe92ce32000] [id=9471]

Threads with active compile tasks:

VM state:not at safepoint (normal execution)

VM Mutex/Monitor currently owned by a thread:  ([mutex/lock_event])
[0x00007fe954011150] Threads_lock - owner thread: 0x00007fe9541e0800

Heap address: 0x0000000701c00000, size: 4068 MB, Compressed Oops mode: Zero based, Oop shift amount: 3
Narrow klass base: 0x0000000800000000, Narrow klass shift: 3
Compressed class space size: 1073741824 Address: 0x0000000840000000

Heap:
 garbage-first heap   total 264192K, used 3768K [0x0000000701c00000, 0x0000000800000000)
  region size 1024K, 4 young (4096K), 0 survivors (0K)
 Metaspace       used 1950K, capacity 5019K, committed 5248K, reserved 1056768K
  class space    used 224K, capacity 546K, committed 640K, reserved 1048576K
Heap Regions: E=young(eden), S=young(survivor), O=old, HS=humongous(starts), HC=humongous(continues), CS=collection set, F=free, A=archive, TAMS=top-at-mark-start (previous, next)
|   0|0x0000000701c00000, 0x0000000701c00000, 0x0000000701d00000|  0%| F|  |TAMS 0x0000000701c00000, 0x0000000701c00000| Untracked 
|   1|0x0000000701d00000, 0x0000000701d00000, 0x0000000701e00000|  0%| F|  |TAMS 0x0000000701d00000, 0x0000000701d00000| Untracked 
|   2|0x0000000701e00000, 0x0000000701e00000, 0x0000000701f00000|  0%| F|  |TAMS 0x0000000701e00000, 0x0000000701e00000| Untracked 
|   3|0x0000000701f00000, 0x0000000701f00000, 0x0000000702000000|  0%| F|  |TAMS 0x0000000701f00000, 0x0000000701f00000| Untracked 
|   4|0x0000000702000000, 0x0000000702000000, 0x0000000702100000|  0%| F|  |TAMS 0x0000000702000000, 0x0000000702000000| Untracked 
|   5|0x0000000702100000, 0x0000000702100000, 0x0000000702200000|  0%| F|  |TAMS 0x0000000702100000, 0x0000000702100000| Untracked 
|   6|0x0000000702200000, 0x0000000702200000, 0x0000000702300000|  0%| F|  |TAMS 0x0000000702200000, 0x0000000702200000| Untracked 
|   7|0x0000000702300000, 0x0000000702300000, 0x0000000702400000|  0%| F|  |TAMS 0x0000000702300000, 0x0000000702300000| Untracked 
|   8|0x0000000702400000, 0x0000000702400000, 0x0000000702500000|  0%| F|  |TAMS 0x0000000702400000, 0x0000000702400000| Untracked 
|   9|0x0000000702500000, 0x0000000702500000, 0x0000000702600000|  0%| F|  |TAMS 0x0000000702500000, 0x0000000702500000| Untracked 
|  10|0x0000000702600000, 0x0000000702600000, 0x0000000702700000|  0%| F|  |TAMS 0x0000000702600000, 0x0000000702600000| Untracked 
|  11|0x0000000702700000, 0x0000000702700000, 0x0000000702800000|  0%| F|  |TAMS 0x0000000702700000, 0x0000000702700000| Untracked 
|  12|0x0000000702800000, 0x0000000702800000, 0x0000000702900000|  0%| F|  |TAMS 0x0000000702800000, 0x0000000702800000| Untracked 
|  13|0x0000000702900000, 0x0000000702900000, 0x0000000702a00000|  0%| F|  |TAMS 0x0000000702900000, 0x0000000702900000| Untracked 
|  14|0x0000000702a00000, 0x0000000702a00000, 0x0000000702b00000|  0%| F|  |TAMS 0x0000000702a00000, 0x0000000702a00000| Untracked 
|  15|0x0000000702b00000, 0x0000000702b00000, 0x0000000702c00000|  0%| F|  |TAMS 0x0000000702b00000, 0x0000000702b00000| Untracked 
|  16|0x0000000702c00000, 0x0000000702c00000, 0x0000000702d00000|  0%| F|  |TAMS 0x0000000702c00000, 0x0000000702c00000| Untracked 
|  17|0x0000000702d00000, 0x0000000702d00000, 0x0000000702e00000|  0%| F|  |TAMS 0x0000000702d00000, 0x0000000702d00000| Untracked 
|  18|0x0000000702e00000, 0x0000000702e00000, 0x0000000702f00000|  0%| F|  |TAMS 0x0000000702e00000, 0x0000000702e00000| Untracked 
|  19|0x0000000702f00000, 0x0000000702f00000, 0x0000000703000000|  0%| F|  |TAMS 0x0000000702f00000, 0x0000000702f00000| Untracked 
|  20|0x0000000703000000, 0x0000000703000000, 0x0000000703100000|  0%| F|  |TAMS 0x0000000703000000, 0x0000000703000000| Untracked 
|  21|0x0000000703100000, 0x0000000703100000, 0x0000000703200000|  0%| F|  |TAMS 0x0000000703100000, 0x0000000703100000| Untracked 
|  22|0x0000000703200000, 0x0000000703200000, 0x0000000703300000|  0%| F|  |TAMS 0x0000000703200000, 0x0000000703200000| Untracked 
|  23|0x0000000703300000, 0x0000000703300000, 0x0000000703400000|  0%| F|  |TAMS 0x0000000703300000, 0x0000000703300000| Untracked 
|  24|0x0000000703400000, 0x0000000703400000, 0x0000000703500000|  0%| F|  |TAMS 0x0000000703400000, 0x0000000703400000| Untracked 
|  25|0x0000000703500000, 0x0000000703500000, 0x0000000703600000|  0%| F|  |TAMS 0x0000000703500000, 0x0000000703500000| Untracked 
|  26|0x0000000703600000, 0x0000000703600000, 0x0000000703700000|  0%| F|  |TAMS 0x0000000703600000, 0x0000000703600000| Untracked 
|  27|0x0000000703700000, 0x0000000703700000, 0x0000000703800000|  0%| F|  |TAMS 0x0000000703700000, 0x0000000703700000| Untracked 
|  28|0x0000000703800000, 0x0000000703800000, 0x0000000703900000|  0%| F|  |TAMS 0x0000000703800000, 0x0000000703800000| Untracked 
|  29|0x0000000703900000, 0x0000000703900000, 0x0000000703a00000|  0%| F|  |TAMS 0x0000000703900000, 0x0000000703900000| Untracked 
|  30|0x0000000703a00000, 0x0000000703a00000, 0x0000000703b00000|  0%| F|  |TAMS 0x0000000703a00000, 0x0000000703a00000| Untracked 
|  31|0x0000000703b00000, 0x0000000703b00000, 0x0000000703c00000|  0%| F|  |TAMS 0x0000000703b00000, 0x0000000703b00000| Untracked 
|  32|0x0000000703c00000, 0x0000000703c00000, 0x0000000703d00000|  0%| F|  |TAMS 0x0000000703c00000, 0x0000000703c00000| Untracked 
|  33|0x0000000703d00000, 0x0000000703d00000, 0x0000000703e00000|  0%| F|  |TAMS 0x0000000703d00000, 0x0000000703d00000| Untracked 
|  34|0x0000000703e00000, 0x0000000703e00000, 0x0000000703f00000|  0%| F|  |TAMS 0x0000000703e00000, 0x0000000703e00000| Untracked 
|  35|0x0000000703f00000, 0x0000000703f00000, 0x0000000704000000|  0%| F|  |TAMS 0x0000000703f00000, 0x0000000703f00000| Untracked 
|  36|0x0000000704000000, 0x0000000704000000, 0x0000000704100000|  0%| F|  |TAMS 0x0000000704000000, 0x0000000704000000| Untracked 
|  37|0x0000000704100000, 0x0000000704100000, 0x0000000704200000|  0%| F|  |TAMS 0x0000000704100000, 0x0000000704100000| Untracked 
|  38|0x0000000704200000, 0x0000000704200000, 0x0000000704300000|  0%| F|  |TAMS 0x0000000704200000, 0x0000000704200000| Untracked 
|  39|0x0000000704300000, 0x0000000704300000, 0x0000000704400000|  0%| F|  |TAMS 0x0000000704300000, 0x0000000704300000| Untracked 
|  40|0x0000000704400000, 0x0000000704400000, 0x0000000704500000|  0%| F|  |TAMS 0x0000000704400000, 0x0000000704400000| Untracked 
|  41|0x0000000704500000, 0x0000000704500000, 0x0000000704600000|  0%| F|  |TAMS 0x0000000704500000, 0x0000000704500000| Untracked 
|  42|0x0000000704600000, 0x0000000704600000, 0x0000000704700000|  0%| F|  |TAMS 0x0000000704600000, 0x0000000704600000| Untracked 
|  43|0x0000000704700000, 0x0000000704700000, 0x0000000704800000|  0%| F|  |TAMS 0x0000000704700000, 0x0000000704700000| Untracked 
|  44|0x0000000704800000, 0x0000000704800000, 0x0000000704900000|  0%| F|  |TAMS 0x0000000704800000, 0x0000000704800000| Untracked 
|  45|0x0000000704900000, 0x0000000704900000, 0x0000000704a00000|  0%| F|  |TAMS 0x0000000704900000, 0x0000000704900000| Untracked 
|  46|0x0000000704a00000, 0x0000000704a00000, 0x0000000704b00000|  0%| F|  |TAMS 0x0000000704a00000, 0x0000000704a00000| Untracked 
|  47|0x0000000704b00000, 0x0000000704b00000, 0x0000000704c00000|  0%| F|  |TAMS 0x0000000704b00000, 0x0000000704b00000| Untracked 
|  48|0x0000000704c00000, 0x0000000704c00000, 0x0000000704d00000|  0%| F|  |TAMS 0x0000000704c00000, 0x0000000704c00000| Untracked 
|  49|0x0000000704d00000, 0x0000000704d00000, 0x0000000704e00000|  0%| F|  |TAMS 0x0000000704d00000, 0x0000000704d00000| Untracked 
|  50|0x0000000704e00000, 0x0000000704e00000, 0x0000000704f00000|  0%| F|  |TAMS 0x0000000704e00000, 0x0000000704e00000| Untracked 
|  51|0x0000000704f00000, 0x0000000704f00000, 0x0000000705000000|  0%| F|  |TAMS 0x0000000704f00000, 0x0000000704f00000| Untracked 
|  52|0x0000000705000000, 0x0000000705000000, 0x0000000705100000|  0%| F|  |TAMS 0x0000000705000000, 0x0000000705000000| Untracked 
|  53|0x0000000705100000, 0x0000000705100000, 0x0000000705200000|  0%| F|  |TAMS 0x0000000705100000, 0x0000000705100000| Untracked 
|  54|0x0000000705200000, 0x0000000705200000, 0x0000000705300000|  0%| F|  |TAMS 0x0000000705200000, 0x0000000705200000| Untracked 
|  55|0x0000000705300000, 0x0000000705300000, 0x0000000705400000|  0%| F|  |TAMS 0x0000000705300000, 0x0000000705300000| Untracked 
|  56|0x0000000705400000, 0x0000000705400000, 0x0000000705500000|  0%| F|  |TAMS 0x0000000705400000, 0x0000000705400000| Untracked 
|  57|0x0000000705500000, 0x0000000705500000, 0x0000000705600000|  0%| F|  |TAMS 0x0000000705500000, 0x0000000705500000| Untracked 
|  58|0x0000000705600000, 0x0000000705600000, 0x0000000705700000|  0%| F|  |TAMS 0x0000000705600000, 0x0000000705600000| Untracked 
|  59|0x0000000705700000, 0x0000000705700000, 0x0000000705800000|  0%| F|  |TAMS 0x0000000705700000, 0x0000000705700000| Untracked 
|  60|0x0000000705800000, 0x0000000705800000, 0x0000000705900000|  0%| F|  |TAMS 0x0000000705800000, 0x0000000705800000| Untracked 
|  61|0x0000000705900000, 0x0000000705900000, 0x0000000705a00000|  0%| F|  |TAMS 0x0000000705900000, 0x0000000705900000| Untracked 
|  62|0x0000000705a00000, 0x0000000705a00000, 0x0000000705b00000|  0%| F|  |TAMS 0x0000000705a00000, 0x0000000705a00000| Untracked 
|  63|0x0000000705b00000, 0x0000000705b00000, 0x0000000705c00000|  0%| F|  |TAMS 0x0000000705b00000, 0x0000000705b00000| Untracked 
|  64|0x0000000705c00000, 0x0000000705c00000, 0x0000000705d00000|  0%| F|  |TAMS 0x0000000705c00000, 0x0000000705c00000| Untracked 
|  65|0x0000000705d00000, 0x0000000705d00000, 0x0000000705e00000|  0%| F|  |TAMS 0x0000000705d00000, 0x0000000705d00000| Untracked 
|  66|0x0000000705e00000, 0x0000000705e00000, 0x0000000705f00000|  0%| F|  |TAMS 0x0000000705e00000, 0x0000000705e00000| Untracked 
|  67|0x0000000705f00000, 0x0000000705f00000, 0x0000000706000000|  0%| F|  |TAMS 0x0000000705f00000, 0x0000000705f00000| Untracked 
|  68|0x0000000706000000, 0x0000000706000000, 0x0000000706100000|  0%| F|  |TAMS 0x0000000706000000, 0x0000000706000000| Untracked 
|  69|0x0000000706100000, 0x0000000706100000, 0x0000000706200000|  0%| F|  |TAMS 0x0000000706100000, 0x0000000706100000| Untracked 
|  70|0x0000000706200000, 0x0000000706200000, 0x0000000706300000|  0%| F|  |TAMS 0x0000000706200000, 0x0000000706200000| Untracked 
|  71|0x0000000706300000, 0x0000000706300000, 0x0000000706400000|  0%| F|  |TAMS 0x0000000706300000, 0x0000000706300000| Untracked 
|  72|0x0000000706400000, 0x0000000706400000, 0x0000000706500000|  0%| F|  |TAMS 0x0000000706400000, 0x0000000706400000| Untracked 
|  73|0x0000000706500000, 0x0000000706500000, 0x0000000706600000|  0%| F|  |TAMS 0x0000000706500000, 0x0000000706500000| Untracked 
|  74|0x0000000706600000, 0x0000000706600000, 0x0000000706700000|  0%| F|  |TAMS 0x0000000706600000, 0x0000000706600000| Untracked 
|  75|0x0000000706700000, 0x0000000706700000, 0x0000000706800000|  0%| F|  |TAMS 0x0000000706700000, 0x0000000706700000| Untracked 
|  76|0x0000000706800000, 0x0000000706800000, 0x0000000706900000|  0%| F|  |TAMS 0x0000000706800000, 0x0000000706800000| Untracked 
|  77|0x0000000706900000, 0x0000000706900000, 0x0000000706a00000|  0%| F|  |TAMS 0x0000000706900000, 0x0000000706900000| Untracked 
|  78|0x0000000706a00000, 0x0000000706a00000, 0x0000000706b00000|  0%| F|  |TAMS 0x0000000706a00000, 0x0000000706a00000| Untracked 
|  79|0x0000000706b00000, 0x0000000706b00000, 0x0000000706c00000|  0%| F|  |TAMS 0x0000000706b00000, 0x0000000706b00000| Untracked 
|  80|0x0000000706c00000, 0x0000000706c00000, 0x0000000706d00000|  0%| F|  |TAMS 0x0000000706c00000, 0x0000000706c00000| Untracked 
|  81|0x0000000706d00000, 0x0000000706d00000, 0x0000000706e00000|  0%| F|  |TAMS 0x0000000706d00000, 0x0000000706d00000| Untracked 
|  82|0x0000000706e00000, 0x0000000706e00000, 0x0000000706f00000|  0%| F|  |TAMS 0x0000000706e00000, 0x0000000706e00000| Untracked 
|  83|0x0000000706f00000, 0x0000000706f00000, 0x0000000707000000|  0%| F|  |TAMS 0x0000000706f00000, 0x0000000706f00000| Untracked 
|  84|0x0000000707000000, 0x0000000707000000, 0x0000000707100000|  0%| F|  |TAMS 0x0000000707000000, 0x0000000707000000| Untracked 
|  85|0x0000000707100000, 0x0000000707100000, 0x0000000707200000|  0%| F|  |TAMS 0x0000000707100000, 0x0000000707100000| Untracked 
|  86|0x0000000707200000, 0x0000000707200000, 0x0000000707300000|  0%| F|  |TAMS 0x0000000707200000, 0x0000000707200000| Untracked 
|  87|0x0000000707300000, 0x0000000707300000, 0x0000000707400000|  0%| F|  |TAMS 0x0000000707300000, 0x0000000707300000| Untracked 
|  88|0x0000000707400000, 0x0000000707400000, 0x0000000707500000|  0%| F|  |TAMS 0x0000000707400000, 0x0000000707400000| Untracked 
|  89|0x0000000707500000, 0x0000000707500000, 0x0000000707600000|  0%| F|  |TAMS 0x0000000707500000, 0x0000000707500000| Untracked 
|  90|0x0000000707600000, 0x0000000707600000, 0x0000000707700000|  0%| F|  |TAMS 0x0000000707600000, 0x0000000707600000| Untracked 
|  91|0x0000000707700000, 0x0000000707700000, 0x0000000707800000|  0%| F|  |TAMS 0x0000000707700000, 0x0000000707700000| Untracked 
|  92|0x0000000707800000, 0x0000000707800000, 0x0000000707900000|  0%| F|  |TAMS 0x0000000707800000, 0x0000000707800000| Untracked 
|  93|0x0000000707900000, 0x0000000707900000, 0x0000000707a00000|  0%| F|  |TAMS 0x0000000707900000, 0x0000000707900000| Untracked 
|  94|0x0000000707a00000, 0x0000000707a00000, 0x0000000707b00000|  0%| F|  |TAMS 0x0000000707a00000, 0x0000000707a00000| Untracked 
|  95|0x0000000707b00000, 0x0000000707b00000, 0x0000000707c00000|  0%| F|  |TAMS 0x0000000707b00000, 0x0000000707b00000| Untracked 
|  96|0x0000000707c00000, 0x0000000707c00000, 0x0000000707d00000|  0%| F|  |TAMS 0x0000000707c00000, 0x0000000707c00000| Untracked 
|  97|0x0000000707d00000, 0x0000000707d00000, 0x0000000707e00000|  0%| F|  |TAMS 0x0000000707d00000, 0x0000000707d00000| Untracked 
|  98|0x0000000707e00000, 0x0000000707e00000, 0x0000000707f00000|  0%| F|  |TAMS 0x0000000707e00000, 0x0000000707e00000| Untracked 
|  99|0x0000000707f00000, 0x0000000707f00000, 0x0000000708000000|  0%| F|  |TAMS 0x0000000707f00000, 0x0000000707f00000| Untracked 
| 100|0x0000000708000000, 0x0000000708000000, 0x0000000708100000|  0%| F|  |TAMS 0x0000000708000000, 0x0000000708000000| Untracked 
| 101|0x0000000708100000, 0x0000000708100000, 0x0000000708200000|  0%| F|  |TAMS 0x0000000708100000, 0x0000000708100000| Untracked 
| 102|0x0000000708200000, 0x0000000708200000, 0x0000000708300000|  0%| F|  |TAMS 0x0000000708200000, 0x0000000708200000| Untracked 
| 103|0x0000000708300000, 0x0000000708300000, 0x0000000708400000|  0%| F|  |TAMS 0x0000000708300000, 0x0000000708300000| Untracked 
| 104|0x0000000708400000, 0x0000000708400000, 0x0000000708500000|  0%| F|  |TAMS 0x0000000708400000, 0x0000000708400000| Untracked 
| 105|0x0000000708500000, 0x0000000708500000, 0x0000000708600000|  0%| F|  |TAMS 0x0000000708500000, 0x0000000708500000| Untracked 
| 106|0x0000000708600000, 0x0000000708600000, 0x0000000708700000|  0%| F|  |TAMS 0x0000000708600000, 0x0000000708600000| Untracked 
| 107|0x0000000708700000, 0x0000000708700000, 0x0000000708800000|  0%| F|  |TAMS 0x0000000708700000, 0x0000000708700000| Untracked 
| 108|0x0000000708800000, 0x0000000708800000, 0x0000000708900000|  0%| F|  |TAMS 0x0000000708800000, 0x0000000708800000| Untracked 
| 109|0x0000000708900000, 0x0000000708900000, 0x0000000708a00000|  0%| F|  |TAMS 0x0000000708900000, 0x0000000708900000| Untracked 
| 110|0x0000000708a00000, 0x0000000708a00000, 0x0000000708b00000|  0%| F|  |TAMS 0x0000000708a00000, 0x0000000708a00000| Untracked 
| 111|0x0000000708b00000, 0x0000000708b00000, 0x0000000708c00000|  0%| F|  |TAMS 0x0000000708b00000, 0x0000000708b00000| Untracked 
| 112|0x0000000708c00000, 0x0000000708c00000, 0x0000000708d00000|  0%| F|  |TAMS 0x0000000708c00000, 0x0000000708c00000| Untracked 
| 113|0x0000000708d00000, 0x0000000708d00000, 0x0000000708e00000|  0%| F|  |TAMS 0x0000000708d00000, 0x0000000708d00000| Untracked 
| 114|0x0000000708e00000, 0x0000000708e00000, 0x0000000708f00000|  0%| F|  |TAMS 0x0000000708e00000, 0x0000000708e00000| Untracked 
| 115|0x0000000708f00000, 0x0000000708f00000, 0x0000000709000000|  0%| F|  |TAMS 0x0000000708f00000, 0x0000000708f00000| Untracked 
| 116|0x0000000709000000, 0x0000000709000000, 0x0000000709100000|  0%| F|  |TAMS 0x0000000709000000, 0x0000000709000000| Untracked 
| 117|0x0000000709100000, 0x0000000709100000, 0x0000000709200000|  0%| F|  |TAMS 0x0000000709100000, 0x0000000709100000| Untracked 
| 118|0x0000000709200000, 0x0000000709200000, 0x0000000709300000|  0%| F|  |TAMS 0x0000000709200000, 0x0000000709200000| Untracked 
| 119|0x0000000709300000, 0x0000000709300000, 0x0000000709400000|  0%| F|  |TAMS 0x0000000709300000, 0x0000000709300000| Untracked 
| 120|0x0000000709400000, 0x0000000709400000, 0x0000000709500000|  0%| F|  |TAMS 0x0000000709400000, 0x0000000709400000| Untracked 
| 121|0x0000000709500000, 0x0000000709500000, 0x0000000709600000|  0%| F|  |TAMS 0x0000000709500000, 0x0000000709500000| Untracked 
| 122|0x0000000709600000, 0x0000000709600000, 0x0000000709700000|  0%| F|  |TAMS 0x0000000709600000, 0x0000000709600000| Untracked 
| 123|0x0000000709700000, 0x0000000709700000, 0x0000000709800000|  0%| F|  |TAMS 0x0000000709700000, 0x0000000709700000| Untracked 
| 124|0x0000000709800000, 0x0000000709800000, 0x0000000709900000|  0%| F|  |TAMS 0x0000000709800000, 0x0000000709800000| Untracked 
| 125|0x0000000709900000, 0x0000000709900000, 0x0000000709a00000|  0%| F|  |TAMS 0x0000000709900000, 0x0000000709900000| Untracked 
| 126|0x0000000709a00000, 0x0000000709a00000, 0x0000000709b00000|  0%| F|  |TAMS 0x0000000709a00000, 0x0000000709a00000| Untracked 
| 127|0x0000000709b00000, 0x0000000709b00000, 0x0000000709c00000|  0%| F|  |TAMS 0x0000000709b00000, 0x0000000709b00000| Untracked 
| 128|0x0000000709c00000, 0x0000000709c00000, 0x0000000709d00000|  0%| F|  |TAMS 0x0000000709c00000, 0x0000000709c00000| Untracked 
| 129|0x0000000709d00000, 0x0000000709d00000, 0x0000000709e00000|  0%| F|  |TAMS 0x0000000709d00000, 0x0000000709d00000| Untracked 
| 130|0x0000000709e00000, 0x0000000709e00000, 0x0000000709f00000|  0%| F|  |TAMS 0x0000000709e00000, 0x0000000709e00000| Untracked 
| 131|0x0000000709f00000, 0x0000000709f00000, 0x000000070a000000|  0%| F|  |TAMS 0x0000000709f00000, 0x0000000709f00000| Untracked 
| 132|0x000000070a000000, 0x000000070a000000, 0x000000070a100000|  0%| F|  |TAMS 0x000000070a000000, 0x000000070a000000| Untracked 
| 133|0x000000070a100000, 0x000000070a100000, 0x000000070a200000|  0%| F|  |TAMS 0x000000070a100000, 0x000000070a100000| Untracked 
| 134|0x000000070a200000, 0x000000070a200000, 0x000000070a300000|  0%| F|  |TAMS 0x000000070a200000, 0x000000070a200000| Untracked 
| 135|0x000000070a300000, 0x000000070a300000, 0x000000070a400000|  0%| F|  |TAMS 0x000000070a300000, 0x000000070a300000| Untracked 
| 136|0x000000070a400000, 0x000000070a400000, 0x000000070a500000|  0%| F|  |TAMS 0x000000070a400000, 0x000000070a400000| Untracked 
| 137|0x000000070a500000, 0x000000070a500000, 0x000000070a600000|  0%| F|  |TAMS 0x000000070a500000, 0x000000070a500000| Untracked 
| 138|0x000000070a600000, 0x000000070a600000, 0x000000070a700000|  0%| F|  |TAMS 0x000000070a600000, 0x000000070a600000| Untracked 
| 139|0x000000070a700000, 0x000000070a700000, 0x000000070a800000|  0%| F|  |TAMS 0x000000070a700000, 0x000000070a700000| Untracked 
| 140|0x000000070a800000, 0x000000070a800000, 0x000000070a900000|  0%| F|  |TAMS 0x000000070a800000, 0x000000070a800000| Untracked 
| 141|0x000000070a900000, 0x000000070a900000, 0x000000070aa00000|  0%| F|  |TAMS 0x000000070a900000, 0x000000070a900000| Untracked 
| 142|0x000000070aa00000, 0x000000070aa00000, 0x000000070ab00000|  0%| F|  |TAMS 0x000000070aa00000, 0x000000070aa00000| Untracked 
| 143|0x000000070ab00000, 0x000000070ab00000, 0x000000070ac00000|  0%| F|  |TAMS 0x000000070ab00000, 0x000000070ab00000| Untracked 
| 144|0x000000070ac00000, 0x000000070ac00000, 0x000000070ad00000|  0%| F|  |TAMS 0x000000070ac00000, 0x000000070ac00000| Untracked 
| 145|0x000000070ad00000, 0x000000070ad00000, 0x000000070ae00000|  0%| F|  |TAMS 0x000000070ad00000, 0x000000070ad00000| Untracked 
| 146|0x000000070ae00000, 0x000000070ae00000, 0x000000070af00000|  0%| F|  |TAMS 0x000000070ae00000, 0x000000070ae00000| Untracked 
| 147|0x000000070af00000, 0x000000070af00000, 0x000000070b000000|  0%| F|  |TAMS 0x000000070af00000, 0x000000070af00000| Untracked 
| 148|0x000000070b000000, 0x000000070b000000, 0x000000070b100000|  0%| F|  |TAMS 0x000000070b000000, 0x000000070b000000| Untracked 
| 149|0x000000070b100000, 0x000000070b100000, 0x000000070b200000|  0%| F|  |TAMS 0x000000070b100000, 0x000000070b100000| Untracked 
| 150|0x000000070b200000, 0x000000070b200000, 0x000000070b300000|  0%| F|  |TAMS 0x000000070b200000, 0x000000070b200000| Untracked 
| 151|0x000000070b300000, 0x000000070b300000, 0x000000070b400000|  0%| F|  |TAMS 0x000000070b300000, 0x000000070b300000| Untracked 
| 152|0x000000070b400000, 0x000000070b400000, 0x000000070b500000|  0%| F|  |TAMS 0x000000070b400000, 0x000000070b400000| Untracked 
| 153|0x000000070b500000, 0x000000070b500000, 0x000000070b600000|  0%| F|  |TAMS 0x000000070b500000, 0x000000070b500000| Untracked 
| 154|0x000000070b600000, 0x000000070b600000, 0x000000070b700000|  0%| F|  |TAMS 0x000000070b600000, 0x000000070b600000| Untracked 
| 155|0x000000070b700000, 0x000000070b700000, 0x000000070b800000|  0%| F|  |TAMS 0x000000070b700000, 0x000000070b700000| Untracked 
| 156|0x000000070b800000, 0x000000070b800000, 0x000000070b900000|  0%| F|  |TAMS 0x000000070b800000, 0x000000070b800000| Untracked 
| 157|0x000000070b900000, 0x000000070b900000, 0x000000070ba00000|  0%| F|  |TAMS 0x000000070b900000, 0x000000070b900000| Untracked 
| 158|0x000000070ba00000, 0x000000070ba00000, 0x000000070bb00000|  0%| F|  |TAMS 0x000000070ba00000, 0x000000070ba00000| Untracked 
| 159|0x000000070bb00000, 0x000000070bb00000, 0x000000070bc00000|  0%| F|  |TAMS 0x000000070bb00000, 0x000000070bb00000| Untracked 
| 160|0x000000070bc00000, 0x000000070bc00000, 0x000000070bd00000|  0%| F|  |TAMS 0x000000070bc00000, 0x000000070bc00000| Untracked 
| 161|0x000000070bd00000, 0x000000070bd00000, 0x000000070be00000|  0%| F|  |TAMS 0x000000070bd00000, 0x000000070bd00000| Untracked 
| 162|0x000000070be00000, 0x000000070be00000, 0x000000070bf00000|  0%| F|  |TAMS 0x000000070be00000, 0x000000070be00000| Untracked 
| 163|0x000000070bf00000, 0x000000070bf00000, 0x000000070c000000|  0%| F|  |TAMS 0x000000070bf00000, 0x000000070bf00000| Untracked 
| 164|0x000000070c000000, 0x000000070c000000, 0x000000070c100000|  0%| F|  |TAMS 0x000000070c000000, 0x000000070c000000| Untracked 
| 165|0x000000070c100000, 0x000000070c100000, 0x000000070c200000|  0%| F|  |TAMS 0x000000070c100000, 0x000000070c100000| Untracked 
| 166|0x000000070c200000, 0x000000070c200000, 0x000000070c300000|  0%| F|  |TAMS 0x000000070c200000, 0x000000070c200000| Untracked 
| 167|0x000000070c300000, 0x000000070c300000, 0x000000070c400000|  0%| F|  |TAMS 0x000000070c300000, 0x000000070c300000| Untracked 
| 168|0x000000070c400000, 0x000000070c400000, 0x000000070c500000|  0%| F|  |TAMS 0x000000070c400000, 0x000000070c400000| Untracked 
| 169|0x000000070c500000, 0x000000070c500000, 0x000000070c600000|  0%| F|  |TAMS 0x000000070c500000, 0x000000070c500000| Untracked 
| 170|0x000000070c600000, 0x000000070c600000, 0x000000070c700000|  0%| F|  |TAMS 0x000000070c600000, 0x000000070c600000| Untracked 
| 171|0x000000070c700000, 0x000000070c700000, 0x000000070c800000|  0%| F|  |TAMS 0x000000070c700000, 0x000000070c700000| Untracked 
| 172|0x000000070c800000, 0x000000070c800000, 0x000000070c900000|  0%| F|  |TAMS 0x000000070c800000, 0x000000070c800000| Untracked 
| 173|0x000000070c900000, 0x000000070c900000, 0x000000070ca00000|  0%| F|  |TAMS 0x000000070c900000, 0x000000070c900000| Untracked 
| 174|0x000000070ca00000, 0x000000070ca00000, 0x000000070cb00000|  0%| F|  |TAMS 0x000000070ca00000, 0x000000070ca00000| Untracked 
| 175|0x000000070cb00000, 0x000000070cb00000, 0x000000070cc00000|  0%| F|  |TAMS 0x000000070cb00000, 0x000000070cb00000| Untracked 
| 176|0x000000070cc00000, 0x000000070cc00000, 0x000000070cd00000|  0%| F|  |TAMS 0x000000070cc00000, 0x000000070cc00000| Untracked 
| 177|0x000000070cd00000, 0x000000070cd00000, 0x000000070ce00000|  0%| F|  |TAMS 0x000000070cd00000, 0x000000070cd00000| Untracked 
| 178|0x000000070ce00000, 0x000000070ce00000, 0x000000070cf00000|  0%| F|  |TAMS 0x000000070ce00000, 0x000000070ce00000| Untracked 
| 179|0x000000070cf00000, 0x000000070cf00000, 0x000000070d000000|  0%| F|  |TAMS 0x000000070cf00000, 0x000000070cf00000| Untracked 
| 180|0x000000070d000000, 0x000000070d000000, 0x000000070d100000|  0%| F|  |TAMS 0x000000070d000000, 0x000000070d000000| Untracked 
| 181|0x000000070d100000, 0x000000070d100000, 0x000000070d200000|  0%| F|  |TAMS 0x000000070d100000, 0x000000070d100000| Untracked 
| 182|0x000000070d200000, 0x000000070d200000, 0x000000070d300000|  0%| F|  |TAMS 0x000000070d200000, 0x000000070d200000| Untracked 
| 183|0x000000070d300000, 0x000000070d300000, 0x000000070d400000|  0%| F|  |TAMS 0x000000070d300000, 0x000000070d300000| Untracked 
| 184|0x000000070d400000, 0x000000070d400000, 0x000000070d500000|  0%| F|  |TAMS 0x000000070d400000, 0x000000070d400000| Untracked 
| 185|0x000000070d500000, 0x000000070d500000, 0x000000070d600000|  0%| F|  |TAMS 0x000000070d500000, 0x000000070d500000| Untracked 
| 186|0x000000070d600000, 0x000000070d600000, 0x000000070d700000|  0%| F|  |TAMS 0x000000070d600000, 0x000000070d600000| Untracked 
| 187|0x000000070d700000, 0x000000070d700000, 0x000000070d800000|  0%| F|  |TAMS 0x000000070d700000, 0x000000070d700000| Untracked 
| 188|0x000000070d800000, 0x000000070d800000, 0x000000070d900000|  0%| F|  |TAMS 0x000000070d800000, 0x000000070d800000| Untracked 
| 189|0x000000070d900000, 0x000000070d900000, 0x000000070da00000|  0%| F|  |TAMS 0x000000070d900000, 0x000000070d900000| Untracked 
| 190|0x000000070da00000, 0x000000070da00000, 0x000000070db00000|  0%| F|  |TAMS 0x000000070da00000, 0x000000070da00000| Untracked 
| 191|0x000000070db00000, 0x000000070db00000, 0x000000070dc00000|  0%| F|  |TAMS 0x000000070db00000, 0x000000070db00000| Untracked 
| 192|0x000000070dc00000, 0x000000070dc00000, 0x000000070dd00000|  0%| F|  |TAMS 0x000000070dc00000, 0x000000070dc00000| Untracked 
| 193|0x000000070dd00000, 0x000000070dd00000, 0x000000070de00000|  0%| F|  |TAMS 0x000000070dd00000, 0x000000070dd00000| Untracked 
| 194|0x000000070de00000, 0x000000070de00000, 0x000000070df00000|  0%| F|  |TAMS 0x000000070de00000, 0x000000070de00000| Untracked 
| 195|0x000000070df00000, 0x000000070df00000, 0x000000070e000000|  0%| F|  |TAMS 0x000000070df00000, 0x000000070df00000| Untracked 
| 196|0x000000070e000000, 0x000000070e000000, 0x000000070e100000|  0%| F|  |TAMS 0x000000070e000000, 0x000000070e000000| Untracked 
| 197|0x000000070e100000, 0x000000070e100000, 0x000000070e200000|  0%| F|  |TAMS 0x000000070e100000, 0x000000070e100000| Untracked 
| 198|0x000000070e200000, 0x000000070e200000, 0x000000070e300000|  0%| F|  |TAMS 0x000000070e200000, 0x000000070e200000| Untracked 
| 199|0x000000070e300000, 0x000000070e300000, 0x000000070e400000|  0%| F|  |TAMS 0x000000070e300000, 0x000000070e300000| Untracked 
| 200|0x000000070e400000, 0x000000070e400000, 0x000000070e500000|  0%| F|  |TAMS 0x000000070e400000, 0x000000070e400000| Untracked 
| 201|0x000000070e500000, 0x000000070e500000, 0x000000070e600000|  0%| F|  |TAMS 0x000000070e500000, 0x000000070e500000| Untracked 
| 202|0x000000070e600000, 0x000000070e600000, 0x000000070e700000|  0%| F|  |TAMS 0x000000070e600000, 0x000000070e600000| Untracked 
| 203|0x000000070e700000, 0x000000070e700000, 0x000000070e800000|  0%| F|  |TAMS 0x000000070e700000, 0x000000070e700000| Untracked 
| 204|0x000000070e800000, 0x000000070e800000, 0x000000070e900000|  0%| F|  |TAMS 0x000000070e800000, 0x000000070e800000| Untracked 
| 205|0x000000070e900000, 0x000000070e900000, 0x000000070ea00000|  0%| F|  |TAMS 0x000000070e900000, 0x000000070e900000| Untracked 
| 206|0x000000070ea00000, 0x000000070ea00000, 0x000000070eb00000|  0%| F|  |TAMS 0x000000070ea00000, 0x000000070ea00000| Untracked 
| 207|0x000000070eb00000, 0x000000070eb00000, 0x000000070ec00000|  0%| F|  |TAMS 0x000000070eb00000, 0x000000070eb00000| Untracked 
| 208|0x000000070ec00000, 0x000000070ec00000, 0x000000070ed00000|  0%| F|  |TAMS 0x000000070ec00000, 0x000000070ec00000| Untracked 
| 209|0x000000070ed00000, 0x000000070ed00000, 0x000000070ee00000|  0%| F|  |TAMS 0x000000070ed00000, 0x000000070ed00000| Untracked 
| 210|0x000000070ee00000, 0x000000070ee00000, 0x000000070ef00000|  0%| F|  |TAMS 0x000000070ee00000, 0x000000070ee00000| Untracked 
| 211|0x000000070ef00000, 0x000000070ef00000, 0x000000070f000000|  0%| F|  |TAMS 0x000000070ef00000, 0x000000070ef00000| Untracked 
| 212|0x000000070f000000, 0x000000070f000000, 0x000000070f100000|  0%| F|  |TAMS 0x000000070f000000, 0x000000070f000000| Untracked 
| 213|0x000000070f100000, 0x000000070f100000, 0x000000070f200000|  0%| F|  |TAMS 0x000000070f100000, 0x000000070f100000| Untracked 
| 214|0x000000070f200000, 0x000000070f200000, 0x000000070f300000|  0%| F|  |TAMS 0x000000070f200000, 0x000000070f200000| Untracked 
| 215|0x000000070f300000, 0x000000070f300000, 0x000000070f400000|  0%| F|  |TAMS 0x000000070f300000, 0x000000070f300000| Untracked 
| 216|0x000000070f400000, 0x000000070f400000, 0x000000070f500000|  0%| F|  |TAMS 0x000000070f400000, 0x000000070f400000| Untracked 
| 217|0x000000070f500000, 0x000000070f500000, 0x000000070f600000|  0%| F|  |TAMS 0x000000070f500000, 0x000000070f500000| Untracked 
| 218|0x000000070f600000, 0x000000070f600000, 0x000000070f700000|  0%| F|  |TAMS 0x000000070f600000, 0x000000070f600000| Untracked 
| 219|0x000000070f700000, 0x000000070f700000, 0x000000070f800000|  0%| F|  |TAMS 0x000000070f700000, 0x000000070f700000| Untracked 
| 220|0x000000070f800000, 0x000000070f800000, 0x000000070f900000|  0%| F|  |TAMS 0x000000070f800000, 0x000000070f800000| Untracked 
| 221|0x000000070f900000, 0x000000070f900000, 0x000000070fa00000|  0%| F|  |TAMS 0x000000070f900000, 0x000000070f900000| Untracked 
| 222|0x000000070fa00000, 0x000000070fa00000, 0x000000070fb00000|  0%| F|  |TAMS 0x000000070fa00000, 0x000000070fa00000| Untracked 
| 223|0x000000070fb00000, 0x000000070fb00000, 0x000000070fc00000|  0%| F|  |TAMS 0x000000070fb00000, 0x000000070fb00000| Untracked 
| 224|0x000000070fc00000, 0x000000070fc00000, 0x000000070fd00000|  0%| F|  |TAMS 0x000000070fc00000, 0x000000070fc00000| Untracked 
| 225|0x000000070fd00000, 0x000000070fd00000, 0x000000070fe00000|  0%| F|  |TAMS 0x000000070fd00000, 0x000000070fd00000| Untracked 
| 226|0x000000070fe00000, 0x000000070fe00000, 0x000000070ff00000|  0%| F|  |TAMS 0x000000070fe00000, 0x000000070fe00000| Untracked 
| 227|0x000000070ff00000, 0x000000070ff00000, 0x0000000710000000|  0%| F|  |TAMS 0x000000070ff00000, 0x000000070ff00000| Untracked 
| 228|0x0000000710000000, 0x0000000710000000, 0x0000000710100000|  0%| F|  |TAMS 0x0000000710000000, 0x0000000710000000| Untracked 
| 229|0x0000000710100000, 0x0000000710100000, 0x0000000710200000|  0%| F|  |TAMS 0x0000000710100000, 0x0000000710100000| Untracked 
| 230|0x0000000710200000, 0x0000000710200000, 0x0000000710300000|  0%| F|  |TAMS 0x0000000710200000, 0x0000000710200000| Untracked 
| 231|0x0000000710300000, 0x0000000710300000, 0x0000000710400000|  0%| F|  |TAMS 0x0000000710300000, 0x0000000710300000| Untracked 
| 232|0x0000000710400000, 0x0000000710400000, 0x0000000710500000|  0%| F|  |TAMS 0x0000000710400000, 0x0000000710400000| Untracked 
| 233|0x0000000710500000, 0x0000000710500000, 0x0000000710600000|  0%| F|  |TAMS 0x0000000710500000, 0x0000000710500000| Untracked 
| 234|0x0000000710600000, 0x0000000710600000, 0x0000000710700000|  0%| F|  |TAMS 0x0000000710600000, 0x0000000710600000| Untracked 
| 235|0x0000000710700000, 0x0000000710700000, 0x0000000710800000|  0%| F|  |TAMS 0x0000000710700000, 0x0000000710700000| Untracked 
| 236|0x0000000710800000, 0x0000000710800000, 0x0000000710900000|  0%| F|  |TAMS 0x0000000710800000, 0x0000000710800000| Untracked 
| 237|0x0000000710900000, 0x0000000710900000, 0x0000000710a00000|  0%| F|  |TAMS 0x0000000710900000, 0x0000000710900000| Untracked 
| 238|0x0000000710a00000, 0x0000000710a00000, 0x0000000710b00000|  0%| F|  |TAMS 0x0000000710a00000, 0x0000000710a00000| Untracked 
| 239|0x0000000710b00000, 0x0000000710b00000, 0x0000000710c00000|  0%| F|  |TAMS 0x0000000710b00000, 0x0000000710b00000| Untracked 
| 240|0x0000000710c00000, 0x0000000710c00000, 0x0000000710d00000|  0%| F|  |TAMS 0x0000000710c00000, 0x0000000710c00000| Untracked 
| 241|0x0000000710d00000, 0x0000000710d00000, 0x0000000710e00000|  0%| F|  |TAMS 0x0000000710d00000, 0x0000000710d00000| Untracked 
| 242|0x0000000710e00000, 0x0000000710e00000, 0x0000000710f00000|  0%| F|  |TAMS 0x0000000710e00000, 0x0000000710e00000| Untracked 
| 243|0x0000000710f00000, 0x0000000710f00000, 0x0000000711000000|  0%| F|  |TAMS 0x0000000710f00000, 0x0000000710f00000| Untracked 
| 244|0x0000000711000000, 0x0000000711000000, 0x0000000711100000|  0%| F|  |TAMS 0x0000000711000000, 0x0000000711000000| Untracked 
| 245|0x0000000711100000, 0x0000000711100000, 0x0000000711200000|  0%| F|  |TAMS 0x0000000711100000, 0x0000000711100000| Untracked 
| 246|0x0000000711200000, 0x0000000711200000, 0x0000000711300000|  0%| F|  |TAMS 0x0000000711200000, 0x0000000711200000| Untracked 
| 247|0x0000000711300000, 0x0000000711300000, 0x0000000711400000|  0%| F|  |TAMS 0x0000000711300000, 0x0000000711300000| Untracked 
| 248|0x0000000711400000, 0x0000000711400000, 0x0000000711500000|  0%| F|  |TAMS 0x0000000711400000, 0x0000000711400000| Untracked 
| 249|0x0000000711500000, 0x0000000711500000, 0x0000000711600000|  0%| F|  |TAMS 0x0000000711500000, 0x0000000711500000| Untracked 
| 250|0x0000000711600000, 0x0000000711600000, 0x0000000711700000|  0%| F|  |TAMS 0x0000000711600000, 0x0000000711600000| Untracked 
| 251|0x0000000711700000, 0x0000000711700000, 0x0000000711800000|  0%| F|  |TAMS 0x0000000711700000, 0x0000000711700000| Untracked 
| 252|0x0000000711800000, 0x0000000711900000, 0x0000000711900000|100%| E|  |TAMS 0x0000000711800000, 0x0000000711800000| Complete 
| 253|0x0000000711900000, 0x0000000711a00000, 0x0000000711a00000|100%| E|CS|TAMS 0x0000000711900000, 0x0000000711900000| Complete 
| 254|0x0000000711a00000, 0x0000000711b00000, 0x0000000711b00000|100%| E|CS|TAMS 0x0000000711a00000, 0x0000000711a00000| Complete 
| 255|0x0000000711b00000, 0x0000000711c00000, 0x0000000711c00000|100%| E|CS|TAMS 0x0000000711b00000, 0x0000000711b00000| Complete 
|3042|0x00000007bfe00000, 0x00000007bfe44000, 0x00000007bff00000| 26%|OA|  |TAMS 0x00000007bfe00000, 0x00000007bfe00000| Untracked 
|3043|0x00000007bff00000, 0x00000007bff6a000, 0x00000007c0000000| 41%|CA|  |TAMS 0x00000007bff00000, 0x00000007bff00000| Untracked 

Card table byte_map: [0x00007fe93c130000,0x00007fe93c922000] _byte_map_base: 0x00007fe938922000

Marking Bits (Prev, Next): (CMBitMap*) 0x00007fe95407d138, (CMBitMap*) 0x00007fe95407d170
 Prev Bits: [0x00007fe933870000, 0x00007fe937800000)
 Next Bits: [0x00007fe92f8e0000, 0x00007fe933870000)

Polling page: 0x00007fe95d4f0000

Metaspace:

Usage:
  Non-class:      4.37 MB capacity,     1.69 MB ( 39%) used,     2.67 MB ( 61%) free+waste,     9.94 KB ( <1%) overhead. 
      Class:    546.00 KB capacity,   224.83 KB ( 41%) used,   315.42 KB ( 58%) free+waste,     5.75 KB (  1%) overhead. 
       Both:      4.90 MB capacity,     1.91 MB ( 39%) used,     2.98 MB ( 61%) free+waste,    15.69 KB ( <1%) overhead. 

Virtual space:
  Non-class space:        8.00 MB reserved,       4.50 MB ( 56%) committed 
      Class space:        1.00 GB reserved,     640.00 KB ( <1%) committed 
             Both:        1.01 GB reserved,       5.12 MB ( <1%) committed 

Chunk freelists:
   Non-Class:  7.00 KB
       Class:  0 bytes
        Both:  7.00 KB

MaxMetaspaceSize: unlimited
CompressedClassSpaceSize: 1.00 GB

CodeHeap 'non-profiled nmethods': size=120032Kb used=134Kb max_used=134Kb free=119897Kb
 bounds [0x00007fe9443f8000, 0x00007fe944668000, 0x00007fe94b930000]
CodeHeap 'profiled nmethods': size=120028Kb used=697Kb max_used=697Kb free=119330Kb
 bounds [0x00007fe93cec1000, 0x00007fe93d131000, 0x00007fe9443f8000]
CodeHeap 'non-nmethods': size=5700Kb used=1124Kb max_used=1138Kb free=4575Kb
 bounds [0x00007fe93c930000, 0x00007fe93cba0000, 0x00007fe93cec1000]
 total_blobs=896 nmethods=445 adapters=269
 compilation: enabled
              stopped_count=0, restarted_count=0
 full_count=0

Compilation events (20 events):
Event: 6.192 Thread 0x00007fe9541e4800 nmethod 436 0x00007fe93cf68f90 code [0x00007fe93cf69180, 0x00007fe93cf695c8]
Event: 6.194 Thread 0x00007fe9541e2800 nmethod 434 0x00007fe944419110 code [0x00007fe9444192a0, 0x00007fe944419498]
Event: 6.327 Thread 0x00007fe9541e4800  437       3       java.lang.reflect.Modifier::isProtected (12 bytes)
Event: 6.327 Thread 0x00007fe9541e4800 nmethod 437 0x00007fe93cf69810 code [0x00007fe93cf699c0, 0x00007fe93cf69b50]
Event: 6.327 Thread 0x00007fe9541e4800  438       3       jdk.internal.org.objectweb.asm.ByteVector::<init> (13 bytes)
Event: 6.328 Thread 0x00007fe9541e4800 nmethod 438 0x00007fe93cf69c10 code [0x00007fe93cf69dc0, 0x00007fe93cf6a0b0]
Event: 6.328 Thread 0x00007fe9541e4800  439       3       jdk.internal.org.objectweb.asm.ByteVector::putByteArray (49 bytes)
Event: 6.328 Thread 0x00007fe9541e4800 nmethod 439 0x00007fe93cf6a190 code [0x00007fe93cf6a360, 0x00007fe93cf6a698]
Event: 6.473 Thread 0x00007fe9541e4800  440       3       java.io.ObjectInputStream$BlockDataInputStream::read (62 bytes)
Event: 6.474 Thread 0x00007fe9541e4800 nmethod 440 0x00007fe93cf6a790 code [0x00007fe93cf6a980, 0x00007fe93cf6acb8]
Event: 6.474 Thread 0x00007fe9541e4800  441       3       java.lang.String::<init> (10 bytes)
Event: 6.474 Thread 0x00007fe9541e4800 nmethod 441 0x00007fe93cf6ae10 code [0x00007fe93cf6afc0, 0x00007fe93cf6b1a8]
Event: 6.474 Thread 0x00007fe9541e4800  442       3       java.lang.String::<init> (55 bytes)
Event: 6.475 Thread 0x00007fe9541e4800 nmethod 442 0x00007fe93cf6b290 code [0x00007fe93cf6b480, 0x00007fe93cf6b888]
Event: 6.475 Thread 0x00007fe9541e4800  443   !   3       java.lang.StringCoding::decode (165 bytes)
Event: 6.478 Thread 0x00007fe9541e4800 nmethod 443 0x00007fe93cf6ba90 code [0x00007fe93cf6be40, 0x00007fe93cf6d588]
Event: 6.478 Thread 0x00007fe9541e4800  444       3       java.lang.invoke.MethodType$ConcurrentWeakInternSet::add (66 bytes)
Event: 6.480 Thread 0x00007fe9541e4800 nmethod 444 0x00007fe93cf6df90 code [0x00007fe93cf6e220, 0x00007fe93cf6f228]
Event: 6.775 Thread 0x00007fe9541e4800  445       1       java.util.ArrayList::size (5 bytes)
Event: 6.775 Thread 0x00007fe9541e4800 nmethod 445 0x00007fe944419590 code [0x00007fe944419740, 0x00007fe944419870]

GC Heap History (0 events):
No events

Deoptimization events (8 events):
Event: 0.299 Thread 0x00007fe954015000 Uncommon trap: trap_request=0xffffff4d fr.pc=0x00007fe944402104 relative=0x00000000000000e4
Event: 0.299 Thread 0x00007fe954015000 Uncommon trap: reason=unstable_if action=reinterpret pc=0x00007fe944402104 method=java.lang.String.isLatin1()Z @ 10 c2
Event: 0.299 Thread 0x00007fe954015000 DEOPT PACKING pc=0x00007fe944402104 sp=0x00007fe95d5ff420
Event: 0.299 Thread 0x00007fe954015000 DEOPT UNPACKING pc=0x00007fe93c9692a5 sp=0x00007fe95d5ff390 mode 2
Event: 0.302 Thread 0x00007fe954015000 Uncommon trap: trap_request=0xffffff4d fr.pc=0x00007fe94440290c relative=0x000000000000006c
Event: 0.302 Thread 0x00007fe954015000 Uncommon trap: reason=unstable_if action=reinterpret pc=0x00007fe94440290c method=java.lang.String.isLatin1()Z @ 10 c2
Event: 0.302 Thread 0x00007fe954015000 DEOPT PACKING pc=0x00007fe94440290c sp=0x00007fe95d5ff3d0
Event: 0.302 Thread 0x00007fe954015000 DEOPT UNPACKING pc=0x00007fe93c9692a5 sp=0x00007fe95d5ff390 mode 2

Classes redefined (3 events):
Event: 4.061 Thread 0x00007fe9541d3800 redefined class name=REPL.$JShell$20$InfiniteList, count=1
Event: 4.669 Thread 0x00007fe9541d3800 redefined class name=REPL.$JShell$20$InfiniteList, count=2
Event: 4.820 Thread 0x00007fe9541d3800 redefined class name=REPL.$JShell$20$InfiniteList, count=3

Internal exceptions (4 events):
Event: 0.331 Thread 0x00007fe954015000 Exception <a 'java/lang/NoSuchMethodError'{0x0000000711a71fb0}: 'java.lang.Object java.lang.invoke.DirectMethodHandle$Holder.invokeStatic(java.lang.Object, java.lang.Object, java.lang.Object, java.lang.Object, java.lang.Object, java.lang.Object, java.lang
Event: 0.341 Thread 0x00007fe954015000 Exception <a 'java/lang/NoSuchMethodError'{0x0000000711a8d3b8}: 'java.lang.Object java.lang.invoke.DirectMethodHandle$Holder.invokeStatic(java.lang.Object, java.lang.Object, java.lang.Object, java.lang.Object, java.lang.Object, java.lang.Object, java.lang
Event: 4.635 Thread 0x00007fe954015000 Exception <a 'java/lang/VerifyError'{0x0000000711975098}: Bad return type
Exception Details:
  Location:
    REPL/$JShell$21B$InfiniteListImpl.filter(Ljava/util/function/Predicate;)LREPL/$JShell$21B$InfiniteListImpl; @14: areturn
  Reason:
    Type 'REPL/
Event: 4.644 Thread 0x00007fe954015000 Exception <a 'java/lang/NoSuchMethodError'{0x000000071180ed40}: <clinit>> (0x000000071180ed40) thrown at [/build/openjdk-lts-ioLltV/openjdk-lts-11.0.5+10/src/hotspot/share/prims/jni.cpp, line 1362]

Events (20 events):
Event: 5.978 loading class REPL/$JShell$15$Lazy
Event: 5.978 loading class REPL/$JShell$15$Lazy done
Event: 5.980 loading class REPL/$JShell$21C$InfiniteListImpl
Event: 5.980 loading class REPL/$JShell$21C$InfiniteListImpl done
Event: 6.186 loading class REPL/$JShell$27
Event: 6.186 loading class REPL/$JShell$27 done
Event: 6.324 loading class REPL/$JShell$28
Event: 6.324 loading class REPL/$JShell$28 done
Event: 6.327 loading class REPL/$JShell$21C$InfiniteListImpl
Event: 6.327 loading class REPL/$JShell$21C$InfiniteListImpl done
Event: 6.327 loading class REPL/$JShell$21C$InfiniteListImpl
Event: 6.327 loading class REPL/$JShell$21C$InfiniteListImpl done
Event: 6.474 loading class REPL/$JShell$29
Event: 6.474 loading class REPL/$JShell$29 done
Event: 6.615 loading class REPL/$JShell$30
Event: 6.615 loading class REPL/$JShell$30 done
Event: 6.775 loading class REPL/$JShell$31
Event: 6.775 loading class REPL/$JShell$31 done
Event: 40841.702 loading class jdk/internal/misc/Signal$1
Event: 40841.702 loading class jdk/internal/misc/Signal$1 done


Dynamic libraries:
701c00000-711c00000 rw-p 00000000 00:00 0
711c00000-7bfe00000 ---p 00000000 00:00 0
7bfe00000-7bfe44000 rw-p 01104000 00:00 181837                   /usr/lib/jvm/java-11-openjdk-amd64/lib/server/classes.jsa
7bfe44000-7bff00000 rw-p 00000000 00:00 0
7bff00000-7bff6a000 rw-p 0109a000 00:00 181837                   /usr/lib/jvm/java-11-openjdk-amd64/lib/server/classes.jsa
7bff6a000-7c0000000 rw-p 00000000 00:00 0
7c0000000-800000000 ---p 00000000 00:00 0
800000000-800002000 rwxp 00001000 00:00 181837                   /usr/lib/jvm/java-11-openjdk-amd64/lib/server/classes.jsa
800002000-8003b8000 rw-p 00003000 00:00 181837                   /usr/lib/jvm/java-11-openjdk-amd64/lib/server/classes.jsa
8003b8000-800a8c000 rw-p 003b9000 00:00 181837                   /usr/lib/jvm/java-11-openjdk-amd64/lib/server/classes.jsa
800a8c000-800a8d000 rw-p 00a8d000 00:00 181837                   /usr/lib/jvm/java-11-openjdk-amd64/lib/server/classes.jsa
800a8d000-801099000 rw-p 00a8e000 00:00 181837                   /usr/lib/jvm/java-11-openjdk-amd64/lib/server/classes.jsa
840000000-8400a0000 rw-p 00000000 00:00 0
8400a0000-880000000 ---p 00000000 00:00 0
7fe8d8000000-7fe8d8021000 rw-p 00000000 00:00 0
7fe8d8021000-7fe8dc000000 ---p 00000000 00:00 0
7fe8e0000000-7fe8e0021000 rw-p 00000000 00:00 0
7fe8e0021000-7fe8e4000000 ---p 00000000 00:00 0
7fe8e4000000-7fe8e4021000 rw-p 00000000 00:00 0
7fe8e4021000-7fe8e8000000 ---p 00000000 00:00 0
7fe8e8000000-7fe8e8021000 rw-p 00000000 00:00 0
7fe8e8021000-7fe8ec000000 ---p 00000000 00:00 0
7fe8ec000000-7fe8ec021000 rw-p 00000000 00:00 0
7fe8ec021000-7fe8f0000000 ---p 00000000 00:00 0
7fe8f0000000-7fe8f0021000 rw-p 00000000 00:00 0
7fe8f0021000-7fe8f4000000 ---p 00000000 00:00 0
7fe8f4000000-7fe8f4021000 rw-p 00000000 00:00 0
7fe8f4021000-7fe8f8000000 ---p 00000000 00:00 0
7fe8f8000000-7fe8f8021000 rw-p 00000000 00:00 0
7fe8f8021000-7fe8fc000000 ---p 00000000 00:00 0
7fe8fc000000-7fe8fc021000 rw-p 00000000 00:00 0
7fe8fc021000-7fe900000000 ---p 00000000 00:00 0
7fe900000000-7fe90010b000 rw-p 00000000 00:00 0
7fe90010b000-7fe904000000 ---p 00000000 00:00 0
7fe904000000-7fe904214000 rw-p 00000000 00:00 0
7fe904214000-7fe908000000 ---p 00000000 00:00 0
7fe908000000-7fe908021000 rw-p 00000000 00:00 0
7fe908021000-7fe90c000000 ---p 00000000 00:00 0
7fe90e8b0000-7fe90e8b4000 ---p 00000000 00:00 0
7fe90e8b4000-7fe90e9b1000 rw-p 00000000 00:00 0
7fe90e9c0000-7fe90e9c4000 ---p 00000000 00:00 0
7fe90e9c4000-7fe90eac1000 rw-p 00000000 00:00 0
7fe90ead0000-7fe90ead2000 r-xp 00000000 00:00 138092             /usr/lib/jvm/java-11-openjdk-amd64/lib/libextnet.so
7fe90ead2000-7fe90ead3000 ---p 00002000 00:00 138092             /usr/lib/jvm/java-11-openjdk-amd64/lib/libextnet.so
7fe90ead3000-7fe90ecd1000 ---p 00000003 00:00 138092             /usr/lib/jvm/java-11-openjdk-amd64/lib/libextnet.so
7fe90ecd1000-7fe90ecd2000 r--p 00001000 00:00 138092             /usr/lib/jvm/java-11-openjdk-amd64/lib/libextnet.so
7fe90ecd2000-7fe90ecd3000 rw-p 00002000 00:00 138092             /usr/lib/jvm/java-11-openjdk-amd64/lib/libextnet.so
7fe90ece0000-7fe90ece4000 ---p 00000000 00:00 0
7fe90ece4000-7fe90ede1000 rw-p 00000000 00:00 0
7fe90edf0000-7fe90ee21000 rw-p 00000000 00:00 0
7fe90ee30000-7fe90ee46000 r-xp 00000000 00:00 139242             /usr/lib/jvm/java-11-openjdk-amd64/lib/libnet.so
7fe90ee46000-7fe90ee47000 ---p 00016000 00:00 139242             /usr/lib/jvm/java-11-openjdk-amd64/lib/libnet.so
7fe90ee47000-7fe90f045000 ---p 00000017 00:00 139242             /usr/lib/jvm/java-11-openjdk-amd64/lib/libnet.so
7fe90f045000-7fe90f046000 r--p 00015000 00:00 139242             /usr/lib/jvm/java-11-openjdk-amd64/lib/libnet.so
7fe90f046000-7fe90f047000 rw-p 00016000 00:00 139242             /usr/lib/jvm/java-11-openjdk-amd64/lib/libnet.so
7fe90f050000-7fe90f060000 r-xp 00000000 00:00 139247             /usr/lib/jvm/java-11-openjdk-amd64/lib/libnio.so
7fe90f060000-7fe90f061000 ---p 00010000 00:00 139247             /usr/lib/jvm/java-11-openjdk-amd64/lib/libnio.so
7fe90f061000-7fe90f25f000 ---p 00000011 00:00 139247             /usr/lib/jvm/java-11-openjdk-amd64/lib/libnio.so
7fe90f25f000-7fe90f260000 r--p 0000f000 00:00 139247             /usr/lib/jvm/java-11-openjdk-amd64/lib/libnio.so
7fe90f260000-7fe90f261000 rw-p 00010000 00:00 139247             /usr/lib/jvm/java-11-openjdk-amd64/lib/libnio.so
7fe90f270000-7fe90f271000 ---p 00000000 00:00 0
7fe90f271000-7fe90f372000 rw-p 00000000 00:00 0
7fe90f380000-7fe90f384000 ---p 00000000 00:00 0
7fe90f384000-7fe90f481000 rw-p 00000000 00:00 0
7fe90f490000-7fe90f494000 ---p 00000000 00:00 0
7fe90f494000-7fe90f591000 rw-p 00000000 00:00 0
7fe90f5a0000-7fe90f5a4000 ---p 00000000 00:00 0
7fe90f5a4000-7fe90f6a1000 rw-p 00000000 00:00 0
7fe90f6b0000-7fe90f6b4000 ---p 00000000 00:00 0
7fe90f6b4000-7fe90f7b1000 rw-p 00000000 00:00 0
7fe90f7c0000-7fe90f7c4000 r-xp 00000000 00:00 137958             /usr/lib/jvm/java-11-openjdk-amd64/lib/libdt_socket.so
7fe90f7c4000-7fe90f7c6000 ---p 00004000 00:00 137958             /usr/lib/jvm/java-11-openjdk-amd64/lib/libdt_socket.so
7fe90f7c6000-7fe90f9c4000 ---p 00000006 00:00 137958             /usr/lib/jvm/java-11-openjdk-amd64/lib/libdt_socket.so
7fe90f9c4000-7fe90f9c5000 r--p 00004000 00:00 137958             /usr/lib/jvm/java-11-openjdk-amd64/lib/libdt_socket.so
7fe90f9c5000-7fe90f9c6000 rw-p 00005000 00:00 137958             /usr/lib/jvm/java-11-openjdk-amd64/lib/libdt_socket.so
7fe90f9d0000-7fe90f9d4000 ---p 00000000 00:00 0
7fe90f9d4000-7fe90fad1000 rw-p 00000000 00:00 0
7fe90fae0000-7fe90fae4000 ---p 00000000 00:00 0
7fe90fae4000-7fe90fbe1000 rw-p 00000000 00:00 0
7fe90fbf0000-7fe90fbf4000 ---p 00000000 00:00 0
7fe90fbf4000-7fe90fcf1000 rw-p 00000000 00:00 0
7fe90fcf2000-7fe90fe65000 r--p 00000000 00:00 620215             /usr/lib/locale/C.UTF-8/LC_COLLATE
7fe90fe65000-7fe910000000 r--p 00000000 00:00 620296             /usr/lib/locale/locale-archive
7fe910000000-7fe910021000 rw-p 00000000 00:00 0
7fe910021000-7fe914000000 ---p 00000000 00:00 0
7fe914000000-7fe914021000 rw-p 00000000 00:00 0
7fe914021000-7fe918000000 ---p 00000000 00:00 0
7fe918000000-7fe918021000 rw-p 00000000 00:00 0
7fe918021000-7fe91c000000 ---p 00000000 00:00 0
7fe91c000000-7fe91c021000 rw-p 00000000 00:00 0
7fe91c021000-7fe920000000 ---p 00000000 00:00 0
7fe920000000-7fe920021000 rw-p 00000000 00:00 0
7fe920021000-7fe924000000 ---p 00000000 00:00 0
7fe924000000-7fe924021000 rw-p 00000000 00:00 0
7fe924021000-7fe928000000 ---p 00000000 00:00 0
7fe928000000-7fe928021000 rw-p 00000000 00:00 0
7fe928021000-7fe92c000000 ---p 00000000 00:00 0
7fe92c030000-7fe92c034000 ---p 00000000 00:00 0
7fe92c034000-7fe92c131000 rw-p 00000000 00:00 0
7fe92c13f000-7fe92c170000 r--p 00000000 00:00 620223             /usr/lib/locale/C.UTF-8/LC_CTYPE
7fe92c170000-7fe92c174000 ---p 00000000 00:00 0
7fe92c174000-7fe92c271000 rw-p 00000000 00:00 0
7fe92c280000-7fe92c284000 ---p 00000000 00:00 0
7fe92c284000-7fe92c381000 rw-p 00000000 00:00 0
7fe92c390000-7fe92c391000 ---p 00000000 00:00 0
7fe92c391000-7fe92c492000 rw-p 00000000 00:00 0
7fe92c4a0000-7fe92c521000 rw-p 00000000 00:00 0
7fe92c530000-7fe92c9b0000 rw-p 00000000 00:00 0
7fe92c9b0000-7fe92cd31000 ---p 00000000 00:00 0
7fe92cd31000-7fe92ce32000 rw-p 00000000 00:00 0
7fe92ce40000-7fe92ce41000 ---p 00000000 00:00 0
7fe92ce41000-7fe92cf42000 rw-p 00000000 00:00 0
7fe92cf50000-7fe92d051000 rw-p 00000000 00:00 0
7fe92d060000-7fe92d161000 rw-p 00000000 00:00 0
7fe92d170000-7fe92d271000 rw-p 00000000 00:00 0
7fe92d280000-7fe92d381000 rw-p 00000000 00:00 0
7fe92d390000-7fe92d491000 rw-p 00000000 00:00 0
7fe92d4a0000-7fe92d5a1000 rw-p 00000000 00:00 0
7fe92d5b0000-7fe92d6b1000 rw-p 00000000 00:00 0
7fe92d6c0000-7fe92d7c1000 rw-p 00000000 00:00 0
7fe92d7d0000-7fe92f7d0000 rw-p 00000000 00:00 0
7fe92f7d0000-7fe92f7d1000 ---p 00000000 00:00 0
7fe92f7d1000-7fe92f8d2000 rw-p 00000000 00:00 0
7fe92f8e0000-7fe92fce0000 rw-p 00000000 00:00 0
7fe92fce0000-7fe932868000 ---p 00000000 00:00 0
7fe932868000-7fe932870000 rw-p 00000000 00:00 0
7fe932870000-7fe933870000 ---p 00000000 00:00 0
7fe933870000-7fe933c70000 rw-p 00000000 00:00 0
7fe933c70000-7fe9367f8000 ---p 00000000 00:00 0
7fe9367f8000-7fe936800000 rw-p 00000000 00:00 0
7fe936800000-7fe937800000 ---p 00000000 00:00 0
7fe937800000-7fe937880000 rw-p 00000000 00:00 0
7fe937880000-7fe937df1000 ---p 00000000 00:00 0
7fe937df1000-7fe937df2000 rw-p 00000000 00:00 0
7fe937df2000-7fe937ff2000 ---p 00000000 00:00 0
7fe938000000-7fe938021000 rw-p 00000000 00:00 0
7fe938021000-7fe93c000000 ---p 00000000 00:00 0
7fe93c020000-7fe93c021000 ---p 00000000 00:00 0
7fe93c021000-7fe93c122000 rw-p 00000000 00:00 0
7fe93c130000-7fe93c1b0000 rw-p 00000000 00:00 0
7fe93c1b0000-7fe93c721000 ---p 00000000 00:00 0
7fe93c721000-7fe93c722000 rw-p 00000000 00:00 0
7fe93c722000-7fe93c922000 ---p 00000000 00:00 0
7fe93c930000-7fe93cba0000 rwxp 00000000 00:00 0
7fe93cba0000-7fe93cec1000 ---p 00000000 00:00 0
7fe93cec1000-7fe93d131000 rwxp 00000000 00:00 0
7fe93d131000-7fe9443f8000 ---p 00000000 00:00 0
7fe9443f8000-7fe944668000 rwxp 00000000 00:00 0
7fe944668000-7fe94b930000 ---p 00000000 00:00 0
7fe94b93e000-7fe954000000 r--s 00000000 00:00 141554             /usr/lib/jvm/java-11-openjdk-amd64/lib/modules
7fe954000000-7fe9542e9000 rw-p 00000000 00:00 0
7fe9542e9000-7fe958000000 ---p 00000000 00:00 0
7fe958000000-7fe95805b000 rw-p 00000000 00:00 0
7fe958060000-7fe958167000 rw-p 00000000 00:00 0
7fe958170000-7fe9581f0000 rw-p 00000000 00:00 0
7fe9581f0000-7fe958761000 ---p 00000000 00:00 0
7fe958761000-7fe958762000 rw-p 00000000 00:00 0
7fe958762000-7fe958962000 ---p 00000000 00:00 0
7fe958970000-7fe958a71000 rw-p 00000000 00:00 0
7fe958a80000-7fe958b81000 rw-p 00000000 00:00 0
7fe958b90000-7fe958c91000 rw-p 00000000 00:00 0
7fe958ca0000-7fe958da1000 rw-p 00000000 00:00 0
7fe958db0000-7fe958eb1000 rw-p 00000000 00:00 0
7fe958ec0000-7fe958fc1000 rw-p 00000000 00:00 0
7fe958fd0000-7fe9590d1000 rw-p 00000000 00:00 0
7fe9590e0000-7fe9591e1000 rw-p 00000000 00:00 0
7fe9591f0000-7fe9591f1000 ---p 00000000 00:00 0
7fe9591f1000-7fe9592f2000 rw-p 00000000 00:00 0
7fe959300000-7fe959305000 r-xp 00000000 00:00 138887             /usr/lib/jvm/java-11-openjdk-amd64/lib/libjimage.so
7fe959305000-7fe959306000 ---p 00005000 00:00 138887             /usr/lib/jvm/java-11-openjdk-amd64/lib/libjimage.so
7fe959306000-7fe959504000 ---p 00000006 00:00 138887             /usr/lib/jvm/java-11-openjdk-amd64/lib/libjimage.so
7fe959504000-7fe959505000 r--p 00004000 00:00 138887             /usr/lib/jvm/java-11-openjdk-amd64/lib/libjimage.so
7fe959505000-7fe959506000 rw-p 00005000 00:00 138887             /usr/lib/jvm/java-11-openjdk-amd64/lib/libjimage.so
7fe959510000-7fe959517000 r-xp 00000000 00:00 140971             /usr/lib/jvm/java-11-openjdk-amd64/lib/libzip.so
7fe959517000-7fe959518000 ---p 00007000 00:00 140971             /usr/lib/jvm/java-11-openjdk-amd64/lib/libzip.so
7fe959518000-7fe959716000 ---p 00000008 00:00 140971             /usr/lib/jvm/java-11-openjdk-amd64/lib/libzip.so
7fe959716000-7fe959717000 r--p 00006000 00:00 140971             /usr/lib/jvm/java-11-openjdk-amd64/lib/libzip.so
7fe959717000-7fe959718000 rw-p 00007000 00:00 140971             /usr/lib/jvm/java-11-openjdk-amd64/lib/libzip.so
7fe959720000-7fe95972b000 r-xp 00000000 00:00 487271             /lib/x86_64-linux-gnu/libnss_files-2.27.so
7fe95972b000-7fe95972c000 ---p 0000b000 00:00 487271             /lib/x86_64-linux-gnu/libnss_files-2.27.so
7fe95972c000-7fe95992a000 ---p 0000000c 00:00 487271             /lib/x86_64-linux-gnu/libnss_files-2.27.so
7fe95992a000-7fe95992b000 r--p 0000a000 00:00 487271             /lib/x86_64-linux-gnu/libnss_files-2.27.so
7fe95992b000-7fe95992c000 rw-p 0000b000 00:00 487271             /lib/x86_64-linux-gnu/libnss_files-2.27.so
7fe95992c000-7fe959932000 rw-p 00000000 00:00 0
7fe959940000-7fe959957000 r-xp 00000000 00:00 487265             /lib/x86_64-linux-gnu/libnsl-2.27.so
7fe959957000-7fe959958000 ---p 00017000 00:00 487265             /lib/x86_64-linux-gnu/libnsl-2.27.so
7fe959958000-7fe959b56000 ---p 00000018 00:00 487265             /lib/x86_64-linux-gnu/libnsl-2.27.so
7fe959b56000-7fe959b57000 r--p 00016000 00:00 487265             /lib/x86_64-linux-gnu/libnsl-2.27.so
7fe959b57000-7fe959b58000 rw-p 00017000 00:00 487265             /lib/x86_64-linux-gnu/libnsl-2.27.so
7fe959b58000-7fe959b5a000 rw-p 00000000 00:00 0
7fe959b60000-7fe959b6b000 r-xp 00000000 00:00 487276             /lib/x86_64-linux-gnu/libnss_nis-2.27.so
7fe959b6b000-7fe959b6c000 ---p 0000b000 00:00 487276             /lib/x86_64-linux-gnu/libnss_nis-2.27.so
7fe959b6c000-7fe959d6a000 ---p 0000000c 00:00 487276             /lib/x86_64-linux-gnu/libnss_nis-2.27.so
7fe959d6a000-7fe959d6b000 r--p 0000a000 00:00 487276             /lib/x86_64-linux-gnu/libnss_nis-2.27.so
7fe959d6b000-7fe959d6c000 rw-p 0000b000 00:00 487276             /lib/x86_64-linux-gnu/libnss_nis-2.27.so
7fe959d70000-7fe959d78000 r-xp 00000000 00:00 487267             /lib/x86_64-linux-gnu/libnss_compat-2.27.so
7fe959d78000-7fe959d7a000 ---p 00008000 00:00 487267             /lib/x86_64-linux-gnu/libnss_compat-2.27.so
7fe959d7a000-7fe959f78000 ---p 0000000a 00:00 487267             /lib/x86_64-linux-gnu/libnss_compat-2.27.so
7fe959f78000-7fe959f79000 r--p 00008000 00:00 487267             /lib/x86_64-linux-gnu/libnss_compat-2.27.so
7fe959f79000-7fe959f7a000 rw-p 00009000 00:00 487267             /lib/x86_64-linux-gnu/libnss_compat-2.27.so
7fe959f80000-7fe959fbb000 r-xp 00000000 00:00 138617             /usr/lib/jvm/java-11-openjdk-amd64/lib/libjdwp.so
7fe959fbb000-7fe959fbc000 ---p 0003b000 00:00 138617             /usr/lib/jvm/java-11-openjdk-amd64/lib/libjdwp.so
7fe959fbc000-7fe95a1ba000 ---p 0000003c 00:00 138617             /usr/lib/jvm/java-11-openjdk-amd64/lib/libjdwp.so
7fe95a1ba000-7fe95a1bb000 r--p 0003a000 00:00 138617             /usr/lib/jvm/java-11-openjdk-amd64/lib/libjdwp.so
7fe95a1bb000-7fe95a1bc000 rw-p 0003b000 00:00 138617             /usr/lib/jvm/java-11-openjdk-amd64/lib/libjdwp.so
7fe95a1c0000-7fe95a1e9000 r-xp 00000000 00:00 138269             /usr/lib/jvm/java-11-openjdk-amd64/lib/libjava.so
7fe95a1e9000-7fe95a1eb000 ---p 00029000 00:00 138269             /usr/lib/jvm/java-11-openjdk-amd64/lib/libjava.so
7fe95a1eb000-7fe95a3e8000 ---p 0000002b 00:00 138269             /usr/lib/jvm/java-11-openjdk-amd64/lib/libjava.so
7fe95a3e8000-7fe95a3e9000 r--p 00028000 00:00 138269             /usr/lib/jvm/java-11-openjdk-amd64/lib/libjava.so
7fe95a3e9000-7fe95a3eb000 rw-p 00029000 00:00 138269             /usr/lib/jvm/java-11-openjdk-amd64/lib/libjava.so
7fe95a3f0000-7fe95a3fd000 r-xp 00000000 00:00 140960             /usr/lib/jvm/java-11-openjdk-amd64/lib/libverify.so
7fe95a3fd000-7fe95a3ff000 ---p 0000d000 00:00 140960             /usr/lib/jvm/java-11-openjdk-amd64/lib/libverify.so
7fe95a3ff000-7fe95a5fc000 ---p 0000000f 00:00 140960             /usr/lib/jvm/java-11-openjdk-amd64/lib/libverify.so
7fe95a5fc000-7fe95a5fe000 r--p 0000c000 00:00 140960             /usr/lib/jvm/java-11-openjdk-amd64/lib/libverify.so
7fe95a5fe000-7fe95a5ff000 rw-p 0000e000 00:00 140960             /usr/lib/jvm/java-11-openjdk-amd64/lib/libverify.so
7fe95a600000-7fe95a607000 r-xp 00000000 00:00 487328             /lib/x86_64-linux-gnu/librt-2.27.so
7fe95a607000-7fe95a608000 ---p 00007000 00:00 487328             /lib/x86_64-linux-gnu/librt-2.27.so
7fe95a608000-7fe95a806000 ---p 00000008 00:00 487328             /lib/x86_64-linux-gnu/librt-2.27.so
7fe95a806000-7fe95a807000 r--p 00006000 00:00 487328             /lib/x86_64-linux-gnu/librt-2.27.so
7fe95a807000-7fe95a808000 rw-p 00007000 00:00 487328             /lib/x86_64-linux-gnu/librt-2.27.so
7fe95a810000-7fe95a827000 r-xp 00000000 00:00 487212             /lib/x86_64-linux-gnu/libgcc_s.so.1
7fe95a827000-7fe95a828000 ---p 00017000 00:00 487212             /lib/x86_64-linux-gnu/libgcc_s.so.1
7fe95a828000-7fe95aa26000 ---p 00000018 00:00 487212             /lib/x86_64-linux-gnu/libgcc_s.so.1
7fe95aa26000-7fe95aa27000 r--p 00016000 00:00 487212             /lib/x86_64-linux-gnu/libgcc_s.so.1
7fe95aa27000-7fe95aa28000 rw-p 00017000 00:00 487212             /lib/x86_64-linux-gnu/libgcc_s.so.1
7fe95aa30000-7fe95abcd000 r-xp 00000000 00:00 487240             /lib/x86_64-linux-gnu/libm-2.27.so
7fe95abcd000-7fe95abd0000 ---p 0019d000 00:00 487240             /lib/x86_64-linux-gnu/libm-2.27.so
7fe95abd0000-7fe95adcc000 ---p 000001a0 00:00 487240             /lib/x86_64-linux-gnu/libm-2.27.so
7fe95adcc000-7fe95adcd000 r--p 0019c000 00:00 487240             /lib/x86_64-linux-gnu/libm-2.27.so
7fe95adcd000-7fe95adce000 rw-p 0019d000 00:00 487240             /lib/x86_64-linux-gnu/libm-2.27.so
7fe95add0000-7fe95af49000 r-xp 00000000 00:00 682071             /usr/lib/x86_64-linux-gnu/libstdc++.so.6.0.25
7fe95af49000-7fe95af56000 ---p 00179000 00:00 682071             /usr/lib/x86_64-linux-gnu/libstdc++.so.6.0.25
7fe95af56000-7fe95b149000 ---p 00000186 00:00 682071             /usr/lib/x86_64-linux-gnu/libstdc++.so.6.0.25
7fe95b149000-7fe95b153000 r--p 00179000 00:00 682071             /usr/lib/x86_64-linux-gnu/libstdc++.so.6.0.25
7fe95b153000-7fe95b155000 rw-p 00183000 00:00 682071             /usr/lib/x86_64-linux-gnu/libstdc++.so.6.0.25
7fe95b155000-7fe95b159000 rw-p 00000000 00:00 0
7fe95b160000-7fe95c234000 r-xp 00000000 00:00 142530             /usr/lib/jvm/java-11-openjdk-amd64/lib/server/libjvm.so
7fe95c234000-7fe95c32b000 ---p 010d4000 00:00 142530             /usr/lib/jvm/java-11-openjdk-amd64/lib/server/libjvm.so
7fe95c32b000-7fe95c434000 ---p 000011cb 00:00 142530             /usr/lib/jvm/java-11-openjdk-amd64/lib/server/libjvm.so
7fe95c434000-7fe95c4f1000 r--p 010d4000 00:00 142530             /usr/lib/jvm/java-11-openjdk-amd64/lib/server/libjvm.so
7fe95c4f1000-7fe95c52a000 rw-p 01191000 00:00 142530             /usr/lib/jvm/java-11-openjdk-amd64/lib/server/libjvm.so
7fe95c52a000-7fe95c581000 rw-p 00000000 00:00 0
7fe95c590000-7fe95c5aa000 r-xp 00000000 00:00 487320             /lib/x86_64-linux-gnu/libpthread-2.27.so
7fe95c5aa000-7fe95c5b4000 ---p 0001a000 00:00 487320             /lib/x86_64-linux-gnu/libpthread-2.27.so
7fe95c5b4000-7fe95c7a9000 ---p 00000024 00:00 487320             /lib/x86_64-linux-gnu/libpthread-2.27.so
7fe95c7a9000-7fe95c7aa000 r--p 00019000 00:00 487320             /lib/x86_64-linux-gnu/libpthread-2.27.so
7fe95c7aa000-7fe95c7ab000 rw-p 0001a000 00:00 487320             /lib/x86_64-linux-gnu/libpthread-2.27.so
7fe95c7ab000-7fe95c7af000 rw-p 00000000 00:00 0
7fe95c7b0000-7fe95c7b3000 r-xp 00000000 00:00 487187             /lib/x86_64-linux-gnu/libdl-2.27.so
7fe95c7b3000-7fe95c7b4000 ---p 00003000 00:00 487187             /lib/x86_64-linux-gnu/libdl-2.27.so
7fe95c7b4000-7fe95c9b2000 ---p 00000004 00:00 487187             /lib/x86_64-linux-gnu/libdl-2.27.so
7fe95c9b2000-7fe95c9b3000 r--p 00002000 00:00 487187             /lib/x86_64-linux-gnu/libdl-2.27.so
7fe95c9b3000-7fe95c9b4000 rw-p 00003000 00:00 487187             /lib/x86_64-linux-gnu/libdl-2.27.so
7fe95c9c0000-7fe95c9dc000 r-xp 00000000 00:00 487370             /lib/x86_64-linux-gnu/libz.so.1.2.11
7fe95c9dc000-7fe95c9dd000 ---p 0001c000 00:00 487370             /lib/x86_64-linux-gnu/libz.so.1.2.11
7fe95c9dd000-7fe95cbdb000 ---p 0000001d 00:00 487370             /lib/x86_64-linux-gnu/libz.so.1.2.11
7fe95cbdb000-7fe95cbdc000 r--p 0001b000 00:00 487370             /lib/x86_64-linux-gnu/libz.so.1.2.11
7fe95cbdc000-7fe95cbdd000 rw-p 0001c000 00:00 487370             /lib/x86_64-linux-gnu/libz.so.1.2.11
7fe95cbe0000-7fe95cdc7000 r-xp 00000000 00:00 487157             /lib/x86_64-linux-gnu/libc-2.27.so
7fe95cdc7000-7fe95cdd0000 ---p 001e7000 00:00 487157             /lib/x86_64-linux-gnu/libc-2.27.so
7fe95cdd0000-7fe95cfc7000 ---p 000001f0 00:00 487157             /lib/x86_64-linux-gnu/libc-2.27.so
7fe95cfc7000-7fe95cfcb000 r--p 001e7000 00:00 487157             /lib/x86_64-linux-gnu/libc-2.27.so
7fe95cfcb000-7fe95cfcd000 rw-p 001eb000 00:00 487157             /lib/x86_64-linux-gnu/libc-2.27.so
7fe95cfcd000-7fe95cfd1000 rw-p 00000000 00:00 0
7fe95cfe0000-7fe95cff0000 r-xp 00000000 00:00 137834             /usr/lib/jvm/java-11-openjdk-amd64/lib/jli/libjli.so
7fe95cff0000-7fe95cff1000 ---p 00010000 00:00 137834             /usr/lib/jvm/java-11-openjdk-amd64/lib/jli/libjli.so
7fe95cff1000-7fe95d1ef000 ---p 00000011 00:00 137834             /usr/lib/jvm/java-11-openjdk-amd64/lib/jli/libjli.so
7fe95d1ef000-7fe95d1f0000 r--p 0000f000 00:00 137834             /usr/lib/jvm/java-11-openjdk-amd64/lib/jli/libjli.so
7fe95d1f0000-7fe95d1f1000 rw-p 00010000 00:00 137834             /usr/lib/jvm/java-11-openjdk-amd64/lib/jli/libjli.so
7fe95d200000-7fe95d226000 r-xp 00000000 00:00 487133             /lib/x86_64-linux-gnu/ld-2.27.so
7fe95d226000-7fe95d227000 r-xp 00026000 00:00 487133             /lib/x86_64-linux-gnu/ld-2.27.so
7fe95d240000-7fe95d245000 rw-p 00000000 00:00 0
7fe95d245000-7fe95d32b000 ---p 00000000 00:00 0
7fe95d330000-7fe95d335000 rw-p 00000000 00:00 0
7fe95d335000-7fe95d41b000 ---p 00000000 00:00 0
7fe95d427000-7fe95d428000 r--p 00027000 00:00 487133             /lib/x86_64-linux-gnu/ld-2.27.so
7fe95d428000-7fe95d429000 rw-p 00028000 00:00 487133             /lib/x86_64-linux-gnu/ld-2.27.so
7fe95d429000-7fe95d42a000 rw-p 00000000 00:00 0
7fe95d450000-7fe95d478000 rw-p 00000000 00:00 0
7fe95d480000-7fe95d4a1000 rw-p 00000000 00:00 0
7fe95d4b0000-7fe95d4d1000 rw-p 00000000 00:00 0
7fe95d4e0000-7fe95d4e5000 rw-p 00000000 00:00 0
7fe95d4e5000-7fe95d4ec000 ---p 00000000 00:00 0
7fe95d4f0000-7fe95d4f1000 ---p 00000000 00:00 0
7fe95d4f1000-7fe95d4f2000 r--p 00000000 00:00 0
7fe95d500000-7fe95d504000 ---p 00000000 00:00 0
7fe95d504000-7fe95d601000 rw-p 00000000 00:00 0
7fe95d610000-7fe95d612000 rw-p 00000000 00:00 0
7fe95d615000-7fe95d616000 r--p 00000000 00:00 620278             /usr/lib/locale/C.UTF-8/LC_NUMERIC
7fe95d616000-7fe95d617000 r--p 00000000 00:00 620293             /usr/lib/locale/C.UTF-8/LC_TIME
7fe95d617000-7fe95d618000 r--p 00000000 00:00 620258             /usr/lib/locale/C.UTF-8/LC_MONETARY
7fe95d618000-7fe95d619000 r--p 00000000 00:00 620254             /usr/lib/locale/C.UTF-8/LC_MESSAGES/SYS_LC_MESSAGES
7fe95d619000-7fe95d620000 r--s 00000000 00:00 681823             /usr/lib/x86_64-linux-gnu/gconv/gconv-modules.cache
7fe95d620000-7fe95d622000 rw-p 00000000 00:00 0
7fe95d622000-7fe95d623000 r--p 00000000 00:00 620279             /usr/lib/locale/C.UTF-8/LC_PAPER
7fe95d623000-7fe95d624000 r--p 00000000 00:00 620267             /usr/lib/locale/C.UTF-8/LC_NAME
7fe95d624000-7fe95d625000 r--p 00000000 00:00 620210             /usr/lib/locale/C.UTF-8/LC_ADDRESS
7fe95d625000-7fe95d626000 r--p 00000000 00:00 620281             /usr/lib/locale/C.UTF-8/LC_TELEPHONE
7fe95d626000-7fe95d627000 r--p 00000000 00:00 620242             /usr/lib/locale/C.UTF-8/LC_MEASUREMENT
7fe95d627000-7fe95d628000 r--p 00000000 00:00 620231             /usr/lib/locale/C.UTF-8/LC_IDENTIFICATION
7fe95d628000-7fe95d630000 rw-s 00000000 00:00 219975             /tmp/hsperfdata_ashleyljh/9462
7fe95d800000-7fe95d801000 r-xp 00000000 00:00 136991             /usr/lib/jvm/java-11-openjdk-amd64/bin/java
7fe95da01000-7fe95da02000 r--p 00001000 00:00 136991             /usr/lib/jvm/java-11-openjdk-amd64/bin/java
7fe95da02000-7fe95da03000 rw-p 00002000 00:00 136991             /usr/lib/jvm/java-11-openjdk-amd64/bin/java
7fffc2934000-7fffc2955000 rw-p 00000000 00:00 0                  [heap]
7fffc948c000-7fffc9c8c000 rw-p 00000000 00:00 0                  [stack]
7fffc9cb3000-7fffc9cb4000 r-xp 00000000 00:00 0                  [vdso]


VM Arguments:
jvm_args: -agentlib:jdwp=transport=dt_socket,address=localhost:50564 
java_command: jdk.jshell.execution.RemoteExecutionControl 50563
java_class_path (initial): .
Launcher Type: SUN_STANDARD

[Global flags]
     intx CICompilerCount                          = 4                                         {product} {ergonomic}
     uint ConcGCThreads                            = 2                                         {product} {ergonomic}
     uint G1ConcRefinementThreads                  = 8                                         {product} {ergonomic}
   size_t G1HeapRegionSize                         = 1048576                                   {product} {ergonomic}
    uintx GCDrainStackTargetSize                   = 64                                        {product} {ergonomic}
   size_t InitialHeapSize                          = 268435456                                 {product} {ergonomic}
   size_t MarkStackSize                            = 4194304                                   {product} {ergonomic}
   size_t MaxHeapSize                              = 4265607168                                {product} {ergonomic}
   size_t MaxNewSize                               = 2558525440                                {product} {ergonomic}
   size_t MinHeapDeltaBytes                        = 1048576                                   {product} {ergonomic}
    uintx NonNMethodCodeHeapSize                   = 5836300                                {pd product} {ergonomic}
    uintx NonProfiledCodeHeapSize                  = 122910970                              {pd product} {ergonomic}
    uintx ProfiledCodeHeapSize                     = 122910970                              {pd product} {ergonomic}
    uintx ReservedCodeCacheSize                    = 251658240                              {pd product} {ergonomic}
     bool SegmentedCodeCache                       = true                                      {product} {ergonomic}
     bool UseCompressedClassPointers               = true                                 {lp64_product} {ergonomic}
     bool UseCompressedOops                        = true                                 {lp64_product} {ergonomic}
     bool UseG1GC                                  = true                                      {product} {ergonomic}

Logging:
Log output configuration:
 #0: stdout all=warning uptime,level,tags
 #1: stderr all=off uptime,level,tags

Environment Variables:
PATH=/usr/local/sbin:/usr/local/bin:/usr/sbin:/usr/bin:/sbin:/bin:/usr/games:/usr/local/games:/mnt/c/Program Files/WindowsApps/CanonicalGroupLimited.UbuntuonWindows_1804.2020.5.0_x64__79rhkp1fndgsc:/mnt/c/Program Files (x86)/Common Files/Oracle/Java/javapath:/mnt/c/Windows/System32:/mnt/c/Windows:/mnt/c/Windows/System32/wbem:/mnt/c/Windows/System32/WindowsPowerShell/v1.0:/mnt/c/Windows/System32/OpenSSH:/mnt/c/Program Files (x86)/NVIDIA Corporation/PhysX/Common:/mnt/c/Program Files/Intel/WiFi/bin:/mnt/c/Program Files/Common Files/Intel/WirelessCommon:/mnt/c/Program Files/Java/jdk-12.0.2/bin:/mnt/d/Matlab/bin:/mnt/c/Users/ashle/AppData/Local/Microsoft/WindowsApps:/mnt/c/Users/ashle/AppData/Local/Programs/Microsoft VS Code/bin:/snap/bin
SHELL=/bin/bash
DISPLAY=:0
HOSTTYPE=x86_64

Signal Handlers:
SIGSEGV: [libjvm.so+0xdeda70], sa_mask[0]=11111111111111111111111111111110, sa_flags=SA_RESTART|SA_SIGINFO
SIGBUS: [libjvm.so+0xdeda70], sa_mask[0]=11111111111111111111111111111110, sa_flags=SA_RESTART|SA_SIGINFO
SIGFPE: [libjvm.so+0xdeda70], sa_mask[0]=11111111111111111111111111111110, sa_flags=SA_RESTART|SA_SIGINFO
SIGPIPE: [libjvm.so+0xbc3040], sa_mask[0]=11111111111111111111111111111110, sa_flags=SA_RESTART|SA_SIGINFO
SIGXFSZ: [libjvm.so+0xbc3040], sa_mask[0]=11111111111111111111111111111110, sa_flags=SA_RESTART|SA_SIGINFO
SIGILL: [libjvm.so+0xdeda70], sa_mask[0]=11111111111111111111111111111110, sa_flags=SA_RESTART|SA_SIGINFO
SIGUSR2: [libjvm.so+0xbc2ee0], sa_mask[0]=00100000000000000000000000000000, sa_flags=SA_RESTART|SA_SIGINFO
SIGHUP: [libjvm.so+0xbc3240], sa_mask[0]=11111111111111111111111111111110, sa_flags=SA_RESTART|SA_SIGINFO
SIGINT: [libjvm.so+0xbc3240], sa_mask[0]=11111111111111111111111111111110, sa_flags=SA_RESTART|SA_SIGINFO
SIGTERM: [libjvm.so+0xbc3240], sa_mask[0]=11111111111111111111111111111110, sa_flags=SA_RESTART|SA_SIGINFO
SIGQUIT: [libjvm.so+0xbc3240], sa_mask[0]=11111111111111111111111111111110, sa_flags=SA_RESTART|SA_SIGINFO


---------------  S Y S T E M  ---------------

OS:DISTRIB_ID=Ubuntu
DISTRIB_RELEASE=18.04
DISTRIB_CODENAME=bionic
DISTRIB_DESCRIPTION="Ubuntu 18.04.2 LTS"
uname:Linux 4.4.0-17763-Microsoft #864-Microsoft Thu Nov 07 15:22:00 PST 2019 x86_64
libc:glibc 2.27 NPTL 2.27 
rlimit: STACK 8192k, CORE 0k, NPROC 7823, NOFILE 65536, AS infinity, DATA infinity, FSIZE infinity
load average:0.52 0.58 0.59

/proc/meminfo:
MemTotal:       16661812 kB
MemFree:         6760468 kB
Buffers:           34032 kB
Cached:           188576 kB
SwapCached:            0 kB
Active:           167556 kB
Inactive:         157876 kB
Active(anon):     103104 kB
Inactive(anon):    17440 kB
Active(file):      64452 kB
Inactive(file):   140436 kB
Unevictable:           0 kB
Mlocked:               0 kB
SwapTotal:      15467644 kB
SwapFree:       15255760 kB
Dirty:                 0 kB
Writeback:             0 kB
AnonPages:        102824 kB
Mapped:            71404 kB
Shmem:             17720 kB
Slab:              13868 kB
SReclaimable:       6744 kB
SUnreclaim:         7124 kB
KernelStack:        2848 kB
PageTables:         2524 kB
NFS_Unstable:          0 kB
Bounce:                0 kB
WritebackTmp:          0 kB
CommitLimit:      515524 kB
Committed_AS:    3450064 kB
VmallocTotal:     122880 kB
VmallocUsed:       21296 kB
VmallocChunk:      66044 kB
HardwareCorrupted:     0 kB
AnonHugePages:      2048 kB
HugePages_Total:       0
HugePages_Free:        0
HugePages_Rsvd:        0
HugePages_Surp:        0
Hugepagesize:       2048 kB
DirectMap4k:       12280 kB
DirectMap4M:      897024 kB


/proc/sys/kernel/threads-max (system-wide limit on the number of threads):
32768


/proc/sys/vm/max_map_count (maximum number of memory map areas a process may have):


/proc/sys/kernel/pid_max (system-wide limit on number of process identifiers):
32768



Steal ticks since vm start: 0
Steal ticks percentage since vm start:  0.000

CPU:total 8 (initial active 8) (4 cores per cpu, 2 threads per core) family 6 model 142 stepping 11, cmov, cx8, fxsr, mmx, sse, sse2, sse3, ssse3, sse4.1, sse4.2, popcnt, avx, avx2, aes, clmul, erms, 3dnowpref, lzcnt, ht, tsc, tscinvbit, bmi1, bmi2, adx, fma
CPU Model and flags from /proc/cpuinfo:
model name	: Intel(R) Core(TM) i7-8565U CPU @ 1.80GHz
flags		: fpu vme de pse tsc msr pae mce cx8 apic sep mtrr pge mca cmov pat pse36 clflush dts acpi mmx fxsr sse sse2 ss ht tm pbe syscall nx pdpe1gb rdtscp lm pni pclmulqdq dtes64 monitor ds_cpl vmx est tm2 ssse3 fma cx16 xtpr pdcm pcid sse4_1 sse4_2 x2apic movbe popcnt tsc_deadline_timer aes xsave osxsave avx f16c rdrand

Memory: 4k page, physical 16661812k(6751064k free), swap 15467644k(15255820k free)

vm_info: OpenJDK 64-Bit Server VM (11.0.5+10-post-Ubuntu-0ubuntu1.118.04) for linux-amd64 JRE (11.0.5+10-post-Ubuntu-0ubuntu1.118.04), built on Oct 16 2019 22:01:07 by "buildd" with gcc 7.4.0

END.
