#
# A fatal error has been detected by the Java Runtime Environment:
#
#  SIGSEGV (0xb) at pc=0x00007fd600d772e1, pid=9225, tid=9230
#
# JRE version: OpenJDK Runtime Environment (11.0.5+10) (build 11.0.5+10-post-Ubuntu-0ubuntu1.118.04)
# Java VM: OpenJDK 64-Bit Server VM (11.0.5+10-post-Ubuntu-0ubuntu1.118.04, mixed mode, sharing, tiered, compressed oops, g1 gc, linux-amd64)
# Problematic frame:
# V  [libjvm.so+0xe172e1]
#
# Core dump will be written. Default location: core.9225 (may not exist)
#
# If you would like to submit a bug report, please visit:
#   Unknown
#

---------------  S U M M A R Y ------------

Command Line: -agentlib:jdwp=transport=dt_socket,address=localhost:50520 jdk.jshell.execution.RemoteExecutionControl 50519

Host: Intel(R) Core(TM) i7-8565U CPU @ 1.80GHz, 8 cores, 15G, Ubuntu 18.04.2 LTS
Time: Thu Apr  2 02:10:58 2020 DST elapsed time: 41357 seconds (0d 11h 29m 17s)

---------------  T H R E A D  ---------------

Current thread (0x00007fd5f802e000):  GCTaskThread "GC Thread#0" [stack: 0x00007fd5fdff2000,0x00007fd5fe0f2000] [id=9230]

Stack: [0x00007fd5fdff2000,0x00007fd5fe0f2000],  sp=0x00007fd5fe0f0e10,  free space=1019k
Native frames: (J=compiled Java code, A=aot compiled Java code, j=interpreted, Vv=VM code, C=native code)
V  [libjvm.so+0xe172e1]
V  [libjvm.so+0xd7ba0a]
V  [libjvm.so+0xbcd3ce]


siginfo: si_signo: 11 (SIGSEGV), si_code: 1 (SEGV_MAPERR), si_addr: 0x0000000000000010

Register to memory mapping:

RAX=0x0 is NULL
RBX=0x00007fd5cd2109c0 points into unknown readable memory: 70 67 24 01 d6 7f 00 00
RCX=0x0 is NULL
RDX=0x0 is NULL
RSP=0x00007fd5fe0f0e10 points into unknown readable memory: 70 0e 0f fe d5 7f 00 00
RBP=0x00007fd5fe0f0e40 points into unknown readable memory: c0 0e 0f fe d5 7f 00 00
RSI=0x0 is NULL
RDI=0x00007fd5fe0f0d70 points into unknown readable memory: 90 06 3a 01 d6 7f 00 00
R8 =0x0 is NULL
R9 =0x00000000ffffffff is an unknown value
R10=0x0 is NULL
R11=0x0 is NULL
R12=0x00007fd5fe0f0e1c points into unknown readable memory: ff ff ff ff
R13=0x00007fd5f802e000 points into unknown readable memory: 50 01 2f 01 d6 7f 00 00
R14=0x0 is NULL
R15=0x00007fd6023bf7d0 is pointing into the stack for thread: 0x00007fd5f8015000


Registers:
RAX=0x0000000000000000, RBX=0x00007fd5cd2109c0, RCX=0x0000000000000000, RDX=0x0000000000000000
RSP=0x00007fd5fe0f0e10, RBP=0x00007fd5fe0f0e40, RSI=0x0000000000000000, RDI=0x00007fd5fe0f0d70
R8 =0x0000000000000000, R9 =0x00000000ffffffff, R10=0x0000000000000000, R11=0x0000000000000000
R12=0x00007fd5fe0f0e1c, R13=0x00007fd5f802e000, R14=0x0000000000000000, R15=0x00007fd6023bf7d0
RIP=0x00007fd600d772e1, EFLAGS=0x0000000000010202, CSGSFS=0x00000053002b0033, ERR=0x0000000000000000
  TRAPNO=0x0000000000000000

Top of Stack: (sp=0x00007fd5fe0f0e10)
0x00007fd5fe0f0e10:   00007fd5fe0f0e70 fffffffff802e000
0x00007fd5fe0f0e20:   00007fd60130f378 00007fd5f802e000
0x00007fd5fe0f0e30:   00007fd5fdff2000 0000000000100000
0x00007fd5fe0f0e40:   00007fd5fe0f0ec0 00007fd600cdba0a 

Instructions: (pc=0x00007fd600d772e1)
0x00007fd600d771e1:   35 cf 49 0f 00 31 c0 4c 89 e7 83 c3 01 e8 bd 0c
0x00007fd600d771f1:   dc ff 41 39 5e 08 77 d7 5b 4c 89 e7 41 5c 41 5d
0x00007fd600d77201:   41 5e 5d e9 77 13 dc ff 0f 1f 80 00 00 00 00 31
0x00007fd600d77211:   c0 4c 89 ee 4c 89 e7 e8 93 0c dc ff 83 c3 01 41
0x00007fd600d77221:   39 5e 08 77 aa 5b 4c 89 e7 41 5c 41 5d 41 5e 5d
0x00007fd600d77231:   e9 4a 13 dc ff 66 2e 0f 1f 84 00 00 00 00 00 48
0x00007fd600d77241:   8b 87 20 03 00 00 55 48 89 e5 0f b6 40 28 5d c3
0x00007fd600d77251:   90 0f 1f 40 00 66 2e 0f 1f 84 00 00 00 00 00 48
0x00007fd600d77261:   8b 87 20 03 00 00 55 48 89 e5 0f b6 40 29 5d c3
0x00007fd600d77271:   90 0f 1f 40 00 66 2e 0f 1f 84 00 00 00 00 00 55
0x00007fd600d77281:   48 89 e5 53 48 89 fb 48 83 ec 08 e8 ef f0 f5 ff
0x00007fd600d77291:   48 83 c4 08 48 89 df be 09 00 00 00 5b 5d e9 ac
0x00007fd600d772a1:   46 da ff 66 90 66 2e 0f 1f 84 00 00 00 00 00 55
0x00007fd600d772b1:   48 89 e5 41 56 41 55 41 54 53 4c 8d 65 dc 49 89
0x00007fd600d772c1:   fd 48 83 ec 10 66 2e 0f 1f 84 00 00 00 00 00 49
0x00007fd600d772d1:   8b 85 20 03 00 00 48 8b 78 30 48 8b 07 ff 50 18
0x00007fd600d772e1:   8b 70 10 48 89 c3 4c 89 e7 49 89 d6 e8 7e 7e 97
0x00007fd600d772f1:   ff 48 8b 03 44 89 f6 48 89 df ff 10 4c 89 e7 e8
0x00007fd600d77301:   ab 7e 97 ff 49 8b 85 20 03 00 00 48 8b 78 30 48
0x00007fd600d77311:   8b 07 ff 50 20 eb b8 0f 1f 84 00 00 00 00 00 55
0x00007fd600d77321:   48 8d 15 d8 d8 7f ff 48 89 e5 41 54 53 48 8b 07
0x00007fd600d77331:   49 89 fc 48 89 f3 48 8b 80 88 00 00 00 48 39 d0
0x00007fd600d77341:   75 45 48 8b 97 08 03 00 00 48 8d 05 ff dd 07 00
0x00007fd600d77351:   48 85 d2 48 0f 44 d0 48 8d 35 a4 d3 09 00 48 89
0x00007fd600d77361:   df 31 c0 e8 47 0b dc ff 4c 89 e7 48 89 de 31 d2
0x00007fd600d77371:   e8 da e8 f5 ff 48 89 df 5b 41 5c 5d e9 fe 11 dc
0x00007fd600d77381:   ff 66 0f 1f 44 00 00 ff d0 48 89 c2 eb c9 90 55
0x00007fd600d77391:   48 8d 15 e8 fe ff ff 48 89 e5 53 48 89 fb 48 83
0x00007fd600d773a1:   ec 08 48 8b 07 48 8b 80 b8 00 00 00 48 39 d0 75
0x00007fd600d773b1:   2e e8 c9 ef f5 ff be 09 00 00 00 48 89 df e8 8c
0x00007fd600d773c1:   45 da ff 48 8b 03 48 89 df 48 8b 80 c0 00 00 00
0x00007fd600d773d1:   48 83 c4 08 5b 5d ff e0 0f 1f 80 00 00 00 00 ff 


Stack slot to memory mapping:
stack at sp + 0 slots: 0x00007fd5fe0f0e70 points into unknown readable memory: c0 0e 0f fe d5 7f 00 00
stack at sp + 1 slots: 0xfffffffff802e000 is an unknown value
stack at sp + 2 slots: 0x00007fd60130f378: <offset 0x00000000013af378> in /usr/lib/jvm/java-11-openjdk-amd64/lib/server/libjvm.so at 0x00007fd5fff60000
stack at sp + 3 slots: 0x00007fd5f802e000 points into unknown readable memory: 50 01 2f 01 d6 7f 00 00
stack at sp + 4 slots: 0x00007fd5fdff2000 points into unknown readable memory: 00 00 00 00 00 00 00 00
stack at sp + 5 slots: 0x0000000000100000 is an unknown value
stack at sp + 6 slots: 0x00007fd5fe0f0ec0 points into unknown readable memory: f0 0e 0f fe d5 7f 00 00
stack at sp + 7 slots: 0x00007fd600cdba0a: <offset 0x0000000000d7ba0a> in /usr/lib/jvm/java-11-openjdk-amd64/lib/server/libjvm.so at 0x00007fd5fff60000


---------------  P R O C E S S  ---------------

Threads class SMR info:
_java_thread_list=0x00007fd5f82ad780, length=13, elements={
0x00007fd5f8015000, 0x00007fd5f81d6800, 0x00007fd5f81d8800, 0x00007fd5f81e0800,
0x00007fd5f81e2800, 0x00007fd5f81e4800, 0x00007fd5f81e6800, 0x00007fd5f8249800,
0x00007fd5f824d800, 0x00007fd59c001800, 0x00007fd5f824f000, 0x00007fd5f8264800,
0x00007fd5f82ac000
}

Java Threads: ( => current thread )
  0x00007fd5f8015000 JavaThread "main" [_thread_blocked, id=9229, stack(0x00007fd6022c0000,0x00007fd6023c1000)]
  0x00007fd5f81d6800 JavaThread "Reference Handler" daemon [_thread_blocked, id=9236, stack(0x00007fd5cd000000,0x00007fd5cd101000)]
  0x00007fd5f81d8800 JavaThread "Finalizer" daemon [_thread_blocked, id=9237, stack(0x00007fd5ccef0000,0x00007fd5ccff1000)]
  0x00007fd5f81e0800 JavaThread "Signal Dispatcher" daemon [_thread_in_vm, id=9238, stack(0x00007fd5ccae0000,0x00007fd5ccbe1000)]
  0x00007fd5f81e2800 JavaThread "C2 CompilerThread0" daemon [_thread_blocked, id=9239, stack(0x00007fd5cc9d0000,0x00007fd5ccad1000)]
  0x00007fd5f81e4800 JavaThread "C1 CompilerThread0" daemon [_thread_blocked, id=9240, stack(0x00007fd5cc8c0000,0x00007fd5cc9c1000)]
  0x00007fd5f81e6800 JavaThread "Sweeper thread" daemon [_thread_blocked, id=9241, stack(0x00007fd5cc7b0000,0x00007fd5cc8b1000)]
  0x00007fd5f8249800 JavaThread "JDWP Transport Listener: dt_socket" daemon [_thread_blocked, id=9242, stack(0x00007fd5cc490000,0x00007fd5cc591000)]
  0x00007fd5f824d800 JavaThread "JDWP Event Helper Thread" daemon [_thread_blocked, id=9243, stack(0x00007fd5cc380000,0x00007fd5cc481000)]
  0x00007fd59c001800 JavaThread "JDWP Command Reader" daemon [_thread_in_native, id=9244, stack(0x00007fd5cc270000,0x00007fd5cc371000)]
  0x00007fd5f824f000 JavaThread "Service Thread" daemon [_thread_blocked, id=9248, stack(0x00007fd5cc160000,0x00007fd5cc261000)]
  0x00007fd5f8264800 JavaThread "Common-Cleaner" daemon [_thread_blocked, id=9250, stack(0x00007fd593ab0000,0x00007fd593bb1000)]
  0x00007fd5f82ac000 JavaThread "output reader" daemon [_thread_in_native, id=9252, stack(0x00007fd593790000,0x00007fd593891000)]

Other Threads:
  0x00007fd5f81d3800 VMThread "VM Thread" [stack: 0x00007fd5cd112000,0x00007fd5cd212000] [id=9235]
  0x00007fd5f8251800 WatcherThread [stack: 0x00007fd5cc052000,0x00007fd5cc152000] [id=9249]
=>0x00007fd5f802e000 GCTaskThread "GC Thread#0" [stack: 0x00007fd5fdff2000,0x00007fd5fe0f2000] [id=9230]
  0x00007fd5f808e000 ConcurrentGCThread "G1 Main Marker" [stack: 0x00007fd5fc552000,0x00007fd5fc652000] [id=9231]
  0x00007fd5f808f800 ConcurrentGCThread "G1 Conc#0" [stack: 0x00007fd5fc442000,0x00007fd5fc542000] [id=9232]
  0x00007fd5f8195800 ConcurrentGCThread "G1 Refine#0" [stack: 0x00007fd5cdbc2000,0x00007fd5cdcc2000] [id=9233]
  0x00007fd5f8197800 ConcurrentGCThread "G1 Young RemSet Sampling" [stack: 0x00007fd5cdab2000,0x00007fd5cdbb2000] [id=9234]

Threads with active compile tasks:

VM state:not at safepoint (normal execution)

VM Mutex/Monitor currently owned by a thread:  ([mutex/lock_event])
[0x00007fd5f8011150] Threads_lock - owner thread: 0x00007fd5f81e0800

Heap address: 0x0000000701c00000, size: 4068 MB, Compressed Oops mode: Zero based, Oop shift amount: 3
Narrow klass base: 0x0000000800000000, Narrow klass shift: 3
Compressed class space size: 1073741824 Address: 0x0000000840000000

Heap:
 garbage-first heap   total 264192K, used 3768K [0x0000000701c00000, 0x0000000800000000)
  region size 1024K, 4 young (4096K), 0 survivors (0K)
 Metaspace       used 1655K, capacity 5000K, committed 5248K, reserved 1056768K
  class space    used 187K, capacity 540K, committed 640K, reserved 1048576K
Heap Regions: E=young(eden), S=young(survivor), O=old, HS=humongous(starts), HC=humongous(continues), CS=collection set, F=free, A=archive, TAMS=top-at-mark-start (previous, next)
|   0|0x0000000701c00000, 0x0000000701c00000, 0x0000000701d00000|  0%| F|  |TAMS 0x0000000701c00000, 0x0000000701c00000| Untracked 
|   1|0x0000000701d00000, 0x0000000701d00000, 0x0000000701e00000|  0%| F|  |TAMS 0x0000000701d00000, 0x0000000701d00000| Untracked 
|   2|0x0000000701e00000, 0x0000000701e00000, 0x0000000701f00000|  0%| F|  |TAMS 0x0000000701e00000, 0x0000000701e00000| Untracked 
|   3|0x0000000701f00000, 0x0000000701f00000, 0x0000000702000000|  0%| F|  |TAMS 0x0000000701f00000, 0x0000000701f00000| Untracked 
|   4|0x0000000702000000, 0x0000000702000000, 0x0000000702100000|  0%| F|  |TAMS 0x0000000702000000, 0x0000000702000000| Untracked 
|   5|0x0000000702100000, 0x0000000702100000, 0x0000000702200000|  0%| F|  |TAMS 0x0000000702100000, 0x0000000702100000| Untracked 
|   6|0x0000000702200000, 0x0000000702200000, 0x0000000702300000|  0%| F|  |TAMS 0x0000000702200000, 0x0000000702200000| Untracked 
|   7|0x0000000702300000, 0x0000000702300000, 0x0000000702400000|  0%| F|  |TAMS 0x0000000702300000, 0x0000000702300000| Untracked 
|   8|0x0000000702400000, 0x0000000702400000, 0x0000000702500000|  0%| F|  |TAMS 0x0000000702400000, 0x0000000702400000| Untracked 
|   9|0x0000000702500000, 0x0000000702500000, 0x0000000702600000|  0%| F|  |TAMS 0x0000000702500000, 0x0000000702500000| Untracked 
|  10|0x0000000702600000, 0x0000000702600000, 0x0000000702700000|  0%| F|  |TAMS 0x0000000702600000, 0x0000000702600000| Untracked 
|  11|0x0000000702700000, 0x0000000702700000, 0x0000000702800000|  0%| F|  |TAMS 0x0000000702700000, 0x0000000702700000| Untracked 
|  12|0x0000000702800000, 0x0000000702800000, 0x0000000702900000|  0%| F|  |TAMS 0x0000000702800000, 0x0000000702800000| Untracked 
|  13|0x0000000702900000, 0x0000000702900000, 0x0000000702a00000|  0%| F|  |TAMS 0x0000000702900000, 0x0000000702900000| Untracked 
|  14|0x0000000702a00000, 0x0000000702a00000, 0x0000000702b00000|  0%| F|  |TAMS 0x0000000702a00000, 0x0000000702a00000| Untracked 
|  15|0x0000000702b00000, 0x0000000702b00000, 0x0000000702c00000|  0%| F|  |TAMS 0x0000000702b00000, 0x0000000702b00000| Untracked 
|  16|0x0000000702c00000, 0x0000000702c00000, 0x0000000702d00000|  0%| F|  |TAMS 0x0000000702c00000, 0x0000000702c00000| Untracked 
|  17|0x0000000702d00000, 0x0000000702d00000, 0x0000000702e00000|  0%| F|  |TAMS 0x0000000702d00000, 0x0000000702d00000| Untracked 
|  18|0x0000000702e00000, 0x0000000702e00000, 0x0000000702f00000|  0%| F|  |TAMS 0x0000000702e00000, 0x0000000702e00000| Untracked 
|  19|0x0000000702f00000, 0x0000000702f00000, 0x0000000703000000|  0%| F|  |TAMS 0x0000000702f00000, 0x0000000702f00000| Untracked 
|  20|0x0000000703000000, 0x0000000703000000, 0x0000000703100000|  0%| F|  |TAMS 0x0000000703000000, 0x0000000703000000| Untracked 
|  21|0x0000000703100000, 0x0000000703100000, 0x0000000703200000|  0%| F|  |TAMS 0x0000000703100000, 0x0000000703100000| Untracked 
|  22|0x0000000703200000, 0x0000000703200000, 0x0000000703300000|  0%| F|  |TAMS 0x0000000703200000, 0x0000000703200000| Untracked 
|  23|0x0000000703300000, 0x0000000703300000, 0x0000000703400000|  0%| F|  |TAMS 0x0000000703300000, 0x0000000703300000| Untracked 
|  24|0x0000000703400000, 0x0000000703400000, 0x0000000703500000|  0%| F|  |TAMS 0x0000000703400000, 0x0000000703400000| Untracked 
|  25|0x0000000703500000, 0x0000000703500000, 0x0000000703600000|  0%| F|  |TAMS 0x0000000703500000, 0x0000000703500000| Untracked 
|  26|0x0000000703600000, 0x0000000703600000, 0x0000000703700000|  0%| F|  |TAMS 0x0000000703600000, 0x0000000703600000| Untracked 
|  27|0x0000000703700000, 0x0000000703700000, 0x0000000703800000|  0%| F|  |TAMS 0x0000000703700000, 0x0000000703700000| Untracked 
|  28|0x0000000703800000, 0x0000000703800000, 0x0000000703900000|  0%| F|  |TAMS 0x0000000703800000, 0x0000000703800000| Untracked 
|  29|0x0000000703900000, 0x0000000703900000, 0x0000000703a00000|  0%| F|  |TAMS 0x0000000703900000, 0x0000000703900000| Untracked 
|  30|0x0000000703a00000, 0x0000000703a00000, 0x0000000703b00000|  0%| F|  |TAMS 0x0000000703a00000, 0x0000000703a00000| Untracked 
|  31|0x0000000703b00000, 0x0000000703b00000, 0x0000000703c00000|  0%| F|  |TAMS 0x0000000703b00000, 0x0000000703b00000| Untracked 
|  32|0x0000000703c00000, 0x0000000703c00000, 0x0000000703d00000|  0%| F|  |TAMS 0x0000000703c00000, 0x0000000703c00000| Untracked 
|  33|0x0000000703d00000, 0x0000000703d00000, 0x0000000703e00000|  0%| F|  |TAMS 0x0000000703d00000, 0x0000000703d00000| Untracked 
|  34|0x0000000703e00000, 0x0000000703e00000, 0x0000000703f00000|  0%| F|  |TAMS 0x0000000703e00000, 0x0000000703e00000| Untracked 
|  35|0x0000000703f00000, 0x0000000703f00000, 0x0000000704000000|  0%| F|  |TAMS 0x0000000703f00000, 0x0000000703f00000| Untracked 
|  36|0x0000000704000000, 0x0000000704000000, 0x0000000704100000|  0%| F|  |TAMS 0x0000000704000000, 0x0000000704000000| Untracked 
|  37|0x0000000704100000, 0x0000000704100000, 0x0000000704200000|  0%| F|  |TAMS 0x0000000704100000, 0x0000000704100000| Untracked 
|  38|0x0000000704200000, 0x0000000704200000, 0x0000000704300000|  0%| F|  |TAMS 0x0000000704200000, 0x0000000704200000| Untracked 
|  39|0x0000000704300000, 0x0000000704300000, 0x0000000704400000|  0%| F|  |TAMS 0x0000000704300000, 0x0000000704300000| Untracked 
|  40|0x0000000704400000, 0x0000000704400000, 0x0000000704500000|  0%| F|  |TAMS 0x0000000704400000, 0x0000000704400000| Untracked 
|  41|0x0000000704500000, 0x0000000704500000, 0x0000000704600000|  0%| F|  |TAMS 0x0000000704500000, 0x0000000704500000| Untracked 
|  42|0x0000000704600000, 0x0000000704600000, 0x0000000704700000|  0%| F|  |TAMS 0x0000000704600000, 0x0000000704600000| Untracked 
|  43|0x0000000704700000, 0x0000000704700000, 0x0000000704800000|  0%| F|  |TAMS 0x0000000704700000, 0x0000000704700000| Untracked 
|  44|0x0000000704800000, 0x0000000704800000, 0x0000000704900000|  0%| F|  |TAMS 0x0000000704800000, 0x0000000704800000| Untracked 
|  45|0x0000000704900000, 0x0000000704900000, 0x0000000704a00000|  0%| F|  |TAMS 0x0000000704900000, 0x0000000704900000| Untracked 
|  46|0x0000000704a00000, 0x0000000704a00000, 0x0000000704b00000|  0%| F|  |TAMS 0x0000000704a00000, 0x0000000704a00000| Untracked 
|  47|0x0000000704b00000, 0x0000000704b00000, 0x0000000704c00000|  0%| F|  |TAMS 0x0000000704b00000, 0x0000000704b00000| Untracked 
|  48|0x0000000704c00000, 0x0000000704c00000, 0x0000000704d00000|  0%| F|  |TAMS 0x0000000704c00000, 0x0000000704c00000| Untracked 
|  49|0x0000000704d00000, 0x0000000704d00000, 0x0000000704e00000|  0%| F|  |TAMS 0x0000000704d00000, 0x0000000704d00000| Untracked 
|  50|0x0000000704e00000, 0x0000000704e00000, 0x0000000704f00000|  0%| F|  |TAMS 0x0000000704e00000, 0x0000000704e00000| Untracked 
|  51|0x0000000704f00000, 0x0000000704f00000, 0x0000000705000000|  0%| F|  |TAMS 0x0000000704f00000, 0x0000000704f00000| Untracked 
|  52|0x0000000705000000, 0x0000000705000000, 0x0000000705100000|  0%| F|  |TAMS 0x0000000705000000, 0x0000000705000000| Untracked 
|  53|0x0000000705100000, 0x0000000705100000, 0x0000000705200000|  0%| F|  |TAMS 0x0000000705100000, 0x0000000705100000| Untracked 
|  54|0x0000000705200000, 0x0000000705200000, 0x0000000705300000|  0%| F|  |TAMS 0x0000000705200000, 0x0000000705200000| Untracked 
|  55|0x0000000705300000, 0x0000000705300000, 0x0000000705400000|  0%| F|  |TAMS 0x0000000705300000, 0x0000000705300000| Untracked 
|  56|0x0000000705400000, 0x0000000705400000, 0x0000000705500000|  0%| F|  |TAMS 0x0000000705400000, 0x0000000705400000| Untracked 
|  57|0x0000000705500000, 0x0000000705500000, 0x0000000705600000|  0%| F|  |TAMS 0x0000000705500000, 0x0000000705500000| Untracked 
|  58|0x0000000705600000, 0x0000000705600000, 0x0000000705700000|  0%| F|  |TAMS 0x0000000705600000, 0x0000000705600000| Untracked 
|  59|0x0000000705700000, 0x0000000705700000, 0x0000000705800000|  0%| F|  |TAMS 0x0000000705700000, 0x0000000705700000| Untracked 
|  60|0x0000000705800000, 0x0000000705800000, 0x0000000705900000|  0%| F|  |TAMS 0x0000000705800000, 0x0000000705800000| Untracked 
|  61|0x0000000705900000, 0x0000000705900000, 0x0000000705a00000|  0%| F|  |TAMS 0x0000000705900000, 0x0000000705900000| Untracked 
|  62|0x0000000705a00000, 0x0000000705a00000, 0x0000000705b00000|  0%| F|  |TAMS 0x0000000705a00000, 0x0000000705a00000| Untracked 
|  63|0x0000000705b00000, 0x0000000705b00000, 0x0000000705c00000|  0%| F|  |TAMS 0x0000000705b00000, 0x0000000705b00000| Untracked 
|  64|0x0000000705c00000, 0x0000000705c00000, 0x0000000705d00000|  0%| F|  |TAMS 0x0000000705c00000, 0x0000000705c00000| Untracked 
|  65|0x0000000705d00000, 0x0000000705d00000, 0x0000000705e00000|  0%| F|  |TAMS 0x0000000705d00000, 0x0000000705d00000| Untracked 
|  66|0x0000000705e00000, 0x0000000705e00000, 0x0000000705f00000|  0%| F|  |TAMS 0x0000000705e00000, 0x0000000705e00000| Untracked 
|  67|0x0000000705f00000, 0x0000000705f00000, 0x0000000706000000|  0%| F|  |TAMS 0x0000000705f00000, 0x0000000705f00000| Untracked 
|  68|0x0000000706000000, 0x0000000706000000, 0x0000000706100000|  0%| F|  |TAMS 0x0000000706000000, 0x0000000706000000| Untracked 
|  69|0x0000000706100000, 0x0000000706100000, 0x0000000706200000|  0%| F|  |TAMS 0x0000000706100000, 0x0000000706100000| Untracked 
|  70|0x0000000706200000, 0x0000000706200000, 0x0000000706300000|  0%| F|  |TAMS 0x0000000706200000, 0x0000000706200000| Untracked 
|  71|0x0000000706300000, 0x0000000706300000, 0x0000000706400000|  0%| F|  |TAMS 0x0000000706300000, 0x0000000706300000| Untracked 
|  72|0x0000000706400000, 0x0000000706400000, 0x0000000706500000|  0%| F|  |TAMS 0x0000000706400000, 0x0000000706400000| Untracked 
|  73|0x0000000706500000, 0x0000000706500000, 0x0000000706600000|  0%| F|  |TAMS 0x0000000706500000, 0x0000000706500000| Untracked 
|  74|0x0000000706600000, 0x0000000706600000, 0x0000000706700000|  0%| F|  |TAMS 0x0000000706600000, 0x0000000706600000| Untracked 
|  75|0x0000000706700000, 0x0000000706700000, 0x0000000706800000|  0%| F|  |TAMS 0x0000000706700000, 0x0000000706700000| Untracked 
|  76|0x0000000706800000, 0x0000000706800000, 0x0000000706900000|  0%| F|  |TAMS 0x0000000706800000, 0x0000000706800000| Untracked 
|  77|0x0000000706900000, 0x0000000706900000, 0x0000000706a00000|  0%| F|  |TAMS 0x0000000706900000, 0x0000000706900000| Untracked 
|  78|0x0000000706a00000, 0x0000000706a00000, 0x0000000706b00000|  0%| F|  |TAMS 0x0000000706a00000, 0x0000000706a00000| Untracked 
|  79|0x0000000706b00000, 0x0000000706b00000, 0x0000000706c00000|  0%| F|  |TAMS 0x0000000706b00000, 0x0000000706b00000| Untracked 
|  80|0x0000000706c00000, 0x0000000706c00000, 0x0000000706d00000|  0%| F|  |TAMS 0x0000000706c00000, 0x0000000706c00000| Untracked 
|  81|0x0000000706d00000, 0x0000000706d00000, 0x0000000706e00000|  0%| F|  |TAMS 0x0000000706d00000, 0x0000000706d00000| Untracked 
|  82|0x0000000706e00000, 0x0000000706e00000, 0x0000000706f00000|  0%| F|  |TAMS 0x0000000706e00000, 0x0000000706e00000| Untracked 
|  83|0x0000000706f00000, 0x0000000706f00000, 0x0000000707000000|  0%| F|  |TAMS 0x0000000706f00000, 0x0000000706f00000| Untracked 
|  84|0x0000000707000000, 0x0000000707000000, 0x0000000707100000|  0%| F|  |TAMS 0x0000000707000000, 0x0000000707000000| Untracked 
|  85|0x0000000707100000, 0x0000000707100000, 0x0000000707200000|  0%| F|  |TAMS 0x0000000707100000, 0x0000000707100000| Untracked 
|  86|0x0000000707200000, 0x0000000707200000, 0x0000000707300000|  0%| F|  |TAMS 0x0000000707200000, 0x0000000707200000| Untracked 
|  87|0x0000000707300000, 0x0000000707300000, 0x0000000707400000|  0%| F|  |TAMS 0x0000000707300000, 0x0000000707300000| Untracked 
|  88|0x0000000707400000, 0x0000000707400000, 0x0000000707500000|  0%| F|  |TAMS 0x0000000707400000, 0x0000000707400000| Untracked 
|  89|0x0000000707500000, 0x0000000707500000, 0x0000000707600000|  0%| F|  |TAMS 0x0000000707500000, 0x0000000707500000| Untracked 
|  90|0x0000000707600000, 0x0000000707600000, 0x0000000707700000|  0%| F|  |TAMS 0x0000000707600000, 0x0000000707600000| Untracked 
|  91|0x0000000707700000, 0x0000000707700000, 0x0000000707800000|  0%| F|  |TAMS 0x0000000707700000, 0x0000000707700000| Untracked 
|  92|0x0000000707800000, 0x0000000707800000, 0x0000000707900000|  0%| F|  |TAMS 0x0000000707800000, 0x0000000707800000| Untracked 
|  93|0x0000000707900000, 0x0000000707900000, 0x0000000707a00000|  0%| F|  |TAMS 0x0000000707900000, 0x0000000707900000| Untracked 
|  94|0x0000000707a00000, 0x0000000707a00000, 0x0000000707b00000|  0%| F|  |TAMS 0x0000000707a00000, 0x0000000707a00000| Untracked 
|  95|0x0000000707b00000, 0x0000000707b00000, 0x0000000707c00000|  0%| F|  |TAMS 0x0000000707b00000, 0x0000000707b00000| Untracked 
|  96|0x0000000707c00000, 0x0000000707c00000, 0x0000000707d00000|  0%| F|  |TAMS 0x0000000707c00000, 0x0000000707c00000| Untracked 
|  97|0x0000000707d00000, 0x0000000707d00000, 0x0000000707e00000|  0%| F|  |TAMS 0x0000000707d00000, 0x0000000707d00000| Untracked 
|  98|0x0000000707e00000, 0x0000000707e00000, 0x0000000707f00000|  0%| F|  |TAMS 0x0000000707e00000, 0x0000000707e00000| Untracked 
|  99|0x0000000707f00000, 0x0000000707f00000, 0x0000000708000000|  0%| F|  |TAMS 0x0000000707f00000, 0x0000000707f00000| Untracked 
| 100|0x0000000708000000, 0x0000000708000000, 0x0000000708100000|  0%| F|  |TAMS 0x0000000708000000, 0x0000000708000000| Untracked 
| 101|0x0000000708100000, 0x0000000708100000, 0x0000000708200000|  0%| F|  |TAMS 0x0000000708100000, 0x0000000708100000| Untracked 
| 102|0x0000000708200000, 0x0000000708200000, 0x0000000708300000|  0%| F|  |TAMS 0x0000000708200000, 0x0000000708200000| Untracked 
| 103|0x0000000708300000, 0x0000000708300000, 0x0000000708400000|  0%| F|  |TAMS 0x0000000708300000, 0x0000000708300000| Untracked 
| 104|0x0000000708400000, 0x0000000708400000, 0x0000000708500000|  0%| F|  |TAMS 0x0000000708400000, 0x0000000708400000| Untracked 
| 105|0x0000000708500000, 0x0000000708500000, 0x0000000708600000|  0%| F|  |TAMS 0x0000000708500000, 0x0000000708500000| Untracked 
| 106|0x0000000708600000, 0x0000000708600000, 0x0000000708700000|  0%| F|  |TAMS 0x0000000708600000, 0x0000000708600000| Untracked 
| 107|0x0000000708700000, 0x0000000708700000, 0x0000000708800000|  0%| F|  |TAMS 0x0000000708700000, 0x0000000708700000| Untracked 
| 108|0x0000000708800000, 0x0000000708800000, 0x0000000708900000|  0%| F|  |TAMS 0x0000000708800000, 0x0000000708800000| Untracked 
| 109|0x0000000708900000, 0x0000000708900000, 0x0000000708a00000|  0%| F|  |TAMS 0x0000000708900000, 0x0000000708900000| Untracked 
| 110|0x0000000708a00000, 0x0000000708a00000, 0x0000000708b00000|  0%| F|  |TAMS 0x0000000708a00000, 0x0000000708a00000| Untracked 
| 111|0x0000000708b00000, 0x0000000708b00000, 0x0000000708c00000|  0%| F|  |TAMS 0x0000000708b00000, 0x0000000708b00000| Untracked 
| 112|0x0000000708c00000, 0x0000000708c00000, 0x0000000708d00000|  0%| F|  |TAMS 0x0000000708c00000, 0x0000000708c00000| Untracked 
| 113|0x0000000708d00000, 0x0000000708d00000, 0x0000000708e00000|  0%| F|  |TAMS 0x0000000708d00000, 0x0000000708d00000| Untracked 
| 114|0x0000000708e00000, 0x0000000708e00000, 0x0000000708f00000|  0%| F|  |TAMS 0x0000000708e00000, 0x0000000708e00000| Untracked 
| 115|0x0000000708f00000, 0x0000000708f00000, 0x0000000709000000|  0%| F|  |TAMS 0x0000000708f00000, 0x0000000708f00000| Untracked 
| 116|0x0000000709000000, 0x0000000709000000, 0x0000000709100000|  0%| F|  |TAMS 0x0000000709000000, 0x0000000709000000| Untracked 
| 117|0x0000000709100000, 0x0000000709100000, 0x0000000709200000|  0%| F|  |TAMS 0x0000000709100000, 0x0000000709100000| Untracked 
| 118|0x0000000709200000, 0x0000000709200000, 0x0000000709300000|  0%| F|  |TAMS 0x0000000709200000, 0x0000000709200000| Untracked 
| 119|0x0000000709300000, 0x0000000709300000, 0x0000000709400000|  0%| F|  |TAMS 0x0000000709300000, 0x0000000709300000| Untracked 
| 120|0x0000000709400000, 0x0000000709400000, 0x0000000709500000|  0%| F|  |TAMS 0x0000000709400000, 0x0000000709400000| Untracked 
| 121|0x0000000709500000, 0x0000000709500000, 0x0000000709600000|  0%| F|  |TAMS 0x0000000709500000, 0x0000000709500000| Untracked 
| 122|0x0000000709600000, 0x0000000709600000, 0x0000000709700000|  0%| F|  |TAMS 0x0000000709600000, 0x0000000709600000| Untracked 
| 123|0x0000000709700000, 0x0000000709700000, 0x0000000709800000|  0%| F|  |TAMS 0x0000000709700000, 0x0000000709700000| Untracked 
| 124|0x0000000709800000, 0x0000000709800000, 0x0000000709900000|  0%| F|  |TAMS 0x0000000709800000, 0x0000000709800000| Untracked 
| 125|0x0000000709900000, 0x0000000709900000, 0x0000000709a00000|  0%| F|  |TAMS 0x0000000709900000, 0x0000000709900000| Untracked 
| 126|0x0000000709a00000, 0x0000000709a00000, 0x0000000709b00000|  0%| F|  |TAMS 0x0000000709a00000, 0x0000000709a00000| Untracked 
| 127|0x0000000709b00000, 0x0000000709b00000, 0x0000000709c00000|  0%| F|  |TAMS 0x0000000709b00000, 0x0000000709b00000| Untracked 
| 128|0x0000000709c00000, 0x0000000709c00000, 0x0000000709d00000|  0%| F|  |TAMS 0x0000000709c00000, 0x0000000709c00000| Untracked 
| 129|0x0000000709d00000, 0x0000000709d00000, 0x0000000709e00000|  0%| F|  |TAMS 0x0000000709d00000, 0x0000000709d00000| Untracked 
| 130|0x0000000709e00000, 0x0000000709e00000, 0x0000000709f00000|  0%| F|  |TAMS 0x0000000709e00000, 0x0000000709e00000| Untracked 
| 131|0x0000000709f00000, 0x0000000709f00000, 0x000000070a000000|  0%| F|  |TAMS 0x0000000709f00000, 0x0000000709f00000| Untracked 
| 132|0x000000070a000000, 0x000000070a000000, 0x000000070a100000|  0%| F|  |TAMS 0x000000070a000000, 0x000000070a000000| Untracked 
| 133|0x000000070a100000, 0x000000070a100000, 0x000000070a200000|  0%| F|  |TAMS 0x000000070a100000, 0x000000070a100000| Untracked 
| 134|0x000000070a200000, 0x000000070a200000, 0x000000070a300000|  0%| F|  |TAMS 0x000000070a200000, 0x000000070a200000| Untracked 
| 135|0x000000070a300000, 0x000000070a300000, 0x000000070a400000|  0%| F|  |TAMS 0x000000070a300000, 0x000000070a300000| Untracked 
| 136|0x000000070a400000, 0x000000070a400000, 0x000000070a500000|  0%| F|  |TAMS 0x000000070a400000, 0x000000070a400000| Untracked 
| 137|0x000000070a500000, 0x000000070a500000, 0x000000070a600000|  0%| F|  |TAMS 0x000000070a500000, 0x000000070a500000| Untracked 
| 138|0x000000070a600000, 0x000000070a600000, 0x000000070a700000|  0%| F|  |TAMS 0x000000070a600000, 0x000000070a600000| Untracked 
| 139|0x000000070a700000, 0x000000070a700000, 0x000000070a800000|  0%| F|  |TAMS 0x000000070a700000, 0x000000070a700000| Untracked 
| 140|0x000000070a800000, 0x000000070a800000, 0x000000070a900000|  0%| F|  |TAMS 0x000000070a800000, 0x000000070a800000| Untracked 
| 141|0x000000070a900000, 0x000000070a900000, 0x000000070aa00000|  0%| F|  |TAMS 0x000000070a900000, 0x000000070a900000| Untracked 
| 142|0x000000070aa00000, 0x000000070aa00000, 0x000000070ab00000|  0%| F|  |TAMS 0x000000070aa00000, 0x000000070aa00000| Untracked 
| 143|0x000000070ab00000, 0x000000070ab00000, 0x000000070ac00000|  0%| F|  |TAMS 0x000000070ab00000, 0x000000070ab00000| Untracked 
| 144|0x000000070ac00000, 0x000000070ac00000, 0x000000070ad00000|  0%| F|  |TAMS 0x000000070ac00000, 0x000000070ac00000| Untracked 
| 145|0x000000070ad00000, 0x000000070ad00000, 0x000000070ae00000|  0%| F|  |TAMS 0x000000070ad00000, 0x000000070ad00000| Untracked 
| 146|0x000000070ae00000, 0x000000070ae00000, 0x000000070af00000|  0%| F|  |TAMS 0x000000070ae00000, 0x000000070ae00000| Untracked 
| 147|0x000000070af00000, 0x000000070af00000, 0x000000070b000000|  0%| F|  |TAMS 0x000000070af00000, 0x000000070af00000| Untracked 
| 148|0x000000070b000000, 0x000000070b000000, 0x000000070b100000|  0%| F|  |TAMS 0x000000070b000000, 0x000000070b000000| Untracked 
| 149|0x000000070b100000, 0x000000070b100000, 0x000000070b200000|  0%| F|  |TAMS 0x000000070b100000, 0x000000070b100000| Untracked 
| 150|0x000000070b200000, 0x000000070b200000, 0x000000070b300000|  0%| F|  |TAMS 0x000000070b200000, 0x000000070b200000| Untracked 
| 151|0x000000070b300000, 0x000000070b300000, 0x000000070b400000|  0%| F|  |TAMS 0x000000070b300000, 0x000000070b300000| Untracked 
| 152|0x000000070b400000, 0x000000070b400000, 0x000000070b500000|  0%| F|  |TAMS 0x000000070b400000, 0x000000070b400000| Untracked 
| 153|0x000000070b500000, 0x000000070b500000, 0x000000070b600000|  0%| F|  |TAMS 0x000000070b500000, 0x000000070b500000| Untracked 
| 154|0x000000070b600000, 0x000000070b600000, 0x000000070b700000|  0%| F|  |TAMS 0x000000070b600000, 0x000000070b600000| Untracked 
| 155|0x000000070b700000, 0x000000070b700000, 0x000000070b800000|  0%| F|  |TAMS 0x000000070b700000, 0x000000070b700000| Untracked 
| 156|0x000000070b800000, 0x000000070b800000, 0x000000070b900000|  0%| F|  |TAMS 0x000000070b800000, 0x000000070b800000| Untracked 
| 157|0x000000070b900000, 0x000000070b900000, 0x000000070ba00000|  0%| F|  |TAMS 0x000000070b900000, 0x000000070b900000| Untracked 
| 158|0x000000070ba00000, 0x000000070ba00000, 0x000000070bb00000|  0%| F|  |TAMS 0x000000070ba00000, 0x000000070ba00000| Untracked 
| 159|0x000000070bb00000, 0x000000070bb00000, 0x000000070bc00000|  0%| F|  |TAMS 0x000000070bb00000, 0x000000070bb00000| Untracked 
| 160|0x000000070bc00000, 0x000000070bc00000, 0x000000070bd00000|  0%| F|  |TAMS 0x000000070bc00000, 0x000000070bc00000| Untracked 
| 161|0x000000070bd00000, 0x000000070bd00000, 0x000000070be00000|  0%| F|  |TAMS 0x000000070bd00000, 0x000000070bd00000| Untracked 
| 162|0x000000070be00000, 0x000000070be00000, 0x000000070bf00000|  0%| F|  |TAMS 0x000000070be00000, 0x000000070be00000| Untracked 
| 163|0x000000070bf00000, 0x000000070bf00000, 0x000000070c000000|  0%| F|  |TAMS 0x000000070bf00000, 0x000000070bf00000| Untracked 
| 164|0x000000070c000000, 0x000000070c000000, 0x000000070c100000|  0%| F|  |TAMS 0x000000070c000000, 0x000000070c000000| Untracked 
| 165|0x000000070c100000, 0x000000070c100000, 0x000000070c200000|  0%| F|  |TAMS 0x000000070c100000, 0x000000070c100000| Untracked 
| 166|0x000000070c200000, 0x000000070c200000, 0x000000070c300000|  0%| F|  |TAMS 0x000000070c200000, 0x000000070c200000| Untracked 
| 167|0x000000070c300000, 0x000000070c300000, 0x000000070c400000|  0%| F|  |TAMS 0x000000070c300000, 0x000000070c300000| Untracked 
| 168|0x000000070c400000, 0x000000070c400000, 0x000000070c500000|  0%| F|  |TAMS 0x000000070c400000, 0x000000070c400000| Untracked 
| 169|0x000000070c500000, 0x000000070c500000, 0x000000070c600000|  0%| F|  |TAMS 0x000000070c500000, 0x000000070c500000| Untracked 
| 170|0x000000070c600000, 0x000000070c600000, 0x000000070c700000|  0%| F|  |TAMS 0x000000070c600000, 0x000000070c600000| Untracked 
| 171|0x000000070c700000, 0x000000070c700000, 0x000000070c800000|  0%| F|  |TAMS 0x000000070c700000, 0x000000070c700000| Untracked 
| 172|0x000000070c800000, 0x000000070c800000, 0x000000070c900000|  0%| F|  |TAMS 0x000000070c800000, 0x000000070c800000| Untracked 
| 173|0x000000070c900000, 0x000000070c900000, 0x000000070ca00000|  0%| F|  |TAMS 0x000000070c900000, 0x000000070c900000| Untracked 
| 174|0x000000070ca00000, 0x000000070ca00000, 0x000000070cb00000|  0%| F|  |TAMS 0x000000070ca00000, 0x000000070ca00000| Untracked 
| 175|0x000000070cb00000, 0x000000070cb00000, 0x000000070cc00000|  0%| F|  |TAMS 0x000000070cb00000, 0x000000070cb00000| Untracked 
| 176|0x000000070cc00000, 0x000000070cc00000, 0x000000070cd00000|  0%| F|  |TAMS 0x000000070cc00000, 0x000000070cc00000| Untracked 
| 177|0x000000070cd00000, 0x000000070cd00000, 0x000000070ce00000|  0%| F|  |TAMS 0x000000070cd00000, 0x000000070cd00000| Untracked 
| 178|0x000000070ce00000, 0x000000070ce00000, 0x000000070cf00000|  0%| F|  |TAMS 0x000000070ce00000, 0x000000070ce00000| Untracked 
| 179|0x000000070cf00000, 0x000000070cf00000, 0x000000070d000000|  0%| F|  |TAMS 0x000000070cf00000, 0x000000070cf00000| Untracked 
| 180|0x000000070d000000, 0x000000070d000000, 0x000000070d100000|  0%| F|  |TAMS 0x000000070d000000, 0x000000070d000000| Untracked 
| 181|0x000000070d100000, 0x000000070d100000, 0x000000070d200000|  0%| F|  |TAMS 0x000000070d100000, 0x000000070d100000| Untracked 
| 182|0x000000070d200000, 0x000000070d200000, 0x000000070d300000|  0%| F|  |TAMS 0x000000070d200000, 0x000000070d200000| Untracked 
| 183|0x000000070d300000, 0x000000070d300000, 0x000000070d400000|  0%| F|  |TAMS 0x000000070d300000, 0x000000070d300000| Untracked 
| 184|0x000000070d400000, 0x000000070d400000, 0x000000070d500000|  0%| F|  |TAMS 0x000000070d400000, 0x000000070d400000| Untracked 
| 185|0x000000070d500000, 0x000000070d500000, 0x000000070d600000|  0%| F|  |TAMS 0x000000070d500000, 0x000000070d500000| Untracked 
| 186|0x000000070d600000, 0x000000070d600000, 0x000000070d700000|  0%| F|  |TAMS 0x000000070d600000, 0x000000070d600000| Untracked 
| 187|0x000000070d700000, 0x000000070d700000, 0x000000070d800000|  0%| F|  |TAMS 0x000000070d700000, 0x000000070d700000| Untracked 
| 188|0x000000070d800000, 0x000000070d800000, 0x000000070d900000|  0%| F|  |TAMS 0x000000070d800000, 0x000000070d800000| Untracked 
| 189|0x000000070d900000, 0x000000070d900000, 0x000000070da00000|  0%| F|  |TAMS 0x000000070d900000, 0x000000070d900000| Untracked 
| 190|0x000000070da00000, 0x000000070da00000, 0x000000070db00000|  0%| F|  |TAMS 0x000000070da00000, 0x000000070da00000| Untracked 
| 191|0x000000070db00000, 0x000000070db00000, 0x000000070dc00000|  0%| F|  |TAMS 0x000000070db00000, 0x000000070db00000| Untracked 
| 192|0x000000070dc00000, 0x000000070dc00000, 0x000000070dd00000|  0%| F|  |TAMS 0x000000070dc00000, 0x000000070dc00000| Untracked 
| 193|0x000000070dd00000, 0x000000070dd00000, 0x000000070de00000|  0%| F|  |TAMS 0x000000070dd00000, 0x000000070dd00000| Untracked 
| 194|0x000000070de00000, 0x000000070de00000, 0x000000070df00000|  0%| F|  |TAMS 0x000000070de00000, 0x000000070de00000| Untracked 
| 195|0x000000070df00000, 0x000000070df00000, 0x000000070e000000|  0%| F|  |TAMS 0x000000070df00000, 0x000000070df00000| Untracked 
| 196|0x000000070e000000, 0x000000070e000000, 0x000000070e100000|  0%| F|  |TAMS 0x000000070e000000, 0x000000070e000000| Untracked 
| 197|0x000000070e100000, 0x000000070e100000, 0x000000070e200000|  0%| F|  |TAMS 0x000000070e100000, 0x000000070e100000| Untracked 
| 198|0x000000070e200000, 0x000000070e200000, 0x000000070e300000|  0%| F|  |TAMS 0x000000070e200000, 0x000000070e200000| Untracked 
| 199|0x000000070e300000, 0x000000070e300000, 0x000000070e400000|  0%| F|  |TAMS 0x000000070e300000, 0x000000070e300000| Untracked 
| 200|0x000000070e400000, 0x000000070e400000, 0x000000070e500000|  0%| F|  |TAMS 0x000000070e400000, 0x000000070e400000| Untracked 
| 201|0x000000070e500000, 0x000000070e500000, 0x000000070e600000|  0%| F|  |TAMS 0x000000070e500000, 0x000000070e500000| Untracked 
| 202|0x000000070e600000, 0x000000070e600000, 0x000000070e700000|  0%| F|  |TAMS 0x000000070e600000, 0x000000070e600000| Untracked 
| 203|0x000000070e700000, 0x000000070e700000, 0x000000070e800000|  0%| F|  |TAMS 0x000000070e700000, 0x000000070e700000| Untracked 
| 204|0x000000070e800000, 0x000000070e800000, 0x000000070e900000|  0%| F|  |TAMS 0x000000070e800000, 0x000000070e800000| Untracked 
| 205|0x000000070e900000, 0x000000070e900000, 0x000000070ea00000|  0%| F|  |TAMS 0x000000070e900000, 0x000000070e900000| Untracked 
| 206|0x000000070ea00000, 0x000000070ea00000, 0x000000070eb00000|  0%| F|  |TAMS 0x000000070ea00000, 0x000000070ea00000| Untracked 
| 207|0x000000070eb00000, 0x000000070eb00000, 0x000000070ec00000|  0%| F|  |TAMS 0x000000070eb00000, 0x000000070eb00000| Untracked 
| 208|0x000000070ec00000, 0x000000070ec00000, 0x000000070ed00000|  0%| F|  |TAMS 0x000000070ec00000, 0x000000070ec00000| Untracked 
| 209|0x000000070ed00000, 0x000000070ed00000, 0x000000070ee00000|  0%| F|  |TAMS 0x000000070ed00000, 0x000000070ed00000| Untracked 
| 210|0x000000070ee00000, 0x000000070ee00000, 0x000000070ef00000|  0%| F|  |TAMS 0x000000070ee00000, 0x000000070ee00000| Untracked 
| 211|0x000000070ef00000, 0x000000070ef00000, 0x000000070f000000|  0%| F|  |TAMS 0x000000070ef00000, 0x000000070ef00000| Untracked 
| 212|0x000000070f000000, 0x000000070f000000, 0x000000070f100000|  0%| F|  |TAMS 0x000000070f000000, 0x000000070f000000| Untracked 
| 213|0x000000070f100000, 0x000000070f100000, 0x000000070f200000|  0%| F|  |TAMS 0x000000070f100000, 0x000000070f100000| Untracked 
| 214|0x000000070f200000, 0x000000070f200000, 0x000000070f300000|  0%| F|  |TAMS 0x000000070f200000, 0x000000070f200000| Untracked 
| 215|0x000000070f300000, 0x000000070f300000, 0x000000070f400000|  0%| F|  |TAMS 0x000000070f300000, 0x000000070f300000| Untracked 
| 216|0x000000070f400000, 0x000000070f400000, 0x000000070f500000|  0%| F|  |TAMS 0x000000070f400000, 0x000000070f400000| Untracked 
| 217|0x000000070f500000, 0x000000070f500000, 0x000000070f600000|  0%| F|  |TAMS 0x000000070f500000, 0x000000070f500000| Untracked 
| 218|0x000000070f600000, 0x000000070f600000, 0x000000070f700000|  0%| F|  |TAMS 0x000000070f600000, 0x000000070f600000| Untracked 
| 219|0x000000070f700000, 0x000000070f700000, 0x000000070f800000|  0%| F|  |TAMS 0x000000070f700000, 0x000000070f700000| Untracked 
| 220|0x000000070f800000, 0x000000070f800000, 0x000000070f900000|  0%| F|  |TAMS 0x000000070f800000, 0x000000070f800000| Untracked 
| 221|0x000000070f900000, 0x000000070f900000, 0x000000070fa00000|  0%| F|  |TAMS 0x000000070f900000, 0x000000070f900000| Untracked 
| 222|0x000000070fa00000, 0x000000070fa00000, 0x000000070fb00000|  0%| F|  |TAMS 0x000000070fa00000, 0x000000070fa00000| Untracked 
| 223|0x000000070fb00000, 0x000000070fb00000, 0x000000070fc00000|  0%| F|  |TAMS 0x000000070fb00000, 0x000000070fb00000| Untracked 
| 224|0x000000070fc00000, 0x000000070fc00000, 0x000000070fd00000|  0%| F|  |TAMS 0x000000070fc00000, 0x000000070fc00000| Untracked 
| 225|0x000000070fd00000, 0x000000070fd00000, 0x000000070fe00000|  0%| F|  |TAMS 0x000000070fd00000, 0x000000070fd00000| Untracked 
| 226|0x000000070fe00000, 0x000000070fe00000, 0x000000070ff00000|  0%| F|  |TAMS 0x000000070fe00000, 0x000000070fe00000| Untracked 
| 227|0x000000070ff00000, 0x000000070ff00000, 0x0000000710000000|  0%| F|  |TAMS 0x000000070ff00000, 0x000000070ff00000| Untracked 
| 228|0x0000000710000000, 0x0000000710000000, 0x0000000710100000|  0%| F|  |TAMS 0x0000000710000000, 0x0000000710000000| Untracked 
| 229|0x0000000710100000, 0x0000000710100000, 0x0000000710200000|  0%| F|  |TAMS 0x0000000710100000, 0x0000000710100000| Untracked 
| 230|0x0000000710200000, 0x0000000710200000, 0x0000000710300000|  0%| F|  |TAMS 0x0000000710200000, 0x0000000710200000| Untracked 
| 231|0x0000000710300000, 0x0000000710300000, 0x0000000710400000|  0%| F|  |TAMS 0x0000000710300000, 0x0000000710300000| Untracked 
| 232|0x0000000710400000, 0x0000000710400000, 0x0000000710500000|  0%| F|  |TAMS 0x0000000710400000, 0x0000000710400000| Untracked 
| 233|0x0000000710500000, 0x0000000710500000, 0x0000000710600000|  0%| F|  |TAMS 0x0000000710500000, 0x0000000710500000| Untracked 
| 234|0x0000000710600000, 0x0000000710600000, 0x0000000710700000|  0%| F|  |TAMS 0x0000000710600000, 0x0000000710600000| Untracked 
| 235|0x0000000710700000, 0x0000000710700000, 0x0000000710800000|  0%| F|  |TAMS 0x0000000710700000, 0x0000000710700000| Untracked 
| 236|0x0000000710800000, 0x0000000710800000, 0x0000000710900000|  0%| F|  |TAMS 0x0000000710800000, 0x0000000710800000| Untracked 
| 237|0x0000000710900000, 0x0000000710900000, 0x0000000710a00000|  0%| F|  |TAMS 0x0000000710900000, 0x0000000710900000| Untracked 
| 238|0x0000000710a00000, 0x0000000710a00000, 0x0000000710b00000|  0%| F|  |TAMS 0x0000000710a00000, 0x0000000710a00000| Untracked 
| 239|0x0000000710b00000, 0x0000000710b00000, 0x0000000710c00000|  0%| F|  |TAMS 0x0000000710b00000, 0x0000000710b00000| Untracked 
| 240|0x0000000710c00000, 0x0000000710c00000, 0x0000000710d00000|  0%| F|  |TAMS 0x0000000710c00000, 0x0000000710c00000| Untracked 
| 241|0x0000000710d00000, 0x0000000710d00000, 0x0000000710e00000|  0%| F|  |TAMS 0x0000000710d00000, 0x0000000710d00000| Untracked 
| 242|0x0000000710e00000, 0x0000000710e00000, 0x0000000710f00000|  0%| F|  |TAMS 0x0000000710e00000, 0x0000000710e00000| Untracked 
| 243|0x0000000710f00000, 0x0000000710f00000, 0x0000000711000000|  0%| F|  |TAMS 0x0000000710f00000, 0x0000000710f00000| Untracked 
| 244|0x0000000711000000, 0x0000000711000000, 0x0000000711100000|  0%| F|  |TAMS 0x0000000711000000, 0x0000000711000000| Untracked 
| 245|0x0000000711100000, 0x0000000711100000, 0x0000000711200000|  0%| F|  |TAMS 0x0000000711100000, 0x0000000711100000| Untracked 
| 246|0x0000000711200000, 0x0000000711200000, 0x0000000711300000|  0%| F|  |TAMS 0x0000000711200000, 0x0000000711200000| Untracked 
| 247|0x0000000711300000, 0x0000000711300000, 0x0000000711400000|  0%| F|  |TAMS 0x0000000711300000, 0x0000000711300000| Untracked 
| 248|0x0000000711400000, 0x0000000711400000, 0x0000000711500000|  0%| F|  |TAMS 0x0000000711400000, 0x0000000711400000| Untracked 
| 249|0x0000000711500000, 0x0000000711500000, 0x0000000711600000|  0%| F|  |TAMS 0x0000000711500000, 0x0000000711500000| Untracked 
| 250|0x0000000711600000, 0x0000000711600000, 0x0000000711700000|  0%| F|  |TAMS 0x0000000711600000, 0x0000000711600000| Untracked 
| 251|0x0000000711700000, 0x0000000711700000, 0x0000000711800000|  0%| F|  |TAMS 0x0000000711700000, 0x0000000711700000| Untracked 
| 252|0x0000000711800000, 0x00000007118f64c0, 0x0000000711900000| 96%| E|  |TAMS 0x0000000711800000, 0x0000000711800000| Complete 
| 253|0x0000000711900000, 0x0000000711a00000, 0x0000000711a00000|100%| E|CS|TAMS 0x0000000711900000, 0x0000000711900000| Complete 
| 254|0x0000000711a00000, 0x0000000711b00000, 0x0000000711b00000|100%| E|CS|TAMS 0x0000000711a00000, 0x0000000711a00000| Complete 
| 255|0x0000000711b00000, 0x0000000711c00000, 0x0000000711c00000|100%| E|CS|TAMS 0x0000000711b00000, 0x0000000711b00000| Complete 
|3042|0x00000007bfe00000, 0x00000007bfe44000, 0x00000007bff00000| 26%|OA|  |TAMS 0x00000007bfe00000, 0x00000007bfe00000| Untracked 
|3043|0x00000007bff00000, 0x00000007bff6a000, 0x00000007c0000000| 41%|CA|  |TAMS 0x00000007bff00000, 0x00000007bff00000| Untracked 

Card table byte_map: [0x00007fd5fc770000,0x00007fd5fcf62000] _byte_map_base: 0x00007fd5f8f62000

Marking Bits (Prev, Next): (CMBitMap*) 0x00007fd5f807d138, (CMBitMap*) 0x00007fd5f807d170
 Prev Bits: [0x00007fd5d8070000, 0x00007fd5dc000000)
 Next Bits: [0x00007fd5d40e0000, 0x00007fd5d8070000)

Polling page: 0x00007fd6022b0000

Metaspace:

Usage:
  Non-class:      4.36 MB capacity,     1.43 MB ( 33%) used,     2.91 MB ( 67%) free+waste,     9.12 KB ( <1%) overhead. 
      Class:    540.00 KB capacity,   187.07 KB ( 35%) used,   347.55 KB ( 64%) free+waste,     5.38 KB ( <1%) overhead. 
       Both:      4.88 MB capacity,     1.62 MB ( 33%) used,     3.25 MB ( 67%) free+waste,    14.50 KB ( <1%) overhead. 

Virtual space:
  Non-class space:        8.00 MB reserved,       4.50 MB ( 56%) committed 
      Class space:        1.00 GB reserved,     640.00 KB ( <1%) committed 
             Both:        1.01 GB reserved,       5.12 MB ( <1%) committed 

Chunk freelists:
   Non-Class:  20.00 KB
       Class:  4.00 KB
        Both:  24.00 KB

MaxMetaspaceSize: unlimited
CompressedClassSpaceSize: 1.00 GB

CodeHeap 'non-profiled nmethods': size=120032Kb used=124Kb max_used=124Kb free=119907Kb
 bounds [0x00007fd5e83f8000, 0x00007fd5e8668000, 0x00007fd5ef930000]
CodeHeap 'profiled nmethods': size=120028Kb used=663Kb max_used=663Kb free=119364Kb
 bounds [0x00007fd5e0ec1000, 0x00007fd5e1131000, 0x00007fd5e83f8000]
CodeHeap 'non-nmethods': size=5700Kb used=1119Kb max_used=1133Kb free=4580Kb
 bounds [0x00007fd5e0930000, 0x00007fd5e0ba0000, 0x00007fd5e0ec1000]
 total_blobs=843 nmethods=415 adapters=262
 compilation: enabled
              stopped_count=0, restarted_count=0
 full_count=0

Compilation events (20 events):
Event: 5.319 Thread 0x00007fd5f81e4800  405       3       sun.invoke.util.BytecodeDescriptor::unparseSig (91 bytes)
Event: 5.321 Thread 0x00007fd5f81e4800 nmethod 405 0x00007fd5e0f60d10 code [0x00007fd5e0f60fa0, 0x00007fd5e0f61848]
Event: 5.321 Thread 0x00007fd5f81e4800  406       3       jdk.internal.org.objectweb.asm.ByteVector::putInt (74 bytes)
Event: 5.322 Thread 0x00007fd5f81e4800 nmethod 406 0x00007fd5e0f61c10 code [0x00007fd5e0f61de0, 0x00007fd5e0f620c8]
Event: 5.621 Thread 0x00007fd5f81e4800  407       3       java.io.ObjectInputStream$BlockDataInputStream::read (62 bytes)
Event: 5.621 Thread 0x00007fd5f81e4800 nmethod 407 0x00007fd5e0f62290 code [0x00007fd5e0f62480, 0x00007fd5e0f627b8]
Event: 5.621 Thread 0x00007fd5f81e4800  408       3       java.lang.String::<init> (10 bytes)
Event: 5.622 Thread 0x00007fd5f81e4800 nmethod 408 0x00007fd5e0f62910 code [0x00007fd5e0f62ac0, 0x00007fd5e0f62ca8]
Event: 5.622 Thread 0x00007fd5f81e4800  409       3       java.lang.String::<init> (55 bytes)
Event: 5.622 Thread 0x00007fd5f81e4800 nmethod 409 0x00007fd5e0f62d90 code [0x00007fd5e0f62f80, 0x00007fd5e0f63388]
Event: 5.622 Thread 0x00007fd5f81e4800  410   !   3       java.lang.StringCoding::decode (165 bytes)
Event: 5.626 Thread 0x00007fd5f81e4800 nmethod 410 0x00007fd5e0f63590 code [0x00007fd5e0f63940, 0x00007fd5e0f65088]
Event: 5.626 Thread 0x00007fd5f81e4800  411       3       java.io.OutputStream::write (9 bytes)
Event: 5.626 Thread 0x00007fd5f81e4800 nmethod 411 0x00007fd5e0f65a90 code [0x00007fd5e0f65c60, 0x00007fd5e0f65ec8]
Event: 5.626 Thread 0x00007fd5f81e4800  412       3       java.lang.reflect.Modifier::isProtected (12 bytes)
Event: 5.626 Thread 0x00007fd5f81e4800 nmethod 412 0x00007fd5e0f65f90 code [0x00007fd5e0f66140, 0x00007fd5e0f662d0]
Event: 5.888 Thread 0x00007fd5f81e4800  414       1       java.util.ArrayList::size (5 bytes)
Event: 5.888 Thread 0x00007fd5f81e4800 nmethod 414 0x00007fd5e8416d10 code [0x00007fd5e8416ec0, 0x00007fd5e8416ff0]
Event: 7.123 Thread 0x00007fd5f81e4800  415       3       java.lang.StringLatin1::indexOf (121 bytes)
Event: 7.124 Thread 0x00007fd5f81e4800 nmethod 415 0x00007fd5e0f66390 code [0x00007fd5e0f66580, 0x00007fd5e0f66ad0]

GC Heap History (0 events):
No events

Deoptimization events (4 events):
Event: 0.316 Thread 0x00007fd5f8015000 Uncommon trap: trap_request=0xffffff4d fr.pc=0x00007fd5e8401d84 relative=0x00000000000000e4
Event: 0.316 Thread 0x00007fd5f8015000 Uncommon trap: reason=unstable_if action=reinterpret pc=0x00007fd5e8401d84 method=java.lang.String.isLatin1()Z @ 10 c2
Event: 0.316 Thread 0x00007fd5f8015000 DEOPT PACKING pc=0x00007fd5e8401d84 sp=0x00007fd6023bf420
Event: 0.316 Thread 0x00007fd5f8015000 DEOPT UNPACKING pc=0x00007fd5e09692a5 sp=0x00007fd6023bf390 mode 2

Classes redefined (3 events):
Event: 3.436 Thread 0x00007fd5f81d3800 redefined class name=REPL.$JShell$20$InfiniteList, count=1
Event: 4.275 Thread 0x00007fd5f81d3800 redefined class name=REPL.$JShell$20$InfiniteList, count=2
Event: 4.456 Thread 0x00007fd5f81d3800 redefined class name=REPL.$JShell$20$InfiniteList, count=3

Internal exceptions (2 events):
Event: 0.347 Thread 0x00007fd5f8015000 Exception <a 'java/lang/NoSuchMethodError'{0x0000000711a71fb0}: 'java.lang.Object java.lang.invoke.DirectMethodHandle$Holder.invokeStatic(java.lang.Object, java.lang.Object, java.lang.Object, java.lang.Object, java.lang.Object, java.lang.Object, java.lang
Event: 0.353 Thread 0x00007fd5f8015000 Exception <a 'java/lang/NoSuchMethodError'{0x0000000711a8d3b8}: 'java.lang.Object java.lang.invoke.DirectMethodHandle$Holder.invokeStatic(java.lang.Object, java.lang.Object, java.lang.Object, java.lang.Object, java.lang.Object, java.lang.Object, java.lang

Events (20 events):
Event: 5.171 loading class REPL/$JShell$21C$InfiniteListImpl
Event: 5.171 loading class REPL/$JShell$21C$InfiniteListImpl done
Event: 5.316 loading class REPL/$JShell$27
Event: 5.316 loading class REPL/$JShell$27 done
Event: 5.451 loading class REPL/$JShell$28
Event: 5.451 loading class REPL/$JShell$28 done
Event: 5.453 loading class REPL/$JShell$21C$InfiniteListImpl
Event: 5.453 loading class REPL/$JShell$21C$InfiniteListImpl done
Event: 5.453 loading class REPL/$JShell$21C$InfiniteListImpl
Event: 5.453 loading class REPL/$JShell$21C$InfiniteListImpl done
Event: 5.621 loading class REPL/$JShell$29
Event: 5.621 loading class REPL/$JShell$29 done
Event: 5.759 loading class REPL/$JShell$30
Event: 5.759 loading class REPL/$JShell$30 done
Event: 5.887 loading class REPL/$JShell$31
Event: 5.887 loading class REPL/$JShell$31 done
Event: 6.512 loading class REPL/$JShell$35
Event: 6.512 loading class REPL/$JShell$35 done
Event: 7.123 loading class REPL/$JShell$39
Event: 7.123 loading class REPL/$JShell$39 done


Dynamic libraries:
701c00000-711c00000 rw-p 00000000 00:00 0
711c00000-7bfe00000 ---p 00000000 00:00 0
7bfe00000-7bfe44000 rw-p 01104000 00:00 181837                   /usr/lib/jvm/java-11-openjdk-amd64/lib/server/classes.jsa
7bfe44000-7bff00000 rw-p 00000000 00:00 0
7bff00000-7bff6a000 rw-p 0109a000 00:00 181837                   /usr/lib/jvm/java-11-openjdk-amd64/lib/server/classes.jsa
7bff6a000-7c0000000 rw-p 00000000 00:00 0
7c0000000-800000000 ---p 00000000 00:00 0
800000000-800002000 rwxp 00001000 00:00 181837                   /usr/lib/jvm/java-11-openjdk-amd64/lib/server/classes.jsa
800002000-8003b8000 rw-p 00003000 00:00 181837                   /usr/lib/jvm/java-11-openjdk-amd64/lib/server/classes.jsa
8003b8000-800a8c000 rw-p 003b9000 00:00 181837                   /usr/lib/jvm/java-11-openjdk-amd64/lib/server/classes.jsa
800a8c000-800a8d000 rw-p 00a8d000 00:00 181837                   /usr/lib/jvm/java-11-openjdk-amd64/lib/server/classes.jsa
800a8d000-801099000 rw-p 00a8e000 00:00 181837                   /usr/lib/jvm/java-11-openjdk-amd64/lib/server/classes.jsa
840000000-8400a0000 rw-p 00000000 00:00 0
8400a0000-880000000 ---p 00000000 00:00 0
7fd580000000-7fd580021000 rw-p 00000000 00:00 0
7fd580021000-7fd584000000 ---p 00000000 00:00 0
7fd584000000-7fd584021000 rw-p 00000000 00:00 0
7fd584021000-7fd588000000 ---p 00000000 00:00 0
7fd588000000-7fd588021000 rw-p 00000000 00:00 0
7fd588021000-7fd58c000000 ---p 00000000 00:00 0
7fd58c000000-7fd58c021000 rw-p 00000000 00:00 0
7fd58c021000-7fd590000000 ---p 00000000 00:00 0
7fd593680000-7fd593781000 rw-p 00000000 00:00 0
7fd593790000-7fd593794000 ---p 00000000 00:00 0
7fd593794000-7fd593891000 rw-p 00000000 00:00 0
7fd5938a0000-7fd5938a2000 r-xp 00000000 00:00 138092             /usr/lib/jvm/java-11-openjdk-amd64/lib/libextnet.so
7fd5938a2000-7fd5938a3000 ---p 00002000 00:00 138092             /usr/lib/jvm/java-11-openjdk-amd64/lib/libextnet.so
7fd5938a3000-7fd593aa1000 ---p 00000003 00:00 138092             /usr/lib/jvm/java-11-openjdk-amd64/lib/libextnet.so
7fd593aa1000-7fd593aa2000 r--p 00001000 00:00 138092             /usr/lib/jvm/java-11-openjdk-amd64/lib/libextnet.so
7fd593aa2000-7fd593aa3000 rw-p 00002000 00:00 138092             /usr/lib/jvm/java-11-openjdk-amd64/lib/libextnet.so
7fd593ab0000-7fd593ab4000 ---p 00000000 00:00 0
7fd593ab4000-7fd593bb1000 rw-p 00000000 00:00 0
7fd593bc0000-7fd593bd6000 r-xp 00000000 00:00 139242             /usr/lib/jvm/java-11-openjdk-amd64/lib/libnet.so
7fd593bd6000-7fd593bd7000 ---p 00016000 00:00 139242             /usr/lib/jvm/java-11-openjdk-amd64/lib/libnet.so
7fd593bd7000-7fd593dd5000 ---p 00000017 00:00 139242             /usr/lib/jvm/java-11-openjdk-amd64/lib/libnet.so
7fd593dd5000-7fd593dd6000 r--p 00015000 00:00 139242             /usr/lib/jvm/java-11-openjdk-amd64/lib/libnet.so
7fd593dd6000-7fd593dd7000 rw-p 00016000 00:00 139242             /usr/lib/jvm/java-11-openjdk-amd64/lib/libnet.so
7fd593de0000-7fd593df0000 r-xp 00000000 00:00 139247             /usr/lib/jvm/java-11-openjdk-amd64/lib/libnio.so
7fd593df0000-7fd593df1000 ---p 00010000 00:00 139247             /usr/lib/jvm/java-11-openjdk-amd64/lib/libnio.so
7fd593df1000-7fd593fef000 ---p 00000011 00:00 139247             /usr/lib/jvm/java-11-openjdk-amd64/lib/libnio.so
7fd593fef000-7fd593ff0000 r--p 0000f000 00:00 139247             /usr/lib/jvm/java-11-openjdk-amd64/lib/libnio.so
7fd593ff0000-7fd593ff1000 rw-p 00010000 00:00 139247             /usr/lib/jvm/java-11-openjdk-amd64/lib/libnio.so
7fd594000000-7fd594021000 rw-p 00000000 00:00 0
7fd594021000-7fd598000000 ---p 00000000 00:00 0
7fd598000000-7fd598021000 rw-p 00000000 00:00 0
7fd598021000-7fd59c000000 ---p 00000000 00:00 0
7fd59c000000-7fd59c021000 rw-p 00000000 00:00 0
7fd59c021000-7fd5a0000000 ---p 00000000 00:00 0
7fd5a0000000-7fd5a0021000 rw-p 00000000 00:00 0
7fd5a0021000-7fd5a4000000 ---p 00000000 00:00 0
7fd5a4000000-7fd5a41fb000 rw-p 00000000 00:00 0
7fd5a41fb000-7fd5a8000000 ---p 00000000 00:00 0
7fd5a8000000-7fd5a8021000 rw-p 00000000 00:00 0
7fd5a8021000-7fd5ac000000 ---p 00000000 00:00 0
7fd5ac000000-7fd5ac021000 rw-p 00000000 00:00 0
7fd5ac021000-7fd5b0000000 ---p 00000000 00:00 0
7fd5b0000000-7fd5b012b000 rw-p 00000000 00:00 0
7fd5b012b000-7fd5b4000000 ---p 00000000 00:00 0
7fd5b4000000-7fd5b4021000 rw-p 00000000 00:00 0
7fd5b4021000-7fd5b8000000 ---p 00000000 00:00 0
7fd5b8000000-7fd5b8021000 rw-p 00000000 00:00 0
7fd5b8021000-7fd5bc000000 ---p 00000000 00:00 0
7fd5bc000000-7fd5bc021000 rw-p 00000000 00:00 0
7fd5bc021000-7fd5c0000000 ---p 00000000 00:00 0
7fd5c0000000-7fd5c0021000 rw-p 00000000 00:00 0
7fd5c0021000-7fd5c4000000 ---p 00000000 00:00 0
7fd5c4000000-7fd5c4021000 rw-p 00000000 00:00 0
7fd5c4021000-7fd5c8000000 ---p 00000000 00:00 0
7fd5c8000000-7fd5c8021000 rw-p 00000000 00:00 0
7fd5c8021000-7fd5cc000000 ---p 00000000 00:00 0
7fd5cc010000-7fd5cc041000 rw-p 00000000 00:00 0
7fd5cc050000-7fd5cc051000 ---p 00000000 00:00 0
7fd5cc051000-7fd5cc152000 rw-p 00000000 00:00 0
7fd5cc160000-7fd5cc164000 ---p 00000000 00:00 0
7fd5cc164000-7fd5cc261000 rw-p 00000000 00:00 0
7fd5cc270000-7fd5cc274000 ---p 00000000 00:00 0
7fd5cc274000-7fd5cc371000 rw-p 00000000 00:00 0
7fd5cc380000-7fd5cc384000 ---p 00000000 00:00 0
7fd5cc384000-7fd5cc481000 rw-p 00000000 00:00 0
7fd5cc490000-7fd5cc494000 ---p 00000000 00:00 0
7fd5cc494000-7fd5cc591000 rw-p 00000000 00:00 0
7fd5cc5a0000-7fd5cc5a4000 r-xp 00000000 00:00 137958             /usr/lib/jvm/java-11-openjdk-amd64/lib/libdt_socket.so
7fd5cc5a4000-7fd5cc5a6000 ---p 00004000 00:00 137958             /usr/lib/jvm/java-11-openjdk-amd64/lib/libdt_socket.so
7fd5cc5a6000-7fd5cc7a4000 ---p 00000006 00:00 137958             /usr/lib/jvm/java-11-openjdk-amd64/lib/libdt_socket.so
7fd5cc7a4000-7fd5cc7a5000 r--p 00004000 00:00 137958             /usr/lib/jvm/java-11-openjdk-amd64/lib/libdt_socket.so
7fd5cc7a5000-7fd5cc7a6000 rw-p 00005000 00:00 137958             /usr/lib/jvm/java-11-openjdk-amd64/lib/libdt_socket.so
7fd5cc7b0000-7fd5cc7b4000 ---p 00000000 00:00 0
7fd5cc7b4000-7fd5cc8b1000 rw-p 00000000 00:00 0
7fd5cc8c0000-7fd5cc8c4000 ---p 00000000 00:00 0
7fd5cc8c4000-7fd5cc9c1000 rw-p 00000000 00:00 0
7fd5cc9d0000-7fd5cc9d4000 ---p 00000000 00:00 0
7fd5cc9d4000-7fd5ccad1000 rw-p 00000000 00:00 0
7fd5ccae0000-7fd5ccae4000 ---p 00000000 00:00 0
7fd5ccae4000-7fd5ccbe1000 rw-p 00000000 00:00 0
7fd5ccbe2000-7fd5ccd55000 r--p 00000000 00:00 620215             /usr/lib/locale/C.UTF-8/LC_COLLATE
7fd5ccd55000-7fd5ccef0000 r--p 00000000 00:00 620296             /usr/lib/locale/locale-archive
7fd5ccef0000-7fd5ccef4000 ---p 00000000 00:00 0
7fd5ccef4000-7fd5ccff1000 rw-p 00000000 00:00 0
7fd5cd000000-7fd5cd004000 ---p 00000000 00:00 0
7fd5cd004000-7fd5cd101000 rw-p 00000000 00:00 0
7fd5cd110000-7fd5cd111000 ---p 00000000 00:00 0
7fd5cd111000-7fd5cd212000 rw-p 00000000 00:00 0
7fd5cd220000-7fd5cd2a1000 rw-p 00000000 00:00 0
7fd5cd2b0000-7fd5cd730000 rw-p 00000000 00:00 0
7fd5cd730000-7fd5cdab1000 ---p 00000000 00:00 0
7fd5cdab1000-7fd5cdbb2000 rw-p 00000000 00:00 0
7fd5cdbc0000-7fd5cdbc1000 ---p 00000000 00:00 0
7fd5cdbc1000-7fd5cdcc2000 rw-p 00000000 00:00 0
7fd5cdcd0000-7fd5cddd1000 rw-p 00000000 00:00 0
7fd5cdde0000-7fd5cdee1000 rw-p 00000000 00:00 0
7fd5cdef0000-7fd5cdff1000 rw-p 00000000 00:00 0
7fd5ce000000-7fd5d0021000 rw-p 00000000 00:00 0
7fd5d0021000-7fd5d4000000 ---p 00000000 00:00 0
7fd5d401f000-7fd5d4050000 r--p 00000000 00:00 620223             /usr/lib/locale/C.UTF-8/LC_CTYPE
7fd5d4050000-7fd5d40ab000 rw-p 00000000 00:00 0
7fd5d40b0000-7fd5d40d8000 rw-p 00000000 00:00 0
7fd5d40e0000-7fd5d44e0000 rw-p 00000000 00:00 0
7fd5d44e0000-7fd5d7068000 ---p 00000000 00:00 0
7fd5d7068000-7fd5d7070000 rw-p 00000000 00:00 0
7fd5d7070000-7fd5d8070000 ---p 00000000 00:00 0
7fd5d8070000-7fd5d8470000 rw-p 00000000 00:00 0
7fd5d8470000-7fd5daff8000 ---p 00000000 00:00 0
7fd5daff8000-7fd5db000000 rw-p 00000000 00:00 0
7fd5db000000-7fd5dc000000 ---p 00000000 00:00 0
7fd5dc000000-7fd5dc021000 rw-p 00000000 00:00 0
7fd5dc021000-7fd5e0000000 ---p 00000000 00:00 0
7fd5e0020000-7fd5e0121000 rw-p 00000000 00:00 0
7fd5e0130000-7fd5e01b0000 rw-p 00000000 00:00 0
7fd5e01b0000-7fd5e0721000 ---p 00000000 00:00 0
7fd5e0721000-7fd5e0722000 rw-p 00000000 00:00 0
7fd5e0722000-7fd5e0922000 ---p 00000000 00:00 0
7fd5e0930000-7fd5e0ba0000 rwxp 00000000 00:00 0
7fd5e0ba0000-7fd5e0ec1000 ---p 00000000 00:00 0
7fd5e0ec1000-7fd5e1131000 rwxp 00000000 00:00 0
7fd5e1131000-7fd5e83f8000 ---p 00000000 00:00 0
7fd5e83f8000-7fd5e8668000 rwxp 00000000 00:00 0
7fd5e8668000-7fd5ef930000 ---p 00000000 00:00 0
7fd5ef93e000-7fd5f8000000 r--s 00000000 00:00 141554             /usr/lib/jvm/java-11-openjdk-amd64/lib/modules
7fd5f8000000-7fd5f82c6000 rw-p 00000000 00:00 0
7fd5f82c6000-7fd5fc000000 ---p 00000000 00:00 0
7fd5fc000000-7fd5fc101000 rw-p 00000000 00:00 0
7fd5fc110000-7fd5fc211000 rw-p 00000000 00:00 0
7fd5fc220000-7fd5fc321000 rw-p 00000000 00:00 0
7fd5fc330000-7fd5fc431000 rw-p 00000000 00:00 0
7fd5fc440000-7fd5fc441000 ---p 00000000 00:00 0
7fd5fc441000-7fd5fc542000 rw-p 00000000 00:00 0
7fd5fc550000-7fd5fc551000 ---p 00000000 00:00 0
7fd5fc551000-7fd5fc652000 rw-p 00000000 00:00 0
7fd5fc660000-7fd5fc767000 rw-p 00000000 00:00 0
7fd5fc770000-7fd5fc7f0000 rw-p 00000000 00:00 0
7fd5fc7f0000-7fd5fcd61000 ---p 00000000 00:00 0
7fd5fcd61000-7fd5fcd62000 rw-p 00000000 00:00 0
7fd5fcd62000-7fd5fcf62000 ---p 00000000 00:00 0
7fd5fcf70000-7fd5fcff0000 rw-p 00000000 00:00 0
7fd5fcff0000-7fd5fd561000 ---p 00000000 00:00 0
7fd5fd561000-7fd5fd562000 rw-p 00000000 00:00 0
7fd5fd562000-7fd5fd762000 ---p 00000000 00:00 0
7fd5fd770000-7fd5fd871000 rw-p 00000000 00:00 0
7fd5fd880000-7fd5fd981000 rw-p 00000000 00:00 0
7fd5fd990000-7fd5fda91000 rw-p 00000000 00:00 0
7fd5fdaa0000-7fd5fdba1000 rw-p 00000000 00:00 0
7fd5fdbb0000-7fd5fdcb1000 rw-p 00000000 00:00 0
7fd5fdcc0000-7fd5fddc1000 rw-p 00000000 00:00 0
7fd5fddd0000-7fd5fded1000 rw-p 00000000 00:00 0
7fd5fdee0000-7fd5fdfe1000 rw-p 00000000 00:00 0
7fd5fdff0000-7fd5fdff1000 ---p 00000000 00:00 0
7fd5fdff1000-7fd5fe0f2000 rw-p 00000000 00:00 0
7fd5fe100000-7fd5fe105000 r-xp 00000000 00:00 138887             /usr/lib/jvm/java-11-openjdk-amd64/lib/libjimage.so
7fd5fe105000-7fd5fe106000 ---p 00005000 00:00 138887             /usr/lib/jvm/java-11-openjdk-amd64/lib/libjimage.so
7fd5fe106000-7fd5fe304000 ---p 00000006 00:00 138887             /usr/lib/jvm/java-11-openjdk-amd64/lib/libjimage.so
7fd5fe304000-7fd5fe305000 r--p 00004000 00:00 138887             /usr/lib/jvm/java-11-openjdk-amd64/lib/libjimage.so
7fd5fe305000-7fd5fe306000 rw-p 00005000 00:00 138887             /usr/lib/jvm/java-11-openjdk-amd64/lib/libjimage.so
7fd5fe310000-7fd5fe317000 r-xp 00000000 00:00 140971             /usr/lib/jvm/java-11-openjdk-amd64/lib/libzip.so
7fd5fe317000-7fd5fe318000 ---p 00007000 00:00 140971             /usr/lib/jvm/java-11-openjdk-amd64/lib/libzip.so
7fd5fe318000-7fd5fe516000 ---p 00000008 00:00 140971             /usr/lib/jvm/java-11-openjdk-amd64/lib/libzip.so
7fd5fe516000-7fd5fe517000 r--p 00006000 00:00 140971             /usr/lib/jvm/java-11-openjdk-amd64/lib/libzip.so
7fd5fe517000-7fd5fe518000 rw-p 00007000 00:00 140971             /usr/lib/jvm/java-11-openjdk-amd64/lib/libzip.so
7fd5fe520000-7fd5fe52b000 r-xp 00000000 00:00 487271             /lib/x86_64-linux-gnu/libnss_files-2.27.so
7fd5fe52b000-7fd5fe52c000 ---p 0000b000 00:00 487271             /lib/x86_64-linux-gnu/libnss_files-2.27.so
7fd5fe52c000-7fd5fe72a000 ---p 0000000c 00:00 487271             /lib/x86_64-linux-gnu/libnss_files-2.27.so
7fd5fe72a000-7fd5fe72b000 r--p 0000a000 00:00 487271             /lib/x86_64-linux-gnu/libnss_files-2.27.so
7fd5fe72b000-7fd5fe72c000 rw-p 0000b000 00:00 487271             /lib/x86_64-linux-gnu/libnss_files-2.27.so
7fd5fe72c000-7fd5fe732000 rw-p 00000000 00:00 0
7fd5fe740000-7fd5fe757000 r-xp 00000000 00:00 487265             /lib/x86_64-linux-gnu/libnsl-2.27.so
7fd5fe757000-7fd5fe758000 ---p 00017000 00:00 487265             /lib/x86_64-linux-gnu/libnsl-2.27.so
7fd5fe758000-7fd5fe956000 ---p 00000018 00:00 487265             /lib/x86_64-linux-gnu/libnsl-2.27.so
7fd5fe956000-7fd5fe957000 r--p 00016000 00:00 487265             /lib/x86_64-linux-gnu/libnsl-2.27.so
7fd5fe957000-7fd5fe958000 rw-p 00017000 00:00 487265             /lib/x86_64-linux-gnu/libnsl-2.27.so
7fd5fe958000-7fd5fe95a000 rw-p 00000000 00:00 0
7fd5fe960000-7fd5fe96b000 r-xp 00000000 00:00 487276             /lib/x86_64-linux-gnu/libnss_nis-2.27.so
7fd5fe96b000-7fd5fe96c000 ---p 0000b000 00:00 487276             /lib/x86_64-linux-gnu/libnss_nis-2.27.so
7fd5fe96c000-7fd5feb6a000 ---p 0000000c 00:00 487276             /lib/x86_64-linux-gnu/libnss_nis-2.27.so
7fd5feb6a000-7fd5feb6b000 r--p 0000a000 00:00 487276             /lib/x86_64-linux-gnu/libnss_nis-2.27.so
7fd5feb6b000-7fd5feb6c000 rw-p 0000b000 00:00 487276             /lib/x86_64-linux-gnu/libnss_nis-2.27.so
7fd5feb70000-7fd5feb78000 r-xp 00000000 00:00 487267             /lib/x86_64-linux-gnu/libnss_compat-2.27.so
7fd5feb78000-7fd5feb7a000 ---p 00008000 00:00 487267             /lib/x86_64-linux-gnu/libnss_compat-2.27.so
7fd5feb7a000-7fd5fed78000 ---p 0000000a 00:00 487267             /lib/x86_64-linux-gnu/libnss_compat-2.27.so
7fd5fed78000-7fd5fed79000 r--p 00008000 00:00 487267             /lib/x86_64-linux-gnu/libnss_compat-2.27.so
7fd5fed79000-7fd5fed7a000 rw-p 00009000 00:00 487267             /lib/x86_64-linux-gnu/libnss_compat-2.27.so
7fd5fed80000-7fd5fedbb000 r-xp 00000000 00:00 138617             /usr/lib/jvm/java-11-openjdk-amd64/lib/libjdwp.so
7fd5fedbb000-7fd5fedbc000 ---p 0003b000 00:00 138617             /usr/lib/jvm/java-11-openjdk-amd64/lib/libjdwp.so
7fd5fedbc000-7fd5fefba000 ---p 0000003c 00:00 138617             /usr/lib/jvm/java-11-openjdk-amd64/lib/libjdwp.so
7fd5fefba000-7fd5fefbb000 r--p 0003a000 00:00 138617             /usr/lib/jvm/java-11-openjdk-amd64/lib/libjdwp.so
7fd5fefbb000-7fd5fefbc000 rw-p 0003b000 00:00 138617             /usr/lib/jvm/java-11-openjdk-amd64/lib/libjdwp.so
7fd5fefc0000-7fd5fefe9000 r-xp 00000000 00:00 138269             /usr/lib/jvm/java-11-openjdk-amd64/lib/libjava.so
7fd5fefe9000-7fd5fefeb000 ---p 00029000 00:00 138269             /usr/lib/jvm/java-11-openjdk-amd64/lib/libjava.so
7fd5fefeb000-7fd5ff1e8000 ---p 0000002b 00:00 138269             /usr/lib/jvm/java-11-openjdk-amd64/lib/libjava.so
7fd5ff1e8000-7fd5ff1e9000 r--p 00028000 00:00 138269             /usr/lib/jvm/java-11-openjdk-amd64/lib/libjava.so
7fd5ff1e9000-7fd5ff1eb000 rw-p 00029000 00:00 138269             /usr/lib/jvm/java-11-openjdk-amd64/lib/libjava.so
7fd5ff1f0000-7fd5ff1fd000 r-xp 00000000 00:00 140960             /usr/lib/jvm/java-11-openjdk-amd64/lib/libverify.so
7fd5ff1fd000-7fd5ff1ff000 ---p 0000d000 00:00 140960             /usr/lib/jvm/java-11-openjdk-amd64/lib/libverify.so
7fd5ff1ff000-7fd5ff3fc000 ---p 0000000f 00:00 140960             /usr/lib/jvm/java-11-openjdk-amd64/lib/libverify.so
7fd5ff3fc000-7fd5ff3fe000 r--p 0000c000 00:00 140960             /usr/lib/jvm/java-11-openjdk-amd64/lib/libverify.so
7fd5ff3fe000-7fd5ff3ff000 rw-p 0000e000 00:00 140960             /usr/lib/jvm/java-11-openjdk-amd64/lib/libverify.so
7fd5ff400000-7fd5ff407000 r-xp 00000000 00:00 487328             /lib/x86_64-linux-gnu/librt-2.27.so
7fd5ff407000-7fd5ff408000 ---p 00007000 00:00 487328             /lib/x86_64-linux-gnu/librt-2.27.so
7fd5ff408000-7fd5ff606000 ---p 00000008 00:00 487328             /lib/x86_64-linux-gnu/librt-2.27.so
7fd5ff606000-7fd5ff607000 r--p 00006000 00:00 487328             /lib/x86_64-linux-gnu/librt-2.27.so
7fd5ff607000-7fd5ff608000 rw-p 00007000 00:00 487328             /lib/x86_64-linux-gnu/librt-2.27.so
7fd5ff610000-7fd5ff627000 r-xp 00000000 00:00 487212             /lib/x86_64-linux-gnu/libgcc_s.so.1
7fd5ff627000-7fd5ff628000 ---p 00017000 00:00 487212             /lib/x86_64-linux-gnu/libgcc_s.so.1
7fd5ff628000-7fd5ff826000 ---p 00000018 00:00 487212             /lib/x86_64-linux-gnu/libgcc_s.so.1
7fd5ff826000-7fd5ff827000 r--p 00016000 00:00 487212             /lib/x86_64-linux-gnu/libgcc_s.so.1
7fd5ff827000-7fd5ff828000 rw-p 00017000 00:00 487212             /lib/x86_64-linux-gnu/libgcc_s.so.1
7fd5ff830000-7fd5ff9cd000 r-xp 00000000 00:00 487240             /lib/x86_64-linux-gnu/libm-2.27.so
7fd5ff9cd000-7fd5ff9d0000 ---p 0019d000 00:00 487240             /lib/x86_64-linux-gnu/libm-2.27.so
7fd5ff9d0000-7fd5ffbcc000 ---p 000001a0 00:00 487240             /lib/x86_64-linux-gnu/libm-2.27.so
7fd5ffbcc000-7fd5ffbcd000 r--p 0019c000 00:00 487240             /lib/x86_64-linux-gnu/libm-2.27.so
7fd5ffbcd000-7fd5ffbce000 rw-p 0019d000 00:00 487240             /lib/x86_64-linux-gnu/libm-2.27.so
7fd5ffbd0000-7fd5ffd49000 r-xp 00000000 00:00 682071             /usr/lib/x86_64-linux-gnu/libstdc++.so.6.0.25
7fd5ffd49000-7fd5ffd56000 ---p 00179000 00:00 682071             /usr/lib/x86_64-linux-gnu/libstdc++.so.6.0.25
7fd5ffd56000-7fd5fff49000 ---p 00000186 00:00 682071             /usr/lib/x86_64-linux-gnu/libstdc++.so.6.0.25
7fd5fff49000-7fd5fff53000 r--p 00179000 00:00 682071             /usr/lib/x86_64-linux-gnu/libstdc++.so.6.0.25
7fd5fff53000-7fd5fff55000 rw-p 00183000 00:00 682071             /usr/lib/x86_64-linux-gnu/libstdc++.so.6.0.25
7fd5fff55000-7fd5fff59000 rw-p 00000000 00:00 0
7fd5fff60000-7fd601034000 r-xp 00000000 00:00 142530             /usr/lib/jvm/java-11-openjdk-amd64/lib/server/libjvm.so
7fd601034000-7fd60112b000 ---p 010d4000 00:00 142530             /usr/lib/jvm/java-11-openjdk-amd64/lib/server/libjvm.so
7fd60112b000-7fd601234000 ---p 000011cb 00:00 142530             /usr/lib/jvm/java-11-openjdk-amd64/lib/server/libjvm.so
7fd601234000-7fd6012f1000 r--p 010d4000 00:00 142530             /usr/lib/jvm/java-11-openjdk-amd64/lib/server/libjvm.so
7fd6012f1000-7fd60132a000 rw-p 01191000 00:00 142530             /usr/lib/jvm/java-11-openjdk-amd64/lib/server/libjvm.so
7fd60132a000-7fd601381000 rw-p 00000000 00:00 0
7fd601390000-7fd6013aa000 r-xp 00000000 00:00 487320             /lib/x86_64-linux-gnu/libpthread-2.27.so
7fd6013aa000-7fd6013b4000 ---p 0001a000 00:00 487320             /lib/x86_64-linux-gnu/libpthread-2.27.so
7fd6013b4000-7fd6015a9000 ---p 00000024 00:00 487320             /lib/x86_64-linux-gnu/libpthread-2.27.so
7fd6015a9000-7fd6015aa000 r--p 00019000 00:00 487320             /lib/x86_64-linux-gnu/libpthread-2.27.so
7fd6015aa000-7fd6015ab000 rw-p 0001a000 00:00 487320             /lib/x86_64-linux-gnu/libpthread-2.27.so
7fd6015ab000-7fd6015af000 rw-p 00000000 00:00 0
7fd6015b0000-7fd6015b3000 r-xp 00000000 00:00 487187             /lib/x86_64-linux-gnu/libdl-2.27.so
7fd6015b3000-7fd6015b4000 ---p 00003000 00:00 487187             /lib/x86_64-linux-gnu/libdl-2.27.so
7fd6015b4000-7fd6017b2000 ---p 00000004 00:00 487187             /lib/x86_64-linux-gnu/libdl-2.27.so
7fd6017b2000-7fd6017b3000 r--p 00002000 00:00 487187             /lib/x86_64-linux-gnu/libdl-2.27.so
7fd6017b3000-7fd6017b4000 rw-p 00003000 00:00 487187             /lib/x86_64-linux-gnu/libdl-2.27.so
7fd6017c0000-7fd6017dc000 r-xp 00000000 00:00 487370             /lib/x86_64-linux-gnu/libz.so.1.2.11
7fd6017dc000-7fd6017dd000 ---p 0001c000 00:00 487370             /lib/x86_64-linux-gnu/libz.so.1.2.11
7fd6017dd000-7fd6019db000 ---p 0000001d 00:00 487370             /lib/x86_64-linux-gnu/libz.so.1.2.11
7fd6019db000-7fd6019dc000 r--p 0001b000 00:00 487370             /lib/x86_64-linux-gnu/libz.so.1.2.11
7fd6019dc000-7fd6019dd000 rw-p 0001c000 00:00 487370             /lib/x86_64-linux-gnu/libz.so.1.2.11
7fd6019e0000-7fd601bc7000 r-xp 00000000 00:00 487157             /lib/x86_64-linux-gnu/libc-2.27.so
7fd601bc7000-7fd601bd0000 ---p 001e7000 00:00 487157             /lib/x86_64-linux-gnu/libc-2.27.so
7fd601bd0000-7fd601dc7000 ---p 000001f0 00:00 487157             /lib/x86_64-linux-gnu/libc-2.27.so
7fd601dc7000-7fd601dcb000 r--p 001e7000 00:00 487157             /lib/x86_64-linux-gnu/libc-2.27.so
7fd601dcb000-7fd601dcd000 rw-p 001eb000 00:00 487157             /lib/x86_64-linux-gnu/libc-2.27.so
7fd601dcd000-7fd601dd1000 rw-p 00000000 00:00 0
7fd601de0000-7fd601df0000 r-xp 00000000 00:00 137834             /usr/lib/jvm/java-11-openjdk-amd64/lib/jli/libjli.so
7fd601df0000-7fd601df1000 ---p 00010000 00:00 137834             /usr/lib/jvm/java-11-openjdk-amd64/lib/jli/libjli.so
7fd601df1000-7fd601fef000 ---p 00000011 00:00 137834             /usr/lib/jvm/java-11-openjdk-amd64/lib/jli/libjli.so
7fd601fef000-7fd601ff0000 r--p 0000f000 00:00 137834             /usr/lib/jvm/java-11-openjdk-amd64/lib/jli/libjli.so
7fd601ff0000-7fd601ff1000 rw-p 00010000 00:00 137834             /usr/lib/jvm/java-11-openjdk-amd64/lib/jli/libjli.so
7fd602000000-7fd602026000 r-xp 00000000 00:00 487133             /lib/x86_64-linux-gnu/ld-2.27.so
7fd602026000-7fd602027000 r-xp 00026000 00:00 487133             /lib/x86_64-linux-gnu/ld-2.27.so
7fd602040000-7fd602045000 rw-p 00000000 00:00 0
7fd602045000-7fd60212b000 ---p 00000000 00:00 0
7fd602130000-7fd602135000 rw-p 00000000 00:00 0
7fd602135000-7fd60221b000 ---p 00000000 00:00 0
7fd602227000-7fd602228000 r--p 00027000 00:00 487133             /lib/x86_64-linux-gnu/ld-2.27.so
7fd602228000-7fd602229000 rw-p 00028000 00:00 487133             /lib/x86_64-linux-gnu/ld-2.27.so
7fd602229000-7fd60222a000 rw-p 00000000 00:00 0
7fd602240000-7fd602261000 rw-p 00000000 00:00 0
7fd602270000-7fd602291000 rw-p 00000000 00:00 0
7fd6022a0000-7fd6022a5000 rw-p 00000000 00:00 0
7fd6022a5000-7fd6022ac000 ---p 00000000 00:00 0
7fd6022b0000-7fd6022b1000 ---p 00000000 00:00 0
7fd6022b1000-7fd6022b2000 r--p 00000000 00:00 0
7fd6022c0000-7fd6022c4000 ---p 00000000 00:00 0
7fd6022c4000-7fd6023c1000 rw-p 00000000 00:00 0
7fd6023ce000-7fd6023cf000 r--p 00000000 00:00 620278             /usr/lib/locale/C.UTF-8/LC_NUMERIC
7fd6023cf000-7fd6023d0000 r--p 00000000 00:00 620293             /usr/lib/locale/C.UTF-8/LC_TIME
7fd6023d0000-7fd6023d2000 rw-p 00000000 00:00 0
7fd6023d2000-7fd6023d3000 r--p 00000000 00:00 620258             /usr/lib/locale/C.UTF-8/LC_MONETARY
7fd6023d3000-7fd6023d4000 r--p 00000000 00:00 620254             /usr/lib/locale/C.UTF-8/LC_MESSAGES/SYS_LC_MESSAGES
7fd6023d4000-7fd6023d5000 r--p 00000000 00:00 620279             /usr/lib/locale/C.UTF-8/LC_PAPER
7fd6023d5000-7fd6023d6000 r--p 00000000 00:00 620267             /usr/lib/locale/C.UTF-8/LC_NAME
7fd6023d6000-7fd6023d7000 r--p 00000000 00:00 620210             /usr/lib/locale/C.UTF-8/LC_ADDRESS
7fd6023d7000-7fd6023d8000 r--p 00000000 00:00 620281             /usr/lib/locale/C.UTF-8/LC_TELEPHONE
7fd6023d8000-7fd6023d9000 r--p 00000000 00:00 620242             /usr/lib/locale/C.UTF-8/LC_MEASUREMENT
7fd6023d9000-7fd6023e0000 r--s 00000000 00:00 681823             /usr/lib/x86_64-linux-gnu/gconv/gconv-modules.cache
7fd6023e0000-7fd6023e2000 rw-p 00000000 00:00 0
7fd6023e2000-7fd6023e3000 r--p 00000000 00:00 620231             /usr/lib/locale/C.UTF-8/LC_IDENTIFICATION
7fd6023e3000-7fd6023eb000 rw-s 00000000 00:00 166790             /tmp/hsperfdata_ashleyljh/9225
7fd602400000-7fd602401000 r-xp 00000000 00:00 136991             /usr/lib/jvm/java-11-openjdk-amd64/bin/java
7fd602601000-7fd602602000 r--p 00001000 00:00 136991             /usr/lib/jvm/java-11-openjdk-amd64/bin/java
7fd602602000-7fd602603000 rw-p 00002000 00:00 136991             /usr/lib/jvm/java-11-openjdk-amd64/bin/java
7fffe3ae4000-7fffe3b05000 rw-p 00000000 00:00 0                  [heap]
7fffead40000-7fffeb540000 rw-p 00000000 00:00 0                  [stack]
7fffeb85c000-7fffeb85d000 r-xp 00000000 00:00 0                  [vdso]


VM Arguments:
jvm_args: -agentlib:jdwp=transport=dt_socket,address=localhost:50520 
java_command: jdk.jshell.execution.RemoteExecutionControl 50519
java_class_path (initial): .
Launcher Type: SUN_STANDARD

[Global flags]
     intx CICompilerCount                          = 4                                         {product} {ergonomic}
     uint ConcGCThreads                            = 2                                         {product} {ergonomic}
     uint G1ConcRefinementThreads                  = 8                                         {product} {ergonomic}
   size_t G1HeapRegionSize                         = 1048576                                   {product} {ergonomic}
    uintx GCDrainStackTargetSize                   = 64                                        {product} {ergonomic}
   size_t InitialHeapSize                          = 268435456                                 {product} {ergonomic}
   size_t MarkStackSize                            = 4194304                                   {product} {ergonomic}
   size_t MaxHeapSize                              = 4265607168                                {product} {ergonomic}
   size_t MaxNewSize                               = 2558525440                                {product} {ergonomic}
   size_t MinHeapDeltaBytes                        = 1048576                                   {product} {ergonomic}
    uintx NonNMethodCodeHeapSize                   = 5836300                                {pd product} {ergonomic}
    uintx NonProfiledCodeHeapSize                  = 122910970                              {pd product} {ergonomic}
    uintx ProfiledCodeHeapSize                     = 122910970                              {pd product} {ergonomic}
    uintx ReservedCodeCacheSize                    = 251658240                              {pd product} {ergonomic}
     bool SegmentedCodeCache                       = true                                      {product} {ergonomic}
     bool UseCompressedClassPointers               = true                                 {lp64_product} {ergonomic}
     bool UseCompressedOops                        = true                                 {lp64_product} {ergonomic}
     bool UseG1GC                                  = true                                      {product} {ergonomic}

Logging:
Log output configuration:
 #0: stdout all=warning uptime,level,tags
 #1: stderr all=off uptime,level,tags

Environment Variables:
PATH=/usr/local/sbin:/usr/local/bin:/usr/sbin:/usr/bin:/sbin:/bin:/usr/games:/usr/local/games:/mnt/c/Program Files/WindowsApps/CanonicalGroupLimited.UbuntuonWindows_1804.2020.5.0_x64__79rhkp1fndgsc:/mnt/c/Program Files (x86)/Common Files/Oracle/Java/javapath:/mnt/c/Windows/System32:/mnt/c/Windows:/mnt/c/Windows/System32/wbem:/mnt/c/Windows/System32/WindowsPowerShell/v1.0:/mnt/c/Windows/System32/OpenSSH:/mnt/c/Program Files (x86)/NVIDIA Corporation/PhysX/Common:/mnt/c/Program Files/Intel/WiFi/bin:/mnt/c/Program Files/Common Files/Intel/WirelessCommon:/mnt/c/Program Files/Java/jdk-12.0.2/bin:/mnt/d/Matlab/bin:/mnt/c/Users/ashle/AppData/Local/Microsoft/WindowsApps:/mnt/c/Users/ashle/AppData/Local/Programs/Microsoft VS Code/bin:/snap/bin
SHELL=/bin/bash
DISPLAY=:0
HOSTTYPE=x86_64

Signal Handlers:
SIGSEGV: [libjvm.so+0xdeda70], sa_mask[0]=11111111111111111111111111111110, sa_flags=SA_RESTART|SA_SIGINFO
SIGBUS: [libjvm.so+0xdeda70], sa_mask[0]=11111111111111111111111111111110, sa_flags=SA_RESTART|SA_SIGINFO
SIGFPE: [libjvm.so+0xdeda70], sa_mask[0]=11111111111111111111111111111110, sa_flags=SA_RESTART|SA_SIGINFO
SIGPIPE: [libjvm.so+0xbc3040], sa_mask[0]=11111111111111111111111111111110, sa_flags=SA_RESTART|SA_SIGINFO
SIGXFSZ: [libjvm.so+0xbc3040], sa_mask[0]=11111111111111111111111111111110, sa_flags=SA_RESTART|SA_SIGINFO
SIGILL: [libjvm.so+0xdeda70], sa_mask[0]=11111111111111111111111111111110, sa_flags=SA_RESTART|SA_SIGINFO
SIGUSR2: [libjvm.so+0xbc2ee0], sa_mask[0]=00100000000000000000000000000000, sa_flags=SA_RESTART|SA_SIGINFO
SIGHUP: [libjvm.so+0xbc3240], sa_mask[0]=11111111111111111111111111111110, sa_flags=SA_RESTART|SA_SIGINFO
SIGINT: [libjvm.so+0xbc3240], sa_mask[0]=11111111111111111111111111111110, sa_flags=SA_RESTART|SA_SIGINFO
SIGTERM: [libjvm.so+0xbc3240], sa_mask[0]=11111111111111111111111111111110, sa_flags=SA_RESTART|SA_SIGINFO
SIGQUIT: [libjvm.so+0xbc3240], sa_mask[0]=11111111111111111111111111111110, sa_flags=SA_RESTART|SA_SIGINFO


---------------  S Y S T E M  ---------------

OS:DISTRIB_ID=Ubuntu
DISTRIB_RELEASE=18.04
DISTRIB_CODENAME=bionic
DISTRIB_DESCRIPTION="Ubuntu 18.04.2 LTS"
uname:Linux 4.4.0-17763-Microsoft #864-Microsoft Thu Nov 07 15:22:00 PST 2019 x86_64
libc:glibc 2.27 NPTL 2.27 
rlimit: STACK 8192k, CORE 0k, NPROC 7823, NOFILE 65536, AS infinity, DATA infinity, FSIZE infinity
load average:0.52 0.58 0.59

/proc/meminfo:
MemTotal:       16661812 kB
MemFree:         6760056 kB
Buffers:           34032 kB
Cached:           188576 kB
SwapCached:            0 kB
Active:           167556 kB
Inactive:         157876 kB
Active(anon):     103104 kB
Inactive(anon):    17440 kB
Active(file):      64452 kB
Inactive(file):   140436 kB
Unevictable:           0 kB
Mlocked:               0 kB
SwapTotal:      15467644 kB
SwapFree:       15255760 kB
Dirty:                 0 kB
Writeback:             0 kB
AnonPages:        102824 kB
Mapped:            71404 kB
Shmem:             17720 kB
Slab:              13868 kB
SReclaimable:       6744 kB
SUnreclaim:         7124 kB
KernelStack:        2848 kB
PageTables:         2524 kB
NFS_Unstable:          0 kB
Bounce:                0 kB
WritebackTmp:          0 kB
CommitLimit:      515524 kB
Committed_AS:    3450064 kB
VmallocTotal:     122880 kB
VmallocUsed:       21296 kB
VmallocChunk:      66044 kB
HardwareCorrupted:     0 kB
AnonHugePages:      2048 kB
HugePages_Total:       0
HugePages_Free:        0
HugePages_Rsvd:        0
HugePages_Surp:        0
Hugepagesize:       2048 kB
DirectMap4k:       12280 kB
DirectMap4M:      897024 kB


/proc/sys/kernel/threads-max (system-wide limit on the number of threads):
32768


/proc/sys/vm/max_map_count (maximum number of memory map areas a process may have):


/proc/sys/kernel/pid_max (system-wide limit on number of process identifiers):
32768



Steal ticks since vm start: 0
Steal ticks percentage since vm start:  0.000

CPU:total 8 (initial active 8) (4 cores per cpu, 2 threads per core) family 6 model 142 stepping 11, cmov, cx8, fxsr, mmx, sse, sse2, sse3, ssse3, sse4.1, sse4.2, popcnt, avx, avx2, aes, clmul, erms, 3dnowpref, lzcnt, ht, tsc, tscinvbit, bmi1, bmi2, adx, fma
CPU Model and flags from /proc/cpuinfo:
model name	: Intel(R) Core(TM) i7-8565U CPU @ 1.80GHz
flags		: fpu vme de pse tsc msr pae mce cx8 apic sep mtrr pge mca cmov pat pse36 clflush dts acpi mmx fxsr sse sse2 ss ht tm pbe syscall nx pdpe1gb rdtscp lm pni pclmulqdq dtes64 monitor ds_cpl vmx est tm2 ssse3 fma cx16 xtpr pdcm pcid sse4_1 sse4_2 x2apic movbe popcnt tsc_deadline_timer aes xsave osxsave avx f16c rdrand

Memory: 4k page, physical 16661812k(6759476k free), swap 15467644k(15255760k free)

vm_info: OpenJDK 64-Bit Server VM (11.0.5+10-post-Ubuntu-0ubuntu1.118.04) for linux-amd64 JRE (11.0.5+10-post-Ubuntu-0ubuntu1.118.04), built on Oct 16 2019 22:01:07 by "buildd" with gcc 7.4.0

END.
