#
# A fatal error has been detected by the Java Runtime Environment:
#
#  SIGSEGV (0xb) at pc=0x00007f97e2b772e1, pid=13780, tid=13785
#
# JRE version: OpenJDK Runtime Environment (11.0.5+10) (build 11.0.5+10-post-Ubuntu-0ubuntu1.118.04)
# Java VM: OpenJDK 64-Bit Server VM (11.0.5+10-post-Ubuntu-0ubuntu1.118.04, mixed mode, sharing, tiered, compressed oops, g1 gc, linux-amd64)
# Problematic frame:
# V  [libjvm.so+0xe172e1]
#
# Core dump will be written. Default location: core.13780 (may not exist)
#
# If you would like to submit a bug report, please visit:
#   Unknown
#

---------------  S U M M A R Y ------------

Command Line: -agentlib:jdwp=transport=dt_socket,address=localhost:58716 jdk.jshell.execution.RemoteExecutionControl 58715

Host: Intel(R) Core(TM) i7-8565U CPU @ 1.80GHz, 8 cores, 15G, Ubuntu 18.04.2 LTS
Time: Thu Apr  2 02:10:58 2020 DST elapsed time: 27837 seconds (0d 7h 43m 57s)

---------------  T H R E A D  ---------------

Current thread (0x00007f97dc02e000):  GCTaskThread "GC Thread#0" [stack: 0x00007f97e0002000,0x00007f97e0102000] [id=13785]

Stack: [0x00007f97e0002000,0x00007f97e0102000],  sp=0x00007f97e0100e10,  free space=1019k
Native frames: (J=compiled Java code, A=aot compiled Java code, j=interpreted, Vv=VM code, C=native code)
V  [libjvm.so+0xe172e1]
V  [libjvm.so+0xd7ba0a]
V  [libjvm.so+0xbcd3ce]


siginfo: si_signo: 11 (SIGSEGV), si_code: 1 (SEGV_MAPERR), si_addr: 0x0000000000000010

Register to memory mapping:

RAX=0x0 is NULL
RBX=0x00007f97aeff09c0 points into unknown readable memory: 70 67 04 e3 97 7f 00 00
RCX=0x0 is NULL
RDX=0x0 is NULL
RSP=0x00007f97e0100e10 points into unknown readable memory: 70 0e 10 e0 97 7f 00 00
RBP=0x00007f97e0100e40 points into unknown readable memory: c0 0e 10 e0 97 7f 00 00
RSI=0x0 is NULL
RDI=0x00007f97e0100d70 points into unknown readable memory: 90 06 1a e3 97 7f 00 00
R8 =0x0 is NULL
R9 =0x00000000ffffffff is an unknown value
R10=0x0 is NULL
R11=0x0 is NULL
R12=0x00007f97e0100e1c points into unknown readable memory: ff ff ff ff
R13=0x00007f97dc02e000 points into unknown readable memory: 50 01 0f e3 97 7f 00 00
R14=0x0 is NULL
R15=0x00007f97e413f7d0 is pointing into the stack for thread: 0x00007f97dc015000


Registers:
RAX=0x0000000000000000, RBX=0x00007f97aeff09c0, RCX=0x0000000000000000, RDX=0x0000000000000000
RSP=0x00007f97e0100e10, RBP=0x00007f97e0100e40, RSI=0x0000000000000000, RDI=0x00007f97e0100d70
R8 =0x0000000000000000, R9 =0x00000000ffffffff, R10=0x0000000000000000, R11=0x0000000000000000
R12=0x00007f97e0100e1c, R13=0x00007f97dc02e000, R14=0x0000000000000000, R15=0x00007f97e413f7d0
RIP=0x00007f97e2b772e1, EFLAGS=0x0000000000010202, CSGSFS=0x00000053002b0033, ERR=0x0000000000000000
  TRAPNO=0x0000000000000000

Top of Stack: (sp=0x00007f97e0100e10)
0x00007f97e0100e10:   00007f97e0100e70 ffffffffdc02e000
0x00007f97e0100e20:   00007f97e310f378 00007f97dc02e000
0x00007f97e0100e30:   00007f97e0002000 0000000000100000
0x00007f97e0100e40:   00007f97e0100ec0 00007f97e2adba0a 

Instructions: (pc=0x00007f97e2b772e1)
0x00007f97e2b771e1:   35 cf 49 0f 00 31 c0 4c 89 e7 83 c3 01 e8 bd 0c
0x00007f97e2b771f1:   dc ff 41 39 5e 08 77 d7 5b 4c 89 e7 41 5c 41 5d
0x00007f97e2b77201:   41 5e 5d e9 77 13 dc ff 0f 1f 80 00 00 00 00 31
0x00007f97e2b77211:   c0 4c 89 ee 4c 89 e7 e8 93 0c dc ff 83 c3 01 41
0x00007f97e2b77221:   39 5e 08 77 aa 5b 4c 89 e7 41 5c 41 5d 41 5e 5d
0x00007f97e2b77231:   e9 4a 13 dc ff 66 2e 0f 1f 84 00 00 00 00 00 48
0x00007f97e2b77241:   8b 87 20 03 00 00 55 48 89 e5 0f b6 40 28 5d c3
0x00007f97e2b77251:   90 0f 1f 40 00 66 2e 0f 1f 84 00 00 00 00 00 48
0x00007f97e2b77261:   8b 87 20 03 00 00 55 48 89 e5 0f b6 40 29 5d c3
0x00007f97e2b77271:   90 0f 1f 40 00 66 2e 0f 1f 84 00 00 00 00 00 55
0x00007f97e2b77281:   48 89 e5 53 48 89 fb 48 83 ec 08 e8 ef f0 f5 ff
0x00007f97e2b77291:   48 83 c4 08 48 89 df be 09 00 00 00 5b 5d e9 ac
0x00007f97e2b772a1:   46 da ff 66 90 66 2e 0f 1f 84 00 00 00 00 00 55
0x00007f97e2b772b1:   48 89 e5 41 56 41 55 41 54 53 4c 8d 65 dc 49 89
0x00007f97e2b772c1:   fd 48 83 ec 10 66 2e 0f 1f 84 00 00 00 00 00 49
0x00007f97e2b772d1:   8b 85 20 03 00 00 48 8b 78 30 48 8b 07 ff 50 18
0x00007f97e2b772e1:   8b 70 10 48 89 c3 4c 89 e7 49 89 d6 e8 7e 7e 97
0x00007f97e2b772f1:   ff 48 8b 03 44 89 f6 48 89 df ff 10 4c 89 e7 e8
0x00007f97e2b77301:   ab 7e 97 ff 49 8b 85 20 03 00 00 48 8b 78 30 48
0x00007f97e2b77311:   8b 07 ff 50 20 eb b8 0f 1f 84 00 00 00 00 00 55
0x00007f97e2b77321:   48 8d 15 d8 d8 7f ff 48 89 e5 41 54 53 48 8b 07
0x00007f97e2b77331:   49 89 fc 48 89 f3 48 8b 80 88 00 00 00 48 39 d0
0x00007f97e2b77341:   75 45 48 8b 97 08 03 00 00 48 8d 05 ff dd 07 00
0x00007f97e2b77351:   48 85 d2 48 0f 44 d0 48 8d 35 a4 d3 09 00 48 89
0x00007f97e2b77361:   df 31 c0 e8 47 0b dc ff 4c 89 e7 48 89 de 31 d2
0x00007f97e2b77371:   e8 da e8 f5 ff 48 89 df 5b 41 5c 5d e9 fe 11 dc
0x00007f97e2b77381:   ff 66 0f 1f 44 00 00 ff d0 48 89 c2 eb c9 90 55
0x00007f97e2b77391:   48 8d 15 e8 fe ff ff 48 89 e5 53 48 89 fb 48 83
0x00007f97e2b773a1:   ec 08 48 8b 07 48 8b 80 b8 00 00 00 48 39 d0 75
0x00007f97e2b773b1:   2e e8 c9 ef f5 ff be 09 00 00 00 48 89 df e8 8c
0x00007f97e2b773c1:   45 da ff 48 8b 03 48 89 df 48 8b 80 c0 00 00 00
0x00007f97e2b773d1:   48 83 c4 08 5b 5d ff e0 0f 1f 80 00 00 00 00 ff 


Stack slot to memory mapping:
stack at sp + 0 slots: 0x00007f97e0100e70 points into unknown readable memory: c0 0e 10 e0 97 7f 00 00
stack at sp + 1 slots: 0xffffffffdc02e000 is an unknown value
stack at sp + 2 slots: 0x00007f97e310f378: <offset 0x00000000013af378> in /usr/lib/jvm/java-11-openjdk-amd64/lib/server/libjvm.so at 0x00007f97e1d60000
stack at sp + 3 slots: 0x00007f97dc02e000 points into unknown readable memory: 50 01 0f e3 97 7f 00 00
stack at sp + 4 slots: 0x00007f97e0002000 points into unknown readable memory: 00 00 00 00 00 00 00 00
stack at sp + 5 slots: 0x0000000000100000 is an unknown value
stack at sp + 6 slots: 0x00007f97e0100ec0 points into unknown readable memory: f0 0e 10 e0 97 7f 00 00
stack at sp + 7 slots: 0x00007f97e2adba0a: <offset 0x0000000000d7ba0a> in /usr/lib/jvm/java-11-openjdk-amd64/lib/server/libjvm.so at 0x00007f97e1d60000


---------------  P R O C E S S  ---------------

Threads class SMR info:
_java_thread_list=0x00007f978c001f20, length=12, elements={
0x00007f97dc015000, 0x00007f97dc1d6800, 0x00007f97dc1d8800, 0x00007f97dc1e0800,
0x00007f97dc1e2800, 0x00007f97dc1e4800, 0x00007f97dc1e6800, 0x00007f97dc245800,
0x00007f97dc247000, 0x00007f97dc25c800, 0x00007f97dc2a4000, 0x00007f978c001000
}

Java Threads: ( => current thread )
  0x00007f97dc015000 JavaThread "main" [_thread_blocked, id=13784, stack(0x00007f97e4040000,0x00007f97e4141000)]
  0x00007f97dc1d6800 JavaThread "Reference Handler" daemon [_thread_blocked, id=13791, stack(0x00007f97aede0000,0x00007f97aeee1000)]
  0x00007f97dc1d8800 JavaThread "Finalizer" daemon [_thread_blocked, id=13792, stack(0x00007f97aecd0000,0x00007f97aedd1000)]
  0x00007f97dc1e0800 JavaThread "Signal Dispatcher" daemon [_thread_blocked, id=13793, stack(0x00007f97ae890000,0x00007f97ae991000)]
  0x00007f97dc1e2800 JavaThread "C2 CompilerThread0" daemon [_thread_blocked, id=13794, stack(0x00007f97ae780000,0x00007f97ae881000)]
  0x00007f97dc1e4800 JavaThread "C1 CompilerThread0" daemon [_thread_blocked, id=13795, stack(0x00007f97ae670000,0x00007f97ae771000)]
  0x00007f97dc1e6800 JavaThread "Sweeper thread" daemon [_thread_blocked, id=13796, stack(0x00007f97ae560000,0x00007f97ae661000)]
  0x00007f97dc245800 JavaThread "JDWP Event Helper Thread" daemon [_thread_blocked, id=13798, stack(0x00007f97ae130000,0x00007f97ae231000)]
  0x00007f97dc247000 JavaThread "Service Thread" daemon [_thread_blocked, id=13803, stack(0x00007f97adf10000,0x00007f97ae011000)]
  0x00007f97dc25c800 JavaThread "Common-Cleaner" daemon [_thread_blocked, id=13805, stack(0x00007f97ad870000,0x00007f97ad971000)]
  0x00007f97dc2a4000 JavaThread "output reader" daemon [_thread_in_native, id=13807, stack(0x00007f97ad550000,0x00007f97ad651000)]
  0x00007f978c001000 JavaThread "SIGTERM handler" daemon [_thread_blocked, id=14005, stack(0x00007f97ae240000,0x00007f97ae341000)]

Other Threads:
  0x00007f97dc1d3800 VMThread "VM Thread" [stack: 0x00007f97aeef2000,0x00007f97aeff2000] [id=13790] _threads_hazard_ptr=0x00007f978c001f20
=>0x00007f97dc02e000 GCTaskThread "GC Thread#0" [stack: 0x00007f97e0002000,0x00007f97e0102000] [id=13785]
  0x00007f97dc08e000 ConcurrentGCThread "G1 Main Marker" [stack: 0x00007f97b64a2000,0x00007f97b65a2000] [id=13786]
  0x00007f97dc08f800 ConcurrentGCThread "G1 Conc#0" [stack: 0x00007f97b6392000,0x00007f97b6492000] [id=13787]
  0x00007f97dc195800 ConcurrentGCThread "G1 Refine#0" [stack: 0x00007f97af9a2000,0x00007f97afaa2000] [id=13788]
  0x00007f97dc197800 ConcurrentGCThread "G1 Young RemSet Sampling" [stack: 0x00007f97af892000,0x00007f97af992000] [id=13789]

Threads with active compile tasks:

VM state:at safepoint (normal execution)

VM Mutex/Monitor currently owned by a thread:  ([mutex/lock_event])
[0x00007f97dc011150] Threads_lock - owner thread: 0x00007f97dc1d3800

Heap address: 0x0000000701c00000, size: 4068 MB, Compressed Oops mode: Zero based, Oop shift amount: 3
Narrow klass base: 0x0000000800000000, Narrow klass shift: 3
Compressed class space size: 1073741824 Address: 0x0000000840000000

Heap:
 garbage-first heap   total 264192K, used 4792K [0x0000000701c00000, 0x0000000800000000)
  region size 1024K, 5 young (5120K), 0 survivors (0K)
 Metaspace       used 2065K, capacity 5010K, committed 5248K, reserved 1056768K
  class space    used 230K, capacity 543K, committed 640K, reserved 1048576K
Heap Regions: E=young(eden), S=young(survivor), O=old, HS=humongous(starts), HC=humongous(continues), CS=collection set, F=free, A=archive, TAMS=top-at-mark-start (previous, next)
|   0|0x0000000701c00000, 0x0000000701c00000, 0x0000000701d00000|  0%| F|  |TAMS 0x0000000701c00000, 0x0000000701c00000| Untracked 
|   1|0x0000000701d00000, 0x0000000701d00000, 0x0000000701e00000|  0%| F|  |TAMS 0x0000000701d00000, 0x0000000701d00000| Untracked 
|   2|0x0000000701e00000, 0x0000000701e00000, 0x0000000701f00000|  0%| F|  |TAMS 0x0000000701e00000, 0x0000000701e00000| Untracked 
|   3|0x0000000701f00000, 0x0000000701f00000, 0x0000000702000000|  0%| F|  |TAMS 0x0000000701f00000, 0x0000000701f00000| Untracked 
|   4|0x0000000702000000, 0x0000000702000000, 0x0000000702100000|  0%| F|  |TAMS 0x0000000702000000, 0x0000000702000000| Untracked 
|   5|0x0000000702100000, 0x0000000702100000, 0x0000000702200000|  0%| F|  |TAMS 0x0000000702100000, 0x0000000702100000| Untracked 
|   6|0x0000000702200000, 0x0000000702200000, 0x0000000702300000|  0%| F|  |TAMS 0x0000000702200000, 0x0000000702200000| Untracked 
|   7|0x0000000702300000, 0x0000000702300000, 0x0000000702400000|  0%| F|  |TAMS 0x0000000702300000, 0x0000000702300000| Untracked 
|   8|0x0000000702400000, 0x0000000702400000, 0x0000000702500000|  0%| F|  |TAMS 0x0000000702400000, 0x0000000702400000| Untracked 
|   9|0x0000000702500000, 0x0000000702500000, 0x0000000702600000|  0%| F|  |TAMS 0x0000000702500000, 0x0000000702500000| Untracked 
|  10|0x0000000702600000, 0x0000000702600000, 0x0000000702700000|  0%| F|  |TAMS 0x0000000702600000, 0x0000000702600000| Untracked 
|  11|0x0000000702700000, 0x0000000702700000, 0x0000000702800000|  0%| F|  |TAMS 0x0000000702700000, 0x0000000702700000| Untracked 
|  12|0x0000000702800000, 0x0000000702800000, 0x0000000702900000|  0%| F|  |TAMS 0x0000000702800000, 0x0000000702800000| Untracked 
|  13|0x0000000702900000, 0x0000000702900000, 0x0000000702a00000|  0%| F|  |TAMS 0x0000000702900000, 0x0000000702900000| Untracked 
|  14|0x0000000702a00000, 0x0000000702a00000, 0x0000000702b00000|  0%| F|  |TAMS 0x0000000702a00000, 0x0000000702a00000| Untracked 
|  15|0x0000000702b00000, 0x0000000702b00000, 0x0000000702c00000|  0%| F|  |TAMS 0x0000000702b00000, 0x0000000702b00000| Untracked 
|  16|0x0000000702c00000, 0x0000000702c00000, 0x0000000702d00000|  0%| F|  |TAMS 0x0000000702c00000, 0x0000000702c00000| Untracked 
|  17|0x0000000702d00000, 0x0000000702d00000, 0x0000000702e00000|  0%| F|  |TAMS 0x0000000702d00000, 0x0000000702d00000| Untracked 
|  18|0x0000000702e00000, 0x0000000702e00000, 0x0000000702f00000|  0%| F|  |TAMS 0x0000000702e00000, 0x0000000702e00000| Untracked 
|  19|0x0000000702f00000, 0x0000000702f00000, 0x0000000703000000|  0%| F|  |TAMS 0x0000000702f00000, 0x0000000702f00000| Untracked 
|  20|0x0000000703000000, 0x0000000703000000, 0x0000000703100000|  0%| F|  |TAMS 0x0000000703000000, 0x0000000703000000| Untracked 
|  21|0x0000000703100000, 0x0000000703100000, 0x0000000703200000|  0%| F|  |TAMS 0x0000000703100000, 0x0000000703100000| Untracked 
|  22|0x0000000703200000, 0x0000000703200000, 0x0000000703300000|  0%| F|  |TAMS 0x0000000703200000, 0x0000000703200000| Untracked 
|  23|0x0000000703300000, 0x0000000703300000, 0x0000000703400000|  0%| F|  |TAMS 0x0000000703300000, 0x0000000703300000| Untracked 
|  24|0x0000000703400000, 0x0000000703400000, 0x0000000703500000|  0%| F|  |TAMS 0x0000000703400000, 0x0000000703400000| Untracked 
|  25|0x0000000703500000, 0x0000000703500000, 0x0000000703600000|  0%| F|  |TAMS 0x0000000703500000, 0x0000000703500000| Untracked 
|  26|0x0000000703600000, 0x0000000703600000, 0x0000000703700000|  0%| F|  |TAMS 0x0000000703600000, 0x0000000703600000| Untracked 
|  27|0x0000000703700000, 0x0000000703700000, 0x0000000703800000|  0%| F|  |TAMS 0x0000000703700000, 0x0000000703700000| Untracked 
|  28|0x0000000703800000, 0x0000000703800000, 0x0000000703900000|  0%| F|  |TAMS 0x0000000703800000, 0x0000000703800000| Untracked 
|  29|0x0000000703900000, 0x0000000703900000, 0x0000000703a00000|  0%| F|  |TAMS 0x0000000703900000, 0x0000000703900000| Untracked 
|  30|0x0000000703a00000, 0x0000000703a00000, 0x0000000703b00000|  0%| F|  |TAMS 0x0000000703a00000, 0x0000000703a00000| Untracked 
|  31|0x0000000703b00000, 0x0000000703b00000, 0x0000000703c00000|  0%| F|  |TAMS 0x0000000703b00000, 0x0000000703b00000| Untracked 
|  32|0x0000000703c00000, 0x0000000703c00000, 0x0000000703d00000|  0%| F|  |TAMS 0x0000000703c00000, 0x0000000703c00000| Untracked 
|  33|0x0000000703d00000, 0x0000000703d00000, 0x0000000703e00000|  0%| F|  |TAMS 0x0000000703d00000, 0x0000000703d00000| Untracked 
|  34|0x0000000703e00000, 0x0000000703e00000, 0x0000000703f00000|  0%| F|  |TAMS 0x0000000703e00000, 0x0000000703e00000| Untracked 
|  35|0x0000000703f00000, 0x0000000703f00000, 0x0000000704000000|  0%| F|  |TAMS 0x0000000703f00000, 0x0000000703f00000| Untracked 
|  36|0x0000000704000000, 0x0000000704000000, 0x0000000704100000|  0%| F|  |TAMS 0x0000000704000000, 0x0000000704000000| Untracked 
|  37|0x0000000704100000, 0x0000000704100000, 0x0000000704200000|  0%| F|  |TAMS 0x0000000704100000, 0x0000000704100000| Untracked 
|  38|0x0000000704200000, 0x0000000704200000, 0x0000000704300000|  0%| F|  |TAMS 0x0000000704200000, 0x0000000704200000| Untracked 
|  39|0x0000000704300000, 0x0000000704300000, 0x0000000704400000|  0%| F|  |TAMS 0x0000000704300000, 0x0000000704300000| Untracked 
|  40|0x0000000704400000, 0x0000000704400000, 0x0000000704500000|  0%| F|  |TAMS 0x0000000704400000, 0x0000000704400000| Untracked 
|  41|0x0000000704500000, 0x0000000704500000, 0x0000000704600000|  0%| F|  |TAMS 0x0000000704500000, 0x0000000704500000| Untracked 
|  42|0x0000000704600000, 0x0000000704600000, 0x0000000704700000|  0%| F|  |TAMS 0x0000000704600000, 0x0000000704600000| Untracked 
|  43|0x0000000704700000, 0x0000000704700000, 0x0000000704800000|  0%| F|  |TAMS 0x0000000704700000, 0x0000000704700000| Untracked 
|  44|0x0000000704800000, 0x0000000704800000, 0x0000000704900000|  0%| F|  |TAMS 0x0000000704800000, 0x0000000704800000| Untracked 
|  45|0x0000000704900000, 0x0000000704900000, 0x0000000704a00000|  0%| F|  |TAMS 0x0000000704900000, 0x0000000704900000| Untracked 
|  46|0x0000000704a00000, 0x0000000704a00000, 0x0000000704b00000|  0%| F|  |TAMS 0x0000000704a00000, 0x0000000704a00000| Untracked 
|  47|0x0000000704b00000, 0x0000000704b00000, 0x0000000704c00000|  0%| F|  |TAMS 0x0000000704b00000, 0x0000000704b00000| Untracked 
|  48|0x0000000704c00000, 0x0000000704c00000, 0x0000000704d00000|  0%| F|  |TAMS 0x0000000704c00000, 0x0000000704c00000| Untracked 
|  49|0x0000000704d00000, 0x0000000704d00000, 0x0000000704e00000|  0%| F|  |TAMS 0x0000000704d00000, 0x0000000704d00000| Untracked 
|  50|0x0000000704e00000, 0x0000000704e00000, 0x0000000704f00000|  0%| F|  |TAMS 0x0000000704e00000, 0x0000000704e00000| Untracked 
|  51|0x0000000704f00000, 0x0000000704f00000, 0x0000000705000000|  0%| F|  |TAMS 0x0000000704f00000, 0x0000000704f00000| Untracked 
|  52|0x0000000705000000, 0x0000000705000000, 0x0000000705100000|  0%| F|  |TAMS 0x0000000705000000, 0x0000000705000000| Untracked 
|  53|0x0000000705100000, 0x0000000705100000, 0x0000000705200000|  0%| F|  |TAMS 0x0000000705100000, 0x0000000705100000| Untracked 
|  54|0x0000000705200000, 0x0000000705200000, 0x0000000705300000|  0%| F|  |TAMS 0x0000000705200000, 0x0000000705200000| Untracked 
|  55|0x0000000705300000, 0x0000000705300000, 0x0000000705400000|  0%| F|  |TAMS 0x0000000705300000, 0x0000000705300000| Untracked 
|  56|0x0000000705400000, 0x0000000705400000, 0x0000000705500000|  0%| F|  |TAMS 0x0000000705400000, 0x0000000705400000| Untracked 
|  57|0x0000000705500000, 0x0000000705500000, 0x0000000705600000|  0%| F|  |TAMS 0x0000000705500000, 0x0000000705500000| Untracked 
|  58|0x0000000705600000, 0x0000000705600000, 0x0000000705700000|  0%| F|  |TAMS 0x0000000705600000, 0x0000000705600000| Untracked 
|  59|0x0000000705700000, 0x0000000705700000, 0x0000000705800000|  0%| F|  |TAMS 0x0000000705700000, 0x0000000705700000| Untracked 
|  60|0x0000000705800000, 0x0000000705800000, 0x0000000705900000|  0%| F|  |TAMS 0x0000000705800000, 0x0000000705800000| Untracked 
|  61|0x0000000705900000, 0x0000000705900000, 0x0000000705a00000|  0%| F|  |TAMS 0x0000000705900000, 0x0000000705900000| Untracked 
|  62|0x0000000705a00000, 0x0000000705a00000, 0x0000000705b00000|  0%| F|  |TAMS 0x0000000705a00000, 0x0000000705a00000| Untracked 
|  63|0x0000000705b00000, 0x0000000705b00000, 0x0000000705c00000|  0%| F|  |TAMS 0x0000000705b00000, 0x0000000705b00000| Untracked 
|  64|0x0000000705c00000, 0x0000000705c00000, 0x0000000705d00000|  0%| F|  |TAMS 0x0000000705c00000, 0x0000000705c00000| Untracked 
|  65|0x0000000705d00000, 0x0000000705d00000, 0x0000000705e00000|  0%| F|  |TAMS 0x0000000705d00000, 0x0000000705d00000| Untracked 
|  66|0x0000000705e00000, 0x0000000705e00000, 0x0000000705f00000|  0%| F|  |TAMS 0x0000000705e00000, 0x0000000705e00000| Untracked 
|  67|0x0000000705f00000, 0x0000000705f00000, 0x0000000706000000|  0%| F|  |TAMS 0x0000000705f00000, 0x0000000705f00000| Untracked 
|  68|0x0000000706000000, 0x0000000706000000, 0x0000000706100000|  0%| F|  |TAMS 0x0000000706000000, 0x0000000706000000| Untracked 
|  69|0x0000000706100000, 0x0000000706100000, 0x0000000706200000|  0%| F|  |TAMS 0x0000000706100000, 0x0000000706100000| Untracked 
|  70|0x0000000706200000, 0x0000000706200000, 0x0000000706300000|  0%| F|  |TAMS 0x0000000706200000, 0x0000000706200000| Untracked 
|  71|0x0000000706300000, 0x0000000706300000, 0x0000000706400000|  0%| F|  |TAMS 0x0000000706300000, 0x0000000706300000| Untracked 
|  72|0x0000000706400000, 0x0000000706400000, 0x0000000706500000|  0%| F|  |TAMS 0x0000000706400000, 0x0000000706400000| Untracked 
|  73|0x0000000706500000, 0x0000000706500000, 0x0000000706600000|  0%| F|  |TAMS 0x0000000706500000, 0x0000000706500000| Untracked 
|  74|0x0000000706600000, 0x0000000706600000, 0x0000000706700000|  0%| F|  |TAMS 0x0000000706600000, 0x0000000706600000| Untracked 
|  75|0x0000000706700000, 0x0000000706700000, 0x0000000706800000|  0%| F|  |TAMS 0x0000000706700000, 0x0000000706700000| Untracked 
|  76|0x0000000706800000, 0x0000000706800000, 0x0000000706900000|  0%| F|  |TAMS 0x0000000706800000, 0x0000000706800000| Untracked 
|  77|0x0000000706900000, 0x0000000706900000, 0x0000000706a00000|  0%| F|  |TAMS 0x0000000706900000, 0x0000000706900000| Untracked 
|  78|0x0000000706a00000, 0x0000000706a00000, 0x0000000706b00000|  0%| F|  |TAMS 0x0000000706a00000, 0x0000000706a00000| Untracked 
|  79|0x0000000706b00000, 0x0000000706b00000, 0x0000000706c00000|  0%| F|  |TAMS 0x0000000706b00000, 0x0000000706b00000| Untracked 
|  80|0x0000000706c00000, 0x0000000706c00000, 0x0000000706d00000|  0%| F|  |TAMS 0x0000000706c00000, 0x0000000706c00000| Untracked 
|  81|0x0000000706d00000, 0x0000000706d00000, 0x0000000706e00000|  0%| F|  |TAMS 0x0000000706d00000, 0x0000000706d00000| Untracked 
|  82|0x0000000706e00000, 0x0000000706e00000, 0x0000000706f00000|  0%| F|  |TAMS 0x0000000706e00000, 0x0000000706e00000| Untracked 
|  83|0x0000000706f00000, 0x0000000706f00000, 0x0000000707000000|  0%| F|  |TAMS 0x0000000706f00000, 0x0000000706f00000| Untracked 
|  84|0x0000000707000000, 0x0000000707000000, 0x0000000707100000|  0%| F|  |TAMS 0x0000000707000000, 0x0000000707000000| Untracked 
|  85|0x0000000707100000, 0x0000000707100000, 0x0000000707200000|  0%| F|  |TAMS 0x0000000707100000, 0x0000000707100000| Untracked 
|  86|0x0000000707200000, 0x0000000707200000, 0x0000000707300000|  0%| F|  |TAMS 0x0000000707200000, 0x0000000707200000| Untracked 
|  87|0x0000000707300000, 0x0000000707300000, 0x0000000707400000|  0%| F|  |TAMS 0x0000000707300000, 0x0000000707300000| Untracked 
|  88|0x0000000707400000, 0x0000000707400000, 0x0000000707500000|  0%| F|  |TAMS 0x0000000707400000, 0x0000000707400000| Untracked 
|  89|0x0000000707500000, 0x0000000707500000, 0x0000000707600000|  0%| F|  |TAMS 0x0000000707500000, 0x0000000707500000| Untracked 
|  90|0x0000000707600000, 0x0000000707600000, 0x0000000707700000|  0%| F|  |TAMS 0x0000000707600000, 0x0000000707600000| Untracked 
|  91|0x0000000707700000, 0x0000000707700000, 0x0000000707800000|  0%| F|  |TAMS 0x0000000707700000, 0x0000000707700000| Untracked 
|  92|0x0000000707800000, 0x0000000707800000, 0x0000000707900000|  0%| F|  |TAMS 0x0000000707800000, 0x0000000707800000| Untracked 
|  93|0x0000000707900000, 0x0000000707900000, 0x0000000707a00000|  0%| F|  |TAMS 0x0000000707900000, 0x0000000707900000| Untracked 
|  94|0x0000000707a00000, 0x0000000707a00000, 0x0000000707b00000|  0%| F|  |TAMS 0x0000000707a00000, 0x0000000707a00000| Untracked 
|  95|0x0000000707b00000, 0x0000000707b00000, 0x0000000707c00000|  0%| F|  |TAMS 0x0000000707b00000, 0x0000000707b00000| Untracked 
|  96|0x0000000707c00000, 0x0000000707c00000, 0x0000000707d00000|  0%| F|  |TAMS 0x0000000707c00000, 0x0000000707c00000| Untracked 
|  97|0x0000000707d00000, 0x0000000707d00000, 0x0000000707e00000|  0%| F|  |TAMS 0x0000000707d00000, 0x0000000707d00000| Untracked 
|  98|0x0000000707e00000, 0x0000000707e00000, 0x0000000707f00000|  0%| F|  |TAMS 0x0000000707e00000, 0x0000000707e00000| Untracked 
|  99|0x0000000707f00000, 0x0000000707f00000, 0x0000000708000000|  0%| F|  |TAMS 0x0000000707f00000, 0x0000000707f00000| Untracked 
| 100|0x0000000708000000, 0x0000000708000000, 0x0000000708100000|  0%| F|  |TAMS 0x0000000708000000, 0x0000000708000000| Untracked 
| 101|0x0000000708100000, 0x0000000708100000, 0x0000000708200000|  0%| F|  |TAMS 0x0000000708100000, 0x0000000708100000| Untracked 
| 102|0x0000000708200000, 0x0000000708200000, 0x0000000708300000|  0%| F|  |TAMS 0x0000000708200000, 0x0000000708200000| Untracked 
| 103|0x0000000708300000, 0x0000000708300000, 0x0000000708400000|  0%| F|  |TAMS 0x0000000708300000, 0x0000000708300000| Untracked 
| 104|0x0000000708400000, 0x0000000708400000, 0x0000000708500000|  0%| F|  |TAMS 0x0000000708400000, 0x0000000708400000| Untracked 
| 105|0x0000000708500000, 0x0000000708500000, 0x0000000708600000|  0%| F|  |TAMS 0x0000000708500000, 0x0000000708500000| Untracked 
| 106|0x0000000708600000, 0x0000000708600000, 0x0000000708700000|  0%| F|  |TAMS 0x0000000708600000, 0x0000000708600000| Untracked 
| 107|0x0000000708700000, 0x0000000708700000, 0x0000000708800000|  0%| F|  |TAMS 0x0000000708700000, 0x0000000708700000| Untracked 
| 108|0x0000000708800000, 0x0000000708800000, 0x0000000708900000|  0%| F|  |TAMS 0x0000000708800000, 0x0000000708800000| Untracked 
| 109|0x0000000708900000, 0x0000000708900000, 0x0000000708a00000|  0%| F|  |TAMS 0x0000000708900000, 0x0000000708900000| Untracked 
| 110|0x0000000708a00000, 0x0000000708a00000, 0x0000000708b00000|  0%| F|  |TAMS 0x0000000708a00000, 0x0000000708a00000| Untracked 
| 111|0x0000000708b00000, 0x0000000708b00000, 0x0000000708c00000|  0%| F|  |TAMS 0x0000000708b00000, 0x0000000708b00000| Untracked 
| 112|0x0000000708c00000, 0x0000000708c00000, 0x0000000708d00000|  0%| F|  |TAMS 0x0000000708c00000, 0x0000000708c00000| Untracked 
| 113|0x0000000708d00000, 0x0000000708d00000, 0x0000000708e00000|  0%| F|  |TAMS 0x0000000708d00000, 0x0000000708d00000| Untracked 
| 114|0x0000000708e00000, 0x0000000708e00000, 0x0000000708f00000|  0%| F|  |TAMS 0x0000000708e00000, 0x0000000708e00000| Untracked 
| 115|0x0000000708f00000, 0x0000000708f00000, 0x0000000709000000|  0%| F|  |TAMS 0x0000000708f00000, 0x0000000708f00000| Untracked 
| 116|0x0000000709000000, 0x0000000709000000, 0x0000000709100000|  0%| F|  |TAMS 0x0000000709000000, 0x0000000709000000| Untracked 
| 117|0x0000000709100000, 0x0000000709100000, 0x0000000709200000|  0%| F|  |TAMS 0x0000000709100000, 0x0000000709100000| Untracked 
| 118|0x0000000709200000, 0x0000000709200000, 0x0000000709300000|  0%| F|  |TAMS 0x0000000709200000, 0x0000000709200000| Untracked 
| 119|0x0000000709300000, 0x0000000709300000, 0x0000000709400000|  0%| F|  |TAMS 0x0000000709300000, 0x0000000709300000| Untracked 
| 120|0x0000000709400000, 0x0000000709400000, 0x0000000709500000|  0%| F|  |TAMS 0x0000000709400000, 0x0000000709400000| Untracked 
| 121|0x0000000709500000, 0x0000000709500000, 0x0000000709600000|  0%| F|  |TAMS 0x0000000709500000, 0x0000000709500000| Untracked 
| 122|0x0000000709600000, 0x0000000709600000, 0x0000000709700000|  0%| F|  |TAMS 0x0000000709600000, 0x0000000709600000| Untracked 
| 123|0x0000000709700000, 0x0000000709700000, 0x0000000709800000|  0%| F|  |TAMS 0x0000000709700000, 0x0000000709700000| Untracked 
| 124|0x0000000709800000, 0x0000000709800000, 0x0000000709900000|  0%| F|  |TAMS 0x0000000709800000, 0x0000000709800000| Untracked 
| 125|0x0000000709900000, 0x0000000709900000, 0x0000000709a00000|  0%| F|  |TAMS 0x0000000709900000, 0x0000000709900000| Untracked 
| 126|0x0000000709a00000, 0x0000000709a00000, 0x0000000709b00000|  0%| F|  |TAMS 0x0000000709a00000, 0x0000000709a00000| Untracked 
| 127|0x0000000709b00000, 0x0000000709b00000, 0x0000000709c00000|  0%| F|  |TAMS 0x0000000709b00000, 0x0000000709b00000| Untracked 
| 128|0x0000000709c00000, 0x0000000709c00000, 0x0000000709d00000|  0%| F|  |TAMS 0x0000000709c00000, 0x0000000709c00000| Untracked 
| 129|0x0000000709d00000, 0x0000000709d00000, 0x0000000709e00000|  0%| F|  |TAMS 0x0000000709d00000, 0x0000000709d00000| Untracked 
| 130|0x0000000709e00000, 0x0000000709e00000, 0x0000000709f00000|  0%| F|  |TAMS 0x0000000709e00000, 0x0000000709e00000| Untracked 
| 131|0x0000000709f00000, 0x0000000709f00000, 0x000000070a000000|  0%| F|  |TAMS 0x0000000709f00000, 0x0000000709f00000| Untracked 
| 132|0x000000070a000000, 0x000000070a000000, 0x000000070a100000|  0%| F|  |TAMS 0x000000070a000000, 0x000000070a000000| Untracked 
| 133|0x000000070a100000, 0x000000070a100000, 0x000000070a200000|  0%| F|  |TAMS 0x000000070a100000, 0x000000070a100000| Untracked 
| 134|0x000000070a200000, 0x000000070a200000, 0x000000070a300000|  0%| F|  |TAMS 0x000000070a200000, 0x000000070a200000| Untracked 
| 135|0x000000070a300000, 0x000000070a300000, 0x000000070a400000|  0%| F|  |TAMS 0x000000070a300000, 0x000000070a300000| Untracked 
| 136|0x000000070a400000, 0x000000070a400000, 0x000000070a500000|  0%| F|  |TAMS 0x000000070a400000, 0x000000070a400000| Untracked 
| 137|0x000000070a500000, 0x000000070a500000, 0x000000070a600000|  0%| F|  |TAMS 0x000000070a500000, 0x000000070a500000| Untracked 
| 138|0x000000070a600000, 0x000000070a600000, 0x000000070a700000|  0%| F|  |TAMS 0x000000070a600000, 0x000000070a600000| Untracked 
| 139|0x000000070a700000, 0x000000070a700000, 0x000000070a800000|  0%| F|  |TAMS 0x000000070a700000, 0x000000070a700000| Untracked 
| 140|0x000000070a800000, 0x000000070a800000, 0x000000070a900000|  0%| F|  |TAMS 0x000000070a800000, 0x000000070a800000| Untracked 
| 141|0x000000070a900000, 0x000000070a900000, 0x000000070aa00000|  0%| F|  |TAMS 0x000000070a900000, 0x000000070a900000| Untracked 
| 142|0x000000070aa00000, 0x000000070aa00000, 0x000000070ab00000|  0%| F|  |TAMS 0x000000070aa00000, 0x000000070aa00000| Untracked 
| 143|0x000000070ab00000, 0x000000070ab00000, 0x000000070ac00000|  0%| F|  |TAMS 0x000000070ab00000, 0x000000070ab00000| Untracked 
| 144|0x000000070ac00000, 0x000000070ac00000, 0x000000070ad00000|  0%| F|  |TAMS 0x000000070ac00000, 0x000000070ac00000| Untracked 
| 145|0x000000070ad00000, 0x000000070ad00000, 0x000000070ae00000|  0%| F|  |TAMS 0x000000070ad00000, 0x000000070ad00000| Untracked 
| 146|0x000000070ae00000, 0x000000070ae00000, 0x000000070af00000|  0%| F|  |TAMS 0x000000070ae00000, 0x000000070ae00000| Untracked 
| 147|0x000000070af00000, 0x000000070af00000, 0x000000070b000000|  0%| F|  |TAMS 0x000000070af00000, 0x000000070af00000| Untracked 
| 148|0x000000070b000000, 0x000000070b000000, 0x000000070b100000|  0%| F|  |TAMS 0x000000070b000000, 0x000000070b000000| Untracked 
| 149|0x000000070b100000, 0x000000070b100000, 0x000000070b200000|  0%| F|  |TAMS 0x000000070b100000, 0x000000070b100000| Untracked 
| 150|0x000000070b200000, 0x000000070b200000, 0x000000070b300000|  0%| F|  |TAMS 0x000000070b200000, 0x000000070b200000| Untracked 
| 151|0x000000070b300000, 0x000000070b300000, 0x000000070b400000|  0%| F|  |TAMS 0x000000070b300000, 0x000000070b300000| Untracked 
| 152|0x000000070b400000, 0x000000070b400000, 0x000000070b500000|  0%| F|  |TAMS 0x000000070b400000, 0x000000070b400000| Untracked 
| 153|0x000000070b500000, 0x000000070b500000, 0x000000070b600000|  0%| F|  |TAMS 0x000000070b500000, 0x000000070b500000| Untracked 
| 154|0x000000070b600000, 0x000000070b600000, 0x000000070b700000|  0%| F|  |TAMS 0x000000070b600000, 0x000000070b600000| Untracked 
| 155|0x000000070b700000, 0x000000070b700000, 0x000000070b800000|  0%| F|  |TAMS 0x000000070b700000, 0x000000070b700000| Untracked 
| 156|0x000000070b800000, 0x000000070b800000, 0x000000070b900000|  0%| F|  |TAMS 0x000000070b800000, 0x000000070b800000| Untracked 
| 157|0x000000070b900000, 0x000000070b900000, 0x000000070ba00000|  0%| F|  |TAMS 0x000000070b900000, 0x000000070b900000| Untracked 
| 158|0x000000070ba00000, 0x000000070ba00000, 0x000000070bb00000|  0%| F|  |TAMS 0x000000070ba00000, 0x000000070ba00000| Untracked 
| 159|0x000000070bb00000, 0x000000070bb00000, 0x000000070bc00000|  0%| F|  |TAMS 0x000000070bb00000, 0x000000070bb00000| Untracked 
| 160|0x000000070bc00000, 0x000000070bc00000, 0x000000070bd00000|  0%| F|  |TAMS 0x000000070bc00000, 0x000000070bc00000| Untracked 
| 161|0x000000070bd00000, 0x000000070bd00000, 0x000000070be00000|  0%| F|  |TAMS 0x000000070bd00000, 0x000000070bd00000| Untracked 
| 162|0x000000070be00000, 0x000000070be00000, 0x000000070bf00000|  0%| F|  |TAMS 0x000000070be00000, 0x000000070be00000| Untracked 
| 163|0x000000070bf00000, 0x000000070bf00000, 0x000000070c000000|  0%| F|  |TAMS 0x000000070bf00000, 0x000000070bf00000| Untracked 
| 164|0x000000070c000000, 0x000000070c000000, 0x000000070c100000|  0%| F|  |TAMS 0x000000070c000000, 0x000000070c000000| Untracked 
| 165|0x000000070c100000, 0x000000070c100000, 0x000000070c200000|  0%| F|  |TAMS 0x000000070c100000, 0x000000070c100000| Untracked 
| 166|0x000000070c200000, 0x000000070c200000, 0x000000070c300000|  0%| F|  |TAMS 0x000000070c200000, 0x000000070c200000| Untracked 
| 167|0x000000070c300000, 0x000000070c300000, 0x000000070c400000|  0%| F|  |TAMS 0x000000070c300000, 0x000000070c300000| Untracked 
| 168|0x000000070c400000, 0x000000070c400000, 0x000000070c500000|  0%| F|  |TAMS 0x000000070c400000, 0x000000070c400000| Untracked 
| 169|0x000000070c500000, 0x000000070c500000, 0x000000070c600000|  0%| F|  |TAMS 0x000000070c500000, 0x000000070c500000| Untracked 
| 170|0x000000070c600000, 0x000000070c600000, 0x000000070c700000|  0%| F|  |TAMS 0x000000070c600000, 0x000000070c600000| Untracked 
| 171|0x000000070c700000, 0x000000070c700000, 0x000000070c800000|  0%| F|  |TAMS 0x000000070c700000, 0x000000070c700000| Untracked 
| 172|0x000000070c800000, 0x000000070c800000, 0x000000070c900000|  0%| F|  |TAMS 0x000000070c800000, 0x000000070c800000| Untracked 
| 173|0x000000070c900000, 0x000000070c900000, 0x000000070ca00000|  0%| F|  |TAMS 0x000000070c900000, 0x000000070c900000| Untracked 
| 174|0x000000070ca00000, 0x000000070ca00000, 0x000000070cb00000|  0%| F|  |TAMS 0x000000070ca00000, 0x000000070ca00000| Untracked 
| 175|0x000000070cb00000, 0x000000070cb00000, 0x000000070cc00000|  0%| F|  |TAMS 0x000000070cb00000, 0x000000070cb00000| Untracked 
| 176|0x000000070cc00000, 0x000000070cc00000, 0x000000070cd00000|  0%| F|  |TAMS 0x000000070cc00000, 0x000000070cc00000| Untracked 
| 177|0x000000070cd00000, 0x000000070cd00000, 0x000000070ce00000|  0%| F|  |TAMS 0x000000070cd00000, 0x000000070cd00000| Untracked 
| 178|0x000000070ce00000, 0x000000070ce00000, 0x000000070cf00000|  0%| F|  |TAMS 0x000000070ce00000, 0x000000070ce00000| Untracked 
| 179|0x000000070cf00000, 0x000000070cf00000, 0x000000070d000000|  0%| F|  |TAMS 0x000000070cf00000, 0x000000070cf00000| Untracked 
| 180|0x000000070d000000, 0x000000070d000000, 0x000000070d100000|  0%| F|  |TAMS 0x000000070d000000, 0x000000070d000000| Untracked 
| 181|0x000000070d100000, 0x000000070d100000, 0x000000070d200000|  0%| F|  |TAMS 0x000000070d100000, 0x000000070d100000| Untracked 
| 182|0x000000070d200000, 0x000000070d200000, 0x000000070d300000|  0%| F|  |TAMS 0x000000070d200000, 0x000000070d200000| Untracked 
| 183|0x000000070d300000, 0x000000070d300000, 0x000000070d400000|  0%| F|  |TAMS 0x000000070d300000, 0x000000070d300000| Untracked 
| 184|0x000000070d400000, 0x000000070d400000, 0x000000070d500000|  0%| F|  |TAMS 0x000000070d400000, 0x000000070d400000| Untracked 
| 185|0x000000070d500000, 0x000000070d500000, 0x000000070d600000|  0%| F|  |TAMS 0x000000070d500000, 0x000000070d500000| Untracked 
| 186|0x000000070d600000, 0x000000070d600000, 0x000000070d700000|  0%| F|  |TAMS 0x000000070d600000, 0x000000070d600000| Untracked 
| 187|0x000000070d700000, 0x000000070d700000, 0x000000070d800000|  0%| F|  |TAMS 0x000000070d700000, 0x000000070d700000| Untracked 
| 188|0x000000070d800000, 0x000000070d800000, 0x000000070d900000|  0%| F|  |TAMS 0x000000070d800000, 0x000000070d800000| Untracked 
| 189|0x000000070d900000, 0x000000070d900000, 0x000000070da00000|  0%| F|  |TAMS 0x000000070d900000, 0x000000070d900000| Untracked 
| 190|0x000000070da00000, 0x000000070da00000, 0x000000070db00000|  0%| F|  |TAMS 0x000000070da00000, 0x000000070da00000| Untracked 
| 191|0x000000070db00000, 0x000000070db00000, 0x000000070dc00000|  0%| F|  |TAMS 0x000000070db00000, 0x000000070db00000| Untracked 
| 192|0x000000070dc00000, 0x000000070dc00000, 0x000000070dd00000|  0%| F|  |TAMS 0x000000070dc00000, 0x000000070dc00000| Untracked 
| 193|0x000000070dd00000, 0x000000070dd00000, 0x000000070de00000|  0%| F|  |TAMS 0x000000070dd00000, 0x000000070dd00000| Untracked 
| 194|0x000000070de00000, 0x000000070de00000, 0x000000070df00000|  0%| F|  |TAMS 0x000000070de00000, 0x000000070de00000| Untracked 
| 195|0x000000070df00000, 0x000000070df00000, 0x000000070e000000|  0%| F|  |TAMS 0x000000070df00000, 0x000000070df00000| Untracked 
| 196|0x000000070e000000, 0x000000070e000000, 0x000000070e100000|  0%| F|  |TAMS 0x000000070e000000, 0x000000070e000000| Untracked 
| 197|0x000000070e100000, 0x000000070e100000, 0x000000070e200000|  0%| F|  |TAMS 0x000000070e100000, 0x000000070e100000| Untracked 
| 198|0x000000070e200000, 0x000000070e200000, 0x000000070e300000|  0%| F|  |TAMS 0x000000070e200000, 0x000000070e200000| Untracked 
| 199|0x000000070e300000, 0x000000070e300000, 0x000000070e400000|  0%| F|  |TAMS 0x000000070e300000, 0x000000070e300000| Untracked 
| 200|0x000000070e400000, 0x000000070e400000, 0x000000070e500000|  0%| F|  |TAMS 0x000000070e400000, 0x000000070e400000| Untracked 
| 201|0x000000070e500000, 0x000000070e500000, 0x000000070e600000|  0%| F|  |TAMS 0x000000070e500000, 0x000000070e500000| Untracked 
| 202|0x000000070e600000, 0x000000070e600000, 0x000000070e700000|  0%| F|  |TAMS 0x000000070e600000, 0x000000070e600000| Untracked 
| 203|0x000000070e700000, 0x000000070e700000, 0x000000070e800000|  0%| F|  |TAMS 0x000000070e700000, 0x000000070e700000| Untracked 
| 204|0x000000070e800000, 0x000000070e800000, 0x000000070e900000|  0%| F|  |TAMS 0x000000070e800000, 0x000000070e800000| Untracked 
| 205|0x000000070e900000, 0x000000070e900000, 0x000000070ea00000|  0%| F|  |TAMS 0x000000070e900000, 0x000000070e900000| Untracked 
| 206|0x000000070ea00000, 0x000000070ea00000, 0x000000070eb00000|  0%| F|  |TAMS 0x000000070ea00000, 0x000000070ea00000| Untracked 
| 207|0x000000070eb00000, 0x000000070eb00000, 0x000000070ec00000|  0%| F|  |TAMS 0x000000070eb00000, 0x000000070eb00000| Untracked 
| 208|0x000000070ec00000, 0x000000070ec00000, 0x000000070ed00000|  0%| F|  |TAMS 0x000000070ec00000, 0x000000070ec00000| Untracked 
| 209|0x000000070ed00000, 0x000000070ed00000, 0x000000070ee00000|  0%| F|  |TAMS 0x000000070ed00000, 0x000000070ed00000| Untracked 
| 210|0x000000070ee00000, 0x000000070ee00000, 0x000000070ef00000|  0%| F|  |TAMS 0x000000070ee00000, 0x000000070ee00000| Untracked 
| 211|0x000000070ef00000, 0x000000070ef00000, 0x000000070f000000|  0%| F|  |TAMS 0x000000070ef00000, 0x000000070ef00000| Untracked 
| 212|0x000000070f000000, 0x000000070f000000, 0x000000070f100000|  0%| F|  |TAMS 0x000000070f000000, 0x000000070f000000| Untracked 
| 213|0x000000070f100000, 0x000000070f100000, 0x000000070f200000|  0%| F|  |TAMS 0x000000070f100000, 0x000000070f100000| Untracked 
| 214|0x000000070f200000, 0x000000070f200000, 0x000000070f300000|  0%| F|  |TAMS 0x000000070f200000, 0x000000070f200000| Untracked 
| 215|0x000000070f300000, 0x000000070f300000, 0x000000070f400000|  0%| F|  |TAMS 0x000000070f300000, 0x000000070f300000| Untracked 
| 216|0x000000070f400000, 0x000000070f400000, 0x000000070f500000|  0%| F|  |TAMS 0x000000070f400000, 0x000000070f400000| Untracked 
| 217|0x000000070f500000, 0x000000070f500000, 0x000000070f600000|  0%| F|  |TAMS 0x000000070f500000, 0x000000070f500000| Untracked 
| 218|0x000000070f600000, 0x000000070f600000, 0x000000070f700000|  0%| F|  |TAMS 0x000000070f600000, 0x000000070f600000| Untracked 
| 219|0x000000070f700000, 0x000000070f700000, 0x000000070f800000|  0%| F|  |TAMS 0x000000070f700000, 0x000000070f700000| Untracked 
| 220|0x000000070f800000, 0x000000070f800000, 0x000000070f900000|  0%| F|  |TAMS 0x000000070f800000, 0x000000070f800000| Untracked 
| 221|0x000000070f900000, 0x000000070f900000, 0x000000070fa00000|  0%| F|  |TAMS 0x000000070f900000, 0x000000070f900000| Untracked 
| 222|0x000000070fa00000, 0x000000070fa00000, 0x000000070fb00000|  0%| F|  |TAMS 0x000000070fa00000, 0x000000070fa00000| Untracked 
| 223|0x000000070fb00000, 0x000000070fb00000, 0x000000070fc00000|  0%| F|  |TAMS 0x000000070fb00000, 0x000000070fb00000| Untracked 
| 224|0x000000070fc00000, 0x000000070fc00000, 0x000000070fd00000|  0%| F|  |TAMS 0x000000070fc00000, 0x000000070fc00000| Untracked 
| 225|0x000000070fd00000, 0x000000070fd00000, 0x000000070fe00000|  0%| F|  |TAMS 0x000000070fd00000, 0x000000070fd00000| Untracked 
| 226|0x000000070fe00000, 0x000000070fe00000, 0x000000070ff00000|  0%| F|  |TAMS 0x000000070fe00000, 0x000000070fe00000| Untracked 
| 227|0x000000070ff00000, 0x000000070ff00000, 0x0000000710000000|  0%| F|  |TAMS 0x000000070ff00000, 0x000000070ff00000| Untracked 
| 228|0x0000000710000000, 0x0000000710000000, 0x0000000710100000|  0%| F|  |TAMS 0x0000000710000000, 0x0000000710000000| Untracked 
| 229|0x0000000710100000, 0x0000000710100000, 0x0000000710200000|  0%| F|  |TAMS 0x0000000710100000, 0x0000000710100000| Untracked 
| 230|0x0000000710200000, 0x0000000710200000, 0x0000000710300000|  0%| F|  |TAMS 0x0000000710200000, 0x0000000710200000| Untracked 
| 231|0x0000000710300000, 0x0000000710300000, 0x0000000710400000|  0%| F|  |TAMS 0x0000000710300000, 0x0000000710300000| Untracked 
| 232|0x0000000710400000, 0x0000000710400000, 0x0000000710500000|  0%| F|  |TAMS 0x0000000710400000, 0x0000000710400000| Untracked 
| 233|0x0000000710500000, 0x0000000710500000, 0x0000000710600000|  0%| F|  |TAMS 0x0000000710500000, 0x0000000710500000| Untracked 
| 234|0x0000000710600000, 0x0000000710600000, 0x0000000710700000|  0%| F|  |TAMS 0x0000000710600000, 0x0000000710600000| Untracked 
| 235|0x0000000710700000, 0x0000000710700000, 0x0000000710800000|  0%| F|  |TAMS 0x0000000710700000, 0x0000000710700000| Untracked 
| 236|0x0000000710800000, 0x0000000710800000, 0x0000000710900000|  0%| F|  |TAMS 0x0000000710800000, 0x0000000710800000| Untracked 
| 237|0x0000000710900000, 0x0000000710900000, 0x0000000710a00000|  0%| F|  |TAMS 0x0000000710900000, 0x0000000710900000| Untracked 
| 238|0x0000000710a00000, 0x0000000710a00000, 0x0000000710b00000|  0%| F|  |TAMS 0x0000000710a00000, 0x0000000710a00000| Untracked 
| 239|0x0000000710b00000, 0x0000000710b00000, 0x0000000710c00000|  0%| F|  |TAMS 0x0000000710b00000, 0x0000000710b00000| Untracked 
| 240|0x0000000710c00000, 0x0000000710c00000, 0x0000000710d00000|  0%| F|  |TAMS 0x0000000710c00000, 0x0000000710c00000| Untracked 
| 241|0x0000000710d00000, 0x0000000710d00000, 0x0000000710e00000|  0%| F|  |TAMS 0x0000000710d00000, 0x0000000710d00000| Untracked 
| 242|0x0000000710e00000, 0x0000000710e00000, 0x0000000710f00000|  0%| F|  |TAMS 0x0000000710e00000, 0x0000000710e00000| Untracked 
| 243|0x0000000710f00000, 0x0000000710f00000, 0x0000000711000000|  0%| F|  |TAMS 0x0000000710f00000, 0x0000000710f00000| Untracked 
| 244|0x0000000711000000, 0x0000000711000000, 0x0000000711100000|  0%| F|  |TAMS 0x0000000711000000, 0x0000000711000000| Untracked 
| 245|0x0000000711100000, 0x0000000711100000, 0x0000000711200000|  0%| F|  |TAMS 0x0000000711100000, 0x0000000711100000| Untracked 
| 246|0x0000000711200000, 0x0000000711200000, 0x0000000711300000|  0%| F|  |TAMS 0x0000000711200000, 0x0000000711200000| Untracked 
| 247|0x0000000711300000, 0x0000000711300000, 0x0000000711400000|  0%| F|  |TAMS 0x0000000711300000, 0x0000000711300000| Untracked 
| 248|0x0000000711400000, 0x0000000711400000, 0x0000000711500000|  0%| F|  |TAMS 0x0000000711400000, 0x0000000711400000| Untracked 
| 249|0x0000000711500000, 0x0000000711500000, 0x0000000711600000|  0%| F|  |TAMS 0x0000000711500000, 0x0000000711500000| Untracked 
| 250|0x0000000711600000, 0x0000000711600000, 0x0000000711700000|  0%| F|  |TAMS 0x0000000711600000, 0x0000000711600000| Untracked 
| 251|0x0000000711700000, 0x0000000711700800, 0x0000000711800000|  0%| E|  |TAMS 0x0000000711700000, 0x0000000711700000| Complete 
| 252|0x0000000711800000, 0x0000000711900000, 0x0000000711900000|100%| E|CS|TAMS 0x0000000711800000, 0x0000000711800000| Complete 
| 253|0x0000000711900000, 0x0000000711a00000, 0x0000000711a00000|100%| E|CS|TAMS 0x0000000711900000, 0x0000000711900000| Complete 
| 254|0x0000000711a00000, 0x0000000711b00000, 0x0000000711b00000|100%| E|CS|TAMS 0x0000000711a00000, 0x0000000711a00000| Complete 
| 255|0x0000000711b00000, 0x0000000711c00000, 0x0000000711c00000|100%| E|CS|TAMS 0x0000000711b00000, 0x0000000711b00000| Complete 
|3042|0x00000007bfe00000, 0x00000007bfe44000, 0x00000007bff00000| 26%|OA|  |TAMS 0x00000007bfe00000, 0x00000007bfe00000| Untracked 
|3043|0x00000007bff00000, 0x00000007bff6a000, 0x00000007c0000000| 41%|CA|  |TAMS 0x00000007bff00000, 0x00000007bff00000| Untracked 

Card table byte_map: [0x00007f97bede0000,0x00007f97bf5d2000] _byte_map_base: 0x00007f97bb5d2000

Marking Bits (Prev, Next): (CMBitMap*) 0x00007f97dc07d138, (CMBitMap*) 0x00007f97dc07d170
 Prev Bits: [0x00007f97ba650000, 0x00007f97be5e0000)
 Next Bits: [0x00007f97b66c0000, 0x00007f97ba650000)

Polling page: 0x00007f97e4030000

Metaspace:

Usage:
  Non-class:      4.36 MB capacity,     1.79 MB ( 41%) used,     2.56 MB ( 59%) free+waste,     9.19 KB ( <1%) overhead. 
      Class:    543.00 KB capacity,   230.81 KB ( 43%) used,   306.62 KB ( 56%) free+waste,     5.56 KB (  1%) overhead. 
       Both:      4.89 MB capacity,     2.02 MB ( 41%) used,     2.86 MB ( 58%) free+waste,    14.75 KB ( <1%) overhead. 

Virtual space:
  Non-class space:        8.00 MB reserved,       4.50 MB ( 56%) committed 
      Class space:        1.00 GB reserved,     640.00 KB ( <1%) committed 
             Both:        1.01 GB reserved,       5.12 MB ( <1%) committed 

Chunk freelists:
   Non-Class:  13.00 KB
       Class:  1.00 KB
        Both:  14.00 KB

MaxMetaspaceSize: unlimited
CompressedClassSpaceSize: 1.00 GB

CodeHeap 'non-profiled nmethods': size=120032Kb used=148Kb max_used=148Kb free=119883Kb
 bounds [0x00007f97cc1e8000, 0x00007f97cc458000, 0x00007f97d3720000]
CodeHeap 'profiled nmethods': size=120028Kb used=870Kb max_used=870Kb free=119157Kb
 bounds [0x00007f97c4cb1000, 0x00007f97c4f21000, 0x00007f97cc1e8000]
CodeHeap 'non-nmethods': size=5700Kb used=1123Kb max_used=1137Kb free=4576Kb
 bounds [0x00007f97c4720000, 0x00007f97c4990000, 0x00007f97c4cb1000]
 total_blobs=981 nmethods=524 adapters=269
 compilation: enabled
              stopped_count=0, restarted_count=0
 full_count=0

Compilation events (20 events):
Event: 9.583 Thread 0x00007f97dc1e2800  513 %     4       jdk.jshell.execution.PipeInputStream$1::write @ 3 (29 bytes)
Event: 9.589 Thread 0x00007f97dc1e4800  514       3       java.lang.Module::getLayer (43 bytes)
Event: 9.590 Thread 0x00007f97dc1e4800 nmethod 514 0x00007f97c4d85c90 code [0x00007f97c4d85e80, 0x00007f97c4d862a8]
Event: 9.592 Thread 0x00007f97dc1e2800 nmethod 513% 0x00007f97cc20c710 code [0x00007f97cc20c8c0, 0x00007f97cc20cb28]
Event: 10.106 Thread 0x00007f97dc1e4800  515       3       java.io.ObjectInputStream$PeekInputStream::read (47 bytes)
Event: 10.107 Thread 0x00007f97dc1e4800 nmethod 515 0x00007f97c4d86410 code [0x00007f97c4d865e0, 0x00007f97c4d86908]
Event: 10.347 Thread 0x00007f97dc1e4800  516       3       java.io.ObjectInputStream$BlockDataInputStream::readInt (73 bytes)
Event: 10.348 Thread 0x00007f97dc1e4800 nmethod 516 0x00007f97c4d86a10 code [0x00007f97c4d86c00, 0x00007f97c4d86f28]
Event: 10.350 Thread 0x00007f97dc1e4800  518       3       java.lang.invoke.LambdaForm::parameterType (9 bytes)
Event: 10.351 Thread 0x00007f97dc1e4800 nmethod 518 0x00007f97c4d87090 code [0x00007f97c4d87240, 0x00007f97c4d87408]
Event: 10.351 Thread 0x00007f97dc1e4800  520       3       sun.invoke.util.Wrapper::forBasicType (16 bytes)
Event: 10.351 Thread 0x00007f97dc1e4800 nmethod 520 0x00007f97c4d87510 code [0x00007f97c4d876e0, 0x00007f97c4d878e8]
Event: 10.351 Thread 0x00007f97dc1e4800  521       3       java.lang.String::getChars (54 bytes)
Event: 10.352 Thread 0x00007f97dc1e4800 nmethod 521 0x00007f97c4d87990 code [0x00007f97c4d87ba0, 0x00007f97c4d880f8]
Event: 10.352 Thread 0x00007f97dc1e4800  522       3       java.lang.StringLatin1::getChars (12 bytes)
Event: 10.353 Thread 0x00007f97dc1e4800 nmethod 522 0x00007f97c4d88310 code [0x00007f97c4d884e0, 0x00007f97c4d88790]
Event: 10.476 Thread 0x00007f97dc1e4800  523       3       java.lang.String::endsWith (15 bytes)
Event: 10.478 Thread 0x00007f97dc1e4800 nmethod 523 0x00007f97c4d88910 code [0x00007f97c4d88b00, 0x00007f97c4d88ec8]
Event: 10.483 Thread 0x00007f97dc1e4800  524   !   3       java.io.ObjectOutputStream::writeSerialData (221 bytes)
Event: 10.485 Thread 0x00007f97dc1e4800 nmethod 524 0x00007f97c4d89090 code [0x00007f97c4d89380, 0x00007f97c4d8a258]

GC Heap History (0 events):
No events

Deoptimization events (8 events):
Event: 0.312 Thread 0x00007f97dc015000 Uncommon trap: trap_request=0xffffff4d fr.pc=0x00007f97cc1f2104 relative=0x00000000000000e4
Event: 0.312 Thread 0x00007f97dc015000 Uncommon trap: reason=unstable_if action=reinterpret pc=0x00007f97cc1f2104 method=java.lang.String.isLatin1()Z @ 10 c2
Event: 0.312 Thread 0x00007f97dc015000 DEOPT PACKING pc=0x00007f97cc1f2104 sp=0x00007f97e413f420
Event: 0.312 Thread 0x00007f97dc015000 DEOPT UNPACKING pc=0x00007f97c47592a5 sp=0x00007f97e413f390 mode 2
Event: 0.315 Thread 0x00007f97dc015000 Uncommon trap: trap_request=0xffffff4d fr.pc=0x00007f97cc1f290c relative=0x000000000000006c
Event: 0.315 Thread 0x00007f97dc015000 Uncommon trap: reason=unstable_if action=reinterpret pc=0x00007f97cc1f290c method=java.lang.String.isLatin1()Z @ 10 c2
Event: 0.315 Thread 0x00007f97dc015000 DEOPT PACKING pc=0x00007f97cc1f290c sp=0x00007f97e413f3d0
Event: 0.315 Thread 0x00007f97dc015000 DEOPT UNPACKING pc=0x00007f97c47592a5 sp=0x00007f97e413f390 mode 2

Classes redefined (1 events):
Event: 3.806 Thread 0x00007f97dc1d3800 redefined class name=REPL.$JShell$20$InfiniteList, count=1

Internal exceptions (20 events):
Event: 5.810 Thread 0x00007f97dc015000 Exception <a 'java/lang/reflect/InvocationTargetException'{0x0000000711873588}> (0x0000000711873588) thrown at [/build/openjdk-lts-ioLltV/openjdk-lts-11.0.5+10/src/hotspot/share/runtime/reflection.cpp, line 1246]
Event: 5.975 Thread 0x00007f97dc015000 Exception <a 'java/lang/reflect/InvocationTargetException'{0x00000007118787f8}> (0x00000007118787f8) thrown at [/build/openjdk-lts-ioLltV/openjdk-lts-11.0.5+10/src/hotspot/share/runtime/reflection.cpp, line 1246]
Event: 6.141 Thread 0x00007f97dc015000 Exception <a 'java/lang/reflect/InvocationTargetException'{0x000000071187dcb8}> (0x000000071187dcb8) thrown at [/build/openjdk-lts-ioLltV/openjdk-lts-11.0.5+10/src/hotspot/share/runtime/reflection.cpp, line 1246]
Event: 6.397 Thread 0x00007f97dc015000 Exception <a 'java/lang/reflect/InvocationTargetException'{0x0000000711884c30}> (0x0000000711884c30) thrown at [/build/openjdk-lts-ioLltV/openjdk-lts-11.0.5+10/src/hotspot/share/runtime/reflection.cpp, line 1246]
Event: 6.535 Thread 0x00007f97dc015000 Exception <a 'java/lang/reflect/InvocationTargetException'{0x0000000711887a58}> (0x0000000711887a58) thrown at [/build/openjdk-lts-ioLltV/openjdk-lts-11.0.5+10/src/hotspot/share/runtime/reflection.cpp, line 1246]
Event: 6.656 Thread 0x00007f97dc015000 Exception <a 'java/lang/reflect/InvocationTargetException'{0x000000071188a5b8}> (0x000000071188a5b8) thrown at [/build/openjdk-lts-ioLltV/openjdk-lts-11.0.5+10/src/hotspot/share/runtime/reflection.cpp, line 1246]
Event: 6.894 Thread 0x00007f97dc015000 Exception <a 'java/lang/reflect/InvocationTargetException'{0x000000071188e3b8}> (0x000000071188e3b8) thrown at [/build/openjdk-lts-ioLltV/openjdk-lts-11.0.5+10/src/hotspot/share/runtime/reflection.cpp, line 1246]
Event: 7.129 Thread 0x00007f97dc015000 Exception <a 'java/lang/reflect/InvocationTargetException'{0x0000000711890f08}> (0x0000000711890f08) thrown at [/build/openjdk-lts-ioLltV/openjdk-lts-11.0.5+10/src/hotspot/share/runtime/reflection.cpp, line 1246]
Event: 7.339 Thread 0x00007f97dc015000 Exception <a 'java/lang/reflect/InvocationTargetException'{0x0000000711893a60}> (0x0000000711893a60) thrown at [/build/openjdk-lts-ioLltV/openjdk-lts-11.0.5+10/src/hotspot/share/runtime/reflection.cpp, line 1246]
Event: 7.526 Thread 0x00007f97dc015000 Exception <a 'java/lang/reflect/InvocationTargetException'{0x0000000711897be8}> (0x0000000711897be8) thrown at [/build/openjdk-lts-ioLltV/openjdk-lts-11.0.5+10/src/hotspot/share/runtime/reflection.cpp, line 1246]
Event: 8.034 Thread 0x00007f97dc015000 Exception <a 'java/lang/reflect/InvocationTargetException'{0x000000071189a750}> (0x000000071189a750) thrown at [/build/openjdk-lts-ioLltV/openjdk-lts-11.0.5+10/src/hotspot/share/runtime/reflection.cpp, line 1246]
Event: 8.186 Thread 0x00007f97dc015000 Exception <a 'java/lang/reflect/InvocationTargetException'{0x000000071189d2b8}> (0x000000071189d2b8) thrown at [/build/openjdk-lts-ioLltV/openjdk-lts-11.0.5+10/src/hotspot/share/runtime/reflection.cpp, line 1246]
Event: 8.319 Thread 0x00007f97dc015000 Exception <a 'java/lang/reflect/InvocationTargetException'{0x00000007118a01b0}> (0x00000007118a01b0) thrown at [/build/openjdk-lts-ioLltV/openjdk-lts-11.0.5+10/src/hotspot/share/runtime/reflection.cpp, line 1246]
Event: 8.446 Thread 0x00007f97dc015000 Exception <a 'java/lang/reflect/InvocationTargetException'{0x00000007118a30a8}> (0x00000007118a30a8) thrown at [/build/openjdk-lts-ioLltV/openjdk-lts-11.0.5+10/src/hotspot/share/runtime/reflection.cpp, line 1246]
Event: 8.562 Thread 0x00007f97dc015000 Exception <a 'java/lang/reflect/InvocationTargetException'{0x00000007118a5f98}> (0x00000007118a5f98) thrown at [/build/openjdk-lts-ioLltV/openjdk-lts-11.0.5+10/src/hotspot/share/runtime/reflection.cpp, line 1246]
Event: 9.086 Thread 0x00007f97dc015000 Exception <a 'java/lang/reflect/InvocationTargetException'{0x00000007118a8e90}> (0x00000007118a8e90) thrown at [/build/openjdk-lts-ioLltV/openjdk-lts-11.0.5+10/src/hotspot/share/runtime/reflection.cpp, line 1246]
Event: 9.371 Thread 0x00007f97dc015000 Exception <a 'java/lang/reflect/InvocationTargetException'{0x00000007118abee0}> (0x00000007118abee0) thrown at [/build/openjdk-lts-ioLltV/openjdk-lts-11.0.5+10/src/hotspot/share/runtime/reflection.cpp, line 1246]
Event: 9.589 Thread 0x00007f97dc015000 Exception <a 'java/lang/reflect/InvocationTargetException'{0x00000007118aef30}> (0x00000007118aef30) thrown at [/build/openjdk-lts-ioLltV/openjdk-lts-11.0.5+10/src/hotspot/share/runtime/reflection.cpp, line 1246]
Event: 10.113 Thread 0x00007f97dc015000 Exception <a 'java/lang/reflect/InvocationTargetException'{0x00000007118b1f88}> (0x00000007118b1f88) thrown at [/build/openjdk-lts-ioLltV/openjdk-lts-11.0.5+10/src/hotspot/share/runtime/reflection.cpp, line 1246]
Event: 10.480 Thread 0x00007f97dc015000 Exception <a 'java/lang/reflect/InvocationTargetException'{0x00000007118b9508}> (0x00000007118b9508) thrown at [/build/openjdk-lts-ioLltV/openjdk-lts-11.0.5+10/src/hotspot/share/runtime/reflection.cpp, line 1246]

Events (20 events):
Event: 9.081 loading class REPL/$JShell$49 done
Event: 9.366 loading class REPL/$JShell$50
Event: 9.366 loading class REPL/$JShell$50 done
Event: 9.584 loading class REPL/$JShell$51
Event: 9.584 loading class REPL/$JShell$51 done
Event: 10.108 loading class REPL/$JShell$52
Event: 10.108 loading class REPL/$JShell$52 done
Event: 10.346 loading class REPL/$JShell$53
Event: 10.346 loading class REPL/$JShell$53 done
Event: 10.476 loading class REPL/$JShell$54
Event: 10.476 loading class REPL/$JShell$54 done
Event: 11.385 Executing VM operation: ChangeBreakpoints
Event: 11.386 Executing VM operation: ChangeBreakpoints done
Event: 11.386 Thread 0x00007f977c001800 Thread exited: 0x00007f977c001800
Event: 11.387 Thread 0x00007f97dc241800 Thread exited: 0x00007f97dc241800
Event: 11.387 loading class jdk/internal/misc/Signal$1
Event: 11.387 loading class jdk/internal/misc/Signal$1 done
Event: 11.388 Thread 0x00007f978c001000 Thread added: 0x00007f978c001000
Event: 11.388 Protecting memory [0x00007f97ae240000,0x00007f97ae244000] with protection modes 0
Event: 11.389 Executing VM operation: Exit


Dynamic libraries:
701c00000-711c00000 rw-p 00000000 00:00 0
711c00000-7bfe00000 ---p 00000000 00:00 0
7bfe00000-7bfe44000 rw-p 01104000 00:00 181837                   /usr/lib/jvm/java-11-openjdk-amd64/lib/server/classes.jsa
7bfe44000-7bff00000 rw-p 00000000 00:00 0
7bff00000-7bff6a000 rw-p 0109a000 00:00 181837                   /usr/lib/jvm/java-11-openjdk-amd64/lib/server/classes.jsa
7bff6a000-7c0000000 rw-p 00000000 00:00 0
7c0000000-800000000 ---p 00000000 00:00 0
800000000-800002000 rwxp 00001000 00:00 181837                   /usr/lib/jvm/java-11-openjdk-amd64/lib/server/classes.jsa
800002000-8003b8000 rw-p 00003000 00:00 181837                   /usr/lib/jvm/java-11-openjdk-amd64/lib/server/classes.jsa
8003b8000-800a8c000 rw-p 003b9000 00:00 181837                   /usr/lib/jvm/java-11-openjdk-amd64/lib/server/classes.jsa
800a8c000-800a8d000 rw-p 00a8d000 00:00 181837                   /usr/lib/jvm/java-11-openjdk-amd64/lib/server/classes.jsa
800a8d000-801099000 rw-p 00a8e000 00:00 181837                   /usr/lib/jvm/java-11-openjdk-amd64/lib/server/classes.jsa
840000000-8400a0000 rw-p 00000000 00:00 0
8400a0000-880000000 ---p 00000000 00:00 0
7f9764000000-7f9764021000 rw-p 00000000 00:00 0
7f9764021000-7f9768000000 ---p 00000000 00:00 0
7f976c000000-7f976c021000 rw-p 00000000 00:00 0
7f976c021000-7f9770000000 ---p 00000000 00:00 0
7f9770000000-7f9770021000 rw-p 00000000 00:00 0
7f9770021000-7f9774000000 ---p 00000000 00:00 0
7f9774000000-7f9774021000 rw-p 00000000 00:00 0
7f9774021000-7f9778000000 ---p 00000000 00:00 0
7f9778000000-7f9778021000 rw-p 00000000 00:00 0
7f9778021000-7f977c000000 ---p 00000000 00:00 0
7f977c000000-7f977c021000 rw-p 00000000 00:00 0
7f977c021000-7f9780000000 ---p 00000000 00:00 0
7f9780000000-7f9780021000 rw-p 00000000 00:00 0
7f9780021000-7f9784000000 ---p 00000000 00:00 0
7f9784000000-7f978420d000 rw-p 00000000 00:00 0
7f978420d000-7f9788000000 ---p 00000000 00:00 0
7f9788000000-7f9788021000 rw-p 00000000 00:00 0
7f9788021000-7f978c000000 ---p 00000000 00:00 0
7f978c000000-7f978c021000 rw-p 00000000 00:00 0
7f978c021000-7f9790000000 ---p 00000000 00:00 0
7f9790000000-7f9790118000 rw-p 00000000 00:00 0
7f9790118000-7f9794000000 ---p 00000000 00:00 0
7f9794000000-7f9794021000 rw-p 00000000 00:00 0
7f9794021000-7f9798000000 ---p 00000000 00:00 0
7f9798000000-7f9798021000 rw-p 00000000 00:00 0
7f9798021000-7f979c000000 ---p 00000000 00:00 0
7f979c000000-7f979c021000 rw-p 00000000 00:00 0
7f979c021000-7f97a0000000 ---p 00000000 00:00 0
7f97a0000000-7f97a0021000 rw-p 00000000 00:00 0
7f97a0021000-7f97a4000000 ---p 00000000 00:00 0
7f97a4000000-7f97a4021000 rw-p 00000000 00:00 0
7f97a4021000-7f97a8000000 ---p 00000000 00:00 0
7f97a8000000-7f97a8021000 rw-p 00000000 00:00 0
7f97a8021000-7f97ac000000 ---p 00000000 00:00 0
7f97ad550000-7f97ad554000 ---p 00000000 00:00 0
7f97ad554000-7f97ad651000 rw-p 00000000 00:00 0
7f97ad660000-7f97ad662000 r-xp 00000000 00:00 138092             /usr/lib/jvm/java-11-openjdk-amd64/lib/libextnet.so
7f97ad662000-7f97ad663000 ---p 00002000 00:00 138092             /usr/lib/jvm/java-11-openjdk-amd64/lib/libextnet.so
7f97ad663000-7f97ad861000 ---p 00000003 00:00 138092             /usr/lib/jvm/java-11-openjdk-amd64/lib/libextnet.so
7f97ad861000-7f97ad862000 r--p 00001000 00:00 138092             /usr/lib/jvm/java-11-openjdk-amd64/lib/libextnet.so
7f97ad862000-7f97ad863000 rw-p 00002000 00:00 138092             /usr/lib/jvm/java-11-openjdk-amd64/lib/libextnet.so
7f97ad870000-7f97ad874000 ---p 00000000 00:00 0
7f97ad874000-7f97ad971000 rw-p 00000000 00:00 0
7f97ad980000-7f97ad9b1000 rw-p 00000000 00:00 0
7f97ad9c0000-7f97ad9d6000 r-xp 00000000 00:00 139242             /usr/lib/jvm/java-11-openjdk-amd64/lib/libnet.so
7f97ad9d6000-7f97ad9d7000 ---p 00016000 00:00 139242             /usr/lib/jvm/java-11-openjdk-amd64/lib/libnet.so
7f97ad9d7000-7f97adbd5000 ---p 00000017 00:00 139242             /usr/lib/jvm/java-11-openjdk-amd64/lib/libnet.so
7f97adbd5000-7f97adbd6000 r--p 00015000 00:00 139242             /usr/lib/jvm/java-11-openjdk-amd64/lib/libnet.so
7f97adbd6000-7f97adbd7000 rw-p 00016000 00:00 139242             /usr/lib/jvm/java-11-openjdk-amd64/lib/libnet.so
7f97adbe0000-7f97adbf0000 r-xp 00000000 00:00 139247             /usr/lib/jvm/java-11-openjdk-amd64/lib/libnio.so
7f97adbf0000-7f97adbf1000 ---p 00010000 00:00 139247             /usr/lib/jvm/java-11-openjdk-amd64/lib/libnio.so
7f97adbf1000-7f97addef000 ---p 00000011 00:00 139247             /usr/lib/jvm/java-11-openjdk-amd64/lib/libnio.so
7f97addef000-7f97addf0000 r--p 0000f000 00:00 139247             /usr/lib/jvm/java-11-openjdk-amd64/lib/libnio.so
7f97addf0000-7f97addf1000 rw-p 00010000 00:00 139247             /usr/lib/jvm/java-11-openjdk-amd64/lib/libnio.so
7f97ade00000-7f97ade01000 ---p 00000000 00:00 0
7f97ade01000-7f97adf02000 rw-p 00000000 00:00 0
7f97adf10000-7f97adf14000 ---p 00000000 00:00 0
7f97adf14000-7f97ae011000 rw-p 00000000 00:00 0
7f97ae020000-7f97ae024000 ---p 00000000 00:00 0
7f97ae024000-7f97ae121000 rw-p 00000000 00:00 0
7f97ae130000-7f97ae134000 ---p 00000000 00:00 0
7f97ae134000-7f97ae231000 rw-p 00000000 00:00 0
7f97ae240000-7f97ae244000 ---p 00000000 00:00 0
7f97ae244000-7f97ae341000 rw-p 00000000 00:00 0
7f97ae350000-7f97ae354000 r-xp 00000000 00:00 137958             /usr/lib/jvm/java-11-openjdk-amd64/lib/libdt_socket.so
7f97ae354000-7f97ae356000 ---p 00004000 00:00 137958             /usr/lib/jvm/java-11-openjdk-amd64/lib/libdt_socket.so
7f97ae356000-7f97ae554000 ---p 00000006 00:00 137958             /usr/lib/jvm/java-11-openjdk-amd64/lib/libdt_socket.so
7f97ae554000-7f97ae555000 r--p 00004000 00:00 137958             /usr/lib/jvm/java-11-openjdk-amd64/lib/libdt_socket.so
7f97ae555000-7f97ae556000 rw-p 00005000 00:00 137958             /usr/lib/jvm/java-11-openjdk-amd64/lib/libdt_socket.so
7f97ae560000-7f97ae564000 ---p 00000000 00:00 0
7f97ae564000-7f97ae661000 rw-p 00000000 00:00 0
7f97ae670000-7f97ae674000 ---p 00000000 00:00 0
7f97ae674000-7f97ae771000 rw-p 00000000 00:00 0
7f97ae780000-7f97ae784000 ---p 00000000 00:00 0
7f97ae784000-7f97ae881000 rw-p 00000000 00:00 0
7f97ae890000-7f97ae894000 ---p 00000000 00:00 0
7f97ae894000-7f97ae991000 rw-p 00000000 00:00 0
7f97ae991000-7f97ae9c2000 r--p 00000000 00:00 620223             /usr/lib/locale/C.UTF-8/LC_CTYPE
7f97ae9c2000-7f97aeb35000 r--p 00000000 00:00 620215             /usr/lib/locale/C.UTF-8/LC_COLLATE
7f97aeb35000-7f97aecd0000 r--p 00000000 00:00 620296             /usr/lib/locale/locale-archive
7f97aecd0000-7f97aecd4000 ---p 00000000 00:00 0
7f97aecd4000-7f97aedd1000 rw-p 00000000 00:00 0
7f97aede0000-7f97aede4000 ---p 00000000 00:00 0
7f97aede4000-7f97aeee1000 rw-p 00000000 00:00 0
7f97aeef0000-7f97aeef1000 ---p 00000000 00:00 0
7f97aeef1000-7f97aeff2000 rw-p 00000000 00:00 0
7f97af000000-7f97af081000 rw-p 00000000 00:00 0
7f97af090000-7f97af510000 rw-p 00000000 00:00 0
7f97af510000-7f97af891000 ---p 00000000 00:00 0
7f97af891000-7f97af992000 rw-p 00000000 00:00 0
7f97af9a0000-7f97af9a1000 ---p 00000000 00:00 0
7f97af9a1000-7f97afaa2000 rw-p 00000000 00:00 0
7f97afab0000-7f97afbb1000 rw-p 00000000 00:00 0
7f97afbc0000-7f97afcc1000 rw-p 00000000 00:00 0
7f97afcd0000-7f97afdd1000 rw-p 00000000 00:00 0
7f97afde0000-7f97afee1000 rw-p 00000000 00:00 0
7f97afef0000-7f97afff1000 rw-p 00000000 00:00 0
7f97b0000000-7f97b0021000 rw-p 00000000 00:00 0
7f97b0021000-7f97b4000000 ---p 00000000 00:00 0
7f97b4000000-7f97b405b000 rw-p 00000000 00:00 0
7f97b4060000-7f97b4161000 rw-p 00000000 00:00 0
7f97b4170000-7f97b4271000 rw-p 00000000 00:00 0
7f97b4280000-7f97b4381000 rw-p 00000000 00:00 0
7f97b4390000-7f97b6390000 rw-p 00000000 00:00 0
7f97b6390000-7f97b6391000 ---p 00000000 00:00 0
7f97b6391000-7f97b6492000 rw-p 00000000 00:00 0
7f97b64a0000-7f97b64a1000 ---p 00000000 00:00 0
7f97b64a1000-7f97b65a2000 rw-p 00000000 00:00 0
7f97b65b0000-7f97b66b7000 rw-p 00000000 00:00 0
7f97b66c0000-7f97b6ac0000 rw-p 00000000 00:00 0
7f97b6ac0000-7f97b9648000 ---p 00000000 00:00 0
7f97b9648000-7f97b9650000 rw-p 00000000 00:00 0
7f97b9650000-7f97ba650000 ---p 00000000 00:00 0
7f97ba650000-7f97baa50000 rw-p 00000000 00:00 0
7f97baa50000-7f97bd5d8000 ---p 00000000 00:00 0
7f97bd5d8000-7f97bd5e0000 rw-p 00000000 00:00 0
7f97bd5e0000-7f97be5e0000 ---p 00000000 00:00 0
7f97be5e0000-7f97be660000 rw-p 00000000 00:00 0
7f97be660000-7f97bebd1000 ---p 00000000 00:00 0
7f97bebd1000-7f97bebd2000 rw-p 00000000 00:00 0
7f97bebd2000-7f97bedd2000 ---p 00000000 00:00 0
7f97bede0000-7f97bee60000 rw-p 00000000 00:00 0
7f97bee60000-7f97bf3d1000 ---p 00000000 00:00 0
7f97bf3d1000-7f97bf3d2000 rw-p 00000000 00:00 0
7f97bf3d2000-7f97bf5d2000 ---p 00000000 00:00 0
7f97bf5e0000-7f97bf660000 rw-p 00000000 00:00 0
7f97bf660000-7f97bfbd1000 ---p 00000000 00:00 0
7f97bfbd1000-7f97bfbd2000 rw-p 00000000 00:00 0
7f97bfbd2000-7f97bfdd2000 ---p 00000000 00:00 0
7f97bfde0000-7f97bfee1000 rw-p 00000000 00:00 0
7f97bfef0000-7f97bfff1000 rw-p 00000000 00:00 0
7f97c0000000-7f97c0021000 rw-p 00000000 00:00 0
7f97c0021000-7f97c4000000 ---p 00000000 00:00 0
7f97c4030000-7f97c4058000 rw-p 00000000 00:00 0
7f97c4060000-7f97c4081000 rw-p 00000000 00:00 0
7f97c4090000-7f97c40b1000 rw-p 00000000 00:00 0
7f97c40c0000-7f97c41c1000 rw-p 00000000 00:00 0
7f97c41d0000-7f97c42d1000 rw-p 00000000 00:00 0
7f97c42e0000-7f97c43e1000 rw-p 00000000 00:00 0
7f97c43f0000-7f97c44f1000 rw-p 00000000 00:00 0
7f97c4500000-7f97c4601000 rw-p 00000000 00:00 0
7f97c4610000-7f97c4711000 rw-p 00000000 00:00 0
7f97c4720000-7f97c4990000 rwxp 00000000 00:00 0
7f97c4990000-7f97c4cb1000 ---p 00000000 00:00 0
7f97c4cb1000-7f97c4f21000 rwxp 00000000 00:00 0
7f97c4f21000-7f97cc1e8000 ---p 00000000 00:00 0
7f97cc1e8000-7f97cc458000 rwxp 00000000 00:00 0
7f97cc458000-7f97d3720000 ---p 00000000 00:00 0
7f97d372e000-7f97dbdf0000 r--s 00000000 00:00 141554             /usr/lib/jvm/java-11-openjdk-amd64/lib/modules
7f97dbdf0000-7f97dbdf5000 r-xp 00000000 00:00 138887             /usr/lib/jvm/java-11-openjdk-amd64/lib/libjimage.so
7f97dbdf5000-7f97dbdf6000 ---p 00005000 00:00 138887             /usr/lib/jvm/java-11-openjdk-amd64/lib/libjimage.so
7f97dbdf6000-7f97dbff4000 ---p 00000006 00:00 138887             /usr/lib/jvm/java-11-openjdk-amd64/lib/libjimage.so
7f97dbff4000-7f97dbff5000 r--p 00004000 00:00 138887             /usr/lib/jvm/java-11-openjdk-amd64/lib/libjimage.so
7f97dbff5000-7f97dbff6000 rw-p 00005000 00:00 138887             /usr/lib/jvm/java-11-openjdk-amd64/lib/libjimage.so
7f97dc000000-7f97dc2cc000 rw-p 00000000 00:00 0
7f97dc2cc000-7f97e0001000 ---p 00000000 00:00 0
7f97e0001000-7f97e0102000 rw-p 00000000 00:00 0
7f97e0110000-7f97e0117000 r-xp 00000000 00:00 140971             /usr/lib/jvm/java-11-openjdk-amd64/lib/libzip.so
7f97e0117000-7f97e0118000 ---p 00007000 00:00 140971             /usr/lib/jvm/java-11-openjdk-amd64/lib/libzip.so
7f97e0118000-7f97e0316000 ---p 00000008 00:00 140971             /usr/lib/jvm/java-11-openjdk-amd64/lib/libzip.so
7f97e0316000-7f97e0317000 r--p 00006000 00:00 140971             /usr/lib/jvm/java-11-openjdk-amd64/lib/libzip.so
7f97e0317000-7f97e0318000 rw-p 00007000 00:00 140971             /usr/lib/jvm/java-11-openjdk-amd64/lib/libzip.so
7f97e0320000-7f97e032b000 r-xp 00000000 00:00 487271             /lib/x86_64-linux-gnu/libnss_files-2.27.so
7f97e032b000-7f97e032c000 ---p 0000b000 00:00 487271             /lib/x86_64-linux-gnu/libnss_files-2.27.so
7f97e032c000-7f97e052a000 ---p 0000000c 00:00 487271             /lib/x86_64-linux-gnu/libnss_files-2.27.so
7f97e052a000-7f97e052b000 r--p 0000a000 00:00 487271             /lib/x86_64-linux-gnu/libnss_files-2.27.so
7f97e052b000-7f97e052c000 rw-p 0000b000 00:00 487271             /lib/x86_64-linux-gnu/libnss_files-2.27.so
7f97e052c000-7f97e0532000 rw-p 00000000 00:00 0
7f97e0540000-7f97e0557000 r-xp 00000000 00:00 487265             /lib/x86_64-linux-gnu/libnsl-2.27.so
7f97e0557000-7f97e0558000 ---p 00017000 00:00 487265             /lib/x86_64-linux-gnu/libnsl-2.27.so
7f97e0558000-7f97e0756000 ---p 00000018 00:00 487265             /lib/x86_64-linux-gnu/libnsl-2.27.so
7f97e0756000-7f97e0757000 r--p 00016000 00:00 487265             /lib/x86_64-linux-gnu/libnsl-2.27.so
7f97e0757000-7f97e0758000 rw-p 00017000 00:00 487265             /lib/x86_64-linux-gnu/libnsl-2.27.so
7f97e0758000-7f97e075a000 rw-p 00000000 00:00 0
7f97e0760000-7f97e076b000 r-xp 00000000 00:00 487276             /lib/x86_64-linux-gnu/libnss_nis-2.27.so
7f97e076b000-7f97e076c000 ---p 0000b000 00:00 487276             /lib/x86_64-linux-gnu/libnss_nis-2.27.so
7f97e076c000-7f97e096a000 ---p 0000000c 00:00 487276             /lib/x86_64-linux-gnu/libnss_nis-2.27.so
7f97e096a000-7f97e096b000 r--p 0000a000 00:00 487276             /lib/x86_64-linux-gnu/libnss_nis-2.27.so
7f97e096b000-7f97e096c000 rw-p 0000b000 00:00 487276             /lib/x86_64-linux-gnu/libnss_nis-2.27.so
7f97e0970000-7f97e0978000 r-xp 00000000 00:00 487267             /lib/x86_64-linux-gnu/libnss_compat-2.27.so
7f97e0978000-7f97e097a000 ---p 00008000 00:00 487267             /lib/x86_64-linux-gnu/libnss_compat-2.27.so
7f97e097a000-7f97e0b78000 ---p 0000000a 00:00 487267             /lib/x86_64-linux-gnu/libnss_compat-2.27.so
7f97e0b78000-7f97e0b79000 r--p 00008000 00:00 487267             /lib/x86_64-linux-gnu/libnss_compat-2.27.so
7f97e0b79000-7f97e0b7a000 rw-p 00009000 00:00 487267             /lib/x86_64-linux-gnu/libnss_compat-2.27.so
7f97e0b80000-7f97e0bbb000 r-xp 00000000 00:00 138617             /usr/lib/jvm/java-11-openjdk-amd64/lib/libjdwp.so
7f97e0bbb000-7f97e0bbc000 ---p 0003b000 00:00 138617             /usr/lib/jvm/java-11-openjdk-amd64/lib/libjdwp.so
7f97e0bbc000-7f97e0dba000 ---p 0000003c 00:00 138617             /usr/lib/jvm/java-11-openjdk-amd64/lib/libjdwp.so
7f97e0dba000-7f97e0dbb000 r--p 0003a000 00:00 138617             /usr/lib/jvm/java-11-openjdk-amd64/lib/libjdwp.so
7f97e0dbb000-7f97e0dbc000 rw-p 0003b000 00:00 138617             /usr/lib/jvm/java-11-openjdk-amd64/lib/libjdwp.so
7f97e0dc0000-7f97e0de9000 r-xp 00000000 00:00 138269             /usr/lib/jvm/java-11-openjdk-amd64/lib/libjava.so
7f97e0de9000-7f97e0deb000 ---p 00029000 00:00 138269             /usr/lib/jvm/java-11-openjdk-amd64/lib/libjava.so
7f97e0deb000-7f97e0fe8000 ---p 0000002b 00:00 138269             /usr/lib/jvm/java-11-openjdk-amd64/lib/libjava.so
7f97e0fe8000-7f97e0fe9000 r--p 00028000 00:00 138269             /usr/lib/jvm/java-11-openjdk-amd64/lib/libjava.so
7f97e0fe9000-7f97e0feb000 rw-p 00029000 00:00 138269             /usr/lib/jvm/java-11-openjdk-amd64/lib/libjava.so
7f97e0ff0000-7f97e0ffd000 r-xp 00000000 00:00 140960             /usr/lib/jvm/java-11-openjdk-amd64/lib/libverify.so
7f97e0ffd000-7f97e0fff000 ---p 0000d000 00:00 140960             /usr/lib/jvm/java-11-openjdk-amd64/lib/libverify.so
7f97e0fff000-7f97e11fc000 ---p 0000000f 00:00 140960             /usr/lib/jvm/java-11-openjdk-amd64/lib/libverify.so
7f97e11fc000-7f97e11fe000 r--p 0000c000 00:00 140960             /usr/lib/jvm/java-11-openjdk-amd64/lib/libverify.so
7f97e11fe000-7f97e11ff000 rw-p 0000e000 00:00 140960             /usr/lib/jvm/java-11-openjdk-amd64/lib/libverify.so
7f97e1200000-7f97e1207000 r-xp 00000000 00:00 487328             /lib/x86_64-linux-gnu/librt-2.27.so
7f97e1207000-7f97e1208000 ---p 00007000 00:00 487328             /lib/x86_64-linux-gnu/librt-2.27.so
7f97e1208000-7f97e1406000 ---p 00000008 00:00 487328             /lib/x86_64-linux-gnu/librt-2.27.so
7f97e1406000-7f97e1407000 r--p 00006000 00:00 487328             /lib/x86_64-linux-gnu/librt-2.27.so
7f97e1407000-7f97e1408000 rw-p 00007000 00:00 487328             /lib/x86_64-linux-gnu/librt-2.27.so
7f97e1410000-7f97e1427000 r-xp 00000000 00:00 487212             /lib/x86_64-linux-gnu/libgcc_s.so.1
7f97e1427000-7f97e1428000 ---p 00017000 00:00 487212             /lib/x86_64-linux-gnu/libgcc_s.so.1
7f97e1428000-7f97e1626000 ---p 00000018 00:00 487212             /lib/x86_64-linux-gnu/libgcc_s.so.1
7f97e1626000-7f97e1627000 r--p 00016000 00:00 487212             /lib/x86_64-linux-gnu/libgcc_s.so.1
7f97e1627000-7f97e1628000 rw-p 00017000 00:00 487212             /lib/x86_64-linux-gnu/libgcc_s.so.1
7f97e1630000-7f97e17cd000 r-xp 00000000 00:00 487240             /lib/x86_64-linux-gnu/libm-2.27.so
7f97e17cd000-7f97e17d0000 ---p 0019d000 00:00 487240             /lib/x86_64-linux-gnu/libm-2.27.so
7f97e17d0000-7f97e19cc000 ---p 000001a0 00:00 487240             /lib/x86_64-linux-gnu/libm-2.27.so
7f97e19cc000-7f97e19cd000 r--p 0019c000 00:00 487240             /lib/x86_64-linux-gnu/libm-2.27.so
7f97e19cd000-7f97e19ce000 rw-p 0019d000 00:00 487240             /lib/x86_64-linux-gnu/libm-2.27.so
7f97e19d0000-7f97e1b49000 r-xp 00000000 00:00 682071             /usr/lib/x86_64-linux-gnu/libstdc++.so.6.0.25
7f97e1b49000-7f97e1b56000 ---p 00179000 00:00 682071             /usr/lib/x86_64-linux-gnu/libstdc++.so.6.0.25
7f97e1b56000-7f97e1d49000 ---p 00000186 00:00 682071             /usr/lib/x86_64-linux-gnu/libstdc++.so.6.0.25
7f97e1d49000-7f97e1d53000 r--p 00179000 00:00 682071             /usr/lib/x86_64-linux-gnu/libstdc++.so.6.0.25
7f97e1d53000-7f97e1d55000 rw-p 00183000 00:00 682071             /usr/lib/x86_64-linux-gnu/libstdc++.so.6.0.25
7f97e1d55000-7f97e1d59000 rw-p 00000000 00:00 0
7f97e1d60000-7f97e2e34000 r-xp 00000000 00:00 142530             /usr/lib/jvm/java-11-openjdk-amd64/lib/server/libjvm.so
7f97e2e34000-7f97e2f2b000 ---p 010d4000 00:00 142530             /usr/lib/jvm/java-11-openjdk-amd64/lib/server/libjvm.so
7f97e2f2b000-7f97e3034000 ---p 000011cb 00:00 142530             /usr/lib/jvm/java-11-openjdk-amd64/lib/server/libjvm.so
7f97e3034000-7f97e30f1000 r--p 010d4000 00:00 142530             /usr/lib/jvm/java-11-openjdk-amd64/lib/server/libjvm.so
7f97e30f1000-7f97e312a000 rw-p 01191000 00:00 142530             /usr/lib/jvm/java-11-openjdk-amd64/lib/server/libjvm.so
7f97e312a000-7f97e3181000 rw-p 00000000 00:00 0
7f97e3190000-7f97e31aa000 r-xp 00000000 00:00 487320             /lib/x86_64-linux-gnu/libpthread-2.27.so
7f97e31aa000-7f97e31b4000 ---p 0001a000 00:00 487320             /lib/x86_64-linux-gnu/libpthread-2.27.so
7f97e31b4000-7f97e33a9000 ---p 00000024 00:00 487320             /lib/x86_64-linux-gnu/libpthread-2.27.so
7f97e33a9000-7f97e33aa000 r--p 00019000 00:00 487320             /lib/x86_64-linux-gnu/libpthread-2.27.so
7f97e33aa000-7f97e33ab000 rw-p 0001a000 00:00 487320             /lib/x86_64-linux-gnu/libpthread-2.27.so
7f97e33ab000-7f97e33af000 rw-p 00000000 00:00 0
7f97e33b0000-7f97e33b3000 r-xp 00000000 00:00 487187             /lib/x86_64-linux-gnu/libdl-2.27.so
7f97e33b3000-7f97e33b4000 ---p 00003000 00:00 487187             /lib/x86_64-linux-gnu/libdl-2.27.so
7f97e33b4000-7f97e35b2000 ---p 00000004 00:00 487187             /lib/x86_64-linux-gnu/libdl-2.27.so
7f97e35b2000-7f97e35b3000 r--p 00002000 00:00 487187             /lib/x86_64-linux-gnu/libdl-2.27.so
7f97e35b3000-7f97e35b4000 rw-p 00003000 00:00 487187             /lib/x86_64-linux-gnu/libdl-2.27.so
7f97e35c0000-7f97e35dc000 r-xp 00000000 00:00 487370             /lib/x86_64-linux-gnu/libz.so.1.2.11
7f97e35dc000-7f97e35dd000 ---p 0001c000 00:00 487370             /lib/x86_64-linux-gnu/libz.so.1.2.11
7f97e35dd000-7f97e37db000 ---p 0000001d 00:00 487370             /lib/x86_64-linux-gnu/libz.so.1.2.11
7f97e37db000-7f97e37dc000 r--p 0001b000 00:00 487370             /lib/x86_64-linux-gnu/libz.so.1.2.11
7f97e37dc000-7f97e37dd000 rw-p 0001c000 00:00 487370             /lib/x86_64-linux-gnu/libz.so.1.2.11
7f97e37e0000-7f97e39c7000 r-xp 00000000 00:00 487157             /lib/x86_64-linux-gnu/libc-2.27.so
7f97e39c7000-7f97e39d0000 ---p 001e7000 00:00 487157             /lib/x86_64-linux-gnu/libc-2.27.so
7f97e39d0000-7f97e3bc7000 ---p 000001f0 00:00 487157             /lib/x86_64-linux-gnu/libc-2.27.so
7f97e3bc7000-7f97e3bcb000 r--p 001e7000 00:00 487157             /lib/x86_64-linux-gnu/libc-2.27.so
7f97e3bcb000-7f97e3bcd000 rw-p 001eb000 00:00 487157             /lib/x86_64-linux-gnu/libc-2.27.so
7f97e3bcd000-7f97e3bd1000 rw-p 00000000 00:00 0
7f97e3be0000-7f97e3bf0000 r-xp 00000000 00:00 137834             /usr/lib/jvm/java-11-openjdk-amd64/lib/jli/libjli.so
7f97e3bf0000-7f97e3bf1000 ---p 00010000 00:00 137834             /usr/lib/jvm/java-11-openjdk-amd64/lib/jli/libjli.so
7f97e3bf1000-7f97e3def000 ---p 00000011 00:00 137834             /usr/lib/jvm/java-11-openjdk-amd64/lib/jli/libjli.so
7f97e3def000-7f97e3df0000 r--p 0000f000 00:00 137834             /usr/lib/jvm/java-11-openjdk-amd64/lib/jli/libjli.so
7f97e3df0000-7f97e3df1000 rw-p 00010000 00:00 137834             /usr/lib/jvm/java-11-openjdk-amd64/lib/jli/libjli.so
7f97e3e00000-7f97e3e26000 r-xp 00000000 00:00 487133             /lib/x86_64-linux-gnu/ld-2.27.so
7f97e3e26000-7f97e3e27000 r-xp 00026000 00:00 487133             /lib/x86_64-linux-gnu/ld-2.27.so
7f97e3e30000-7f97e3e35000 rw-p 00000000 00:00 0
7f97e3e35000-7f97e3f1b000 ---p 00000000 00:00 0
7f97e3f20000-7f97e3f25000 rw-p 00000000 00:00 0
7f97e3f25000-7f97e400b000 ---p 00000000 00:00 0
7f97e4010000-7f97e4015000 rw-p 00000000 00:00 0
7f97e4015000-7f97e401c000 ---p 00000000 00:00 0
7f97e4027000-7f97e4028000 r--p 00027000 00:00 487133             /lib/x86_64-linux-gnu/ld-2.27.so
7f97e4028000-7f97e4029000 rw-p 00028000 00:00 487133             /lib/x86_64-linux-gnu/ld-2.27.so
7f97e4029000-7f97e402a000 rw-p 00000000 00:00 0
7f97e4030000-7f97e4031000 ---p 00000000 00:00 0
7f97e4031000-7f97e4032000 r--p 00000000 00:00 0
7f97e4040000-7f97e4044000 ---p 00000000 00:00 0
7f97e4044000-7f97e4141000 rw-p 00000000 00:00 0
7f97e4146000-7f97e4147000 r--p 00000000 00:00 620278             /usr/lib/locale/C.UTF-8/LC_NUMERIC
7f97e4147000-7f97e4148000 r--p 00000000 00:00 620293             /usr/lib/locale/C.UTF-8/LC_TIME
7f97e4148000-7f97e4149000 r--p 00000000 00:00 620258             /usr/lib/locale/C.UTF-8/LC_MONETARY
7f97e4149000-7f97e4150000 r--s 00000000 00:00 681823             /usr/lib/x86_64-linux-gnu/gconv/gconv-modules.cache
7f97e4150000-7f97e4152000 rw-p 00000000 00:00 0
7f97e4152000-7f97e4153000 r--p 00000000 00:00 620254             /usr/lib/locale/C.UTF-8/LC_MESSAGES/SYS_LC_MESSAGES
7f97e4153000-7f97e4154000 r--p 00000000 00:00 620279             /usr/lib/locale/C.UTF-8/LC_PAPER
7f97e4154000-7f97e4155000 r--p 00000000 00:00 620267             /usr/lib/locale/C.UTF-8/LC_NAME
7f97e4155000-7f97e4156000 r--p 00000000 00:00 620210             /usr/lib/locale/C.UTF-8/LC_ADDRESS
7f97e4156000-7f97e4157000 r--p 00000000 00:00 620281             /usr/lib/locale/C.UTF-8/LC_TELEPHONE
7f97e4157000-7f97e4158000 r--p 00000000 00:00 620242             /usr/lib/locale/C.UTF-8/LC_MEASUREMENT
7f97e4158000-7f97e4160000 rw-s 00000000 00:00 363310             /tmp/hsperfdata_ashleyljh/13780
7f97e4160000-7f97e4162000 rw-p 00000000 00:00 0
7f97e4162000-7f97e4163000 r--p 00000000 00:00 620231             /usr/lib/locale/C.UTF-8/LC_IDENTIFICATION
7f97e4200000-7f97e4201000 r-xp 00000000 00:00 136991             /usr/lib/jvm/java-11-openjdk-amd64/bin/java
7f97e4401000-7f97e4402000 r--p 00001000 00:00 136991             /usr/lib/jvm/java-11-openjdk-amd64/bin/java
7f97e4402000-7f97e4403000 rw-p 00002000 00:00 136991             /usr/lib/jvm/java-11-openjdk-amd64/bin/java
7ffff50df000-7ffff5100000 rw-p 00000000 00:00 0                  [heap]
7ffffcc1a000-7ffffd41a000 rw-p 00000000 00:00 0                  [stack]
7ffffd8a5000-7ffffd8a6000 r-xp 00000000 00:00 0                  [vdso]


VM Arguments:
jvm_args: -agentlib:jdwp=transport=dt_socket,address=localhost:58716 
java_command: jdk.jshell.execution.RemoteExecutionControl 58715
java_class_path (initial): .
Launcher Type: SUN_STANDARD

[Global flags]
     intx CICompilerCount                          = 4                                         {product} {ergonomic}
     uint ConcGCThreads                            = 2                                         {product} {ergonomic}
     uint G1ConcRefinementThreads                  = 8                                         {product} {ergonomic}
   size_t G1HeapRegionSize                         = 1048576                                   {product} {ergonomic}
    uintx GCDrainStackTargetSize                   = 64                                        {product} {ergonomic}
   size_t InitialHeapSize                          = 268435456                                 {product} {ergonomic}
   size_t MarkStackSize                            = 4194304                                   {product} {ergonomic}
   size_t MaxHeapSize                              = 4265607168                                {product} {ergonomic}
   size_t MaxNewSize                               = 2558525440                                {product} {ergonomic}
   size_t MinHeapDeltaBytes                        = 1048576                                   {product} {ergonomic}
    uintx NonNMethodCodeHeapSize                   = 5836300                                {pd product} {ergonomic}
    uintx NonProfiledCodeHeapSize                  = 122910970                              {pd product} {ergonomic}
    uintx ProfiledCodeHeapSize                     = 122910970                              {pd product} {ergonomic}
    uintx ReservedCodeCacheSize                    = 251658240                              {pd product} {ergonomic}
     bool SegmentedCodeCache                       = true                                      {product} {ergonomic}
     bool UseCompressedClassPointers               = true                                 {lp64_product} {ergonomic}
     bool UseCompressedOops                        = true                                 {lp64_product} {ergonomic}
     bool UseG1GC                                  = true                                      {product} {ergonomic}

Logging:
Log output configuration:
 #0: stdout all=warning uptime,level,tags
 #1: stderr all=off uptime,level,tags

Environment Variables:
PATH=/usr/local/sbin:/usr/local/bin:/usr/sbin:/usr/bin:/sbin:/bin:/usr/games:/usr/local/games:/mnt/c/Program Files/WindowsApps/CanonicalGroupLimited.UbuntuonWindows_1804.2020.5.0_x64__79rhkp1fndgsc:/mnt/c/Program Files (x86)/Common Files/Oracle/Java/javapath:/mnt/c/Windows/System32:/mnt/c/Windows:/mnt/c/Windows/System32/wbem:/mnt/c/Windows/System32/WindowsPowerShell/v1.0:/mnt/c/Windows/System32/OpenSSH:/mnt/c/Program Files (x86)/NVIDIA Corporation/PhysX/Common:/mnt/c/Program Files/Intel/WiFi/bin:/mnt/c/Program Files/Common Files/Intel/WirelessCommon:/mnt/c/Program Files/Java/jdk-12.0.2/bin:/mnt/d/Matlab/bin:/mnt/c/Users/ashle/AppData/Local/Microsoft/WindowsApps:/mnt/c/Users/ashle/AppData/Local/Programs/Microsoft VS Code/bin:/snap/bin
SHELL=/bin/bash
DISPLAY=:0
HOSTTYPE=x86_64

Signal Handlers:
SIGSEGV: [libjvm.so+0xdeda70], sa_mask[0]=11111111111111111111111111111110, sa_flags=SA_RESTART|SA_SIGINFO
SIGBUS: [libjvm.so+0xdeda70], sa_mask[0]=11111111111111111111111111111110, sa_flags=SA_RESTART|SA_SIGINFO
SIGFPE: [libjvm.so+0xdeda70], sa_mask[0]=11111111111111111111111111111110, sa_flags=SA_RESTART|SA_SIGINFO
SIGPIPE: [libjvm.so+0xbc3040], sa_mask[0]=11111111111111111111111111111110, sa_flags=SA_RESTART|SA_SIGINFO
SIGXFSZ: [libjvm.so+0xbc3040], sa_mask[0]=11111111111111111111111111111110, sa_flags=SA_RESTART|SA_SIGINFO
SIGILL: [libjvm.so+0xdeda70], sa_mask[0]=11111111111111111111111111111110, sa_flags=SA_RESTART|SA_SIGINFO
SIGUSR2: [libjvm.so+0xbc2ee0], sa_mask[0]=00100000000000000000000000000000, sa_flags=SA_RESTART|SA_SIGINFO
SIGHUP: [libjvm.so+0xbc3240], sa_mask[0]=11111111111111111111111111111110, sa_flags=SA_RESTART|SA_SIGINFO
SIGINT: [libjvm.so+0xbc3240], sa_mask[0]=11111111111111111111111111111110, sa_flags=SA_RESTART|SA_SIGINFO
SIGTERM: [libjvm.so+0xbc3240], sa_mask[0]=11111111111111111111111111111110, sa_flags=SA_RESTART|SA_SIGINFO
SIGQUIT: [libjvm.so+0xbc3240], sa_mask[0]=11111111111111111111111111111110, sa_flags=SA_RESTART|SA_SIGINFO


---------------  S Y S T E M  ---------------

OS:DISTRIB_ID=Ubuntu
DISTRIB_RELEASE=18.04
DISTRIB_CODENAME=bionic
DISTRIB_DESCRIPTION="Ubuntu 18.04.2 LTS"
uname:Linux 4.4.0-17763-Microsoft #864-Microsoft Thu Nov 07 15:22:00 PST 2019 x86_64
libc:glibc 2.27 NPTL 2.27 
rlimit: STACK 8192k, CORE 0k, NPROC 7823, NOFILE 65536, AS infinity, DATA infinity, FSIZE infinity
load average:0.52 0.58 0.59

/proc/meminfo:
MemTotal:       16661812 kB
MemFree:         6754164 kB
Buffers:           34032 kB
Cached:           188576 kB
SwapCached:            0 kB
Active:           167556 kB
Inactive:         157876 kB
Active(anon):     103104 kB
Inactive(anon):    17440 kB
Active(file):      64452 kB
Inactive(file):   140436 kB
Unevictable:           0 kB
Mlocked:               0 kB
SwapTotal:      15467644 kB
SwapFree:       15255796 kB
Dirty:                 0 kB
Writeback:             0 kB
AnonPages:        102824 kB
Mapped:            71404 kB
Shmem:             17720 kB
Slab:              13868 kB
SReclaimable:       6744 kB
SUnreclaim:         7124 kB
KernelStack:        2848 kB
PageTables:         2524 kB
NFS_Unstable:          0 kB
Bounce:                0 kB
WritebackTmp:          0 kB
CommitLimit:      515524 kB
Committed_AS:    3450064 kB
VmallocTotal:     122880 kB
VmallocUsed:       21296 kB
VmallocChunk:      66044 kB
HardwareCorrupted:     0 kB
AnonHugePages:      2048 kB
HugePages_Total:       0
HugePages_Free:        0
HugePages_Rsvd:        0
HugePages_Surp:        0
Hugepagesize:       2048 kB
DirectMap4k:       12280 kB
DirectMap4M:      897024 kB


/proc/sys/kernel/threads-max (system-wide limit on the number of threads):
32768


/proc/sys/vm/max_map_count (maximum number of memory map areas a process may have):


/proc/sys/kernel/pid_max (system-wide limit on number of process identifiers):
32768



Steal ticks since vm start: 0
Steal ticks percentage since vm start:  0.000

CPU:total 8 (initial active 8) (4 cores per cpu, 2 threads per core) family 6 model 142 stepping 11, cmov, cx8, fxsr, mmx, sse, sse2, sse3, ssse3, sse4.1, sse4.2, popcnt, avx, avx2, aes, clmul, erms, 3dnowpref, lzcnt, ht, tsc, tscinvbit, bmi1, bmi2, adx, fma
CPU Model and flags from /proc/cpuinfo:
model name	: Intel(R) Core(TM) i7-8565U CPU @ 1.80GHz
flags		: fpu vme de pse tsc msr pae mce cx8 apic sep mtrr pge mca cmov pat pse36 clflush dts acpi mmx fxsr sse sse2 ss ht tm pbe syscall nx pdpe1gb rdtscp lm pni pclmulqdq dtes64 monitor ds_cpl vmx est tm2 ssse3 fma cx16 xtpr pdcm pcid sse4_1 sse4_2 x2apic movbe popcnt tsc_deadline_timer aes xsave osxsave avx f16c rdrand

Memory: 4k page, physical 16661812k(6754164k free), swap 15467644k(15255796k free)

vm_info: OpenJDK 64-Bit Server VM (11.0.5+10-post-Ubuntu-0ubuntu1.118.04) for linux-amd64 JRE (11.0.5+10-post-Ubuntu-0ubuntu1.118.04), built on Oct 16 2019 22:01:07 by "buildd" with gcc 7.4.0

END.
