#
# A fatal error has been detected by the Java Runtime Environment:
#
#  SIGSEGV (0xb) at pc=0x00007f6b49f772e1, pid=2254, tid=2261
#
# JRE version: OpenJDK Runtime Environment (11.0.5+10) (build 11.0.5+10-post-Ubuntu-0ubuntu1.118.04)
# Java VM: OpenJDK 64-Bit Server VM (11.0.5+10-post-Ubuntu-0ubuntu1.118.04, mixed mode, sharing, tiered, compressed oops, g1 gc, linux-amd64)
# Problematic frame:
# V  [libjvm.so+0xe172e1]
#
# Core dump will be written. Default location: core.2254 (may not exist)
#
# If you would like to submit a bug report, please visit:
#   Unknown
#

---------------  S U M M A R Y ------------

Command Line: -agentlib:jdwp=transport=dt_socket,address=localhost:50226 jdk.jshell.execution.RemoteExecutionControl 50225

Host: Intel(R) Core(TM) i7-8565U CPU @ 1.80GHz, 8 cores, 15G, Ubuntu 18.04.2 LTS
Time: Fri Apr  3 00:09:53 2020 DST elapsed time: 75060 seconds (0d 20h 51m 0s)

---------------  T H R E A D  ---------------

Current thread (0x00007f6b4408f800):  ConcurrentGCThread "G1 Conc#0" [stack: 0x00007f6b296c2000,0x00007f6b297c2000] [id=2261]

Stack: [0x00007f6b296c2000,0x00007f6b297c2000],  sp=0x00007f6b297c0e10,  free space=1019k
Native frames: (J=compiled Java code, A=aot compiled Java code, j=interpreted, Vv=VM code, C=native code)
V  [libjvm.so+0xe172e1]
V  [libjvm.so+0xd7ba0a]
V  [libjvm.so+0xbcd3ce]


siginfo: si_signo: 11 (SIGSEGV), si_code: 1 (SEGV_MAPERR), si_addr: 0x0000000000000010

Register to memory mapping:

RAX=0x0 is NULL
RBX=0x00007f6b4a50f378: <offset 0x00000000013af378> in /usr/lib/jvm/java-11-openjdk-amd64/lib/server/libjvm.so at 0x00007f6b49160000
RCX=0x0 is NULL
RDX=0x0 is NULL
RSP=0x00007f6b297c0e10 points into unknown readable memory: 70 0e 7c 29 6b 7f 00 00
RBP=0x00007f6b297c0e40 points into unknown readable memory: c0 0e 7c 29 6b 7f 00 00
RSI=0x0 is NULL
RDI=0x00007f6b297c0d70 points into unknown readable memory: 90 06 5a 4a 6b 7f 00 00
R8 =0x0 is NULL
R9 =0x00000000ffffffff is an unknown value
R10=0x0 is NULL
R11=0x0 is NULL
R12=0x00007f6b297c0e1c points into unknown readable memory: 6b 7f 00 00
R13=0x00007f6b4408f800 points into unknown readable memory: 50 01 4f 4a 6b 7f 00 00
R14=0x0000000000100000 is an unknown value
R15=0x00007f6b4b56f710 is pointing into the stack for thread: 0x00007f6b44015000


Registers:
RAX=0x0000000000000000, RBX=0x00007f6b4a50f378, RCX=0x0000000000000000, RDX=0x0000000000000000
RSP=0x00007f6b297c0e10, RBP=0x00007f6b297c0e40, RSI=0x0000000000000000, RDI=0x00007f6b297c0d70
R8 =0x0000000000000000, R9 =0x00000000ffffffff, R10=0x0000000000000000, R11=0x0000000000000000
R12=0x00007f6b297c0e1c, R13=0x00007f6b4408f800, R14=0x0000000000100000, R15=0x00007f6b4b56f710
RIP=0x00007f6b49f772e1, EFLAGS=0x0000000000010202, CSGSFS=0x00000053002b0033, ERR=0x0000000000000000
  TRAPNO=0x0000000000000000

Top of Stack: (sp=0x00007f6b297c0e10)
0x00007f6b297c0e10:   00007f6b297c0e70 00007f6b4408f800
0x00007f6b297c0e20:   00007f6b4a50f378 00007f6b4408f800
0x00007f6b297c0e30:   00007f6b296c2000 0000000000100000
0x00007f6b297c0e40:   00007f6b297c0ec0 00007f6b49edba0a 

Instructions: (pc=0x00007f6b49f772e1)
0x00007f6b49f771e1:   35 cf 49 0f 00 31 c0 4c 89 e7 83 c3 01 e8 bd 0c
0x00007f6b49f771f1:   dc ff 41 39 5e 08 77 d7 5b 4c 89 e7 41 5c 41 5d
0x00007f6b49f77201:   41 5e 5d e9 77 13 dc ff 0f 1f 80 00 00 00 00 31
0x00007f6b49f77211:   c0 4c 89 ee 4c 89 e7 e8 93 0c dc ff 83 c3 01 41
0x00007f6b49f77221:   39 5e 08 77 aa 5b 4c 89 e7 41 5c 41 5d 41 5e 5d
0x00007f6b49f77231:   e9 4a 13 dc ff 66 2e 0f 1f 84 00 00 00 00 00 48
0x00007f6b49f77241:   8b 87 20 03 00 00 55 48 89 e5 0f b6 40 28 5d c3
0x00007f6b49f77251:   90 0f 1f 40 00 66 2e 0f 1f 84 00 00 00 00 00 48
0x00007f6b49f77261:   8b 87 20 03 00 00 55 48 89 e5 0f b6 40 29 5d c3
0x00007f6b49f77271:   90 0f 1f 40 00 66 2e 0f 1f 84 00 00 00 00 00 55
0x00007f6b49f77281:   48 89 e5 53 48 89 fb 48 83 ec 08 e8 ef f0 f5 ff
0x00007f6b49f77291:   48 83 c4 08 48 89 df be 09 00 00 00 5b 5d e9 ac
0x00007f6b49f772a1:   46 da ff 66 90 66 2e 0f 1f 84 00 00 00 00 00 55
0x00007f6b49f772b1:   48 89 e5 41 56 41 55 41 54 53 4c 8d 65 dc 49 89
0x00007f6b49f772c1:   fd 48 83 ec 10 66 2e 0f 1f 84 00 00 00 00 00 49
0x00007f6b49f772d1:   8b 85 20 03 00 00 48 8b 78 30 48 8b 07 ff 50 18
0x00007f6b49f772e1:   8b 70 10 48 89 c3 4c 89 e7 49 89 d6 e8 7e 7e 97
0x00007f6b49f772f1:   ff 48 8b 03 44 89 f6 48 89 df ff 10 4c 89 e7 e8
0x00007f6b49f77301:   ab 7e 97 ff 49 8b 85 20 03 00 00 48 8b 78 30 48
0x00007f6b49f77311:   8b 07 ff 50 20 eb b8 0f 1f 84 00 00 00 00 00 55
0x00007f6b49f77321:   48 8d 15 d8 d8 7f ff 48 89 e5 41 54 53 48 8b 07
0x00007f6b49f77331:   49 89 fc 48 89 f3 48 8b 80 88 00 00 00 48 39 d0
0x00007f6b49f77341:   75 45 48 8b 97 08 03 00 00 48 8d 05 ff dd 07 00
0x00007f6b49f77351:   48 85 d2 48 0f 44 d0 48 8d 35 a4 d3 09 00 48 89
0x00007f6b49f77361:   df 31 c0 e8 47 0b dc ff 4c 89 e7 48 89 de 31 d2
0x00007f6b49f77371:   e8 da e8 f5 ff 48 89 df 5b 41 5c 5d e9 fe 11 dc
0x00007f6b49f77381:   ff 66 0f 1f 44 00 00 ff d0 48 89 c2 eb c9 90 55
0x00007f6b49f77391:   48 8d 15 e8 fe ff ff 48 89 e5 53 48 89 fb 48 83
0x00007f6b49f773a1:   ec 08 48 8b 07 48 8b 80 b8 00 00 00 48 39 d0 75
0x00007f6b49f773b1:   2e e8 c9 ef f5 ff be 09 00 00 00 48 89 df e8 8c
0x00007f6b49f773c1:   45 da ff 48 8b 03 48 89 df 48 8b 80 c0 00 00 00
0x00007f6b49f773d1:   48 83 c4 08 5b 5d ff e0 0f 1f 80 00 00 00 00 ff 


Stack slot to memory mapping:
stack at sp + 0 slots: 0x00007f6b297c0e70 points into unknown readable memory: c0 0e 7c 29 6b 7f 00 00
stack at sp + 1 slots: 0x00007f6b4408f800 points into unknown readable memory: 50 01 4f 4a 6b 7f 00 00
stack at sp + 2 slots: 0x00007f6b4a50f378: <offset 0x00000000013af378> in /usr/lib/jvm/java-11-openjdk-amd64/lib/server/libjvm.so at 0x00007f6b49160000
stack at sp + 3 slots: 0x00007f6b4408f800 points into unknown readable memory: 50 01 4f 4a 6b 7f 00 00
stack at sp + 4 slots: 0x00007f6b296c2000 points into unknown readable memory: 00 00 00 00 00 00 00 00
stack at sp + 5 slots: 0x0000000000100000 is an unknown value
stack at sp + 6 slots: 0x00007f6b297c0ec0 points into unknown readable memory: f0 0e 7c 29 6b 7f 00 00
stack at sp + 7 slots: 0x00007f6b49edba0a: <offset 0x0000000000d7ba0a> in /usr/lib/jvm/java-11-openjdk-amd64/lib/server/libjvm.so at 0x00007f6b49160000


---------------  P R O C E S S  ---------------

Threads class SMR info:
_java_thread_list=0x00007f6b442bd950, length=13, elements={
0x00007f6b44015000, 0x00007f6b441d6800, 0x00007f6b441d8800, 0x00007f6b441e0800,
0x00007f6b441e2800, 0x00007f6b441e4800, 0x00007f6b441e6800, 0x00007f6b44259800,
0x00007f6b4425d800, 0x00007f6ae4001800, 0x00007f6b4425f000, 0x00007f6b44274800,
0x00007f6b442bc000
}

Java Threads: ( => current thread )
  0x00007f6b44015000 JavaThread "main" [_thread_blocked, id=2257, stack(0x00007f6b4b470000,0x00007f6b4b571000)]
  0x00007f6b441d6800 JavaThread "Reference Handler" daemon [_thread_blocked, id=2265, stack(0x00007f6b28110000,0x00007f6b28211000)]
  0x00007f6b441d8800 JavaThread "Finalizer" daemon [_thread_blocked, id=2266, stack(0x00007f6b28000000,0x00007f6b28101000)]
  0x00007f6b441e0800 JavaThread "Signal Dispatcher" daemon [_thread_in_vm, id=2267, stack(0x00007f6b15bf0000,0x00007f6b15cf1000)]
  0x00007f6b441e2800 JavaThread "C2 CompilerThread0" daemon [_thread_blocked, id=2268, stack(0x00007f6b15ae0000,0x00007f6b15be1000)]
  0x00007f6b441e4800 JavaThread "C1 CompilerThread0" daemon [_thread_blocked, id=2269, stack(0x00007f6b159d0000,0x00007f6b15ad1000)]
  0x00007f6b441e6800 JavaThread "Sweeper thread" daemon [_thread_blocked, id=2270, stack(0x00007f6b158c0000,0x00007f6b159c1000)]
  0x00007f6b44259800 JavaThread "JDWP Transport Listener: dt_socket" daemon [_thread_blocked, id=2271, stack(0x00007f6b155a0000,0x00007f6b156a1000)]
  0x00007f6b4425d800 JavaThread "JDWP Event Helper Thread" daemon [_thread_blocked, id=2272, stack(0x00007f6b15490000,0x00007f6b15591000)]
  0x00007f6ae4001800 JavaThread "JDWP Command Reader" daemon [_thread_in_native, id=2273, stack(0x00007f6b15380000,0x00007f6b15481000)]
  0x00007f6b4425f000 JavaThread "Service Thread" daemon [_thread_blocked, id=2277, stack(0x00007f6b15270000,0x00007f6b15371000)]
  0x00007f6b44274800 JavaThread "Common-Cleaner" daemon [_thread_blocked, id=2279, stack(0x00007f6b14c10000,0x00007f6b14d11000)]
  0x00007f6b442bc000 JavaThread "output reader" daemon [_thread_in_native, id=2281, stack(0x00007f6b148f0000,0x00007f6b149f1000)]

Other Threads:
  0x00007f6b441d3800 VMThread "VM Thread" [stack: 0x00007f6b28222000,0x00007f6b28322000] [id=2264]
  0x00007f6b44261800 WatcherThread [stack: 0x00007f6b15162000,0x00007f6b15262000] [id=2278]
  0x00007f6b4402e000 GCTaskThread "GC Thread#0" [stack: 0x00007f6b480b2000,0x00007f6b481b2000] [id=2259]
  0x00007f6b4408e000 ConcurrentGCThread "G1 Main Marker" [stack: 0x00007f6b297d2000,0x00007f6b298d2000] [id=2260]
=>0x00007f6b4408f800 ConcurrentGCThread "G1 Conc#0" [stack: 0x00007f6b296c2000,0x00007f6b297c2000] [id=2261]
  0x00007f6b44195800 ConcurrentGCThread "G1 Refine#0" [stack: 0x00007f6b28d32000,0x00007f6b28e32000] [id=2262]
  0x00007f6b44197800 ConcurrentGCThread "G1 Young RemSet Sampling" [stack: 0x00007f6b28c22000,0x00007f6b28d22000] [id=2263]

Threads with active compile tasks:

VM state:not at safepoint (normal execution)

VM Mutex/Monitor currently owned by a thread:  ([mutex/lock_event])
[0x00007f6b44011150] Threads_lock - owner thread: 0x00007f6b441e0800

Heap address: 0x0000000701c00000, size: 4068 MB, Compressed Oops mode: Zero based, Oop shift amount: 3
Narrow klass base: 0x0000000800000000, Narrow klass shift: 3
Compressed class space size: 1073741824 Address: 0x0000000840000000

Heap:
 garbage-first heap   total 264192K, used 2744K [0x0000000701c00000, 0x0000000800000000)
  region size 1024K, 3 young (3072K), 0 survivors (0K)
 Metaspace       used 1170K, capacity 4722K, committed 4864K, reserved 1056768K
  class space    used 126K, capacity 469K, committed 512K, reserved 1048576K
Heap Regions: E=young(eden), S=young(survivor), O=old, HS=humongous(starts), HC=humongous(continues), CS=collection set, F=free, A=archive, TAMS=top-at-mark-start (previous, next)
|   0|0x0000000701c00000, 0x0000000701c00000, 0x0000000701d00000|  0%| F|  |TAMS 0x0000000701c00000, 0x0000000701c00000| Untracked 
|   1|0x0000000701d00000, 0x0000000701d00000, 0x0000000701e00000|  0%| F|  |TAMS 0x0000000701d00000, 0x0000000701d00000| Untracked 
|   2|0x0000000701e00000, 0x0000000701e00000, 0x0000000701f00000|  0%| F|  |TAMS 0x0000000701e00000, 0x0000000701e00000| Untracked 
|   3|0x0000000701f00000, 0x0000000701f00000, 0x0000000702000000|  0%| F|  |TAMS 0x0000000701f00000, 0x0000000701f00000| Untracked 
|   4|0x0000000702000000, 0x0000000702000000, 0x0000000702100000|  0%| F|  |TAMS 0x0000000702000000, 0x0000000702000000| Untracked 
|   5|0x0000000702100000, 0x0000000702100000, 0x0000000702200000|  0%| F|  |TAMS 0x0000000702100000, 0x0000000702100000| Untracked 
|   6|0x0000000702200000, 0x0000000702200000, 0x0000000702300000|  0%| F|  |TAMS 0x0000000702200000, 0x0000000702200000| Untracked 
|   7|0x0000000702300000, 0x0000000702300000, 0x0000000702400000|  0%| F|  |TAMS 0x0000000702300000, 0x0000000702300000| Untracked 
|   8|0x0000000702400000, 0x0000000702400000, 0x0000000702500000|  0%| F|  |TAMS 0x0000000702400000, 0x0000000702400000| Untracked 
|   9|0x0000000702500000, 0x0000000702500000, 0x0000000702600000|  0%| F|  |TAMS 0x0000000702500000, 0x0000000702500000| Untracked 
|  10|0x0000000702600000, 0x0000000702600000, 0x0000000702700000|  0%| F|  |TAMS 0x0000000702600000, 0x0000000702600000| Untracked 
|  11|0x0000000702700000, 0x0000000702700000, 0x0000000702800000|  0%| F|  |TAMS 0x0000000702700000, 0x0000000702700000| Untracked 
|  12|0x0000000702800000, 0x0000000702800000, 0x0000000702900000|  0%| F|  |TAMS 0x0000000702800000, 0x0000000702800000| Untracked 
|  13|0x0000000702900000, 0x0000000702900000, 0x0000000702a00000|  0%| F|  |TAMS 0x0000000702900000, 0x0000000702900000| Untracked 
|  14|0x0000000702a00000, 0x0000000702a00000, 0x0000000702b00000|  0%| F|  |TAMS 0x0000000702a00000, 0x0000000702a00000| Untracked 
|  15|0x0000000702b00000, 0x0000000702b00000, 0x0000000702c00000|  0%| F|  |TAMS 0x0000000702b00000, 0x0000000702b00000| Untracked 
|  16|0x0000000702c00000, 0x0000000702c00000, 0x0000000702d00000|  0%| F|  |TAMS 0x0000000702c00000, 0x0000000702c00000| Untracked 
|  17|0x0000000702d00000, 0x0000000702d00000, 0x0000000702e00000|  0%| F|  |TAMS 0x0000000702d00000, 0x0000000702d00000| Untracked 
|  18|0x0000000702e00000, 0x0000000702e00000, 0x0000000702f00000|  0%| F|  |TAMS 0x0000000702e00000, 0x0000000702e00000| Untracked 
|  19|0x0000000702f00000, 0x0000000702f00000, 0x0000000703000000|  0%| F|  |TAMS 0x0000000702f00000, 0x0000000702f00000| Untracked 
|  20|0x0000000703000000, 0x0000000703000000, 0x0000000703100000|  0%| F|  |TAMS 0x0000000703000000, 0x0000000703000000| Untracked 
|  21|0x0000000703100000, 0x0000000703100000, 0x0000000703200000|  0%| F|  |TAMS 0x0000000703100000, 0x0000000703100000| Untracked 
|  22|0x0000000703200000, 0x0000000703200000, 0x0000000703300000|  0%| F|  |TAMS 0x0000000703200000, 0x0000000703200000| Untracked 
|  23|0x0000000703300000, 0x0000000703300000, 0x0000000703400000|  0%| F|  |TAMS 0x0000000703300000, 0x0000000703300000| Untracked 
|  24|0x0000000703400000, 0x0000000703400000, 0x0000000703500000|  0%| F|  |TAMS 0x0000000703400000, 0x0000000703400000| Untracked 
|  25|0x0000000703500000, 0x0000000703500000, 0x0000000703600000|  0%| F|  |TAMS 0x0000000703500000, 0x0000000703500000| Untracked 
|  26|0x0000000703600000, 0x0000000703600000, 0x0000000703700000|  0%| F|  |TAMS 0x0000000703600000, 0x0000000703600000| Untracked 
|  27|0x0000000703700000, 0x0000000703700000, 0x0000000703800000|  0%| F|  |TAMS 0x0000000703700000, 0x0000000703700000| Untracked 
|  28|0x0000000703800000, 0x0000000703800000, 0x0000000703900000|  0%| F|  |TAMS 0x0000000703800000, 0x0000000703800000| Untracked 
|  29|0x0000000703900000, 0x0000000703900000, 0x0000000703a00000|  0%| F|  |TAMS 0x0000000703900000, 0x0000000703900000| Untracked 
|  30|0x0000000703a00000, 0x0000000703a00000, 0x0000000703b00000|  0%| F|  |TAMS 0x0000000703a00000, 0x0000000703a00000| Untracked 
|  31|0x0000000703b00000, 0x0000000703b00000, 0x0000000703c00000|  0%| F|  |TAMS 0x0000000703b00000, 0x0000000703b00000| Untracked 
|  32|0x0000000703c00000, 0x0000000703c00000, 0x0000000703d00000|  0%| F|  |TAMS 0x0000000703c00000, 0x0000000703c00000| Untracked 
|  33|0x0000000703d00000, 0x0000000703d00000, 0x0000000703e00000|  0%| F|  |TAMS 0x0000000703d00000, 0x0000000703d00000| Untracked 
|  34|0x0000000703e00000, 0x0000000703e00000, 0x0000000703f00000|  0%| F|  |TAMS 0x0000000703e00000, 0x0000000703e00000| Untracked 
|  35|0x0000000703f00000, 0x0000000703f00000, 0x0000000704000000|  0%| F|  |TAMS 0x0000000703f00000, 0x0000000703f00000| Untracked 
|  36|0x0000000704000000, 0x0000000704000000, 0x0000000704100000|  0%| F|  |TAMS 0x0000000704000000, 0x0000000704000000| Untracked 
|  37|0x0000000704100000, 0x0000000704100000, 0x0000000704200000|  0%| F|  |TAMS 0x0000000704100000, 0x0000000704100000| Untracked 
|  38|0x0000000704200000, 0x0000000704200000, 0x0000000704300000|  0%| F|  |TAMS 0x0000000704200000, 0x0000000704200000| Untracked 
|  39|0x0000000704300000, 0x0000000704300000, 0x0000000704400000|  0%| F|  |TAMS 0x0000000704300000, 0x0000000704300000| Untracked 
|  40|0x0000000704400000, 0x0000000704400000, 0x0000000704500000|  0%| F|  |TAMS 0x0000000704400000, 0x0000000704400000| Untracked 
|  41|0x0000000704500000, 0x0000000704500000, 0x0000000704600000|  0%| F|  |TAMS 0x0000000704500000, 0x0000000704500000| Untracked 
|  42|0x0000000704600000, 0x0000000704600000, 0x0000000704700000|  0%| F|  |TAMS 0x0000000704600000, 0x0000000704600000| Untracked 
|  43|0x0000000704700000, 0x0000000704700000, 0x0000000704800000|  0%| F|  |TAMS 0x0000000704700000, 0x0000000704700000| Untracked 
|  44|0x0000000704800000, 0x0000000704800000, 0x0000000704900000|  0%| F|  |TAMS 0x0000000704800000, 0x0000000704800000| Untracked 
|  45|0x0000000704900000, 0x0000000704900000, 0x0000000704a00000|  0%| F|  |TAMS 0x0000000704900000, 0x0000000704900000| Untracked 
|  46|0x0000000704a00000, 0x0000000704a00000, 0x0000000704b00000|  0%| F|  |TAMS 0x0000000704a00000, 0x0000000704a00000| Untracked 
|  47|0x0000000704b00000, 0x0000000704b00000, 0x0000000704c00000|  0%| F|  |TAMS 0x0000000704b00000, 0x0000000704b00000| Untracked 
|  48|0x0000000704c00000, 0x0000000704c00000, 0x0000000704d00000|  0%| F|  |TAMS 0x0000000704c00000, 0x0000000704c00000| Untracked 
|  49|0x0000000704d00000, 0x0000000704d00000, 0x0000000704e00000|  0%| F|  |TAMS 0x0000000704d00000, 0x0000000704d00000| Untracked 
|  50|0x0000000704e00000, 0x0000000704e00000, 0x0000000704f00000|  0%| F|  |TAMS 0x0000000704e00000, 0x0000000704e00000| Untracked 
|  51|0x0000000704f00000, 0x0000000704f00000, 0x0000000705000000|  0%| F|  |TAMS 0x0000000704f00000, 0x0000000704f00000| Untracked 
|  52|0x0000000705000000, 0x0000000705000000, 0x0000000705100000|  0%| F|  |TAMS 0x0000000705000000, 0x0000000705000000| Untracked 
|  53|0x0000000705100000, 0x0000000705100000, 0x0000000705200000|  0%| F|  |TAMS 0x0000000705100000, 0x0000000705100000| Untracked 
|  54|0x0000000705200000, 0x0000000705200000, 0x0000000705300000|  0%| F|  |TAMS 0x0000000705200000, 0x0000000705200000| Untracked 
|  55|0x0000000705300000, 0x0000000705300000, 0x0000000705400000|  0%| F|  |TAMS 0x0000000705300000, 0x0000000705300000| Untracked 
|  56|0x0000000705400000, 0x0000000705400000, 0x0000000705500000|  0%| F|  |TAMS 0x0000000705400000, 0x0000000705400000| Untracked 
|  57|0x0000000705500000, 0x0000000705500000, 0x0000000705600000|  0%| F|  |TAMS 0x0000000705500000, 0x0000000705500000| Untracked 
|  58|0x0000000705600000, 0x0000000705600000, 0x0000000705700000|  0%| F|  |TAMS 0x0000000705600000, 0x0000000705600000| Untracked 
|  59|0x0000000705700000, 0x0000000705700000, 0x0000000705800000|  0%| F|  |TAMS 0x0000000705700000, 0x0000000705700000| Untracked 
|  60|0x0000000705800000, 0x0000000705800000, 0x0000000705900000|  0%| F|  |TAMS 0x0000000705800000, 0x0000000705800000| Untracked 
|  61|0x0000000705900000, 0x0000000705900000, 0x0000000705a00000|  0%| F|  |TAMS 0x0000000705900000, 0x0000000705900000| Untracked 
|  62|0x0000000705a00000, 0x0000000705a00000, 0x0000000705b00000|  0%| F|  |TAMS 0x0000000705a00000, 0x0000000705a00000| Untracked 
|  63|0x0000000705b00000, 0x0000000705b00000, 0x0000000705c00000|  0%| F|  |TAMS 0x0000000705b00000, 0x0000000705b00000| Untracked 
|  64|0x0000000705c00000, 0x0000000705c00000, 0x0000000705d00000|  0%| F|  |TAMS 0x0000000705c00000, 0x0000000705c00000| Untracked 
|  65|0x0000000705d00000, 0x0000000705d00000, 0x0000000705e00000|  0%| F|  |TAMS 0x0000000705d00000, 0x0000000705d00000| Untracked 
|  66|0x0000000705e00000, 0x0000000705e00000, 0x0000000705f00000|  0%| F|  |TAMS 0x0000000705e00000, 0x0000000705e00000| Untracked 
|  67|0x0000000705f00000, 0x0000000705f00000, 0x0000000706000000|  0%| F|  |TAMS 0x0000000705f00000, 0x0000000705f00000| Untracked 
|  68|0x0000000706000000, 0x0000000706000000, 0x0000000706100000|  0%| F|  |TAMS 0x0000000706000000, 0x0000000706000000| Untracked 
|  69|0x0000000706100000, 0x0000000706100000, 0x0000000706200000|  0%| F|  |TAMS 0x0000000706100000, 0x0000000706100000| Untracked 
|  70|0x0000000706200000, 0x0000000706200000, 0x0000000706300000|  0%| F|  |TAMS 0x0000000706200000, 0x0000000706200000| Untracked 
|  71|0x0000000706300000, 0x0000000706300000, 0x0000000706400000|  0%| F|  |TAMS 0x0000000706300000, 0x0000000706300000| Untracked 
|  72|0x0000000706400000, 0x0000000706400000, 0x0000000706500000|  0%| F|  |TAMS 0x0000000706400000, 0x0000000706400000| Untracked 
|  73|0x0000000706500000, 0x0000000706500000, 0x0000000706600000|  0%| F|  |TAMS 0x0000000706500000, 0x0000000706500000| Untracked 
|  74|0x0000000706600000, 0x0000000706600000, 0x0000000706700000|  0%| F|  |TAMS 0x0000000706600000, 0x0000000706600000| Untracked 
|  75|0x0000000706700000, 0x0000000706700000, 0x0000000706800000|  0%| F|  |TAMS 0x0000000706700000, 0x0000000706700000| Untracked 
|  76|0x0000000706800000, 0x0000000706800000, 0x0000000706900000|  0%| F|  |TAMS 0x0000000706800000, 0x0000000706800000| Untracked 
|  77|0x0000000706900000, 0x0000000706900000, 0x0000000706a00000|  0%| F|  |TAMS 0x0000000706900000, 0x0000000706900000| Untracked 
|  78|0x0000000706a00000, 0x0000000706a00000, 0x0000000706b00000|  0%| F|  |TAMS 0x0000000706a00000, 0x0000000706a00000| Untracked 
|  79|0x0000000706b00000, 0x0000000706b00000, 0x0000000706c00000|  0%| F|  |TAMS 0x0000000706b00000, 0x0000000706b00000| Untracked 
|  80|0x0000000706c00000, 0x0000000706c00000, 0x0000000706d00000|  0%| F|  |TAMS 0x0000000706c00000, 0x0000000706c00000| Untracked 
|  81|0x0000000706d00000, 0x0000000706d00000, 0x0000000706e00000|  0%| F|  |TAMS 0x0000000706d00000, 0x0000000706d00000| Untracked 
|  82|0x0000000706e00000, 0x0000000706e00000, 0x0000000706f00000|  0%| F|  |TAMS 0x0000000706e00000, 0x0000000706e00000| Untracked 
|  83|0x0000000706f00000, 0x0000000706f00000, 0x0000000707000000|  0%| F|  |TAMS 0x0000000706f00000, 0x0000000706f00000| Untracked 
|  84|0x0000000707000000, 0x0000000707000000, 0x0000000707100000|  0%| F|  |TAMS 0x0000000707000000, 0x0000000707000000| Untracked 
|  85|0x0000000707100000, 0x0000000707100000, 0x0000000707200000|  0%| F|  |TAMS 0x0000000707100000, 0x0000000707100000| Untracked 
|  86|0x0000000707200000, 0x0000000707200000, 0x0000000707300000|  0%| F|  |TAMS 0x0000000707200000, 0x0000000707200000| Untracked 
|  87|0x0000000707300000, 0x0000000707300000, 0x0000000707400000|  0%| F|  |TAMS 0x0000000707300000, 0x0000000707300000| Untracked 
|  88|0x0000000707400000, 0x0000000707400000, 0x0000000707500000|  0%| F|  |TAMS 0x0000000707400000, 0x0000000707400000| Untracked 
|  89|0x0000000707500000, 0x0000000707500000, 0x0000000707600000|  0%| F|  |TAMS 0x0000000707500000, 0x0000000707500000| Untracked 
|  90|0x0000000707600000, 0x0000000707600000, 0x0000000707700000|  0%| F|  |TAMS 0x0000000707600000, 0x0000000707600000| Untracked 
|  91|0x0000000707700000, 0x0000000707700000, 0x0000000707800000|  0%| F|  |TAMS 0x0000000707700000, 0x0000000707700000| Untracked 
|  92|0x0000000707800000, 0x0000000707800000, 0x0000000707900000|  0%| F|  |TAMS 0x0000000707800000, 0x0000000707800000| Untracked 
|  93|0x0000000707900000, 0x0000000707900000, 0x0000000707a00000|  0%| F|  |TAMS 0x0000000707900000, 0x0000000707900000| Untracked 
|  94|0x0000000707a00000, 0x0000000707a00000, 0x0000000707b00000|  0%| F|  |TAMS 0x0000000707a00000, 0x0000000707a00000| Untracked 
|  95|0x0000000707b00000, 0x0000000707b00000, 0x0000000707c00000|  0%| F|  |TAMS 0x0000000707b00000, 0x0000000707b00000| Untracked 
|  96|0x0000000707c00000, 0x0000000707c00000, 0x0000000707d00000|  0%| F|  |TAMS 0x0000000707c00000, 0x0000000707c00000| Untracked 
|  97|0x0000000707d00000, 0x0000000707d00000, 0x0000000707e00000|  0%| F|  |TAMS 0x0000000707d00000, 0x0000000707d00000| Untracked 
|  98|0x0000000707e00000, 0x0000000707e00000, 0x0000000707f00000|  0%| F|  |TAMS 0x0000000707e00000, 0x0000000707e00000| Untracked 
|  99|0x0000000707f00000, 0x0000000707f00000, 0x0000000708000000|  0%| F|  |TAMS 0x0000000707f00000, 0x0000000707f00000| Untracked 
| 100|0x0000000708000000, 0x0000000708000000, 0x0000000708100000|  0%| F|  |TAMS 0x0000000708000000, 0x0000000708000000| Untracked 
| 101|0x0000000708100000, 0x0000000708100000, 0x0000000708200000|  0%| F|  |TAMS 0x0000000708100000, 0x0000000708100000| Untracked 
| 102|0x0000000708200000, 0x0000000708200000, 0x0000000708300000|  0%| F|  |TAMS 0x0000000708200000, 0x0000000708200000| Untracked 
| 103|0x0000000708300000, 0x0000000708300000, 0x0000000708400000|  0%| F|  |TAMS 0x0000000708300000, 0x0000000708300000| Untracked 
| 104|0x0000000708400000, 0x0000000708400000, 0x0000000708500000|  0%| F|  |TAMS 0x0000000708400000, 0x0000000708400000| Untracked 
| 105|0x0000000708500000, 0x0000000708500000, 0x0000000708600000|  0%| F|  |TAMS 0x0000000708500000, 0x0000000708500000| Untracked 
| 106|0x0000000708600000, 0x0000000708600000, 0x0000000708700000|  0%| F|  |TAMS 0x0000000708600000, 0x0000000708600000| Untracked 
| 107|0x0000000708700000, 0x0000000708700000, 0x0000000708800000|  0%| F|  |TAMS 0x0000000708700000, 0x0000000708700000| Untracked 
| 108|0x0000000708800000, 0x0000000708800000, 0x0000000708900000|  0%| F|  |TAMS 0x0000000708800000, 0x0000000708800000| Untracked 
| 109|0x0000000708900000, 0x0000000708900000, 0x0000000708a00000|  0%| F|  |TAMS 0x0000000708900000, 0x0000000708900000| Untracked 
| 110|0x0000000708a00000, 0x0000000708a00000, 0x0000000708b00000|  0%| F|  |TAMS 0x0000000708a00000, 0x0000000708a00000| Untracked 
| 111|0x0000000708b00000, 0x0000000708b00000, 0x0000000708c00000|  0%| F|  |TAMS 0x0000000708b00000, 0x0000000708b00000| Untracked 
| 112|0x0000000708c00000, 0x0000000708c00000, 0x0000000708d00000|  0%| F|  |TAMS 0x0000000708c00000, 0x0000000708c00000| Untracked 
| 113|0x0000000708d00000, 0x0000000708d00000, 0x0000000708e00000|  0%| F|  |TAMS 0x0000000708d00000, 0x0000000708d00000| Untracked 
| 114|0x0000000708e00000, 0x0000000708e00000, 0x0000000708f00000|  0%| F|  |TAMS 0x0000000708e00000, 0x0000000708e00000| Untracked 
| 115|0x0000000708f00000, 0x0000000708f00000, 0x0000000709000000|  0%| F|  |TAMS 0x0000000708f00000, 0x0000000708f00000| Untracked 
| 116|0x0000000709000000, 0x0000000709000000, 0x0000000709100000|  0%| F|  |TAMS 0x0000000709000000, 0x0000000709000000| Untracked 
| 117|0x0000000709100000, 0x0000000709100000, 0x0000000709200000|  0%| F|  |TAMS 0x0000000709100000, 0x0000000709100000| Untracked 
| 118|0x0000000709200000, 0x0000000709200000, 0x0000000709300000|  0%| F|  |TAMS 0x0000000709200000, 0x0000000709200000| Untracked 
| 119|0x0000000709300000, 0x0000000709300000, 0x0000000709400000|  0%| F|  |TAMS 0x0000000709300000, 0x0000000709300000| Untracked 
| 120|0x0000000709400000, 0x0000000709400000, 0x0000000709500000|  0%| F|  |TAMS 0x0000000709400000, 0x0000000709400000| Untracked 
| 121|0x0000000709500000, 0x0000000709500000, 0x0000000709600000|  0%| F|  |TAMS 0x0000000709500000, 0x0000000709500000| Untracked 
| 122|0x0000000709600000, 0x0000000709600000, 0x0000000709700000|  0%| F|  |TAMS 0x0000000709600000, 0x0000000709600000| Untracked 
| 123|0x0000000709700000, 0x0000000709700000, 0x0000000709800000|  0%| F|  |TAMS 0x0000000709700000, 0x0000000709700000| Untracked 
| 124|0x0000000709800000, 0x0000000709800000, 0x0000000709900000|  0%| F|  |TAMS 0x0000000709800000, 0x0000000709800000| Untracked 
| 125|0x0000000709900000, 0x0000000709900000, 0x0000000709a00000|  0%| F|  |TAMS 0x0000000709900000, 0x0000000709900000| Untracked 
| 126|0x0000000709a00000, 0x0000000709a00000, 0x0000000709b00000|  0%| F|  |TAMS 0x0000000709a00000, 0x0000000709a00000| Untracked 
| 127|0x0000000709b00000, 0x0000000709b00000, 0x0000000709c00000|  0%| F|  |TAMS 0x0000000709b00000, 0x0000000709b00000| Untracked 
| 128|0x0000000709c00000, 0x0000000709c00000, 0x0000000709d00000|  0%| F|  |TAMS 0x0000000709c00000, 0x0000000709c00000| Untracked 
| 129|0x0000000709d00000, 0x0000000709d00000, 0x0000000709e00000|  0%| F|  |TAMS 0x0000000709d00000, 0x0000000709d00000| Untracked 
| 130|0x0000000709e00000, 0x0000000709e00000, 0x0000000709f00000|  0%| F|  |TAMS 0x0000000709e00000, 0x0000000709e00000| Untracked 
| 131|0x0000000709f00000, 0x0000000709f00000, 0x000000070a000000|  0%| F|  |TAMS 0x0000000709f00000, 0x0000000709f00000| Untracked 
| 132|0x000000070a000000, 0x000000070a000000, 0x000000070a100000|  0%| F|  |TAMS 0x000000070a000000, 0x000000070a000000| Untracked 
| 133|0x000000070a100000, 0x000000070a100000, 0x000000070a200000|  0%| F|  |TAMS 0x000000070a100000, 0x000000070a100000| Untracked 
| 134|0x000000070a200000, 0x000000070a200000, 0x000000070a300000|  0%| F|  |TAMS 0x000000070a200000, 0x000000070a200000| Untracked 
| 135|0x000000070a300000, 0x000000070a300000, 0x000000070a400000|  0%| F|  |TAMS 0x000000070a300000, 0x000000070a300000| Untracked 
| 136|0x000000070a400000, 0x000000070a400000, 0x000000070a500000|  0%| F|  |TAMS 0x000000070a400000, 0x000000070a400000| Untracked 
| 137|0x000000070a500000, 0x000000070a500000, 0x000000070a600000|  0%| F|  |TAMS 0x000000070a500000, 0x000000070a500000| Untracked 
| 138|0x000000070a600000, 0x000000070a600000, 0x000000070a700000|  0%| F|  |TAMS 0x000000070a600000, 0x000000070a600000| Untracked 
| 139|0x000000070a700000, 0x000000070a700000, 0x000000070a800000|  0%| F|  |TAMS 0x000000070a700000, 0x000000070a700000| Untracked 
| 140|0x000000070a800000, 0x000000070a800000, 0x000000070a900000|  0%| F|  |TAMS 0x000000070a800000, 0x000000070a800000| Untracked 
| 141|0x000000070a900000, 0x000000070a900000, 0x000000070aa00000|  0%| F|  |TAMS 0x000000070a900000, 0x000000070a900000| Untracked 
| 142|0x000000070aa00000, 0x000000070aa00000, 0x000000070ab00000|  0%| F|  |TAMS 0x000000070aa00000, 0x000000070aa00000| Untracked 
| 143|0x000000070ab00000, 0x000000070ab00000, 0x000000070ac00000|  0%| F|  |TAMS 0x000000070ab00000, 0x000000070ab00000| Untracked 
| 144|0x000000070ac00000, 0x000000070ac00000, 0x000000070ad00000|  0%| F|  |TAMS 0x000000070ac00000, 0x000000070ac00000| Untracked 
| 145|0x000000070ad00000, 0x000000070ad00000, 0x000000070ae00000|  0%| F|  |TAMS 0x000000070ad00000, 0x000000070ad00000| Untracked 
| 146|0x000000070ae00000, 0x000000070ae00000, 0x000000070af00000|  0%| F|  |TAMS 0x000000070ae00000, 0x000000070ae00000| Untracked 
| 147|0x000000070af00000, 0x000000070af00000, 0x000000070b000000|  0%| F|  |TAMS 0x000000070af00000, 0x000000070af00000| Untracked 
| 148|0x000000070b000000, 0x000000070b000000, 0x000000070b100000|  0%| F|  |TAMS 0x000000070b000000, 0x000000070b000000| Untracked 
| 149|0x000000070b100000, 0x000000070b100000, 0x000000070b200000|  0%| F|  |TAMS 0x000000070b100000, 0x000000070b100000| Untracked 
| 150|0x000000070b200000, 0x000000070b200000, 0x000000070b300000|  0%| F|  |TAMS 0x000000070b200000, 0x000000070b200000| Untracked 
| 151|0x000000070b300000, 0x000000070b300000, 0x000000070b400000|  0%| F|  |TAMS 0x000000070b300000, 0x000000070b300000| Untracked 
| 152|0x000000070b400000, 0x000000070b400000, 0x000000070b500000|  0%| F|  |TAMS 0x000000070b400000, 0x000000070b400000| Untracked 
| 153|0x000000070b500000, 0x000000070b500000, 0x000000070b600000|  0%| F|  |TAMS 0x000000070b500000, 0x000000070b500000| Untracked 
| 154|0x000000070b600000, 0x000000070b600000, 0x000000070b700000|  0%| F|  |TAMS 0x000000070b600000, 0x000000070b600000| Untracked 
| 155|0x000000070b700000, 0x000000070b700000, 0x000000070b800000|  0%| F|  |TAMS 0x000000070b700000, 0x000000070b700000| Untracked 
| 156|0x000000070b800000, 0x000000070b800000, 0x000000070b900000|  0%| F|  |TAMS 0x000000070b800000, 0x000000070b800000| Untracked 
| 157|0x000000070b900000, 0x000000070b900000, 0x000000070ba00000|  0%| F|  |TAMS 0x000000070b900000, 0x000000070b900000| Untracked 
| 158|0x000000070ba00000, 0x000000070ba00000, 0x000000070bb00000|  0%| F|  |TAMS 0x000000070ba00000, 0x000000070ba00000| Untracked 
| 159|0x000000070bb00000, 0x000000070bb00000, 0x000000070bc00000|  0%| F|  |TAMS 0x000000070bb00000, 0x000000070bb00000| Untracked 
| 160|0x000000070bc00000, 0x000000070bc00000, 0x000000070bd00000|  0%| F|  |TAMS 0x000000070bc00000, 0x000000070bc00000| Untracked 
| 161|0x000000070bd00000, 0x000000070bd00000, 0x000000070be00000|  0%| F|  |TAMS 0x000000070bd00000, 0x000000070bd00000| Untracked 
| 162|0x000000070be00000, 0x000000070be00000, 0x000000070bf00000|  0%| F|  |TAMS 0x000000070be00000, 0x000000070be00000| Untracked 
| 163|0x000000070bf00000, 0x000000070bf00000, 0x000000070c000000|  0%| F|  |TAMS 0x000000070bf00000, 0x000000070bf00000| Untracked 
| 164|0x000000070c000000, 0x000000070c000000, 0x000000070c100000|  0%| F|  |TAMS 0x000000070c000000, 0x000000070c000000| Untracked 
| 165|0x000000070c100000, 0x000000070c100000, 0x000000070c200000|  0%| F|  |TAMS 0x000000070c100000, 0x000000070c100000| Untracked 
| 166|0x000000070c200000, 0x000000070c200000, 0x000000070c300000|  0%| F|  |TAMS 0x000000070c200000, 0x000000070c200000| Untracked 
| 167|0x000000070c300000, 0x000000070c300000, 0x000000070c400000|  0%| F|  |TAMS 0x000000070c300000, 0x000000070c300000| Untracked 
| 168|0x000000070c400000, 0x000000070c400000, 0x000000070c500000|  0%| F|  |TAMS 0x000000070c400000, 0x000000070c400000| Untracked 
| 169|0x000000070c500000, 0x000000070c500000, 0x000000070c600000|  0%| F|  |TAMS 0x000000070c500000, 0x000000070c500000| Untracked 
| 170|0x000000070c600000, 0x000000070c600000, 0x000000070c700000|  0%| F|  |TAMS 0x000000070c600000, 0x000000070c600000| Untracked 
| 171|0x000000070c700000, 0x000000070c700000, 0x000000070c800000|  0%| F|  |TAMS 0x000000070c700000, 0x000000070c700000| Untracked 
| 172|0x000000070c800000, 0x000000070c800000, 0x000000070c900000|  0%| F|  |TAMS 0x000000070c800000, 0x000000070c800000| Untracked 
| 173|0x000000070c900000, 0x000000070c900000, 0x000000070ca00000|  0%| F|  |TAMS 0x000000070c900000, 0x000000070c900000| Untracked 
| 174|0x000000070ca00000, 0x000000070ca00000, 0x000000070cb00000|  0%| F|  |TAMS 0x000000070ca00000, 0x000000070ca00000| Untracked 
| 175|0x000000070cb00000, 0x000000070cb00000, 0x000000070cc00000|  0%| F|  |TAMS 0x000000070cb00000, 0x000000070cb00000| Untracked 
| 176|0x000000070cc00000, 0x000000070cc00000, 0x000000070cd00000|  0%| F|  |TAMS 0x000000070cc00000, 0x000000070cc00000| Untracked 
| 177|0x000000070cd00000, 0x000000070cd00000, 0x000000070ce00000|  0%| F|  |TAMS 0x000000070cd00000, 0x000000070cd00000| Untracked 
| 178|0x000000070ce00000, 0x000000070ce00000, 0x000000070cf00000|  0%| F|  |TAMS 0x000000070ce00000, 0x000000070ce00000| Untracked 
| 179|0x000000070cf00000, 0x000000070cf00000, 0x000000070d000000|  0%| F|  |TAMS 0x000000070cf00000, 0x000000070cf00000| Untracked 
| 180|0x000000070d000000, 0x000000070d000000, 0x000000070d100000|  0%| F|  |TAMS 0x000000070d000000, 0x000000070d000000| Untracked 
| 181|0x000000070d100000, 0x000000070d100000, 0x000000070d200000|  0%| F|  |TAMS 0x000000070d100000, 0x000000070d100000| Untracked 
| 182|0x000000070d200000, 0x000000070d200000, 0x000000070d300000|  0%| F|  |TAMS 0x000000070d200000, 0x000000070d200000| Untracked 
| 183|0x000000070d300000, 0x000000070d300000, 0x000000070d400000|  0%| F|  |TAMS 0x000000070d300000, 0x000000070d300000| Untracked 
| 184|0x000000070d400000, 0x000000070d400000, 0x000000070d500000|  0%| F|  |TAMS 0x000000070d400000, 0x000000070d400000| Untracked 
| 185|0x000000070d500000, 0x000000070d500000, 0x000000070d600000|  0%| F|  |TAMS 0x000000070d500000, 0x000000070d500000| Untracked 
| 186|0x000000070d600000, 0x000000070d600000, 0x000000070d700000|  0%| F|  |TAMS 0x000000070d600000, 0x000000070d600000| Untracked 
| 187|0x000000070d700000, 0x000000070d700000, 0x000000070d800000|  0%| F|  |TAMS 0x000000070d700000, 0x000000070d700000| Untracked 
| 188|0x000000070d800000, 0x000000070d800000, 0x000000070d900000|  0%| F|  |TAMS 0x000000070d800000, 0x000000070d800000| Untracked 
| 189|0x000000070d900000, 0x000000070d900000, 0x000000070da00000|  0%| F|  |TAMS 0x000000070d900000, 0x000000070d900000| Untracked 
| 190|0x000000070da00000, 0x000000070da00000, 0x000000070db00000|  0%| F|  |TAMS 0x000000070da00000, 0x000000070da00000| Untracked 
| 191|0x000000070db00000, 0x000000070db00000, 0x000000070dc00000|  0%| F|  |TAMS 0x000000070db00000, 0x000000070db00000| Untracked 
| 192|0x000000070dc00000, 0x000000070dc00000, 0x000000070dd00000|  0%| F|  |TAMS 0x000000070dc00000, 0x000000070dc00000| Untracked 
| 193|0x000000070dd00000, 0x000000070dd00000, 0x000000070de00000|  0%| F|  |TAMS 0x000000070dd00000, 0x000000070dd00000| Untracked 
| 194|0x000000070de00000, 0x000000070de00000, 0x000000070df00000|  0%| F|  |TAMS 0x000000070de00000, 0x000000070de00000| Untracked 
| 195|0x000000070df00000, 0x000000070df00000, 0x000000070e000000|  0%| F|  |TAMS 0x000000070df00000, 0x000000070df00000| Untracked 
| 196|0x000000070e000000, 0x000000070e000000, 0x000000070e100000|  0%| F|  |TAMS 0x000000070e000000, 0x000000070e000000| Untracked 
| 197|0x000000070e100000, 0x000000070e100000, 0x000000070e200000|  0%| F|  |TAMS 0x000000070e100000, 0x000000070e100000| Untracked 
| 198|0x000000070e200000, 0x000000070e200000, 0x000000070e300000|  0%| F|  |TAMS 0x000000070e200000, 0x000000070e200000| Untracked 
| 199|0x000000070e300000, 0x000000070e300000, 0x000000070e400000|  0%| F|  |TAMS 0x000000070e300000, 0x000000070e300000| Untracked 
| 200|0x000000070e400000, 0x000000070e400000, 0x000000070e500000|  0%| F|  |TAMS 0x000000070e400000, 0x000000070e400000| Untracked 
| 201|0x000000070e500000, 0x000000070e500000, 0x000000070e600000|  0%| F|  |TAMS 0x000000070e500000, 0x000000070e500000| Untracked 
| 202|0x000000070e600000, 0x000000070e600000, 0x000000070e700000|  0%| F|  |TAMS 0x000000070e600000, 0x000000070e600000| Untracked 
| 203|0x000000070e700000, 0x000000070e700000, 0x000000070e800000|  0%| F|  |TAMS 0x000000070e700000, 0x000000070e700000| Untracked 
| 204|0x000000070e800000, 0x000000070e800000, 0x000000070e900000|  0%| F|  |TAMS 0x000000070e800000, 0x000000070e800000| Untracked 
| 205|0x000000070e900000, 0x000000070e900000, 0x000000070ea00000|  0%| F|  |TAMS 0x000000070e900000, 0x000000070e900000| Untracked 
| 206|0x000000070ea00000, 0x000000070ea00000, 0x000000070eb00000|  0%| F|  |TAMS 0x000000070ea00000, 0x000000070ea00000| Untracked 
| 207|0x000000070eb00000, 0x000000070eb00000, 0x000000070ec00000|  0%| F|  |TAMS 0x000000070eb00000, 0x000000070eb00000| Untracked 
| 208|0x000000070ec00000, 0x000000070ec00000, 0x000000070ed00000|  0%| F|  |TAMS 0x000000070ec00000, 0x000000070ec00000| Untracked 
| 209|0x000000070ed00000, 0x000000070ed00000, 0x000000070ee00000|  0%| F|  |TAMS 0x000000070ed00000, 0x000000070ed00000| Untracked 
| 210|0x000000070ee00000, 0x000000070ee00000, 0x000000070ef00000|  0%| F|  |TAMS 0x000000070ee00000, 0x000000070ee00000| Untracked 
| 211|0x000000070ef00000, 0x000000070ef00000, 0x000000070f000000|  0%| F|  |TAMS 0x000000070ef00000, 0x000000070ef00000| Untracked 
| 212|0x000000070f000000, 0x000000070f000000, 0x000000070f100000|  0%| F|  |TAMS 0x000000070f000000, 0x000000070f000000| Untracked 
| 213|0x000000070f100000, 0x000000070f100000, 0x000000070f200000|  0%| F|  |TAMS 0x000000070f100000, 0x000000070f100000| Untracked 
| 214|0x000000070f200000, 0x000000070f200000, 0x000000070f300000|  0%| F|  |TAMS 0x000000070f200000, 0x000000070f200000| Untracked 
| 215|0x000000070f300000, 0x000000070f300000, 0x000000070f400000|  0%| F|  |TAMS 0x000000070f300000, 0x000000070f300000| Untracked 
| 216|0x000000070f400000, 0x000000070f400000, 0x000000070f500000|  0%| F|  |TAMS 0x000000070f400000, 0x000000070f400000| Untracked 
| 217|0x000000070f500000, 0x000000070f500000, 0x000000070f600000|  0%| F|  |TAMS 0x000000070f500000, 0x000000070f500000| Untracked 
| 218|0x000000070f600000, 0x000000070f600000, 0x000000070f700000|  0%| F|  |TAMS 0x000000070f600000, 0x000000070f600000| Untracked 
| 219|0x000000070f700000, 0x000000070f700000, 0x000000070f800000|  0%| F|  |TAMS 0x000000070f700000, 0x000000070f700000| Untracked 
| 220|0x000000070f800000, 0x000000070f800000, 0x000000070f900000|  0%| F|  |TAMS 0x000000070f800000, 0x000000070f800000| Untracked 
| 221|0x000000070f900000, 0x000000070f900000, 0x000000070fa00000|  0%| F|  |TAMS 0x000000070f900000, 0x000000070f900000| Untracked 
| 222|0x000000070fa00000, 0x000000070fa00000, 0x000000070fb00000|  0%| F|  |TAMS 0x000000070fa00000, 0x000000070fa00000| Untracked 
| 223|0x000000070fb00000, 0x000000070fb00000, 0x000000070fc00000|  0%| F|  |TAMS 0x000000070fb00000, 0x000000070fb00000| Untracked 
| 224|0x000000070fc00000, 0x000000070fc00000, 0x000000070fd00000|  0%| F|  |TAMS 0x000000070fc00000, 0x000000070fc00000| Untracked 
| 225|0x000000070fd00000, 0x000000070fd00000, 0x000000070fe00000|  0%| F|  |TAMS 0x000000070fd00000, 0x000000070fd00000| Untracked 
| 226|0x000000070fe00000, 0x000000070fe00000, 0x000000070ff00000|  0%| F|  |TAMS 0x000000070fe00000, 0x000000070fe00000| Untracked 
| 227|0x000000070ff00000, 0x000000070ff00000, 0x0000000710000000|  0%| F|  |TAMS 0x000000070ff00000, 0x000000070ff00000| Untracked 
| 228|0x0000000710000000, 0x0000000710000000, 0x0000000710100000|  0%| F|  |TAMS 0x0000000710000000, 0x0000000710000000| Untracked 
| 229|0x0000000710100000, 0x0000000710100000, 0x0000000710200000|  0%| F|  |TAMS 0x0000000710100000, 0x0000000710100000| Untracked 
| 230|0x0000000710200000, 0x0000000710200000, 0x0000000710300000|  0%| F|  |TAMS 0x0000000710200000, 0x0000000710200000| Untracked 
| 231|0x0000000710300000, 0x0000000710300000, 0x0000000710400000|  0%| F|  |TAMS 0x0000000710300000, 0x0000000710300000| Untracked 
| 232|0x0000000710400000, 0x0000000710400000, 0x0000000710500000|  0%| F|  |TAMS 0x0000000710400000, 0x0000000710400000| Untracked 
| 233|0x0000000710500000, 0x0000000710500000, 0x0000000710600000|  0%| F|  |TAMS 0x0000000710500000, 0x0000000710500000| Untracked 
| 234|0x0000000710600000, 0x0000000710600000, 0x0000000710700000|  0%| F|  |TAMS 0x0000000710600000, 0x0000000710600000| Untracked 
| 235|0x0000000710700000, 0x0000000710700000, 0x0000000710800000|  0%| F|  |TAMS 0x0000000710700000, 0x0000000710700000| Untracked 
| 236|0x0000000710800000, 0x0000000710800000, 0x0000000710900000|  0%| F|  |TAMS 0x0000000710800000, 0x0000000710800000| Untracked 
| 237|0x0000000710900000, 0x0000000710900000, 0x0000000710a00000|  0%| F|  |TAMS 0x0000000710900000, 0x0000000710900000| Untracked 
| 238|0x0000000710a00000, 0x0000000710a00000, 0x0000000710b00000|  0%| F|  |TAMS 0x0000000710a00000, 0x0000000710a00000| Untracked 
| 239|0x0000000710b00000, 0x0000000710b00000, 0x0000000710c00000|  0%| F|  |TAMS 0x0000000710b00000, 0x0000000710b00000| Untracked 
| 240|0x0000000710c00000, 0x0000000710c00000, 0x0000000710d00000|  0%| F|  |TAMS 0x0000000710c00000, 0x0000000710c00000| Untracked 
| 241|0x0000000710d00000, 0x0000000710d00000, 0x0000000710e00000|  0%| F|  |TAMS 0x0000000710d00000, 0x0000000710d00000| Untracked 
| 242|0x0000000710e00000, 0x0000000710e00000, 0x0000000710f00000|  0%| F|  |TAMS 0x0000000710e00000, 0x0000000710e00000| Untracked 
| 243|0x0000000710f00000, 0x0000000710f00000, 0x0000000711000000|  0%| F|  |TAMS 0x0000000710f00000, 0x0000000710f00000| Untracked 
| 244|0x0000000711000000, 0x0000000711000000, 0x0000000711100000|  0%| F|  |TAMS 0x0000000711000000, 0x0000000711000000| Untracked 
| 245|0x0000000711100000, 0x0000000711100000, 0x0000000711200000|  0%| F|  |TAMS 0x0000000711100000, 0x0000000711100000| Untracked 
| 246|0x0000000711200000, 0x0000000711200000, 0x0000000711300000|  0%| F|  |TAMS 0x0000000711200000, 0x0000000711200000| Untracked 
| 247|0x0000000711300000, 0x0000000711300000, 0x0000000711400000|  0%| F|  |TAMS 0x0000000711300000, 0x0000000711300000| Untracked 
| 248|0x0000000711400000, 0x0000000711400000, 0x0000000711500000|  0%| F|  |TAMS 0x0000000711400000, 0x0000000711400000| Untracked 
| 249|0x0000000711500000, 0x0000000711500000, 0x0000000711600000|  0%| F|  |TAMS 0x0000000711500000, 0x0000000711500000| Untracked 
| 250|0x0000000711600000, 0x0000000711600000, 0x0000000711700000|  0%| F|  |TAMS 0x0000000711600000, 0x0000000711600000| Untracked 
| 251|0x0000000711700000, 0x0000000711700000, 0x0000000711800000|  0%| F|  |TAMS 0x0000000711700000, 0x0000000711700000| Untracked 
| 252|0x0000000711800000, 0x0000000711800000, 0x0000000711900000|  0%| F|  |TAMS 0x0000000711800000, 0x0000000711800000| Untracked 
| 253|0x0000000711900000, 0x0000000711a00000, 0x0000000711a00000|100%| E|  |TAMS 0x0000000711900000, 0x0000000711900000| Complete 
| 254|0x0000000711a00000, 0x0000000711b00000, 0x0000000711b00000|100%| E|CS|TAMS 0x0000000711a00000, 0x0000000711a00000| Complete 
| 255|0x0000000711b00000, 0x0000000711c00000, 0x0000000711c00000|100%| E|CS|TAMS 0x0000000711b00000, 0x0000000711b00000| Complete 
|3042|0x00000007bfe00000, 0x00000007bfe44000, 0x00000007bff00000| 26%|OA|  |TAMS 0x00000007bfe00000, 0x00000007bfe00000| Untracked 
|3043|0x00000007bff00000, 0x00000007bff6a000, 0x00000007c0000000| 41%|CA|  |TAMS 0x00000007bff00000, 0x00000007bff00000| Untracked 

Card table byte_map: [0x00007f6b2a1f0000,0x00007f6b2a9e2000] _byte_map_base: 0x00007f6b269e2000

Marking Bits (Prev, Next): (CMBitMap*) 0x00007f6b4407d138, (CMBitMap*) 0x00007f6b4407d170
 Prev Bits: [0x00007f6b20070000, 0x00007f6b24000000)
 Next Bits: [0x00007f6b1c0e0000, 0x00007f6b20070000)

Polling page: 0x00007f6b4b460000

Metaspace:

Usage:
  Non-class:      4.15 MB capacity,     1.02 MB ( 25%) used,     3.13 MB ( 75%) free+waste,     5.00 KB ( <1%) overhead. 
      Class:    469.00 KB capacity,   126.90 KB ( 27%) used,   338.98 KB ( 72%) free+waste,     3.12 KB ( <1%) overhead. 
       Both:      4.61 MB capacity,     1.14 MB ( 25%) used,     3.46 MB ( 75%) free+waste,     8.12 KB ( <1%) overhead. 

Virtual space:
  Non-class space:        8.00 MB reserved,       4.25 MB ( 53%) committed 
      Class space:        1.00 GB reserved,     512.00 KB ( <1%) committed 
             Both:        1.01 GB reserved,       4.75 MB ( <1%) committed 

Chunk freelists:
   Non-Class:  0 bytes
       Class:  0 bytes
        Both:  0 bytes

MaxMetaspaceSize: unlimited
CompressedClassSpaceSize: 1.00 GB

CodeHeap 'non-profiled nmethods': size=120032Kb used=86Kb max_used=86Kb free=119945Kb
 bounds [0x00007f6b33538000, 0x00007f6b337a8000, 0x00007f6b3aa70000]
CodeHeap 'profiled nmethods': size=120028Kb used=437Kb max_used=437Kb free=119590Kb
 bounds [0x00007f6b2c001000, 0x00007f6b2c271000, 0x00007f6b33538000]
CodeHeap 'non-nmethods': size=5700Kb used=1116Kb max_used=1124Kb free=4583Kb
 bounds [0x00007f6b2ba70000, 0x00007f6b2bce0000, 0x00007f6b2c001000]
 total_blobs=703 nmethods=299 adapters=256
 compilation: enabled
              stopped_count=0, restarted_count=0
 full_count=0

Compilation events (20 events):
Event: 0.380 Thread 0x00007f6b441e4800  294       3       jdk.internal.org.objectweb.asm.ClassWriter::newStringishItem (68 bytes)
Event: 0.381 Thread 0x00007f6b441e4800 nmethod 294 0x00007f6b2c06b590 code [0x00007f6b2c06b7a0, 0x00007f6b2c06bbd8]
Event: 0.381 Thread 0x00007f6b441e4800  292       3       java.lang.invoke.MethodType::parameterSlotCount (8 bytes)
Event: 0.382 Thread 0x00007f6b441e4800 nmethod 292 0x00007f6b2c06bd90 code [0x00007f6b2c06bf60, 0x00007f6b2c06c1d0]
Event: 0.382 Thread 0x00007f6b441e4800  276       1       java.lang.invoke.LambdaForm$NamedFunction::intrinsicName (5 bytes)
Event: 0.382 Thread 0x00007f6b441e4800 nmethod 276 0x00007f6b3354ce10 code [0x00007f6b3354cfc0, 0x00007f6b3354d0f0]
Event: 0.382 Thread 0x00007f6b441e4800  289       3       java.util.ArrayList::add (25 bytes)
Event: 0.383 Thread 0x00007f6b441e4800 nmethod 289 0x00007f6b2c06c310 code [0x00007f6b2c06c520, 0x00007f6b2c06cbb8]
Event: 0.383 Thread 0x00007f6b441e4800  290       3       java.util.ArrayList::add (23 bytes)
Event: 0.384 Thread 0x00007f6b441e4800 nmethod 290 0x00007f6b2c06ce90 code [0x00007f6b2c06d0a0, 0x00007f6b2c06d6b8]
Event: 0.384 Thread 0x00007f6b441e4800  279       1       java.lang.invoke.LambdaForm$BasicType::basicTypeChar (5 bytes)
Event: 0.384 Thread 0x00007f6b441e4800 nmethod 279 0x00007f6b3354d190 code [0x00007f6b3354d340, 0x00007f6b3354d470]
Event: 0.385 Thread 0x00007f6b441e4800  296       3       sun.invoke.util.VerifyType::isNullType (18 bytes)
Event: 0.386 Thread 0x00007f6b441e4800 nmethod 296 0x00007f6b2c06d910 code [0x00007f6b2c06dac0, 0x00007f6b2c06dcb0]
Event: 0.386 Thread 0x00007f6b441e4800  297       3       jdk.internal.org.objectweb.asm.ClassWriter::newNameType (10 bytes)
Event: 0.386 Thread 0x00007f6b441e4800 nmethod 297 0x00007f6b2c06dd10 code [0x00007f6b2c06dee0, 0x00007f6b2c06e0c8]
Event: 0.391 Thread 0x00007f6b441e4800  298       3       java.lang.StringUTF16::compress (50 bytes)
Event: 0.391 Thread 0x00007f6b441e4800 nmethod 298 0x00007f6b2c06e190 code [0x00007f6b2c06e360, 0x00007f6b2c06e5f0]
Event: 0.394 Thread 0x00007f6b441e4800  299       1       java.lang.invoke.MethodTypeForm::basicType (5 bytes)
Event: 0.394 Thread 0x00007f6b441e4800 nmethod 299 0x00007f6b3354d710 code [0x00007f6b3354d8c0, 0x00007f6b3354d9f0]

GC Heap History (0 events):
No events

Deoptimization events (4 events):
Event: 0.283 Thread 0x00007f6b44015000 Uncommon trap: trap_request=0xffffff4d fr.pc=0x00007f6b33542384 relative=0x00000000000000e4
Event: 0.283 Thread 0x00007f6b44015000 Uncommon trap: reason=unstable_if action=reinterpret pc=0x00007f6b33542384 method=java.lang.String.isLatin1()Z @ 10 c2
Event: 0.283 Thread 0x00007f6b44015000 DEOPT PACKING pc=0x00007f6b33542384 sp=0x00007f6b4b56f420
Event: 0.283 Thread 0x00007f6b44015000 DEOPT UNPACKING pc=0x00007f6b2baa92a5 sp=0x00007f6b4b56f390 mode 2

Classes redefined (0 events):
No events

Internal exceptions (2 events):
Event: 0.303 Thread 0x00007f6b44015000 Exception <a 'java/lang/NoSuchMethodError'{0x0000000711a71fb0}: 'java.lang.Object java.lang.invoke.DirectMethodHandle$Holder.invokeStatic(java.lang.Object, java.lang.Object, java.lang.Object, java.lang.Object, java.lang.Object, java.lang.Object, java.lang
Event: 0.309 Thread 0x00007f6b44015000 Exception <a 'java/lang/NoSuchMethodError'{0x0000000711a8d3b8}: 'java.lang.Object java.lang.invoke.DirectMethodHandle$Holder.invokeStatic(java.lang.Object, java.lang.Object, java.lang.Object, java.lang.Object, java.lang.Object, java.lang.Object, java.lang

Events (20 events):
Event: 0.386 loading class jdk/internal/misc/JavaObjectInputStreamAccess
Event: 0.386 loading class jdk/internal/misc/JavaObjectInputStreamAccess done
Event: 0.387 loading class java/io/ObjectInputStream$BlockDataInputStream
Event: 0.387 loading class java/io/ObjectInputStream$BlockDataInputStream done
Event: 0.387 loading class java/io/ObjectInputStream$PeekInputStream
Event: 0.387 loading class java/io/ObjectInputStream$PeekInputStream done
Event: 0.387 loading class java/io/ObjectInputStream$HandleTable
Event: 0.387 loading class java/io/ObjectInputStream$HandleTable done
Event: 0.388 loading class java/io/ObjectInputStream$HandleTable$HandleList
Event: 0.388 loading class java/io/ObjectInputStream$HandleTable$HandleList done
Event: 0.388 loading class java/io/ObjectInputStream$ValidationList
Event: 0.388 loading class java/io/ObjectInputStream$ValidationList done
Event: 0.388 loading class java/io/ObjectInputFilter$Config
Event: 0.388 loading class java/io/ObjectInputFilter$Config done
Event: 0.388 loading class java/io/ObjectInputFilter
Event: 0.388 loading class java/io/ObjectInputFilter done
Event: 0.393 loading class jdk/internal/misc/JavaObjectInputFilterAccess
Event: 0.393 loading class jdk/internal/misc/JavaObjectInputFilterAccess done
Event: 75059.951 loading class jdk/internal/misc/Signal$1
Event: 75059.951 loading class jdk/internal/misc/Signal$1 done


Dynamic libraries:
701c00000-711c00000 rw-p 00000000 00:00 0
711c00000-7bfe00000 ---p 00000000 00:00 0
7bfe00000-7bfe44000 rw-p 01104000 00:00 181837                   /usr/lib/jvm/java-11-openjdk-amd64/lib/server/classes.jsa
7bfe44000-7bff00000 rw-p 00000000 00:00 0
7bff00000-7bff6a000 rw-p 0109a000 00:00 181837                   /usr/lib/jvm/java-11-openjdk-amd64/lib/server/classes.jsa
7bff6a000-7c0000000 rw-p 00000000 00:00 0
7c0000000-800000000 ---p 00000000 00:00 0
800000000-800002000 rwxp 00001000 00:00 181837                   /usr/lib/jvm/java-11-openjdk-amd64/lib/server/classes.jsa
800002000-8003b8000 rw-p 00003000 00:00 181837                   /usr/lib/jvm/java-11-openjdk-amd64/lib/server/classes.jsa
8003b8000-800a8c000 rw-p 003b9000 00:00 181837                   /usr/lib/jvm/java-11-openjdk-amd64/lib/server/classes.jsa
800a8c000-800a8d000 rw-p 00a8d000 00:00 181837                   /usr/lib/jvm/java-11-openjdk-amd64/lib/server/classes.jsa
800a8d000-801099000 rw-p 00a8e000 00:00 181837                   /usr/lib/jvm/java-11-openjdk-amd64/lib/server/classes.jsa
840000000-840080000 rw-p 00000000 00:00 0
840080000-880000000 ---p 00000000 00:00 0
7f6acc000000-7f6acc021000 rw-p 00000000 00:00 0
7f6acc021000-7f6ad0000000 ---p 00000000 00:00 0
7f6ad0000000-7f6ad0021000 rw-p 00000000 00:00 0
7f6ad0021000-7f6ad4000000 ---p 00000000 00:00 0
7f6ad4000000-7f6ad4021000 rw-p 00000000 00:00 0
7f6ad4021000-7f6ad8000000 ---p 00000000 00:00 0
7f6ad8000000-7f6ad8021000 rw-p 00000000 00:00 0
7f6ad8021000-7f6adc000000 ---p 00000000 00:00 0
7f6adc000000-7f6adc021000 rw-p 00000000 00:00 0
7f6adc021000-7f6ae0000000 ---p 00000000 00:00 0
7f6ae0000000-7f6ae0021000 rw-p 00000000 00:00 0
7f6ae0021000-7f6ae4000000 ---p 00000000 00:00 0
7f6ae4000000-7f6ae4021000 rw-p 00000000 00:00 0
7f6ae4021000-7f6ae8000000 ---p 00000000 00:00 0
7f6ae8000000-7f6ae8021000 rw-p 00000000 00:00 0
7f6ae8021000-7f6aec000000 ---p 00000000 00:00 0
7f6aec000000-7f6aec22d000 rw-p 00000000 00:00 0
7f6aec22d000-7f6af0000000 ---p 00000000 00:00 0
7f6af0000000-7f6af0021000 rw-p 00000000 00:00 0
7f6af0021000-7f6af4000000 ---p 00000000 00:00 0
7f6af4000000-7f6af4021000 rw-p 00000000 00:00 0
7f6af4021000-7f6af8000000 ---p 00000000 00:00 0
7f6af8000000-7f6af80af000 rw-p 00000000 00:00 0
7f6af80af000-7f6afc000000 ---p 00000000 00:00 0
7f6afc000000-7f6afc021000 rw-p 00000000 00:00 0
7f6afc021000-7f6b00000000 ---p 00000000 00:00 0
7f6b00000000-7f6b00021000 rw-p 00000000 00:00 0
7f6b00021000-7f6b04000000 ---p 00000000 00:00 0
7f6b04000000-7f6b04021000 rw-p 00000000 00:00 0
7f6b04021000-7f6b08000000 ---p 00000000 00:00 0
7f6b08000000-7f6b08021000 rw-p 00000000 00:00 0
7f6b08021000-7f6b0c000000 ---p 00000000 00:00 0
7f6b0c000000-7f6b0c021000 rw-p 00000000 00:00 0
7f6b0c021000-7f6b10000000 ---p 00000000 00:00 0
7f6b10000000-7f6b10021000 rw-p 00000000 00:00 0
7f6b10021000-7f6b14000000 ---p 00000000 00:00 0
7f6b147e0000-7f6b148e1000 rw-p 00000000 00:00 0
7f6b148f0000-7f6b148f4000 ---p 00000000 00:00 0
7f6b148f4000-7f6b149f1000 rw-p 00000000 00:00 0
7f6b14a00000-7f6b14a02000 r-xp 00000000 00:00 138092             /usr/lib/jvm/java-11-openjdk-amd64/lib/libextnet.so
7f6b14a02000-7f6b14a03000 ---p 00002000 00:00 138092             /usr/lib/jvm/java-11-openjdk-amd64/lib/libextnet.so
7f6b14a03000-7f6b14c01000 ---p 00000003 00:00 138092             /usr/lib/jvm/java-11-openjdk-amd64/lib/libextnet.so
7f6b14c01000-7f6b14c02000 r--p 00001000 00:00 138092             /usr/lib/jvm/java-11-openjdk-amd64/lib/libextnet.so
7f6b14c02000-7f6b14c03000 rw-p 00002000 00:00 138092             /usr/lib/jvm/java-11-openjdk-amd64/lib/libextnet.so
7f6b14c10000-7f6b14c14000 ---p 00000000 00:00 0
7f6b14c14000-7f6b14d11000 rw-p 00000000 00:00 0
7f6b14d20000-7f6b14d36000 r-xp 00000000 00:00 139242             /usr/lib/jvm/java-11-openjdk-amd64/lib/libnet.so
7f6b14d36000-7f6b14d37000 ---p 00016000 00:00 139242             /usr/lib/jvm/java-11-openjdk-amd64/lib/libnet.so
7f6b14d37000-7f6b14f35000 ---p 00000017 00:00 139242             /usr/lib/jvm/java-11-openjdk-amd64/lib/libnet.so
7f6b14f35000-7f6b14f36000 r--p 00015000 00:00 139242             /usr/lib/jvm/java-11-openjdk-amd64/lib/libnet.so
7f6b14f36000-7f6b14f37000 rw-p 00016000 00:00 139242             /usr/lib/jvm/java-11-openjdk-amd64/lib/libnet.so
7f6b14f40000-7f6b14f50000 r-xp 00000000 00:00 139247             /usr/lib/jvm/java-11-openjdk-amd64/lib/libnio.so
7f6b14f50000-7f6b14f51000 ---p 00010000 00:00 139247             /usr/lib/jvm/java-11-openjdk-amd64/lib/libnio.so
7f6b14f51000-7f6b1514f000 ---p 00000011 00:00 139247             /usr/lib/jvm/java-11-openjdk-amd64/lib/libnio.so
7f6b1514f000-7f6b15150000 r--p 0000f000 00:00 139247             /usr/lib/jvm/java-11-openjdk-amd64/lib/libnio.so
7f6b15150000-7f6b15151000 rw-p 00010000 00:00 139247             /usr/lib/jvm/java-11-openjdk-amd64/lib/libnio.so
7f6b15160000-7f6b15161000 ---p 00000000 00:00 0
7f6b15161000-7f6b15262000 rw-p 00000000 00:00 0
7f6b15270000-7f6b15274000 ---p 00000000 00:00 0
7f6b15274000-7f6b15371000 rw-p 00000000 00:00 0
7f6b15380000-7f6b15384000 ---p 00000000 00:00 0
7f6b15384000-7f6b15481000 rw-p 00000000 00:00 0
7f6b15490000-7f6b15494000 ---p 00000000 00:00 0
7f6b15494000-7f6b15591000 rw-p 00000000 00:00 0
7f6b155a0000-7f6b155a4000 ---p 00000000 00:00 0
7f6b155a4000-7f6b156a1000 rw-p 00000000 00:00 0
7f6b156b0000-7f6b156b4000 r-xp 00000000 00:00 137958             /usr/lib/jvm/java-11-openjdk-amd64/lib/libdt_socket.so
7f6b156b4000-7f6b156b6000 ---p 00004000 00:00 137958             /usr/lib/jvm/java-11-openjdk-amd64/lib/libdt_socket.so
7f6b156b6000-7f6b158b4000 ---p 00000006 00:00 137958             /usr/lib/jvm/java-11-openjdk-amd64/lib/libdt_socket.so
7f6b158b4000-7f6b158b5000 r--p 00004000 00:00 137958             /usr/lib/jvm/java-11-openjdk-amd64/lib/libdt_socket.so
7f6b158b5000-7f6b158b6000 rw-p 00005000 00:00 137958             /usr/lib/jvm/java-11-openjdk-amd64/lib/libdt_socket.so
7f6b158c0000-7f6b158c4000 ---p 00000000 00:00 0
7f6b158c4000-7f6b159c1000 rw-p 00000000 00:00 0
7f6b159d0000-7f6b159d4000 ---p 00000000 00:00 0
7f6b159d4000-7f6b15ad1000 rw-p 00000000 00:00 0
7f6b15ae0000-7f6b15ae4000 ---p 00000000 00:00 0
7f6b15ae4000-7f6b15be1000 rw-p 00000000 00:00 0
7f6b15bf0000-7f6b15bf4000 ---p 00000000 00:00 0
7f6b15bf4000-7f6b15cf1000 rw-p 00000000 00:00 0
7f6b15cf2000-7f6b15e65000 r--p 00000000 00:00 620215             /usr/lib/locale/C.UTF-8/LC_COLLATE
7f6b15e65000-7f6b16000000 r--p 00000000 00:00 620296             /usr/lib/locale/locale-archive
7f6b16000000-7f6b18021000 rw-p 00000000 00:00 0
7f6b18021000-7f6b1c000000 ---p 00000000 00:00 0
7f6b1c070000-7f6b1c0a1000 rw-p 00000000 00:00 0
7f6b1c0af000-7f6b1c0e0000 r--p 00000000 00:00 620223             /usr/lib/locale/C.UTF-8/LC_CTYPE
7f6b1c0e0000-7f6b1c4e0000 rw-p 00000000 00:00 0
7f6b1c4e0000-7f6b1f068000 ---p 00000000 00:00 0
7f6b1f068000-7f6b1f070000 rw-p 00000000 00:00 0
7f6b1f070000-7f6b20070000 ---p 00000000 00:00 0
7f6b20070000-7f6b20470000 rw-p 00000000 00:00 0
7f6b20470000-7f6b22ff8000 ---p 00000000 00:00 0
7f6b22ff8000-7f6b23000000 rw-p 00000000 00:00 0
7f6b23000000-7f6b24000000 ---p 00000000 00:00 0
7f6b24000000-7f6b24021000 rw-p 00000000 00:00 0
7f6b24021000-7f6b28004000 ---p 00000000 00:00 0
7f6b28004000-7f6b28101000 rw-p 00000000 00:00 0
7f6b28110000-7f6b28114000 ---p 00000000 00:00 0
7f6b28114000-7f6b28211000 rw-p 00000000 00:00 0
7f6b28220000-7f6b28221000 ---p 00000000 00:00 0
7f6b28221000-7f6b28322000 rw-p 00000000 00:00 0
7f6b28330000-7f6b283b1000 rw-p 00000000 00:00 0
7f6b283c0000-7f6b2841b000 rw-p 00000000 00:00 0
7f6b28420000-7f6b28860000 rw-p 00000000 00:00 0
7f6b28860000-7f6b28c21000 ---p 00000000 00:00 0
7f6b28c21000-7f6b28d22000 rw-p 00000000 00:00 0
7f6b28d30000-7f6b28d31000 ---p 00000000 00:00 0
7f6b28d31000-7f6b28e32000 rw-p 00000000 00:00 0
7f6b28e40000-7f6b28f41000 rw-p 00000000 00:00 0
7f6b28f50000-7f6b29051000 rw-p 00000000 00:00 0
7f6b29060000-7f6b29161000 rw-p 00000000 00:00 0
7f6b29170000-7f6b29271000 rw-p 00000000 00:00 0
7f6b29280000-7f6b29381000 rw-p 00000000 00:00 0
7f6b29390000-7f6b29491000 rw-p 00000000 00:00 0
7f6b294a0000-7f6b295a1000 rw-p 00000000 00:00 0
7f6b295b0000-7f6b296b1000 rw-p 00000000 00:00 0
7f6b296c0000-7f6b296c1000 ---p 00000000 00:00 0
7f6b296c1000-7f6b297c2000 rw-p 00000000 00:00 0
7f6b297d0000-7f6b297d1000 ---p 00000000 00:00 0
7f6b297d1000-7f6b298d2000 rw-p 00000000 00:00 0
7f6b298e0000-7f6b299e7000 rw-p 00000000 00:00 0
7f6b299f0000-7f6b29a70000 rw-p 00000000 00:00 0
7f6b29a70000-7f6b29fe1000 ---p 00000000 00:00 0
7f6b29fe1000-7f6b29fe2000 rw-p 00000000 00:00 0
7f6b29fe2000-7f6b2a1e2000 ---p 00000000 00:00 0
7f6b2a1f0000-7f6b2a270000 rw-p 00000000 00:00 0
7f6b2a270000-7f6b2a7e1000 ---p 00000000 00:00 0
7f6b2a7e1000-7f6b2a7e2000 rw-p 00000000 00:00 0
7f6b2a7e2000-7f6b2a9e2000 ---p 00000000 00:00 0
7f6b2a9f0000-7f6b2aa70000 rw-p 00000000 00:00 0
7f6b2aa70000-7f6b2afe1000 ---p 00000000 00:00 0
7f6b2afe1000-7f6b2afe2000 rw-p 00000000 00:00 0
7f6b2afe2000-7f6b2b1e2000 ---p 00000000 00:00 0
7f6b2b1f0000-7f6b2b2f1000 rw-p 00000000 00:00 0
7f6b2b300000-7f6b2b401000 rw-p 00000000 00:00 0
7f6b2b410000-7f6b2b511000 rw-p 00000000 00:00 0
7f6b2b520000-7f6b2b621000 rw-p 00000000 00:00 0
7f6b2b630000-7f6b2b731000 rw-p 00000000 00:00 0
7f6b2b740000-7f6b2b841000 rw-p 00000000 00:00 0
7f6b2b850000-7f6b2b951000 rw-p 00000000 00:00 0
7f6b2b960000-7f6b2ba61000 rw-p 00000000 00:00 0
7f6b2ba70000-7f6b2bce0000 rwxp 00000000 00:00 0
7f6b2bce0000-7f6b2c001000 ---p 00000000 00:00 0
7f6b2c001000-7f6b2c271000 rwxp 00000000 00:00 0
7f6b2c271000-7f6b33538000 ---p 00000000 00:00 0
7f6b33538000-7f6b337a8000 rwxp 00000000 00:00 0
7f6b337a8000-7f6b3aa70000 ---p 00000000 00:00 0
7f6b3aa7e000-7f6b43140000 r--s 00000000 00:00 141554             /usr/lib/jvm/java-11-openjdk-amd64/lib/modules
7f6b43140000-7f6b43145000 r-xp 00000000 00:00 138887             /usr/lib/jvm/java-11-openjdk-amd64/lib/libjimage.so
7f6b43145000-7f6b43146000 ---p 00005000 00:00 138887             /usr/lib/jvm/java-11-openjdk-amd64/lib/libjimage.so
7f6b43146000-7f6b43344000 ---p 00000006 00:00 138887             /usr/lib/jvm/java-11-openjdk-amd64/lib/libjimage.so
7f6b43344000-7f6b43345000 r--p 00004000 00:00 138887             /usr/lib/jvm/java-11-openjdk-amd64/lib/libjimage.so
7f6b43345000-7f6b43346000 rw-p 00005000 00:00 138887             /usr/lib/jvm/java-11-openjdk-amd64/lib/libjimage.so
7f6b43350000-7f6b43357000 r-xp 00000000 00:00 140971             /usr/lib/jvm/java-11-openjdk-amd64/lib/libzip.so
7f6b43357000-7f6b43358000 ---p 00007000 00:00 140971             /usr/lib/jvm/java-11-openjdk-amd64/lib/libzip.so
7f6b43358000-7f6b43556000 ---p 00000008 00:00 140971             /usr/lib/jvm/java-11-openjdk-amd64/lib/libzip.so
7f6b43556000-7f6b43557000 r--p 00006000 00:00 140971             /usr/lib/jvm/java-11-openjdk-amd64/lib/libzip.so
7f6b43557000-7f6b43558000 rw-p 00007000 00:00 140971             /usr/lib/jvm/java-11-openjdk-amd64/lib/libzip.so
7f6b43560000-7f6b4356b000 r-xp 00000000 00:00 487271             /lib/x86_64-linux-gnu/libnss_files-2.27.so
7f6b4356b000-7f6b4356c000 ---p 0000b000 00:00 487271             /lib/x86_64-linux-gnu/libnss_files-2.27.so
7f6b4356c000-7f6b4376a000 ---p 0000000c 00:00 487271             /lib/x86_64-linux-gnu/libnss_files-2.27.so
7f6b4376a000-7f6b4376b000 r--p 0000a000 00:00 487271             /lib/x86_64-linux-gnu/libnss_files-2.27.so
7f6b4376b000-7f6b4376c000 rw-p 0000b000 00:00 487271             /lib/x86_64-linux-gnu/libnss_files-2.27.so
7f6b4376c000-7f6b43772000 rw-p 00000000 00:00 0
7f6b43780000-7f6b43797000 r-xp 00000000 00:00 487265             /lib/x86_64-linux-gnu/libnsl-2.27.so
7f6b43797000-7f6b43798000 ---p 00017000 00:00 487265             /lib/x86_64-linux-gnu/libnsl-2.27.so
7f6b43798000-7f6b43996000 ---p 00000018 00:00 487265             /lib/x86_64-linux-gnu/libnsl-2.27.so
7f6b43996000-7f6b43997000 r--p 00016000 00:00 487265             /lib/x86_64-linux-gnu/libnsl-2.27.so
7f6b43997000-7f6b43998000 rw-p 00017000 00:00 487265             /lib/x86_64-linux-gnu/libnsl-2.27.so
7f6b43998000-7f6b4399a000 rw-p 00000000 00:00 0
7f6b439a0000-7f6b439ab000 r-xp 00000000 00:00 487276             /lib/x86_64-linux-gnu/libnss_nis-2.27.so
7f6b439ab000-7f6b439ac000 ---p 0000b000 00:00 487276             /lib/x86_64-linux-gnu/libnss_nis-2.27.so
7f6b439ac000-7f6b43baa000 ---p 0000000c 00:00 487276             /lib/x86_64-linux-gnu/libnss_nis-2.27.so
7f6b43baa000-7f6b43bab000 r--p 0000a000 00:00 487276             /lib/x86_64-linux-gnu/libnss_nis-2.27.so
7f6b43bab000-7f6b43bac000 rw-p 0000b000 00:00 487276             /lib/x86_64-linux-gnu/libnss_nis-2.27.so
7f6b43bb0000-7f6b43bb8000 r-xp 00000000 00:00 487267             /lib/x86_64-linux-gnu/libnss_compat-2.27.so
7f6b43bb8000-7f6b43bba000 ---p 00008000 00:00 487267             /lib/x86_64-linux-gnu/libnss_compat-2.27.so
7f6b43bba000-7f6b43db8000 ---p 0000000a 00:00 487267             /lib/x86_64-linux-gnu/libnss_compat-2.27.so
7f6b43db8000-7f6b43db9000 r--p 00008000 00:00 487267             /lib/x86_64-linux-gnu/libnss_compat-2.27.so
7f6b43db9000-7f6b43dba000 rw-p 00009000 00:00 487267             /lib/x86_64-linux-gnu/libnss_compat-2.27.so
7f6b43dc0000-7f6b43dfb000 r-xp 00000000 00:00 138617             /usr/lib/jvm/java-11-openjdk-amd64/lib/libjdwp.so
7f6b43dfb000-7f6b43dfc000 ---p 0003b000 00:00 138617             /usr/lib/jvm/java-11-openjdk-amd64/lib/libjdwp.so
7f6b43dfc000-7f6b43ffa000 ---p 0000003c 00:00 138617             /usr/lib/jvm/java-11-openjdk-amd64/lib/libjdwp.so
7f6b43ffa000-7f6b43ffb000 r--p 0003a000 00:00 138617             /usr/lib/jvm/java-11-openjdk-amd64/lib/libjdwp.so
7f6b43ffb000-7f6b43ffc000 rw-p 0003b000 00:00 138617             /usr/lib/jvm/java-11-openjdk-amd64/lib/libjdwp.so
7f6b44000000-7f6b442c6000 rw-p 00000000 00:00 0
7f6b442c6000-7f6b48000000 ---p 00000000 00:00 0
7f6b48020000-7f6b48048000 rw-p 00000000 00:00 0
7f6b48050000-7f6b48071000 rw-p 00000000 00:00 0
7f6b48080000-7f6b480a1000 rw-p 00000000 00:00 0
7f6b480b0000-7f6b480b1000 ---p 00000000 00:00 0
7f6b480b1000-7f6b481b2000 rw-p 00000000 00:00 0
7f6b481c0000-7f6b481e9000 r-xp 00000000 00:00 138269             /usr/lib/jvm/java-11-openjdk-amd64/lib/libjava.so
7f6b481e9000-7f6b481eb000 ---p 00029000 00:00 138269             /usr/lib/jvm/java-11-openjdk-amd64/lib/libjava.so
7f6b481eb000-7f6b483e8000 ---p 0000002b 00:00 138269             /usr/lib/jvm/java-11-openjdk-amd64/lib/libjava.so
7f6b483e8000-7f6b483e9000 r--p 00028000 00:00 138269             /usr/lib/jvm/java-11-openjdk-amd64/lib/libjava.so
7f6b483e9000-7f6b483eb000 rw-p 00029000 00:00 138269             /usr/lib/jvm/java-11-openjdk-amd64/lib/libjava.so
7f6b483f0000-7f6b483fd000 r-xp 00000000 00:00 140960             /usr/lib/jvm/java-11-openjdk-amd64/lib/libverify.so
7f6b483fd000-7f6b483ff000 ---p 0000d000 00:00 140960             /usr/lib/jvm/java-11-openjdk-amd64/lib/libverify.so
7f6b483ff000-7f6b485fc000 ---p 0000000f 00:00 140960             /usr/lib/jvm/java-11-openjdk-amd64/lib/libverify.so
7f6b485fc000-7f6b485fe000 r--p 0000c000 00:00 140960             /usr/lib/jvm/java-11-openjdk-amd64/lib/libverify.so
7f6b485fe000-7f6b485ff000 rw-p 0000e000 00:00 140960             /usr/lib/jvm/java-11-openjdk-amd64/lib/libverify.so
7f6b48600000-7f6b48607000 r-xp 00000000 00:00 487328             /lib/x86_64-linux-gnu/librt-2.27.so
7f6b48607000-7f6b48608000 ---p 00007000 00:00 487328             /lib/x86_64-linux-gnu/librt-2.27.so
7f6b48608000-7f6b48806000 ---p 00000008 00:00 487328             /lib/x86_64-linux-gnu/librt-2.27.so
7f6b48806000-7f6b48807000 r--p 00006000 00:00 487328             /lib/x86_64-linux-gnu/librt-2.27.so
7f6b48807000-7f6b48808000 rw-p 00007000 00:00 487328             /lib/x86_64-linux-gnu/librt-2.27.so
7f6b48810000-7f6b48827000 r-xp 00000000 00:00 487212             /lib/x86_64-linux-gnu/libgcc_s.so.1
7f6b48827000-7f6b48828000 ---p 00017000 00:00 487212             /lib/x86_64-linux-gnu/libgcc_s.so.1
7f6b48828000-7f6b48a26000 ---p 00000018 00:00 487212             /lib/x86_64-linux-gnu/libgcc_s.so.1
7f6b48a26000-7f6b48a27000 r--p 00016000 00:00 487212             /lib/x86_64-linux-gnu/libgcc_s.so.1
7f6b48a27000-7f6b48a28000 rw-p 00017000 00:00 487212             /lib/x86_64-linux-gnu/libgcc_s.so.1
7f6b48a30000-7f6b48bcd000 r-xp 00000000 00:00 487240             /lib/x86_64-linux-gnu/libm-2.27.so
7f6b48bcd000-7f6b48bd0000 ---p 0019d000 00:00 487240             /lib/x86_64-linux-gnu/libm-2.27.so
7f6b48bd0000-7f6b48dcc000 ---p 000001a0 00:00 487240             /lib/x86_64-linux-gnu/libm-2.27.so
7f6b48dcc000-7f6b48dcd000 r--p 0019c000 00:00 487240             /lib/x86_64-linux-gnu/libm-2.27.so
7f6b48dcd000-7f6b48dce000 rw-p 0019d000 00:00 487240             /lib/x86_64-linux-gnu/libm-2.27.so
7f6b48dd0000-7f6b48f49000 r-xp 00000000 00:00 682071             /usr/lib/x86_64-linux-gnu/libstdc++.so.6.0.25
7f6b48f49000-7f6b48f56000 ---p 00179000 00:00 682071             /usr/lib/x86_64-linux-gnu/libstdc++.so.6.0.25
7f6b48f56000-7f6b49149000 ---p 00000186 00:00 682071             /usr/lib/x86_64-linux-gnu/libstdc++.so.6.0.25
7f6b49149000-7f6b49153000 r--p 00179000 00:00 682071             /usr/lib/x86_64-linux-gnu/libstdc++.so.6.0.25
7f6b49153000-7f6b49155000 rw-p 00183000 00:00 682071             /usr/lib/x86_64-linux-gnu/libstdc++.so.6.0.25
7f6b49155000-7f6b49159000 rw-p 00000000 00:00 0
7f6b49160000-7f6b4a234000 r-xp 00000000 00:00 142530             /usr/lib/jvm/java-11-openjdk-amd64/lib/server/libjvm.so
7f6b4a234000-7f6b4a32b000 ---p 010d4000 00:00 142530             /usr/lib/jvm/java-11-openjdk-amd64/lib/server/libjvm.so
7f6b4a32b000-7f6b4a434000 ---p 000011cb 00:00 142530             /usr/lib/jvm/java-11-openjdk-amd64/lib/server/libjvm.so
7f6b4a434000-7f6b4a4f1000 r--p 010d4000 00:00 142530             /usr/lib/jvm/java-11-openjdk-amd64/lib/server/libjvm.so
7f6b4a4f1000-7f6b4a52a000 rw-p 01191000 00:00 142530             /usr/lib/jvm/java-11-openjdk-amd64/lib/server/libjvm.so
7f6b4a52a000-7f6b4a581000 rw-p 00000000 00:00 0
7f6b4a590000-7f6b4a5aa000 r-xp 00000000 00:00 487320             /lib/x86_64-linux-gnu/libpthread-2.27.so
7f6b4a5aa000-7f6b4a5b4000 ---p 0001a000 00:00 487320             /lib/x86_64-linux-gnu/libpthread-2.27.so
7f6b4a5b4000-7f6b4a7a9000 ---p 00000024 00:00 487320             /lib/x86_64-linux-gnu/libpthread-2.27.so
7f6b4a7a9000-7f6b4a7aa000 r--p 00019000 00:00 487320             /lib/x86_64-linux-gnu/libpthread-2.27.so
7f6b4a7aa000-7f6b4a7ab000 rw-p 0001a000 00:00 487320             /lib/x86_64-linux-gnu/libpthread-2.27.so
7f6b4a7ab000-7f6b4a7af000 rw-p 00000000 00:00 0
7f6b4a7b0000-7f6b4a7b3000 r-xp 00000000 00:00 487187             /lib/x86_64-linux-gnu/libdl-2.27.so
7f6b4a7b3000-7f6b4a7b4000 ---p 00003000 00:00 487187             /lib/x86_64-linux-gnu/libdl-2.27.so
7f6b4a7b4000-7f6b4a9b2000 ---p 00000004 00:00 487187             /lib/x86_64-linux-gnu/libdl-2.27.so
7f6b4a9b2000-7f6b4a9b3000 r--p 00002000 00:00 487187             /lib/x86_64-linux-gnu/libdl-2.27.so
7f6b4a9b3000-7f6b4a9b4000 rw-p 00003000 00:00 487187             /lib/x86_64-linux-gnu/libdl-2.27.so
7f6b4a9c0000-7f6b4a9dc000 r-xp 00000000 00:00 487370             /lib/x86_64-linux-gnu/libz.so.1.2.11
7f6b4a9dc000-7f6b4a9dd000 ---p 0001c000 00:00 487370             /lib/x86_64-linux-gnu/libz.so.1.2.11
7f6b4a9dd000-7f6b4abdb000 ---p 0000001d 00:00 487370             /lib/x86_64-linux-gnu/libz.so.1.2.11
7f6b4abdb000-7f6b4abdc000 r--p 0001b000 00:00 487370             /lib/x86_64-linux-gnu/libz.so.1.2.11
7f6b4abdc000-7f6b4abdd000 rw-p 0001c000 00:00 487370             /lib/x86_64-linux-gnu/libz.so.1.2.11
7f6b4abe0000-7f6b4adc7000 r-xp 00000000 00:00 487157             /lib/x86_64-linux-gnu/libc-2.27.so
7f6b4adc7000-7f6b4add0000 ---p 001e7000 00:00 487157             /lib/x86_64-linux-gnu/libc-2.27.so
7f6b4add0000-7f6b4afc7000 ---p 000001f0 00:00 487157             /lib/x86_64-linux-gnu/libc-2.27.so
7f6b4afc7000-7f6b4afcb000 r--p 001e7000 00:00 487157             /lib/x86_64-linux-gnu/libc-2.27.so
7f6b4afcb000-7f6b4afcd000 rw-p 001eb000 00:00 487157             /lib/x86_64-linux-gnu/libc-2.27.so
7f6b4afcd000-7f6b4afd1000 rw-p 00000000 00:00 0
7f6b4afe0000-7f6b4aff0000 r-xp 00000000 00:00 137834             /usr/lib/jvm/java-11-openjdk-amd64/lib/jli/libjli.so
7f6b4aff0000-7f6b4aff1000 ---p 00010000 00:00 137834             /usr/lib/jvm/java-11-openjdk-amd64/lib/jli/libjli.so
7f6b4aff1000-7f6b4b1ef000 ---p 00000011 00:00 137834             /usr/lib/jvm/java-11-openjdk-amd64/lib/jli/libjli.so
7f6b4b1ef000-7f6b4b1f0000 r--p 0000f000 00:00 137834             /usr/lib/jvm/java-11-openjdk-amd64/lib/jli/libjli.so
7f6b4b1f0000-7f6b4b1f1000 rw-p 00010000 00:00 137834             /usr/lib/jvm/java-11-openjdk-amd64/lib/jli/libjli.so
7f6b4b200000-7f6b4b226000 r-xp 00000000 00:00 487133             /lib/x86_64-linux-gnu/ld-2.27.so
7f6b4b226000-7f6b4b227000 r-xp 00026000 00:00 487133             /lib/x86_64-linux-gnu/ld-2.27.so
7f6b4b240000-7f6b4b245000 rw-p 00000000 00:00 0
7f6b4b245000-7f6b4b32b000 ---p 00000000 00:00 0
7f6b4b330000-7f6b4b335000 rw-p 00000000 00:00 0
7f6b4b335000-7f6b4b41b000 ---p 00000000 00:00 0
7f6b4b427000-7f6b4b428000 r--p 00027000 00:00 487133             /lib/x86_64-linux-gnu/ld-2.27.so
7f6b4b428000-7f6b4b429000 rw-p 00028000 00:00 487133             /lib/x86_64-linux-gnu/ld-2.27.so
7f6b4b429000-7f6b4b42a000 rw-p 00000000 00:00 0
7f6b4b450000-7f6b4b455000 rw-p 00000000 00:00 0
7f6b4b455000-7f6b4b45c000 ---p 00000000 00:00 0
7f6b4b460000-7f6b4b461000 ---p 00000000 00:00 0
7f6b4b461000-7f6b4b462000 r--p 00000000 00:00 0
7f6b4b470000-7f6b4b474000 ---p 00000000 00:00 0
7f6b4b474000-7f6b4b571000 rw-p 00000000 00:00 0
7f6b4b579000-7f6b4b580000 r--s 00000000 00:00 681823             /usr/lib/x86_64-linux-gnu/gconv/gconv-modules.cache
7f6b4b580000-7f6b4b582000 rw-p 00000000 00:00 0
7f6b4b584000-7f6b4b585000 r--p 00000000 00:00 620278             /usr/lib/locale/C.UTF-8/LC_NUMERIC
7f6b4b585000-7f6b4b586000 r--p 00000000 00:00 620293             /usr/lib/locale/C.UTF-8/LC_TIME
7f6b4b586000-7f6b4b587000 r--p 00000000 00:00 620258             /usr/lib/locale/C.UTF-8/LC_MONETARY
7f6b4b587000-7f6b4b588000 r--p 00000000 00:00 620254             /usr/lib/locale/C.UTF-8/LC_MESSAGES/SYS_LC_MESSAGES
7f6b4b588000-7f6b4b590000 rw-s 00000000 00:00 220952             /tmp/hsperfdata_ashleyljh/2254
7f6b4b590000-7f6b4b592000 rw-p 00000000 00:00 0
7f6b4b592000-7f6b4b593000 r--p 00000000 00:00 620279             /usr/lib/locale/C.UTF-8/LC_PAPER
7f6b4b593000-7f6b4b594000 r--p 00000000 00:00 620267             /usr/lib/locale/C.UTF-8/LC_NAME
7f6b4b594000-7f6b4b595000 r--p 00000000 00:00 620210             /usr/lib/locale/C.UTF-8/LC_ADDRESS
7f6b4b595000-7f6b4b596000 r--p 00000000 00:00 620281             /usr/lib/locale/C.UTF-8/LC_TELEPHONE
7f6b4b596000-7f6b4b597000 r--p 00000000 00:00 620242             /usr/lib/locale/C.UTF-8/LC_MEASUREMENT
7f6b4b597000-7f6b4b598000 r--p 00000000 00:00 620231             /usr/lib/locale/C.UTF-8/LC_IDENTIFICATION
7f6b4b600000-7f6b4b601000 r-xp 00000000 00:00 136991             /usr/lib/jvm/java-11-openjdk-amd64/bin/java
7f6b4b801000-7f6b4b802000 r--p 00001000 00:00 136991             /usr/lib/jvm/java-11-openjdk-amd64/bin/java
7f6b4b802000-7f6b4b803000 rw-p 00002000 00:00 136991             /usr/lib/jvm/java-11-openjdk-amd64/bin/java
7fffd0115000-7fffd0136000 rw-p 00000000 00:00 0                  [heap]
7fffd77c3000-7fffd7fc3000 rw-p 00000000 00:00 0                  [stack]
7fffd86c5000-7fffd86c6000 r-xp 00000000 00:00 0                  [vdso]


VM Arguments:
jvm_args: -agentlib:jdwp=transport=dt_socket,address=localhost:50226 
java_command: jdk.jshell.execution.RemoteExecutionControl 50225
java_class_path (initial): .
Launcher Type: SUN_STANDARD

[Global flags]
     intx CICompilerCount                          = 4                                         {product} {ergonomic}
     uint ConcGCThreads                            = 2                                         {product} {ergonomic}
     uint G1ConcRefinementThreads                  = 8                                         {product} {ergonomic}
   size_t G1HeapRegionSize                         = 1048576                                   {product} {ergonomic}
    uintx GCDrainStackTargetSize                   = 64                                        {product} {ergonomic}
   size_t InitialHeapSize                          = 268435456                                 {product} {ergonomic}
   size_t MarkStackSize                            = 4194304                                   {product} {ergonomic}
   size_t MaxHeapSize                              = 4265607168                                {product} {ergonomic}
   size_t MaxNewSize                               = 2558525440                                {product} {ergonomic}
   size_t MinHeapDeltaBytes                        = 1048576                                   {product} {ergonomic}
    uintx NonNMethodCodeHeapSize                   = 5836300                                {pd product} {ergonomic}
    uintx NonProfiledCodeHeapSize                  = 122910970                              {pd product} {ergonomic}
    uintx ProfiledCodeHeapSize                     = 122910970                              {pd product} {ergonomic}
    uintx ReservedCodeCacheSize                    = 251658240                              {pd product} {ergonomic}
     bool SegmentedCodeCache                       = true                                      {product} {ergonomic}
     bool UseCompressedClassPointers               = true                                 {lp64_product} {ergonomic}
     bool UseCompressedOops                        = true                                 {lp64_product} {ergonomic}
     bool UseG1GC                                  = true                                      {product} {ergonomic}

Logging:
Log output configuration:
 #0: stdout all=warning uptime,level,tags
 #1: stderr all=off uptime,level,tags

Environment Variables:
PATH=/usr/local/sbin:/usr/local/bin:/usr/sbin:/usr/bin:/sbin:/bin:/usr/games:/usr/local/games:/mnt/c/Program Files/WindowsApps/CanonicalGroupLimited.UbuntuonWindows_1804.2020.5.0_x64__79rhkp1fndgsc:/mnt/c/Program Files (x86)/Common Files/Oracle/Java/javapath:/mnt/c/Windows/System32:/mnt/c/Windows:/mnt/c/Windows/System32/wbem:/mnt/c/Windows/System32/WindowsPowerShell/v1.0:/mnt/c/Windows/System32/OpenSSH:/mnt/c/Program Files (x86)/NVIDIA Corporation/PhysX/Common:/mnt/c/Program Files/Intel/WiFi/bin:/mnt/c/Program Files/Common Files/Intel/WirelessCommon:/mnt/c/Program Files/Java/jdk-12.0.2/bin:/mnt/d/Matlab/bin:/mnt/c/Users/ashle/AppData/Local/Microsoft/WindowsApps:/mnt/c/Users/ashle/AppData/Local/Programs/Microsoft VS Code/bin:/snap/bin
SHELL=/bin/bash
DISPLAY=:0
HOSTTYPE=x86_64

Signal Handlers:
SIGSEGV: [libjvm.so+0xdeda70], sa_mask[0]=11111111111111111111111111111110, sa_flags=SA_RESTART|SA_SIGINFO
SIGBUS: [libjvm.so+0xdeda70], sa_mask[0]=11111111111111111111111111111110, sa_flags=SA_RESTART|SA_SIGINFO
SIGFPE: [libjvm.so+0xdeda70], sa_mask[0]=11111111111111111111111111111110, sa_flags=SA_RESTART|SA_SIGINFO
SIGPIPE: [libjvm.so+0xbc3040], sa_mask[0]=11111111111111111111111111111110, sa_flags=SA_RESTART|SA_SIGINFO
SIGXFSZ: [libjvm.so+0xbc3040], sa_mask[0]=11111111111111111111111111111110, sa_flags=SA_RESTART|SA_SIGINFO
SIGILL: [libjvm.so+0xdeda70], sa_mask[0]=11111111111111111111111111111110, sa_flags=SA_RESTART|SA_SIGINFO
SIGUSR2: [libjvm.so+0xbc2ee0], sa_mask[0]=00100000000000000000000000000000, sa_flags=SA_RESTART|SA_SIGINFO
SIGHUP: [libjvm.so+0xbc3240], sa_mask[0]=11111111111111111111111111111110, sa_flags=SA_RESTART|SA_SIGINFO
SIGINT: [libjvm.so+0xbc3240], sa_mask[0]=11111111111111111111111111111110, sa_flags=SA_RESTART|SA_SIGINFO
SIGTERM: [libjvm.so+0xbc3240], sa_mask[0]=11111111111111111111111111111110, sa_flags=SA_RESTART|SA_SIGINFO
SIGQUIT: [libjvm.so+0xbc3240], sa_mask[0]=11111111111111111111111111111110, sa_flags=SA_RESTART|SA_SIGINFO


---------------  S Y S T E M  ---------------

OS:DISTRIB_ID=Ubuntu
DISTRIB_RELEASE=18.04
DISTRIB_CODENAME=bionic
DISTRIB_DESCRIPTION="Ubuntu 18.04.2 LTS"
uname:Linux 4.4.0-17763-Microsoft #864-Microsoft Thu Nov 07 15:22:00 PST 2019 x86_64
libc:glibc 2.27 NPTL 2.27 
rlimit: STACK 8192k, CORE 0k, NPROC 7823, NOFILE 65536, AS infinity, DATA infinity, FSIZE infinity
load average:0.52 0.58 0.59

/proc/meminfo:
MemTotal:       16661812 kB
MemFree:         2470284 kB
Buffers:           34032 kB
Cached:           188576 kB
SwapCached:            0 kB
Active:           167556 kB
Inactive:         157876 kB
Active(anon):     103104 kB
Inactive(anon):    17440 kB
Active(file):      64452 kB
Inactive(file):   140436 kB
Unevictable:           0 kB
Mlocked:               0 kB
SwapTotal:      15467644 kB
SwapFree:       12806844 kB
Dirty:                 0 kB
Writeback:             0 kB
AnonPages:        102824 kB
Mapped:            71404 kB
Shmem:             17720 kB
Slab:              13868 kB
SReclaimable:       6744 kB
SUnreclaim:         7124 kB
KernelStack:        2848 kB
PageTables:         2524 kB
NFS_Unstable:          0 kB
Bounce:                0 kB
WritebackTmp:          0 kB
CommitLimit:      515524 kB
Committed_AS:    3450064 kB
VmallocTotal:     122880 kB
VmallocUsed:       21296 kB
VmallocChunk:      66044 kB
HardwareCorrupted:     0 kB
AnonHugePages:      2048 kB
HugePages_Total:       0
HugePages_Free:        0
HugePages_Rsvd:        0
HugePages_Surp:        0
Hugepagesize:       2048 kB
DirectMap4k:       12280 kB
DirectMap4M:      897024 kB


/proc/sys/kernel/threads-max (system-wide limit on the number of threads):
32768


/proc/sys/vm/max_map_count (maximum number of memory map areas a process may have):


/proc/sys/kernel/pid_max (system-wide limit on number of process identifiers):
32768



Steal ticks since vm start: 0
Steal ticks percentage since vm start:  0.000

CPU:total 8 (initial active 8) (4 cores per cpu, 2 threads per core) family 6 model 142 stepping 11, cmov, cx8, fxsr, mmx, sse, sse2, sse3, ssse3, sse4.1, sse4.2, popcnt, avx, avx2, aes, clmul, erms, 3dnowpref, lzcnt, ht, tsc, tscinvbit, bmi1, bmi2, adx, fma
CPU Model and flags from /proc/cpuinfo:
model name	: Intel(R) Core(TM) i7-8565U CPU @ 1.80GHz
flags		: fpu vme de pse tsc msr pae mce cx8 apic sep mtrr pge mca cmov pat pse36 clflush dts acpi mmx fxsr sse sse2 ss ht tm pbe syscall nx pdpe1gb rdtscp lm pni pclmulqdq dtes64 monitor ds_cpl vmx est tm2 ssse3 fma cx16 xtpr pdcm pcid sse4_1 sse4_2 x2apic movbe popcnt tsc_deadline_timer aes xsave osxsave avx f16c rdrand

Memory: 4k page, physical 16661812k(2476412k free), swap 15467644k(12806844k free)

vm_info: OpenJDK 64-Bit Server VM (11.0.5+10-post-Ubuntu-0ubuntu1.118.04) for linux-amd64 JRE (11.0.5+10-post-Ubuntu-0ubuntu1.118.04), built on Oct 16 2019 22:01:07 by "buildd" with gcc 7.4.0

END.
