#
# A fatal error has been detected by the Java Runtime Environment:
#
#  SIGSEGV (0xb) at pc=0x00007fd559d772e1, pid=1625, tid=1630
#
# JRE version: OpenJDK Runtime Environment (11.0.5+10) (build 11.0.5+10-post-Ubuntu-0ubuntu1.118.04)
# Java VM: OpenJDK 64-Bit Server VM (11.0.5+10-post-Ubuntu-0ubuntu1.118.04, mixed mode, sharing, tiered, compressed oops, g1 gc, linux-amd64)
# Problematic frame:
# V  [libjvm.so+0xe172e1]
#
# Core dump will be written. Default location: core.1625 (may not exist)
#
# If you would like to submit a bug report, please visit:
#   Unknown
#

---------------  S U M M A R Y ------------

Command Line: -agentlib:jdwp=transport=dt_socket,address=localhost:50100 jdk.jshell.execution.RemoteExecutionControl 50099

Host: Intel(R) Core(TM) i7-8565U CPU @ 1.80GHz, 8 cores, 15G, Ubuntu 18.04.2 LTS
Time: Fri Apr  3 00:09:53 2020 DST elapsed time: 76214 seconds (0d 21h 10m 14s)

---------------  T H R E A D  ---------------

Current thread (0x00007fd55402e000):  GCTaskThread "GC Thread#0" [stack: 0x00007fd53b732000,0x00007fd53b832000] [id=1630]

Stack: [0x00007fd53b732000,0x00007fd53b832000],  sp=0x00007fd53b830e10,  free space=1019k
Native frames: (J=compiled Java code, A=aot compiled Java code, j=interpreted, Vv=VM code, C=native code)
V  [libjvm.so+0xe172e1]
V  [libjvm.so+0xd7ba0a]
V  [libjvm.so+0xbcd3ce]


siginfo: si_signo: 11 (SIGSEGV), si_code: 1 (SEGV_MAPERR), si_addr: 0x0000000000000010

Register to memory mapping:

RAX=0x0 is NULL
RBX=0x00007fd525ff09c0 points into unknown readable memory: 70 67 24 5a d5 7f 00 00
RCX=0x0 is NULL
RDX=0x0 is NULL
RSP=0x00007fd53b830e10 points into unknown readable memory: 70 0e 83 3b d5 7f 00 00
RBP=0x00007fd53b830e40 points into unknown readable memory: c0 0e 83 3b d5 7f 00 00
RSI=0x0 is NULL
RDI=0x00007fd53b830d70 points into unknown readable memory: 90 06 3a 5a d5 7f 00 00
R8 =0x0 is NULL
R9 =0x00000000ffffffff is an unknown value
R10=0x0 is NULL
R11=0x0 is NULL
R12=0x00007fd53b830e1c points into unknown readable memory: ff ff ff ff
R13=0x00007fd55402e000 points into unknown readable memory: 50 01 2f 5a d5 7f 00 00
R14=0x0 is NULL
R15=0x00007fd55b21f7d0 is pointing into the stack for thread: 0x00007fd554015000


Registers:
RAX=0x0000000000000000, RBX=0x00007fd525ff09c0, RCX=0x0000000000000000, RDX=0x0000000000000000
RSP=0x00007fd53b830e10, RBP=0x00007fd53b830e40, RSI=0x0000000000000000, RDI=0x00007fd53b830d70
R8 =0x0000000000000000, R9 =0x00000000ffffffff, R10=0x0000000000000000, R11=0x0000000000000000
R12=0x00007fd53b830e1c, R13=0x00007fd55402e000, R14=0x0000000000000000, R15=0x00007fd55b21f7d0
RIP=0x00007fd559d772e1, EFLAGS=0x0000000000010202, CSGSFS=0x00000053002b0033, ERR=0x0000000000000000
  TRAPNO=0x0000000000000000

Top of Stack: (sp=0x00007fd53b830e10)
0x00007fd53b830e10:   00007fd53b830e70 ffffffff5402e000
0x00007fd53b830e20:   00007fd55a30f378 00007fd55402e000
0x00007fd53b830e30:   00007fd53b732000 0000000000100000
0x00007fd53b830e40:   00007fd53b830ec0 00007fd559cdba0a 

Instructions: (pc=0x00007fd559d772e1)
0x00007fd559d771e1:   35 cf 49 0f 00 31 c0 4c 89 e7 83 c3 01 e8 bd 0c
0x00007fd559d771f1:   dc ff 41 39 5e 08 77 d7 5b 4c 89 e7 41 5c 41 5d
0x00007fd559d77201:   41 5e 5d e9 77 13 dc ff 0f 1f 80 00 00 00 00 31
0x00007fd559d77211:   c0 4c 89 ee 4c 89 e7 e8 93 0c dc ff 83 c3 01 41
0x00007fd559d77221:   39 5e 08 77 aa 5b 4c 89 e7 41 5c 41 5d 41 5e 5d
0x00007fd559d77231:   e9 4a 13 dc ff 66 2e 0f 1f 84 00 00 00 00 00 48
0x00007fd559d77241:   8b 87 20 03 00 00 55 48 89 e5 0f b6 40 28 5d c3
0x00007fd559d77251:   90 0f 1f 40 00 66 2e 0f 1f 84 00 00 00 00 00 48
0x00007fd559d77261:   8b 87 20 03 00 00 55 48 89 e5 0f b6 40 29 5d c3
0x00007fd559d77271:   90 0f 1f 40 00 66 2e 0f 1f 84 00 00 00 00 00 55
0x00007fd559d77281:   48 89 e5 53 48 89 fb 48 83 ec 08 e8 ef f0 f5 ff
0x00007fd559d77291:   48 83 c4 08 48 89 df be 09 00 00 00 5b 5d e9 ac
0x00007fd559d772a1:   46 da ff 66 90 66 2e 0f 1f 84 00 00 00 00 00 55
0x00007fd559d772b1:   48 89 e5 41 56 41 55 41 54 53 4c 8d 65 dc 49 89
0x00007fd559d772c1:   fd 48 83 ec 10 66 2e 0f 1f 84 00 00 00 00 00 49
0x00007fd559d772d1:   8b 85 20 03 00 00 48 8b 78 30 48 8b 07 ff 50 18
0x00007fd559d772e1:   8b 70 10 48 89 c3 4c 89 e7 49 89 d6 e8 7e 7e 97
0x00007fd559d772f1:   ff 48 8b 03 44 89 f6 48 89 df ff 10 4c 89 e7 e8
0x00007fd559d77301:   ab 7e 97 ff 49 8b 85 20 03 00 00 48 8b 78 30 48
0x00007fd559d77311:   8b 07 ff 50 20 eb b8 0f 1f 84 00 00 00 00 00 55
0x00007fd559d77321:   48 8d 15 d8 d8 7f ff 48 89 e5 41 54 53 48 8b 07
0x00007fd559d77331:   49 89 fc 48 89 f3 48 8b 80 88 00 00 00 48 39 d0
0x00007fd559d77341:   75 45 48 8b 97 08 03 00 00 48 8d 05 ff dd 07 00
0x00007fd559d77351:   48 85 d2 48 0f 44 d0 48 8d 35 a4 d3 09 00 48 89
0x00007fd559d77361:   df 31 c0 e8 47 0b dc ff 4c 89 e7 48 89 de 31 d2
0x00007fd559d77371:   e8 da e8 f5 ff 48 89 df 5b 41 5c 5d e9 fe 11 dc
0x00007fd559d77381:   ff 66 0f 1f 44 00 00 ff d0 48 89 c2 eb c9 90 55
0x00007fd559d77391:   48 8d 15 e8 fe ff ff 48 89 e5 53 48 89 fb 48 83
0x00007fd559d773a1:   ec 08 48 8b 07 48 8b 80 b8 00 00 00 48 39 d0 75
0x00007fd559d773b1:   2e e8 c9 ef f5 ff be 09 00 00 00 48 89 df e8 8c
0x00007fd559d773c1:   45 da ff 48 8b 03 48 89 df 48 8b 80 c0 00 00 00
0x00007fd559d773d1:   48 83 c4 08 5b 5d ff e0 0f 1f 80 00 00 00 00 ff 


Stack slot to memory mapping:
stack at sp + 0 slots: 0x00007fd53b830e70 points into unknown readable memory: c0 0e 83 3b d5 7f 00 00
stack at sp + 1 slots: 0xffffffff5402e000 is an unknown value
stack at sp + 2 slots: 0x00007fd55a30f378: <offset 0x00000000013af378> in /usr/lib/jvm/java-11-openjdk-amd64/lib/server/libjvm.so at 0x00007fd558f60000
stack at sp + 3 slots: 0x00007fd55402e000 points into unknown readable memory: 50 01 2f 5a d5 7f 00 00
stack at sp + 4 slots: 0x00007fd53b732000 points into unknown readable memory: 00 00 00 00 00 00 00 00
stack at sp + 5 slots: 0x0000000000100000 is an unknown value
stack at sp + 6 slots: 0x00007fd53b830ec0 points into unknown readable memory: f0 0e 83 3b d5 7f 00 00
stack at sp + 7 slots: 0x00007fd559cdba0a: <offset 0x0000000000d7ba0a> in /usr/lib/jvm/java-11-openjdk-amd64/lib/server/libjvm.so at 0x00007fd558f60000


---------------  P R O C E S S  ---------------

Threads class SMR info:
_java_thread_list=0x00007fd504002190, length=14, elements={
0x00007fd554015000, 0x00007fd5541d6800, 0x00007fd5541d8800, 0x00007fd5541e0800,
0x00007fd5541e2800, 0x00007fd5541e4800, 0x00007fd5541e6800, 0x00007fd554261800,
0x00007fd554265800, 0x00007fd4f4001800, 0x00007fd554267000, 0x00007fd55427c800,
0x00007fd5542c4000, 0x00007fd504001000
}

Java Threads: ( => current thread )
  0x00007fd554015000 JavaThread "main" [_thread_blocked, id=1629, stack(0x00007fd55b120000,0x00007fd55b221000)]
  0x00007fd5541d6800 JavaThread "Reference Handler" daemon [_thread_blocked, id=1636, stack(0x00007fd525de0000,0x00007fd525ee1000)]
  0x00007fd5541d8800 JavaThread "Finalizer" daemon [_thread_blocked, id=1637, stack(0x00007fd525cd0000,0x00007fd525dd1000)]
  0x00007fd5541e0800 JavaThread "Signal Dispatcher" daemon [_thread_blocked, id=1638, stack(0x00007fd5258c0000,0x00007fd5259c1000)]
  0x00007fd5541e2800 JavaThread "C2 CompilerThread0" daemon [_thread_blocked, id=1639, stack(0x00007fd5257b0000,0x00007fd5258b1000)]
  0x00007fd5541e4800 JavaThread "C1 CompilerThread0" daemon [_thread_blocked, id=1640, stack(0x00007fd5256a0000,0x00007fd5257a1000)]
  0x00007fd5541e6800 JavaThread "Sweeper thread" daemon [_thread_blocked, id=1641, stack(0x00007fd525590000,0x00007fd525691000)]
  0x00007fd554261800 JavaThread "JDWP Transport Listener: dt_socket" daemon [_thread_blocked, id=1642, stack(0x00007fd525270000,0x00007fd525371000)]
  0x00007fd554265800 JavaThread "JDWP Event Helper Thread" daemon [_thread_blocked, id=1643, stack(0x00007fd525160000,0x00007fd525261000)]
  0x00007fd4f4001800 JavaThread "JDWP Command Reader" daemon [_thread_in_native, id=1644, stack(0x00007fd525050000,0x00007fd525151000)]
  0x00007fd554267000 JavaThread "Service Thread" daemon [_thread_blocked, id=1648, stack(0x00007fd524f40000,0x00007fd525041000)]
  0x00007fd55427c800 JavaThread "Common-Cleaner" daemon [_thread_blocked, id=1650, stack(0x00007fd5248e0000,0x00007fd5249e1000)]
  0x00007fd5542c4000 JavaThread "output reader" daemon [_thread_in_native, id=1652, stack(0x00007fd5245c0000,0x00007fd5246c1000)]
  0x00007fd504001000 JavaThread "SIGTERM handler" daemon [_thread_blocked, id=5882, stack(0x00007fd5244b0000,0x00007fd5245b1000)]

Other Threads:
  0x00007fd5541d3800 VMThread "VM Thread" [stack: 0x00007fd525ef2000,0x00007fd525ff2000] [id=1635]
  0x00007fd554269800 WatcherThread [stack: 0x00007fd524e32000,0x00007fd524f32000] [id=1649]
=>0x00007fd55402e000 GCTaskThread "GC Thread#0" [stack: 0x00007fd53b732000,0x00007fd53b832000] [id=1630]
  0x00007fd55408e000 ConcurrentGCThread "G1 Main Marker" [stack: 0x00007fd539492000,0x00007fd539592000] [id=1631]
  0x00007fd55408f800 ConcurrentGCThread "G1 Conc#0" [stack: 0x00007fd539382000,0x00007fd539482000] [id=1632]
  0x00007fd554195800 ConcurrentGCThread "G1 Refine#0" [stack: 0x00007fd5389f2000,0x00007fd538af2000] [id=1633]
  0x00007fd554197800 ConcurrentGCThread "G1 Young RemSet Sampling" [stack: 0x00007fd5388e2000,0x00007fd5389e2000] [id=1634]

Threads with active compile tasks:

VM state:not at safepoint (normal execution)

VM Mutex/Monitor currently owned by a thread: None

Heap address: 0x0000000701c00000, size: 4068 MB, Compressed Oops mode: Zero based, Oop shift amount: 3
Narrow klass base: 0x0000000800000000, Narrow klass shift: 3
Compressed class space size: 1073741824 Address: 0x0000000840000000

Heap:
 garbage-first heap   total 264192K, used 4792K [0x0000000701c00000, 0x0000000800000000)
  region size 1024K, 5 young (5120K), 0 survivors (0K)
 Metaspace       used 2123K, capacity 5200K, committed 5504K, reserved 1056768K
  class space    used 255K, capacity 587K, committed 640K, reserved 1048576K
Heap Regions: E=young(eden), S=young(survivor), O=old, HS=humongous(starts), HC=humongous(continues), CS=collection set, F=free, A=archive, TAMS=top-at-mark-start (previous, next)
|   0|0x0000000701c00000, 0x0000000701c00000, 0x0000000701d00000|  0%| F|  |TAMS 0x0000000701c00000, 0x0000000701c00000| Untracked 
|   1|0x0000000701d00000, 0x0000000701d00000, 0x0000000701e00000|  0%| F|  |TAMS 0x0000000701d00000, 0x0000000701d00000| Untracked 
|   2|0x0000000701e00000, 0x0000000701e00000, 0x0000000701f00000|  0%| F|  |TAMS 0x0000000701e00000, 0x0000000701e00000| Untracked 
|   3|0x0000000701f00000, 0x0000000701f00000, 0x0000000702000000|  0%| F|  |TAMS 0x0000000701f00000, 0x0000000701f00000| Untracked 
|   4|0x0000000702000000, 0x0000000702000000, 0x0000000702100000|  0%| F|  |TAMS 0x0000000702000000, 0x0000000702000000| Untracked 
|   5|0x0000000702100000, 0x0000000702100000, 0x0000000702200000|  0%| F|  |TAMS 0x0000000702100000, 0x0000000702100000| Untracked 
|   6|0x0000000702200000, 0x0000000702200000, 0x0000000702300000|  0%| F|  |TAMS 0x0000000702200000, 0x0000000702200000| Untracked 
|   7|0x0000000702300000, 0x0000000702300000, 0x0000000702400000|  0%| F|  |TAMS 0x0000000702300000, 0x0000000702300000| Untracked 
|   8|0x0000000702400000, 0x0000000702400000, 0x0000000702500000|  0%| F|  |TAMS 0x0000000702400000, 0x0000000702400000| Untracked 
|   9|0x0000000702500000, 0x0000000702500000, 0x0000000702600000|  0%| F|  |TAMS 0x0000000702500000, 0x0000000702500000| Untracked 
|  10|0x0000000702600000, 0x0000000702600000, 0x0000000702700000|  0%| F|  |TAMS 0x0000000702600000, 0x0000000702600000| Untracked 
|  11|0x0000000702700000, 0x0000000702700000, 0x0000000702800000|  0%| F|  |TAMS 0x0000000702700000, 0x0000000702700000| Untracked 
|  12|0x0000000702800000, 0x0000000702800000, 0x0000000702900000|  0%| F|  |TAMS 0x0000000702800000, 0x0000000702800000| Untracked 
|  13|0x0000000702900000, 0x0000000702900000, 0x0000000702a00000|  0%| F|  |TAMS 0x0000000702900000, 0x0000000702900000| Untracked 
|  14|0x0000000702a00000, 0x0000000702a00000, 0x0000000702b00000|  0%| F|  |TAMS 0x0000000702a00000, 0x0000000702a00000| Untracked 
|  15|0x0000000702b00000, 0x0000000702b00000, 0x0000000702c00000|  0%| F|  |TAMS 0x0000000702b00000, 0x0000000702b00000| Untracked 
|  16|0x0000000702c00000, 0x0000000702c00000, 0x0000000702d00000|  0%| F|  |TAMS 0x0000000702c00000, 0x0000000702c00000| Untracked 
|  17|0x0000000702d00000, 0x0000000702d00000, 0x0000000702e00000|  0%| F|  |TAMS 0x0000000702d00000, 0x0000000702d00000| Untracked 
|  18|0x0000000702e00000, 0x0000000702e00000, 0x0000000702f00000|  0%| F|  |TAMS 0x0000000702e00000, 0x0000000702e00000| Untracked 
|  19|0x0000000702f00000, 0x0000000702f00000, 0x0000000703000000|  0%| F|  |TAMS 0x0000000702f00000, 0x0000000702f00000| Untracked 
|  20|0x0000000703000000, 0x0000000703000000, 0x0000000703100000|  0%| F|  |TAMS 0x0000000703000000, 0x0000000703000000| Untracked 
|  21|0x0000000703100000, 0x0000000703100000, 0x0000000703200000|  0%| F|  |TAMS 0x0000000703100000, 0x0000000703100000| Untracked 
|  22|0x0000000703200000, 0x0000000703200000, 0x0000000703300000|  0%| F|  |TAMS 0x0000000703200000, 0x0000000703200000| Untracked 
|  23|0x0000000703300000, 0x0000000703300000, 0x0000000703400000|  0%| F|  |TAMS 0x0000000703300000, 0x0000000703300000| Untracked 
|  24|0x0000000703400000, 0x0000000703400000, 0x0000000703500000|  0%| F|  |TAMS 0x0000000703400000, 0x0000000703400000| Untracked 
|  25|0x0000000703500000, 0x0000000703500000, 0x0000000703600000|  0%| F|  |TAMS 0x0000000703500000, 0x0000000703500000| Untracked 
|  26|0x0000000703600000, 0x0000000703600000, 0x0000000703700000|  0%| F|  |TAMS 0x0000000703600000, 0x0000000703600000| Untracked 
|  27|0x0000000703700000, 0x0000000703700000, 0x0000000703800000|  0%| F|  |TAMS 0x0000000703700000, 0x0000000703700000| Untracked 
|  28|0x0000000703800000, 0x0000000703800000, 0x0000000703900000|  0%| F|  |TAMS 0x0000000703800000, 0x0000000703800000| Untracked 
|  29|0x0000000703900000, 0x0000000703900000, 0x0000000703a00000|  0%| F|  |TAMS 0x0000000703900000, 0x0000000703900000| Untracked 
|  30|0x0000000703a00000, 0x0000000703a00000, 0x0000000703b00000|  0%| F|  |TAMS 0x0000000703a00000, 0x0000000703a00000| Untracked 
|  31|0x0000000703b00000, 0x0000000703b00000, 0x0000000703c00000|  0%| F|  |TAMS 0x0000000703b00000, 0x0000000703b00000| Untracked 
|  32|0x0000000703c00000, 0x0000000703c00000, 0x0000000703d00000|  0%| F|  |TAMS 0x0000000703c00000, 0x0000000703c00000| Untracked 
|  33|0x0000000703d00000, 0x0000000703d00000, 0x0000000703e00000|  0%| F|  |TAMS 0x0000000703d00000, 0x0000000703d00000| Untracked 
|  34|0x0000000703e00000, 0x0000000703e00000, 0x0000000703f00000|  0%| F|  |TAMS 0x0000000703e00000, 0x0000000703e00000| Untracked 
|  35|0x0000000703f00000, 0x0000000703f00000, 0x0000000704000000|  0%| F|  |TAMS 0x0000000703f00000, 0x0000000703f00000| Untracked 
|  36|0x0000000704000000, 0x0000000704000000, 0x0000000704100000|  0%| F|  |TAMS 0x0000000704000000, 0x0000000704000000| Untracked 
|  37|0x0000000704100000, 0x0000000704100000, 0x0000000704200000|  0%| F|  |TAMS 0x0000000704100000, 0x0000000704100000| Untracked 
|  38|0x0000000704200000, 0x0000000704200000, 0x0000000704300000|  0%| F|  |TAMS 0x0000000704200000, 0x0000000704200000| Untracked 
|  39|0x0000000704300000, 0x0000000704300000, 0x0000000704400000|  0%| F|  |TAMS 0x0000000704300000, 0x0000000704300000| Untracked 
|  40|0x0000000704400000, 0x0000000704400000, 0x0000000704500000|  0%| F|  |TAMS 0x0000000704400000, 0x0000000704400000| Untracked 
|  41|0x0000000704500000, 0x0000000704500000, 0x0000000704600000|  0%| F|  |TAMS 0x0000000704500000, 0x0000000704500000| Untracked 
|  42|0x0000000704600000, 0x0000000704600000, 0x0000000704700000|  0%| F|  |TAMS 0x0000000704600000, 0x0000000704600000| Untracked 
|  43|0x0000000704700000, 0x0000000704700000, 0x0000000704800000|  0%| F|  |TAMS 0x0000000704700000, 0x0000000704700000| Untracked 
|  44|0x0000000704800000, 0x0000000704800000, 0x0000000704900000|  0%| F|  |TAMS 0x0000000704800000, 0x0000000704800000| Untracked 
|  45|0x0000000704900000, 0x0000000704900000, 0x0000000704a00000|  0%| F|  |TAMS 0x0000000704900000, 0x0000000704900000| Untracked 
|  46|0x0000000704a00000, 0x0000000704a00000, 0x0000000704b00000|  0%| F|  |TAMS 0x0000000704a00000, 0x0000000704a00000| Untracked 
|  47|0x0000000704b00000, 0x0000000704b00000, 0x0000000704c00000|  0%| F|  |TAMS 0x0000000704b00000, 0x0000000704b00000| Untracked 
|  48|0x0000000704c00000, 0x0000000704c00000, 0x0000000704d00000|  0%| F|  |TAMS 0x0000000704c00000, 0x0000000704c00000| Untracked 
|  49|0x0000000704d00000, 0x0000000704d00000, 0x0000000704e00000|  0%| F|  |TAMS 0x0000000704d00000, 0x0000000704d00000| Untracked 
|  50|0x0000000704e00000, 0x0000000704e00000, 0x0000000704f00000|  0%| F|  |TAMS 0x0000000704e00000, 0x0000000704e00000| Untracked 
|  51|0x0000000704f00000, 0x0000000704f00000, 0x0000000705000000|  0%| F|  |TAMS 0x0000000704f00000, 0x0000000704f00000| Untracked 
|  52|0x0000000705000000, 0x0000000705000000, 0x0000000705100000|  0%| F|  |TAMS 0x0000000705000000, 0x0000000705000000| Untracked 
|  53|0x0000000705100000, 0x0000000705100000, 0x0000000705200000|  0%| F|  |TAMS 0x0000000705100000, 0x0000000705100000| Untracked 
|  54|0x0000000705200000, 0x0000000705200000, 0x0000000705300000|  0%| F|  |TAMS 0x0000000705200000, 0x0000000705200000| Untracked 
|  55|0x0000000705300000, 0x0000000705300000, 0x0000000705400000|  0%| F|  |TAMS 0x0000000705300000, 0x0000000705300000| Untracked 
|  56|0x0000000705400000, 0x0000000705400000, 0x0000000705500000|  0%| F|  |TAMS 0x0000000705400000, 0x0000000705400000| Untracked 
|  57|0x0000000705500000, 0x0000000705500000, 0x0000000705600000|  0%| F|  |TAMS 0x0000000705500000, 0x0000000705500000| Untracked 
|  58|0x0000000705600000, 0x0000000705600000, 0x0000000705700000|  0%| F|  |TAMS 0x0000000705600000, 0x0000000705600000| Untracked 
|  59|0x0000000705700000, 0x0000000705700000, 0x0000000705800000|  0%| F|  |TAMS 0x0000000705700000, 0x0000000705700000| Untracked 
|  60|0x0000000705800000, 0x0000000705800000, 0x0000000705900000|  0%| F|  |TAMS 0x0000000705800000, 0x0000000705800000| Untracked 
|  61|0x0000000705900000, 0x0000000705900000, 0x0000000705a00000|  0%| F|  |TAMS 0x0000000705900000, 0x0000000705900000| Untracked 
|  62|0x0000000705a00000, 0x0000000705a00000, 0x0000000705b00000|  0%| F|  |TAMS 0x0000000705a00000, 0x0000000705a00000| Untracked 
|  63|0x0000000705b00000, 0x0000000705b00000, 0x0000000705c00000|  0%| F|  |TAMS 0x0000000705b00000, 0x0000000705b00000| Untracked 
|  64|0x0000000705c00000, 0x0000000705c00000, 0x0000000705d00000|  0%| F|  |TAMS 0x0000000705c00000, 0x0000000705c00000| Untracked 
|  65|0x0000000705d00000, 0x0000000705d00000, 0x0000000705e00000|  0%| F|  |TAMS 0x0000000705d00000, 0x0000000705d00000| Untracked 
|  66|0x0000000705e00000, 0x0000000705e00000, 0x0000000705f00000|  0%| F|  |TAMS 0x0000000705e00000, 0x0000000705e00000| Untracked 
|  67|0x0000000705f00000, 0x0000000705f00000, 0x0000000706000000|  0%| F|  |TAMS 0x0000000705f00000, 0x0000000705f00000| Untracked 
|  68|0x0000000706000000, 0x0000000706000000, 0x0000000706100000|  0%| F|  |TAMS 0x0000000706000000, 0x0000000706000000| Untracked 
|  69|0x0000000706100000, 0x0000000706100000, 0x0000000706200000|  0%| F|  |TAMS 0x0000000706100000, 0x0000000706100000| Untracked 
|  70|0x0000000706200000, 0x0000000706200000, 0x0000000706300000|  0%| F|  |TAMS 0x0000000706200000, 0x0000000706200000| Untracked 
|  71|0x0000000706300000, 0x0000000706300000, 0x0000000706400000|  0%| F|  |TAMS 0x0000000706300000, 0x0000000706300000| Untracked 
|  72|0x0000000706400000, 0x0000000706400000, 0x0000000706500000|  0%| F|  |TAMS 0x0000000706400000, 0x0000000706400000| Untracked 
|  73|0x0000000706500000, 0x0000000706500000, 0x0000000706600000|  0%| F|  |TAMS 0x0000000706500000, 0x0000000706500000| Untracked 
|  74|0x0000000706600000, 0x0000000706600000, 0x0000000706700000|  0%| F|  |TAMS 0x0000000706600000, 0x0000000706600000| Untracked 
|  75|0x0000000706700000, 0x0000000706700000, 0x0000000706800000|  0%| F|  |TAMS 0x0000000706700000, 0x0000000706700000| Untracked 
|  76|0x0000000706800000, 0x0000000706800000, 0x0000000706900000|  0%| F|  |TAMS 0x0000000706800000, 0x0000000706800000| Untracked 
|  77|0x0000000706900000, 0x0000000706900000, 0x0000000706a00000|  0%| F|  |TAMS 0x0000000706900000, 0x0000000706900000| Untracked 
|  78|0x0000000706a00000, 0x0000000706a00000, 0x0000000706b00000|  0%| F|  |TAMS 0x0000000706a00000, 0x0000000706a00000| Untracked 
|  79|0x0000000706b00000, 0x0000000706b00000, 0x0000000706c00000|  0%| F|  |TAMS 0x0000000706b00000, 0x0000000706b00000| Untracked 
|  80|0x0000000706c00000, 0x0000000706c00000, 0x0000000706d00000|  0%| F|  |TAMS 0x0000000706c00000, 0x0000000706c00000| Untracked 
|  81|0x0000000706d00000, 0x0000000706d00000, 0x0000000706e00000|  0%| F|  |TAMS 0x0000000706d00000, 0x0000000706d00000| Untracked 
|  82|0x0000000706e00000, 0x0000000706e00000, 0x0000000706f00000|  0%| F|  |TAMS 0x0000000706e00000, 0x0000000706e00000| Untracked 
|  83|0x0000000706f00000, 0x0000000706f00000, 0x0000000707000000|  0%| F|  |TAMS 0x0000000706f00000, 0x0000000706f00000| Untracked 
|  84|0x0000000707000000, 0x0000000707000000, 0x0000000707100000|  0%| F|  |TAMS 0x0000000707000000, 0x0000000707000000| Untracked 
|  85|0x0000000707100000, 0x0000000707100000, 0x0000000707200000|  0%| F|  |TAMS 0x0000000707100000, 0x0000000707100000| Untracked 
|  86|0x0000000707200000, 0x0000000707200000, 0x0000000707300000|  0%| F|  |TAMS 0x0000000707200000, 0x0000000707200000| Untracked 
|  87|0x0000000707300000, 0x0000000707300000, 0x0000000707400000|  0%| F|  |TAMS 0x0000000707300000, 0x0000000707300000| Untracked 
|  88|0x0000000707400000, 0x0000000707400000, 0x0000000707500000|  0%| F|  |TAMS 0x0000000707400000, 0x0000000707400000| Untracked 
|  89|0x0000000707500000, 0x0000000707500000, 0x0000000707600000|  0%| F|  |TAMS 0x0000000707500000, 0x0000000707500000| Untracked 
|  90|0x0000000707600000, 0x0000000707600000, 0x0000000707700000|  0%| F|  |TAMS 0x0000000707600000, 0x0000000707600000| Untracked 
|  91|0x0000000707700000, 0x0000000707700000, 0x0000000707800000|  0%| F|  |TAMS 0x0000000707700000, 0x0000000707700000| Untracked 
|  92|0x0000000707800000, 0x0000000707800000, 0x0000000707900000|  0%| F|  |TAMS 0x0000000707800000, 0x0000000707800000| Untracked 
|  93|0x0000000707900000, 0x0000000707900000, 0x0000000707a00000|  0%| F|  |TAMS 0x0000000707900000, 0x0000000707900000| Untracked 
|  94|0x0000000707a00000, 0x0000000707a00000, 0x0000000707b00000|  0%| F|  |TAMS 0x0000000707a00000, 0x0000000707a00000| Untracked 
|  95|0x0000000707b00000, 0x0000000707b00000, 0x0000000707c00000|  0%| F|  |TAMS 0x0000000707b00000, 0x0000000707b00000| Untracked 
|  96|0x0000000707c00000, 0x0000000707c00000, 0x0000000707d00000|  0%| F|  |TAMS 0x0000000707c00000, 0x0000000707c00000| Untracked 
|  97|0x0000000707d00000, 0x0000000707d00000, 0x0000000707e00000|  0%| F|  |TAMS 0x0000000707d00000, 0x0000000707d00000| Untracked 
|  98|0x0000000707e00000, 0x0000000707e00000, 0x0000000707f00000|  0%| F|  |TAMS 0x0000000707e00000, 0x0000000707e00000| Untracked 
|  99|0x0000000707f00000, 0x0000000707f00000, 0x0000000708000000|  0%| F|  |TAMS 0x0000000707f00000, 0x0000000707f00000| Untracked 
| 100|0x0000000708000000, 0x0000000708000000, 0x0000000708100000|  0%| F|  |TAMS 0x0000000708000000, 0x0000000708000000| Untracked 
| 101|0x0000000708100000, 0x0000000708100000, 0x0000000708200000|  0%| F|  |TAMS 0x0000000708100000, 0x0000000708100000| Untracked 
| 102|0x0000000708200000, 0x0000000708200000, 0x0000000708300000|  0%| F|  |TAMS 0x0000000708200000, 0x0000000708200000| Untracked 
| 103|0x0000000708300000, 0x0000000708300000, 0x0000000708400000|  0%| F|  |TAMS 0x0000000708300000, 0x0000000708300000| Untracked 
| 104|0x0000000708400000, 0x0000000708400000, 0x0000000708500000|  0%| F|  |TAMS 0x0000000708400000, 0x0000000708400000| Untracked 
| 105|0x0000000708500000, 0x0000000708500000, 0x0000000708600000|  0%| F|  |TAMS 0x0000000708500000, 0x0000000708500000| Untracked 
| 106|0x0000000708600000, 0x0000000708600000, 0x0000000708700000|  0%| F|  |TAMS 0x0000000708600000, 0x0000000708600000| Untracked 
| 107|0x0000000708700000, 0x0000000708700000, 0x0000000708800000|  0%| F|  |TAMS 0x0000000708700000, 0x0000000708700000| Untracked 
| 108|0x0000000708800000, 0x0000000708800000, 0x0000000708900000|  0%| F|  |TAMS 0x0000000708800000, 0x0000000708800000| Untracked 
| 109|0x0000000708900000, 0x0000000708900000, 0x0000000708a00000|  0%| F|  |TAMS 0x0000000708900000, 0x0000000708900000| Untracked 
| 110|0x0000000708a00000, 0x0000000708a00000, 0x0000000708b00000|  0%| F|  |TAMS 0x0000000708a00000, 0x0000000708a00000| Untracked 
| 111|0x0000000708b00000, 0x0000000708b00000, 0x0000000708c00000|  0%| F|  |TAMS 0x0000000708b00000, 0x0000000708b00000| Untracked 
| 112|0x0000000708c00000, 0x0000000708c00000, 0x0000000708d00000|  0%| F|  |TAMS 0x0000000708c00000, 0x0000000708c00000| Untracked 
| 113|0x0000000708d00000, 0x0000000708d00000, 0x0000000708e00000|  0%| F|  |TAMS 0x0000000708d00000, 0x0000000708d00000| Untracked 
| 114|0x0000000708e00000, 0x0000000708e00000, 0x0000000708f00000|  0%| F|  |TAMS 0x0000000708e00000, 0x0000000708e00000| Untracked 
| 115|0x0000000708f00000, 0x0000000708f00000, 0x0000000709000000|  0%| F|  |TAMS 0x0000000708f00000, 0x0000000708f00000| Untracked 
| 116|0x0000000709000000, 0x0000000709000000, 0x0000000709100000|  0%| F|  |TAMS 0x0000000709000000, 0x0000000709000000| Untracked 
| 117|0x0000000709100000, 0x0000000709100000, 0x0000000709200000|  0%| F|  |TAMS 0x0000000709100000, 0x0000000709100000| Untracked 
| 118|0x0000000709200000, 0x0000000709200000, 0x0000000709300000|  0%| F|  |TAMS 0x0000000709200000, 0x0000000709200000| Untracked 
| 119|0x0000000709300000, 0x0000000709300000, 0x0000000709400000|  0%| F|  |TAMS 0x0000000709300000, 0x0000000709300000| Untracked 
| 120|0x0000000709400000, 0x0000000709400000, 0x0000000709500000|  0%| F|  |TAMS 0x0000000709400000, 0x0000000709400000| Untracked 
| 121|0x0000000709500000, 0x0000000709500000, 0x0000000709600000|  0%| F|  |TAMS 0x0000000709500000, 0x0000000709500000| Untracked 
| 122|0x0000000709600000, 0x0000000709600000, 0x0000000709700000|  0%| F|  |TAMS 0x0000000709600000, 0x0000000709600000| Untracked 
| 123|0x0000000709700000, 0x0000000709700000, 0x0000000709800000|  0%| F|  |TAMS 0x0000000709700000, 0x0000000709700000| Untracked 
| 124|0x0000000709800000, 0x0000000709800000, 0x0000000709900000|  0%| F|  |TAMS 0x0000000709800000, 0x0000000709800000| Untracked 
| 125|0x0000000709900000, 0x0000000709900000, 0x0000000709a00000|  0%| F|  |TAMS 0x0000000709900000, 0x0000000709900000| Untracked 
| 126|0x0000000709a00000, 0x0000000709a00000, 0x0000000709b00000|  0%| F|  |TAMS 0x0000000709a00000, 0x0000000709a00000| Untracked 
| 127|0x0000000709b00000, 0x0000000709b00000, 0x0000000709c00000|  0%| F|  |TAMS 0x0000000709b00000, 0x0000000709b00000| Untracked 
| 128|0x0000000709c00000, 0x0000000709c00000, 0x0000000709d00000|  0%| F|  |TAMS 0x0000000709c00000, 0x0000000709c00000| Untracked 
| 129|0x0000000709d00000, 0x0000000709d00000, 0x0000000709e00000|  0%| F|  |TAMS 0x0000000709d00000, 0x0000000709d00000| Untracked 
| 130|0x0000000709e00000, 0x0000000709e00000, 0x0000000709f00000|  0%| F|  |TAMS 0x0000000709e00000, 0x0000000709e00000| Untracked 
| 131|0x0000000709f00000, 0x0000000709f00000, 0x000000070a000000|  0%| F|  |TAMS 0x0000000709f00000, 0x0000000709f00000| Untracked 
| 132|0x000000070a000000, 0x000000070a000000, 0x000000070a100000|  0%| F|  |TAMS 0x000000070a000000, 0x000000070a000000| Untracked 
| 133|0x000000070a100000, 0x000000070a100000, 0x000000070a200000|  0%| F|  |TAMS 0x000000070a100000, 0x000000070a100000| Untracked 
| 134|0x000000070a200000, 0x000000070a200000, 0x000000070a300000|  0%| F|  |TAMS 0x000000070a200000, 0x000000070a200000| Untracked 
| 135|0x000000070a300000, 0x000000070a300000, 0x000000070a400000|  0%| F|  |TAMS 0x000000070a300000, 0x000000070a300000| Untracked 
| 136|0x000000070a400000, 0x000000070a400000, 0x000000070a500000|  0%| F|  |TAMS 0x000000070a400000, 0x000000070a400000| Untracked 
| 137|0x000000070a500000, 0x000000070a500000, 0x000000070a600000|  0%| F|  |TAMS 0x000000070a500000, 0x000000070a500000| Untracked 
| 138|0x000000070a600000, 0x000000070a600000, 0x000000070a700000|  0%| F|  |TAMS 0x000000070a600000, 0x000000070a600000| Untracked 
| 139|0x000000070a700000, 0x000000070a700000, 0x000000070a800000|  0%| F|  |TAMS 0x000000070a700000, 0x000000070a700000| Untracked 
| 140|0x000000070a800000, 0x000000070a800000, 0x000000070a900000|  0%| F|  |TAMS 0x000000070a800000, 0x000000070a800000| Untracked 
| 141|0x000000070a900000, 0x000000070a900000, 0x000000070aa00000|  0%| F|  |TAMS 0x000000070a900000, 0x000000070a900000| Untracked 
| 142|0x000000070aa00000, 0x000000070aa00000, 0x000000070ab00000|  0%| F|  |TAMS 0x000000070aa00000, 0x000000070aa00000| Untracked 
| 143|0x000000070ab00000, 0x000000070ab00000, 0x000000070ac00000|  0%| F|  |TAMS 0x000000070ab00000, 0x000000070ab00000| Untracked 
| 144|0x000000070ac00000, 0x000000070ac00000, 0x000000070ad00000|  0%| F|  |TAMS 0x000000070ac00000, 0x000000070ac00000| Untracked 
| 145|0x000000070ad00000, 0x000000070ad00000, 0x000000070ae00000|  0%| F|  |TAMS 0x000000070ad00000, 0x000000070ad00000| Untracked 
| 146|0x000000070ae00000, 0x000000070ae00000, 0x000000070af00000|  0%| F|  |TAMS 0x000000070ae00000, 0x000000070ae00000| Untracked 
| 147|0x000000070af00000, 0x000000070af00000, 0x000000070b000000|  0%| F|  |TAMS 0x000000070af00000, 0x000000070af00000| Untracked 
| 148|0x000000070b000000, 0x000000070b000000, 0x000000070b100000|  0%| F|  |TAMS 0x000000070b000000, 0x000000070b000000| Untracked 
| 149|0x000000070b100000, 0x000000070b100000, 0x000000070b200000|  0%| F|  |TAMS 0x000000070b100000, 0x000000070b100000| Untracked 
| 150|0x000000070b200000, 0x000000070b200000, 0x000000070b300000|  0%| F|  |TAMS 0x000000070b200000, 0x000000070b200000| Untracked 
| 151|0x000000070b300000, 0x000000070b300000, 0x000000070b400000|  0%| F|  |TAMS 0x000000070b300000, 0x000000070b300000| Untracked 
| 152|0x000000070b400000, 0x000000070b400000, 0x000000070b500000|  0%| F|  |TAMS 0x000000070b400000, 0x000000070b400000| Untracked 
| 153|0x000000070b500000, 0x000000070b500000, 0x000000070b600000|  0%| F|  |TAMS 0x000000070b500000, 0x000000070b500000| Untracked 
| 154|0x000000070b600000, 0x000000070b600000, 0x000000070b700000|  0%| F|  |TAMS 0x000000070b600000, 0x000000070b600000| Untracked 
| 155|0x000000070b700000, 0x000000070b700000, 0x000000070b800000|  0%| F|  |TAMS 0x000000070b700000, 0x000000070b700000| Untracked 
| 156|0x000000070b800000, 0x000000070b800000, 0x000000070b900000|  0%| F|  |TAMS 0x000000070b800000, 0x000000070b800000| Untracked 
| 157|0x000000070b900000, 0x000000070b900000, 0x000000070ba00000|  0%| F|  |TAMS 0x000000070b900000, 0x000000070b900000| Untracked 
| 158|0x000000070ba00000, 0x000000070ba00000, 0x000000070bb00000|  0%| F|  |TAMS 0x000000070ba00000, 0x000000070ba00000| Untracked 
| 159|0x000000070bb00000, 0x000000070bb00000, 0x000000070bc00000|  0%| F|  |TAMS 0x000000070bb00000, 0x000000070bb00000| Untracked 
| 160|0x000000070bc00000, 0x000000070bc00000, 0x000000070bd00000|  0%| F|  |TAMS 0x000000070bc00000, 0x000000070bc00000| Untracked 
| 161|0x000000070bd00000, 0x000000070bd00000, 0x000000070be00000|  0%| F|  |TAMS 0x000000070bd00000, 0x000000070bd00000| Untracked 
| 162|0x000000070be00000, 0x000000070be00000, 0x000000070bf00000|  0%| F|  |TAMS 0x000000070be00000, 0x000000070be00000| Untracked 
| 163|0x000000070bf00000, 0x000000070bf00000, 0x000000070c000000|  0%| F|  |TAMS 0x000000070bf00000, 0x000000070bf00000| Untracked 
| 164|0x000000070c000000, 0x000000070c000000, 0x000000070c100000|  0%| F|  |TAMS 0x000000070c000000, 0x000000070c000000| Untracked 
| 165|0x000000070c100000, 0x000000070c100000, 0x000000070c200000|  0%| F|  |TAMS 0x000000070c100000, 0x000000070c100000| Untracked 
| 166|0x000000070c200000, 0x000000070c200000, 0x000000070c300000|  0%| F|  |TAMS 0x000000070c200000, 0x000000070c200000| Untracked 
| 167|0x000000070c300000, 0x000000070c300000, 0x000000070c400000|  0%| F|  |TAMS 0x000000070c300000, 0x000000070c300000| Untracked 
| 168|0x000000070c400000, 0x000000070c400000, 0x000000070c500000|  0%| F|  |TAMS 0x000000070c400000, 0x000000070c400000| Untracked 
| 169|0x000000070c500000, 0x000000070c500000, 0x000000070c600000|  0%| F|  |TAMS 0x000000070c500000, 0x000000070c500000| Untracked 
| 170|0x000000070c600000, 0x000000070c600000, 0x000000070c700000|  0%| F|  |TAMS 0x000000070c600000, 0x000000070c600000| Untracked 
| 171|0x000000070c700000, 0x000000070c700000, 0x000000070c800000|  0%| F|  |TAMS 0x000000070c700000, 0x000000070c700000| Untracked 
| 172|0x000000070c800000, 0x000000070c800000, 0x000000070c900000|  0%| F|  |TAMS 0x000000070c800000, 0x000000070c800000| Untracked 
| 173|0x000000070c900000, 0x000000070c900000, 0x000000070ca00000|  0%| F|  |TAMS 0x000000070c900000, 0x000000070c900000| Untracked 
| 174|0x000000070ca00000, 0x000000070ca00000, 0x000000070cb00000|  0%| F|  |TAMS 0x000000070ca00000, 0x000000070ca00000| Untracked 
| 175|0x000000070cb00000, 0x000000070cb00000, 0x000000070cc00000|  0%| F|  |TAMS 0x000000070cb00000, 0x000000070cb00000| Untracked 
| 176|0x000000070cc00000, 0x000000070cc00000, 0x000000070cd00000|  0%| F|  |TAMS 0x000000070cc00000, 0x000000070cc00000| Untracked 
| 177|0x000000070cd00000, 0x000000070cd00000, 0x000000070ce00000|  0%| F|  |TAMS 0x000000070cd00000, 0x000000070cd00000| Untracked 
| 178|0x000000070ce00000, 0x000000070ce00000, 0x000000070cf00000|  0%| F|  |TAMS 0x000000070ce00000, 0x000000070ce00000| Untracked 
| 179|0x000000070cf00000, 0x000000070cf00000, 0x000000070d000000|  0%| F|  |TAMS 0x000000070cf00000, 0x000000070cf00000| Untracked 
| 180|0x000000070d000000, 0x000000070d000000, 0x000000070d100000|  0%| F|  |TAMS 0x000000070d000000, 0x000000070d000000| Untracked 
| 181|0x000000070d100000, 0x000000070d100000, 0x000000070d200000|  0%| F|  |TAMS 0x000000070d100000, 0x000000070d100000| Untracked 
| 182|0x000000070d200000, 0x000000070d200000, 0x000000070d300000|  0%| F|  |TAMS 0x000000070d200000, 0x000000070d200000| Untracked 
| 183|0x000000070d300000, 0x000000070d300000, 0x000000070d400000|  0%| F|  |TAMS 0x000000070d300000, 0x000000070d300000| Untracked 
| 184|0x000000070d400000, 0x000000070d400000, 0x000000070d500000|  0%| F|  |TAMS 0x000000070d400000, 0x000000070d400000| Untracked 
| 185|0x000000070d500000, 0x000000070d500000, 0x000000070d600000|  0%| F|  |TAMS 0x000000070d500000, 0x000000070d500000| Untracked 
| 186|0x000000070d600000, 0x000000070d600000, 0x000000070d700000|  0%| F|  |TAMS 0x000000070d600000, 0x000000070d600000| Untracked 
| 187|0x000000070d700000, 0x000000070d700000, 0x000000070d800000|  0%| F|  |TAMS 0x000000070d700000, 0x000000070d700000| Untracked 
| 188|0x000000070d800000, 0x000000070d800000, 0x000000070d900000|  0%| F|  |TAMS 0x000000070d800000, 0x000000070d800000| Untracked 
| 189|0x000000070d900000, 0x000000070d900000, 0x000000070da00000|  0%| F|  |TAMS 0x000000070d900000, 0x000000070d900000| Untracked 
| 190|0x000000070da00000, 0x000000070da00000, 0x000000070db00000|  0%| F|  |TAMS 0x000000070da00000, 0x000000070da00000| Untracked 
| 191|0x000000070db00000, 0x000000070db00000, 0x000000070dc00000|  0%| F|  |TAMS 0x000000070db00000, 0x000000070db00000| Untracked 
| 192|0x000000070dc00000, 0x000000070dc00000, 0x000000070dd00000|  0%| F|  |TAMS 0x000000070dc00000, 0x000000070dc00000| Untracked 
| 193|0x000000070dd00000, 0x000000070dd00000, 0x000000070de00000|  0%| F|  |TAMS 0x000000070dd00000, 0x000000070dd00000| Untracked 
| 194|0x000000070de00000, 0x000000070de00000, 0x000000070df00000|  0%| F|  |TAMS 0x000000070de00000, 0x000000070de00000| Untracked 
| 195|0x000000070df00000, 0x000000070df00000, 0x000000070e000000|  0%| F|  |TAMS 0x000000070df00000, 0x000000070df00000| Untracked 
| 196|0x000000070e000000, 0x000000070e000000, 0x000000070e100000|  0%| F|  |TAMS 0x000000070e000000, 0x000000070e000000| Untracked 
| 197|0x000000070e100000, 0x000000070e100000, 0x000000070e200000|  0%| F|  |TAMS 0x000000070e100000, 0x000000070e100000| Untracked 
| 198|0x000000070e200000, 0x000000070e200000, 0x000000070e300000|  0%| F|  |TAMS 0x000000070e200000, 0x000000070e200000| Untracked 
| 199|0x000000070e300000, 0x000000070e300000, 0x000000070e400000|  0%| F|  |TAMS 0x000000070e300000, 0x000000070e300000| Untracked 
| 200|0x000000070e400000, 0x000000070e400000, 0x000000070e500000|  0%| F|  |TAMS 0x000000070e400000, 0x000000070e400000| Untracked 
| 201|0x000000070e500000, 0x000000070e500000, 0x000000070e600000|  0%| F|  |TAMS 0x000000070e500000, 0x000000070e500000| Untracked 
| 202|0x000000070e600000, 0x000000070e600000, 0x000000070e700000|  0%| F|  |TAMS 0x000000070e600000, 0x000000070e600000| Untracked 
| 203|0x000000070e700000, 0x000000070e700000, 0x000000070e800000|  0%| F|  |TAMS 0x000000070e700000, 0x000000070e700000| Untracked 
| 204|0x000000070e800000, 0x000000070e800000, 0x000000070e900000|  0%| F|  |TAMS 0x000000070e800000, 0x000000070e800000| Untracked 
| 205|0x000000070e900000, 0x000000070e900000, 0x000000070ea00000|  0%| F|  |TAMS 0x000000070e900000, 0x000000070e900000| Untracked 
| 206|0x000000070ea00000, 0x000000070ea00000, 0x000000070eb00000|  0%| F|  |TAMS 0x000000070ea00000, 0x000000070ea00000| Untracked 
| 207|0x000000070eb00000, 0x000000070eb00000, 0x000000070ec00000|  0%| F|  |TAMS 0x000000070eb00000, 0x000000070eb00000| Untracked 
| 208|0x000000070ec00000, 0x000000070ec00000, 0x000000070ed00000|  0%| F|  |TAMS 0x000000070ec00000, 0x000000070ec00000| Untracked 
| 209|0x000000070ed00000, 0x000000070ed00000, 0x000000070ee00000|  0%| F|  |TAMS 0x000000070ed00000, 0x000000070ed00000| Untracked 
| 210|0x000000070ee00000, 0x000000070ee00000, 0x000000070ef00000|  0%| F|  |TAMS 0x000000070ee00000, 0x000000070ee00000| Untracked 
| 211|0x000000070ef00000, 0x000000070ef00000, 0x000000070f000000|  0%| F|  |TAMS 0x000000070ef00000, 0x000000070ef00000| Untracked 
| 212|0x000000070f000000, 0x000000070f000000, 0x000000070f100000|  0%| F|  |TAMS 0x000000070f000000, 0x000000070f000000| Untracked 
| 213|0x000000070f100000, 0x000000070f100000, 0x000000070f200000|  0%| F|  |TAMS 0x000000070f100000, 0x000000070f100000| Untracked 
| 214|0x000000070f200000, 0x000000070f200000, 0x000000070f300000|  0%| F|  |TAMS 0x000000070f200000, 0x000000070f200000| Untracked 
| 215|0x000000070f300000, 0x000000070f300000, 0x000000070f400000|  0%| F|  |TAMS 0x000000070f300000, 0x000000070f300000| Untracked 
| 216|0x000000070f400000, 0x000000070f400000, 0x000000070f500000|  0%| F|  |TAMS 0x000000070f400000, 0x000000070f400000| Untracked 
| 217|0x000000070f500000, 0x000000070f500000, 0x000000070f600000|  0%| F|  |TAMS 0x000000070f500000, 0x000000070f500000| Untracked 
| 218|0x000000070f600000, 0x000000070f600000, 0x000000070f700000|  0%| F|  |TAMS 0x000000070f600000, 0x000000070f600000| Untracked 
| 219|0x000000070f700000, 0x000000070f700000, 0x000000070f800000|  0%| F|  |TAMS 0x000000070f700000, 0x000000070f700000| Untracked 
| 220|0x000000070f800000, 0x000000070f800000, 0x000000070f900000|  0%| F|  |TAMS 0x000000070f800000, 0x000000070f800000| Untracked 
| 221|0x000000070f900000, 0x000000070f900000, 0x000000070fa00000|  0%| F|  |TAMS 0x000000070f900000, 0x000000070f900000| Untracked 
| 222|0x000000070fa00000, 0x000000070fa00000, 0x000000070fb00000|  0%| F|  |TAMS 0x000000070fa00000, 0x000000070fa00000| Untracked 
| 223|0x000000070fb00000, 0x000000070fb00000, 0x000000070fc00000|  0%| F|  |TAMS 0x000000070fb00000, 0x000000070fb00000| Untracked 
| 224|0x000000070fc00000, 0x000000070fc00000, 0x000000070fd00000|  0%| F|  |TAMS 0x000000070fc00000, 0x000000070fc00000| Untracked 
| 225|0x000000070fd00000, 0x000000070fd00000, 0x000000070fe00000|  0%| F|  |TAMS 0x000000070fd00000, 0x000000070fd00000| Untracked 
| 226|0x000000070fe00000, 0x000000070fe00000, 0x000000070ff00000|  0%| F|  |TAMS 0x000000070fe00000, 0x000000070fe00000| Untracked 
| 227|0x000000070ff00000, 0x000000070ff00000, 0x0000000710000000|  0%| F|  |TAMS 0x000000070ff00000, 0x000000070ff00000| Untracked 
| 228|0x0000000710000000, 0x0000000710000000, 0x0000000710100000|  0%| F|  |TAMS 0x0000000710000000, 0x0000000710000000| Untracked 
| 229|0x0000000710100000, 0x0000000710100000, 0x0000000710200000|  0%| F|  |TAMS 0x0000000710100000, 0x0000000710100000| Untracked 
| 230|0x0000000710200000, 0x0000000710200000, 0x0000000710300000|  0%| F|  |TAMS 0x0000000710200000, 0x0000000710200000| Untracked 
| 231|0x0000000710300000, 0x0000000710300000, 0x0000000710400000|  0%| F|  |TAMS 0x0000000710300000, 0x0000000710300000| Untracked 
| 232|0x0000000710400000, 0x0000000710400000, 0x0000000710500000|  0%| F|  |TAMS 0x0000000710400000, 0x0000000710400000| Untracked 
| 233|0x0000000710500000, 0x0000000710500000, 0x0000000710600000|  0%| F|  |TAMS 0x0000000710500000, 0x0000000710500000| Untracked 
| 234|0x0000000710600000, 0x0000000710600000, 0x0000000710700000|  0%| F|  |TAMS 0x0000000710600000, 0x0000000710600000| Untracked 
| 235|0x0000000710700000, 0x0000000710700000, 0x0000000710800000|  0%| F|  |TAMS 0x0000000710700000, 0x0000000710700000| Untracked 
| 236|0x0000000710800000, 0x0000000710800000, 0x0000000710900000|  0%| F|  |TAMS 0x0000000710800000, 0x0000000710800000| Untracked 
| 237|0x0000000710900000, 0x0000000710900000, 0x0000000710a00000|  0%| F|  |TAMS 0x0000000710900000, 0x0000000710900000| Untracked 
| 238|0x0000000710a00000, 0x0000000710a00000, 0x0000000710b00000|  0%| F|  |TAMS 0x0000000710a00000, 0x0000000710a00000| Untracked 
| 239|0x0000000710b00000, 0x0000000710b00000, 0x0000000710c00000|  0%| F|  |TAMS 0x0000000710b00000, 0x0000000710b00000| Untracked 
| 240|0x0000000710c00000, 0x0000000710c00000, 0x0000000710d00000|  0%| F|  |TAMS 0x0000000710c00000, 0x0000000710c00000| Untracked 
| 241|0x0000000710d00000, 0x0000000710d00000, 0x0000000710e00000|  0%| F|  |TAMS 0x0000000710d00000, 0x0000000710d00000| Untracked 
| 242|0x0000000710e00000, 0x0000000710e00000, 0x0000000710f00000|  0%| F|  |TAMS 0x0000000710e00000, 0x0000000710e00000| Untracked 
| 243|0x0000000710f00000, 0x0000000710f00000, 0x0000000711000000|  0%| F|  |TAMS 0x0000000710f00000, 0x0000000710f00000| Untracked 
| 244|0x0000000711000000, 0x0000000711000000, 0x0000000711100000|  0%| F|  |TAMS 0x0000000711000000, 0x0000000711000000| Untracked 
| 245|0x0000000711100000, 0x0000000711100000, 0x0000000711200000|  0%| F|  |TAMS 0x0000000711100000, 0x0000000711100000| Untracked 
| 246|0x0000000711200000, 0x0000000711200000, 0x0000000711300000|  0%| F|  |TAMS 0x0000000711200000, 0x0000000711200000| Untracked 
| 247|0x0000000711300000, 0x0000000711300000, 0x0000000711400000|  0%| F|  |TAMS 0x0000000711300000, 0x0000000711300000| Untracked 
| 248|0x0000000711400000, 0x0000000711400000, 0x0000000711500000|  0%| F|  |TAMS 0x0000000711400000, 0x0000000711400000| Untracked 
| 249|0x0000000711500000, 0x0000000711500000, 0x0000000711600000|  0%| F|  |TAMS 0x0000000711500000, 0x0000000711500000| Untracked 
| 250|0x0000000711600000, 0x0000000711600000, 0x0000000711700000|  0%| F|  |TAMS 0x0000000711600000, 0x0000000711600000| Untracked 
| 251|0x0000000711700000, 0x000000071177b620, 0x0000000711800000| 48%| E|  |TAMS 0x0000000711700000, 0x0000000711700000| Complete 
| 252|0x0000000711800000, 0x0000000711900000, 0x0000000711900000|100%| E|CS|TAMS 0x0000000711800000, 0x0000000711800000| Complete 
| 253|0x0000000711900000, 0x0000000711a00000, 0x0000000711a00000|100%| E|CS|TAMS 0x0000000711900000, 0x0000000711900000| Complete 
| 254|0x0000000711a00000, 0x0000000711b00000, 0x0000000711b00000|100%| E|CS|TAMS 0x0000000711a00000, 0x0000000711a00000| Complete 
| 255|0x0000000711b00000, 0x0000000711c00000, 0x0000000711c00000|100%| E|CS|TAMS 0x0000000711b00000, 0x0000000711b00000| Complete 
|3042|0x00000007bfe00000, 0x00000007bfe44000, 0x00000007bff00000| 26%|OA|  |TAMS 0x00000007bfe00000, 0x00000007bfe00000| Untracked 
|3043|0x00000007bff00000, 0x00000007bff6a000, 0x00000007c0000000| 41%|CA|  |TAMS 0x00000007bff00000, 0x00000007bff00000| Untracked 

Card table byte_map: [0x00007fd539eb0000,0x00007fd53a6a2000] _byte_map_base: 0x00007fd5366a2000

Marking Bits (Prev, Next): (CMBitMap*) 0x00007fd55407d138, (CMBitMap*) 0x00007fd55407d170
 Prev Bits: [0x00007fd530070000, 0x00007fd534000000)
 Next Bits: [0x00007fd52c0e0000, 0x00007fd530070000)

Polling page: 0x00007fd55b300000

Metaspace:

Usage:
  Non-class:      4.50 MB capacity,     1.82 MB ( 41%) used,     2.67 MB ( 59%) free+waste,    14.75 KB ( <1%) overhead. 
      Class:    587.00 KB capacity,   255.00 KB ( 43%) used,   323.69 KB ( 55%) free+waste,     8.31 KB (  1%) overhead. 
       Both:      5.08 MB capacity,     2.07 MB ( 41%) used,     2.98 MB ( 59%) free+waste,    23.06 KB ( <1%) overhead. 

Virtual space:
  Non-class space:        8.00 MB reserved,       4.75 MB ( 59%) committed 
      Class space:        1.00 GB reserved,     640.00 KB ( <1%) committed 
             Both:        1.01 GB reserved,       5.38 MB ( <1%) committed 

Chunk freelists:
   Non-Class:  0 bytes
       Class:  0 bytes
        Both:  0 bytes

MaxMetaspaceSize: unlimited
CompressedClassSpaceSize: 1.00 GB

CodeHeap 'non-profiled nmethods': size=120032Kb used=155Kb max_used=155Kb free=119876Kb
 bounds [0x00007fd543308000, 0x00007fd543578000, 0x00007fd54a840000]
CodeHeap 'profiled nmethods': size=120028Kb used=826Kb max_used=826Kb free=119201Kb
 bounds [0x00007fd53bdd1000, 0x00007fd53c041000, 0x00007fd543308000]
CodeHeap 'non-nmethods': size=5700Kb used=1126Kb max_used=1142Kb free=4574Kb
 bounds [0x00007fd53b840000, 0x00007fd53bab0000, 0x00007fd53bdd1000]
 total_blobs=982 nmethods=516 adapters=272
 compilation: enabled
              stopped_count=0, restarted_count=0
 full_count=0

Compilation events (20 events):
Event: 8.316 Thread 0x00007fd5541e4800  507       3       java.io.ObjectInputStream$BlockDataInputStream::peek (55 bytes)
Event: 8.317 Thread 0x00007fd5541e4800 nmethod 507 0x00007fd53be9c410 code [0x00007fd53be9c600, 0x00007fd53be9c938]
Event: 8.321 Thread 0x00007fd5541e2800  508       4       jdk.internal.org.objectweb.asm.Item::set (219 bytes)
Event: 8.321 Thread 0x00007fd5541e4800  509       3       java.lang.invoke.MethodTypeForm::cachedLambdaForm (44 bytes)
Event: 8.321 Thread 0x00007fd5541e4800 nmethod 509 0x00007fd53be9ca90 code [0x00007fd53be9cc60, 0x00007fd53be9d068]
Event: 8.322 Thread 0x00007fd5541e4800  510       3       java.lang.invoke.MemberName::getType (19 bytes)
Event: 8.322 Thread 0x00007fd5541e4800 nmethod 510 0x00007fd53be9d190 code [0x00007fd53be9d380, 0x00007fd53be9d798]
Event: 8.322 Thread 0x00007fd5541e4800  512       3       java.lang.invoke.Invokers$Holder::linkToTargetMethod (10 bytes)
Event: 8.323 Thread 0x00007fd5541e4800 nmethod 512 0x00007fd53be9d910 code [0x00007fd53be9dae0, 0x00007fd53be9dfd8]
Event: 8.323 Thread 0x00007fd5541e4800  513       3       java.lang.invoke.DirectMethodHandle$Holder::invokeStatic (15 bytes)
Event: 8.323 Thread 0x00007fd5541e4800 nmethod 513 0x00007fd53be9e110 code [0x00007fd53be9e300, 0x00007fd53be9e938]
Event: 8.323 Thread 0x00007fd5541e4800  511       1       java.lang.invoke.InfoFromMemberName::getReferenceKind (5 bytes)
Event: 8.323 Thread 0x00007fd5541e4800 nmethod 511 0x00007fd54332ce10 code [0x00007fd54332cfc0, 0x00007fd54332d0f0]
Event: 8.386 Thread 0x00007fd5541e2800 nmethod 508 0x00007fd54332d190 code [0x00007fd54332d380, 0x00007fd54332e6f8]
Event: 8.411 Thread 0x00007fd5541e4800  514       3       java.lang.StringBuilder::append (10 bytes)
Event: 8.411 Thread 0x00007fd5541e4800 nmethod 514 0x00007fd53be9ea90 code [0x00007fd53be9ec80, 0x00007fd53be9ef48]
Event: 8.411 Thread 0x00007fd5541e4800  515       3       java.lang.AbstractStringBuilder::append (33 bytes)
Event: 8.411 Thread 0x00007fd5541e4800 nmethod 515 0x00007fd53be9f090 code [0x00007fd53be9f260, 0x00007fd53be9f4c8]
Event: 8.411 Thread 0x00007fd5541e4800  516       3       java.io.OutputStream::flush (1 bytes)
Event: 8.411 Thread 0x00007fd5541e4800 nmethod 516 0x00007fd53be9f610 code [0x00007fd53be9f7c0, 0x00007fd53be9f930]

GC Heap History (0 events):
No events

Deoptimization events (6 events):
Event: 0.289 Thread 0x00007fd554015000 Uncommon trap: trap_request=0xffffff4d fr.pc=0x00007fd543311d04 relative=0x00000000000000e4
Event: 0.289 Thread 0x00007fd554015000 Uncommon trap: reason=unstable_if action=reinterpret pc=0x00007fd543311d04 method=java.lang.String.isLatin1()Z @ 10 c2
Event: 0.289 Thread 0x00007fd554015000 DEOPT PACKING pc=0x00007fd543311d04 sp=0x00007fd55b21f420
Event: 0.289 Thread 0x00007fd554015000 DEOPT UNPACKING pc=0x00007fd53b8792a5 sp=0x00007fd55b21f390 mode 2
Event: 7.331 Thread 0x00007fd5542c4000 DEOPT PACKING pc=0x00007fd53be5cdbc sp=0x00007fd5246bf810
Event: 7.331 Thread 0x00007fd5542c4000 DEOPT UNPACKING pc=0x00007fd53b8790ba sp=0x00007fd5246becf0 mode 0

Classes redefined (3 events):
Event: 3.542 Thread 0x00007fd5541d3800 redefined class name=REPL.$JShell$20$InfiniteList, count=1
Event: 4.247 Thread 0x00007fd5541d3800 redefined class name=REPL.$JShell$20$InfiniteList, count=2
Event: 4.436 Thread 0x00007fd5541d3800 redefined class name=REPL.$JShell$20$InfiniteList, count=3

Internal exceptions (6 events):
Event: 0.319 Thread 0x00007fd554015000 Exception <a 'java/lang/NoSuchMethodError'{0x0000000711a71fc8}: 'java.lang.Object java.lang.invoke.DirectMethodHandle$Holder.invokeStatic(java.lang.Object, java.lang.Object, java.lang.Object, java.lang.Object, java.lang.Object, java.lang.Object, java.lang
Event: 0.326 Thread 0x00007fd554015000 Exception <a 'java/lang/NoSuchMethodError'{0x0000000711a8d3e8}: 'java.lang.Object java.lang.invoke.DirectMethodHandle$Holder.invokeStatic(java.lang.Object, java.lang.Object, java.lang.Object, java.lang.Object, java.lang.Object, java.lang.Object, java.lang
Event: 4.201 Thread 0x00007fd554015000 Exception <a 'java/lang/VerifyError'{0x0000000711975a70}: Bad return type
Exception Details:
  Location:
    REPL/$JShell$22B$InfiniteListImpl.limit(J)LREPL/$JShell$22B$InfiniteListImpl; @20: areturn
  Reason:
    Type 'REPL/$JShell$23$EmptyList' (current
Event: 4.215 Thread 0x00007fd554015000 Exception <a 'java/lang/NoSuchMethodError'{0x000000071180f948}: <clinit>> (0x000000071180f948) thrown at [/build/openjdk-lts-ioLltV/openjdk-lts-11.0.5+10/src/hotspot/share/prims/jni.cpp, line 1362]
Event: 4.821 Thread 0x00007fd554015000 Exception <a 'java/lang/NoSuchMethodError'{0x000000071184fb20}: 'java.lang.Object java.lang.invoke.DirectMethodHandle$Holder.invokeStatic(java.lang.Object, java.lang.Object, long)'> (0x000000071184fb20) thrown at [/build/openjdk-lts-ioLltV/openjdk-lts-11.
Event: 4.822 Thread 0x00007fd554015000 Exception <a 'java/lang/NoSuchMethodError'{0x0000000711855f40}: 'java.lang.Object java.lang.invoke.Invokers$Holder.linkToTargetMethod(java.lang.Object, long, java.lang.Object)'> (0x0000000711855f40) thrown at [/build/openjdk-lts-ioLltV/openjdk-lts-11.0.5+

Events (20 events):
Event: 6.991 loading class REPL/$JShell$38 done
Event: 6.995 loading class REPL/$JShell$15$Lazy
Event: 6.995 loading class REPL/$JShell$15$Lazy done
Event: 6.995 loading class REPL/$JShell$22C$InfiniteListImpl
Event: 6.995 loading class REPL/$JShell$22C$InfiniteListImpl done
Event: 7.116 loading class REPL/$JShell$39
Event: 7.116 loading class REPL/$JShell$39 done
Event: 7.334 loading class REPL/$JShell$40
Event: 7.334 loading class REPL/$JShell$40 done
Event: 7.521 loading class REPL/$JShell$41
Event: 7.521 loading class REPL/$JShell$41 done
Event: 7.692 loading class REPL/$JShell$42
Event: 7.692 loading class REPL/$JShell$42 done
Event: 8.147 loading class REPL/$JShell$43
Event: 8.147 loading class REPL/$JShell$43 done
Event: 8.317 loading class REPL/$JShell$44
Event: 8.317 loading class REPL/$JShell$44 done
Event: 8.538 loading class REPL/$JShell$45
Event: 8.538 loading class REPL/$JShell$45 done
Event: 76214.343 loading class jdk/internal/misc/Signal$1


Dynamic libraries:
701c00000-711c00000 rw-p 00000000 00:00 0
711c00000-7bfe00000 ---p 00000000 00:00 0
7bfe00000-7bfe44000 rw-p 01104000 00:00 181837                   /usr/lib/jvm/java-11-openjdk-amd64/lib/server/classes.jsa
7bfe44000-7bff00000 rw-p 00000000 00:00 0
7bff00000-7bff6a000 rw-p 0109a000 00:00 181837                   /usr/lib/jvm/java-11-openjdk-amd64/lib/server/classes.jsa
7bff6a000-7c0000000 rw-p 00000000 00:00 0
7c0000000-800000000 ---p 00000000 00:00 0
800000000-800002000 rwxp 00001000 00:00 181837                   /usr/lib/jvm/java-11-openjdk-amd64/lib/server/classes.jsa
800002000-8003b8000 rw-p 00003000 00:00 181837                   /usr/lib/jvm/java-11-openjdk-amd64/lib/server/classes.jsa
8003b8000-800a8c000 rw-p 003b9000 00:00 181837                   /usr/lib/jvm/java-11-openjdk-amd64/lib/server/classes.jsa
800a8c000-800a8d000 rw-p 00a8d000 00:00 181837                   /usr/lib/jvm/java-11-openjdk-amd64/lib/server/classes.jsa
800a8d000-801099000 rw-p 00a8e000 00:00 181837                   /usr/lib/jvm/java-11-openjdk-amd64/lib/server/classes.jsa
840000000-8400a0000 rw-p 00000000 00:00 0
8400a0000-880000000 ---p 00000000 00:00 0
7fd4dc000000-7fd4dc021000 rw-p 00000000 00:00 0
7fd4dc021000-7fd4e0000000 ---p 00000000 00:00 0
7fd4e0000000-7fd4e0021000 rw-p 00000000 00:00 0
7fd4e0021000-7fd4e4000000 ---p 00000000 00:00 0
7fd4e4000000-7fd4e4021000 rw-p 00000000 00:00 0
7fd4e4021000-7fd4e8000000 ---p 00000000 00:00 0
7fd4e8000000-7fd4e8021000 rw-p 00000000 00:00 0
7fd4e8021000-7fd4ec000000 ---p 00000000 00:00 0
7fd4ec000000-7fd4ec021000 rw-p 00000000 00:00 0
7fd4ec021000-7fd4f0000000 ---p 00000000 00:00 0
7fd4f0000000-7fd4f0021000 rw-p 00000000 00:00 0
7fd4f0021000-7fd4f4000000 ---p 00000000 00:00 0
7fd4f4000000-7fd4f4021000 rw-p 00000000 00:00 0
7fd4f4021000-7fd4f8000000 ---p 00000000 00:00 0
7fd4f8000000-7fd4f8021000 rw-p 00000000 00:00 0
7fd4f8021000-7fd4fc000000 ---p 00000000 00:00 0
7fd4fc000000-7fd4fc20f000 rw-p 00000000 00:00 0
7fd4fc20f000-7fd500000000 ---p 00000000 00:00 0
7fd500000000-7fd500021000 rw-p 00000000 00:00 0
7fd500021000-7fd504000000 ---p 00000000 00:00 0
7fd504000000-7fd504021000 rw-p 00000000 00:00 0
7fd504021000-7fd508000000 ---p 00000000 00:00 0
7fd508000000-7fd50832f000 rw-p 00000000 00:00 0
7fd50832f000-7fd50c000000 ---p 00000000 00:00 0
7fd50c000000-7fd50c021000 rw-p 00000000 00:00 0
7fd50c021000-7fd510000000 ---p 00000000 00:00 0
7fd510000000-7fd510021000 rw-p 00000000 00:00 0
7fd510021000-7fd514000000 ---p 00000000 00:00 0
7fd514000000-7fd514021000 rw-p 00000000 00:00 0
7fd514021000-7fd518000000 ---p 00000000 00:00 0
7fd518000000-7fd518021000 rw-p 00000000 00:00 0
7fd518021000-7fd51c000000 ---p 00000000 00:00 0
7fd51c000000-7fd51c021000 rw-p 00000000 00:00 0
7fd51c021000-7fd520000000 ---p 00000000 00:00 0
7fd520000000-7fd520021000 rw-p 00000000 00:00 0
7fd520021000-7fd524000000 ---p 00000000 00:00 0
7fd5244b0000-7fd5244b4000 ---p 00000000 00:00 0
7fd5244b4000-7fd5245b1000 rw-p 00000000 00:00 0
7fd5245c0000-7fd5245c4000 ---p 00000000 00:00 0
7fd5245c4000-7fd5246c1000 rw-p 00000000 00:00 0
7fd5246d0000-7fd5246d2000 r-xp 00000000 00:00 138092             /usr/lib/jvm/java-11-openjdk-amd64/lib/libextnet.so
7fd5246d2000-7fd5246d3000 ---p 00002000 00:00 138092             /usr/lib/jvm/java-11-openjdk-amd64/lib/libextnet.so
7fd5246d3000-7fd5248d1000 ---p 00000003 00:00 138092             /usr/lib/jvm/java-11-openjdk-amd64/lib/libextnet.so
7fd5248d1000-7fd5248d2000 r--p 00001000 00:00 138092             /usr/lib/jvm/java-11-openjdk-amd64/lib/libextnet.so
7fd5248d2000-7fd5248d3000 rw-p 00002000 00:00 138092             /usr/lib/jvm/java-11-openjdk-amd64/lib/libextnet.so
7fd5248e0000-7fd5248e4000 ---p 00000000 00:00 0
7fd5248e4000-7fd5249e1000 rw-p 00000000 00:00 0
7fd5249f0000-7fd524a06000 r-xp 00000000 00:00 139242             /usr/lib/jvm/java-11-openjdk-amd64/lib/libnet.so
7fd524a06000-7fd524a07000 ---p 00016000 00:00 139242             /usr/lib/jvm/java-11-openjdk-amd64/lib/libnet.so
7fd524a07000-7fd524c05000 ---p 00000017 00:00 139242             /usr/lib/jvm/java-11-openjdk-amd64/lib/libnet.so
7fd524c05000-7fd524c06000 r--p 00015000 00:00 139242             /usr/lib/jvm/java-11-openjdk-amd64/lib/libnet.so
7fd524c06000-7fd524c07000 rw-p 00016000 00:00 139242             /usr/lib/jvm/java-11-openjdk-amd64/lib/libnet.so
7fd524c10000-7fd524c20000 r-xp 00000000 00:00 139247             /usr/lib/jvm/java-11-openjdk-amd64/lib/libnio.so
7fd524c20000-7fd524c21000 ---p 00010000 00:00 139247             /usr/lib/jvm/java-11-openjdk-amd64/lib/libnio.so
7fd524c21000-7fd524e1f000 ---p 00000011 00:00 139247             /usr/lib/jvm/java-11-openjdk-amd64/lib/libnio.so
7fd524e1f000-7fd524e20000 r--p 0000f000 00:00 139247             /usr/lib/jvm/java-11-openjdk-amd64/lib/libnio.so
7fd524e20000-7fd524e21000 rw-p 00010000 00:00 139247             /usr/lib/jvm/java-11-openjdk-amd64/lib/libnio.so
7fd524e30000-7fd524e31000 ---p 00000000 00:00 0
7fd524e31000-7fd524f32000 rw-p 00000000 00:00 0
7fd524f40000-7fd524f44000 ---p 00000000 00:00 0
7fd524f44000-7fd525041000 rw-p 00000000 00:00 0
7fd525050000-7fd525054000 ---p 00000000 00:00 0
7fd525054000-7fd525151000 rw-p 00000000 00:00 0
7fd525160000-7fd525164000 ---p 00000000 00:00 0
7fd525164000-7fd525261000 rw-p 00000000 00:00 0
7fd525270000-7fd525274000 ---p 00000000 00:00 0
7fd525274000-7fd525371000 rw-p 00000000 00:00 0
7fd525380000-7fd525384000 r-xp 00000000 00:00 137958             /usr/lib/jvm/java-11-openjdk-amd64/lib/libdt_socket.so
7fd525384000-7fd525386000 ---p 00004000 00:00 137958             /usr/lib/jvm/java-11-openjdk-amd64/lib/libdt_socket.so
7fd525386000-7fd525584000 ---p 00000006 00:00 137958             /usr/lib/jvm/java-11-openjdk-amd64/lib/libdt_socket.so
7fd525584000-7fd525585000 r--p 00004000 00:00 137958             /usr/lib/jvm/java-11-openjdk-amd64/lib/libdt_socket.so
7fd525585000-7fd525586000 rw-p 00005000 00:00 137958             /usr/lib/jvm/java-11-openjdk-amd64/lib/libdt_socket.so
7fd525590000-7fd525594000 ---p 00000000 00:00 0
7fd525594000-7fd525691000 rw-p 00000000 00:00 0
7fd5256a0000-7fd5256a4000 ---p 00000000 00:00 0
7fd5256a4000-7fd5257a1000 rw-p 00000000 00:00 0
7fd5257b0000-7fd5257b4000 ---p 00000000 00:00 0
7fd5257b4000-7fd5258b1000 rw-p 00000000 00:00 0
7fd5258c0000-7fd5258c4000 ---p 00000000 00:00 0
7fd5258c4000-7fd5259c1000 rw-p 00000000 00:00 0
7fd5259c2000-7fd525b35000 r--p 00000000 00:00 620215             /usr/lib/locale/C.UTF-8/LC_COLLATE
7fd525b35000-7fd525cd0000 r--p 00000000 00:00 620296             /usr/lib/locale/locale-archive
7fd525cd0000-7fd525cd4000 ---p 00000000 00:00 0
7fd525cd4000-7fd525dd1000 rw-p 00000000 00:00 0
7fd525de0000-7fd525de4000 ---p 00000000 00:00 0
7fd525de4000-7fd525ee1000 rw-p 00000000 00:00 0
7fd525ef0000-7fd525ef1000 ---p 00000000 00:00 0
7fd525ef1000-7fd525ff2000 rw-p 00000000 00:00 0
7fd526000000-7fd528021000 rw-p 00000000 00:00 0
7fd528021000-7fd52c000000 ---p 00000000 00:00 0
7fd52c0e0000-7fd52c4e0000 rw-p 00000000 00:00 0
7fd52c4e0000-7fd52f068000 ---p 00000000 00:00 0
7fd52f068000-7fd52f070000 rw-p 00000000 00:00 0
7fd52f070000-7fd530070000 ---p 00000000 00:00 0
7fd530070000-7fd530470000 rw-p 00000000 00:00 0
7fd530470000-7fd532ff8000 ---p 00000000 00:00 0
7fd532ff8000-7fd533000000 rw-p 00000000 00:00 0
7fd533000000-7fd534000000 ---p 00000000 00:00 0
7fd534000000-7fd534021000 rw-p 00000000 00:00 0
7fd534021000-7fd538000000 ---p 00000000 00:00 0
7fd5380a0000-7fd5380d1000 rw-p 00000000 00:00 0
7fd5380e0000-7fd5385a0000 rw-p 00000000 00:00 0
7fd5385a0000-7fd5388e1000 ---p 00000000 00:00 0
7fd5388e1000-7fd5389e2000 rw-p 00000000 00:00 0
7fd5389f0000-7fd5389f1000 ---p 00000000 00:00 0
7fd5389f1000-7fd538af2000 rw-p 00000000 00:00 0
7fd538b00000-7fd538c01000 rw-p 00000000 00:00 0
7fd538c10000-7fd538d11000 rw-p 00000000 00:00 0
7fd538d20000-7fd538e21000 rw-p 00000000 00:00 0
7fd538e30000-7fd538f31000 rw-p 00000000 00:00 0
7fd538f40000-7fd539041000 rw-p 00000000 00:00 0
7fd539050000-7fd539151000 rw-p 00000000 00:00 0
7fd539160000-7fd539261000 rw-p 00000000 00:00 0
7fd539270000-7fd539371000 rw-p 00000000 00:00 0
7fd539380000-7fd539381000 ---p 00000000 00:00 0
7fd539381000-7fd539482000 rw-p 00000000 00:00 0
7fd539490000-7fd539491000 ---p 00000000 00:00 0
7fd539491000-7fd539592000 rw-p 00000000 00:00 0
7fd5395a0000-7fd5396a7000 rw-p 00000000 00:00 0
7fd5396b0000-7fd539730000 rw-p 00000000 00:00 0
7fd539730000-7fd539ca1000 ---p 00000000 00:00 0
7fd539ca1000-7fd539ca2000 rw-p 00000000 00:00 0
7fd539ca2000-7fd539ea2000 ---p 00000000 00:00 0
7fd539eb0000-7fd539f30000 rw-p 00000000 00:00 0
7fd539f30000-7fd53a4a1000 ---p 00000000 00:00 0
7fd53a4a1000-7fd53a4a2000 rw-p 00000000 00:00 0
7fd53a4a2000-7fd53a6a2000 ---p 00000000 00:00 0
7fd53a6b0000-7fd53a730000 rw-p 00000000 00:00 0
7fd53a730000-7fd53aca1000 ---p 00000000 00:00 0
7fd53aca1000-7fd53aca2000 rw-p 00000000 00:00 0
7fd53aca2000-7fd53aea2000 ---p 00000000 00:00 0
7fd53aeb0000-7fd53afb1000 rw-p 00000000 00:00 0
7fd53afc0000-7fd53b0c1000 rw-p 00000000 00:00 0
7fd53b0d0000-7fd53b1d1000 rw-p 00000000 00:00 0
7fd53b1e0000-7fd53b2e1000 rw-p 00000000 00:00 0
7fd53b2f0000-7fd53b3f1000 rw-p 00000000 00:00 0
7fd53b400000-7fd53b501000 rw-p 00000000 00:00 0
7fd53b510000-7fd53b611000 rw-p 00000000 00:00 0
7fd53b620000-7fd53b721000 rw-p 00000000 00:00 0
7fd53b730000-7fd53b731000 ---p 00000000 00:00 0
7fd53b731000-7fd53b832000 rw-p 00000000 00:00 0
7fd53b840000-7fd53bab0000 rwxp 00000000 00:00 0
7fd53bab0000-7fd53bdd1000 ---p 00000000 00:00 0
7fd53bdd1000-7fd53c041000 rwxp 00000000 00:00 0
7fd53c041000-7fd543308000 ---p 00000000 00:00 0
7fd543308000-7fd543578000 rwxp 00000000 00:00 0
7fd543578000-7fd54a840000 ---p 00000000 00:00 0
7fd54a84e000-7fd552f10000 r--s 00000000 00:00 141554             /usr/lib/jvm/java-11-openjdk-amd64/lib/modules
7fd552f10000-7fd552f15000 r-xp 00000000 00:00 138887             /usr/lib/jvm/java-11-openjdk-amd64/lib/libjimage.so
7fd552f15000-7fd552f16000 ---p 00005000 00:00 138887             /usr/lib/jvm/java-11-openjdk-amd64/lib/libjimage.so
7fd552f16000-7fd553114000 ---p 00000006 00:00 138887             /usr/lib/jvm/java-11-openjdk-amd64/lib/libjimage.so
7fd553114000-7fd553115000 r--p 00004000 00:00 138887             /usr/lib/jvm/java-11-openjdk-amd64/lib/libjimage.so
7fd553115000-7fd553116000 rw-p 00005000 00:00 138887             /usr/lib/jvm/java-11-openjdk-amd64/lib/libjimage.so
7fd553120000-7fd553127000 r-xp 00000000 00:00 140971             /usr/lib/jvm/java-11-openjdk-amd64/lib/libzip.so
7fd553127000-7fd553128000 ---p 00007000 00:00 140971             /usr/lib/jvm/java-11-openjdk-amd64/lib/libzip.so
7fd553128000-7fd553326000 ---p 00000008 00:00 140971             /usr/lib/jvm/java-11-openjdk-amd64/lib/libzip.so
7fd553326000-7fd553327000 r--p 00006000 00:00 140971             /usr/lib/jvm/java-11-openjdk-amd64/lib/libzip.so
7fd553327000-7fd553328000 rw-p 00007000 00:00 140971             /usr/lib/jvm/java-11-openjdk-amd64/lib/libzip.so
7fd553330000-7fd55333b000 r-xp 00000000 00:00 487271             /lib/x86_64-linux-gnu/libnss_files-2.27.so
7fd55333b000-7fd55333c000 ---p 0000b000 00:00 487271             /lib/x86_64-linux-gnu/libnss_files-2.27.so
7fd55333c000-7fd55353a000 ---p 0000000c 00:00 487271             /lib/x86_64-linux-gnu/libnss_files-2.27.so
7fd55353a000-7fd55353b000 r--p 0000a000 00:00 487271             /lib/x86_64-linux-gnu/libnss_files-2.27.so
7fd55353b000-7fd55353c000 rw-p 0000b000 00:00 487271             /lib/x86_64-linux-gnu/libnss_files-2.27.so
7fd55353c000-7fd553542000 rw-p 00000000 00:00 0
7fd553550000-7fd553567000 r-xp 00000000 00:00 487265             /lib/x86_64-linux-gnu/libnsl-2.27.so
7fd553567000-7fd553568000 ---p 00017000 00:00 487265             /lib/x86_64-linux-gnu/libnsl-2.27.so
7fd553568000-7fd553766000 ---p 00000018 00:00 487265             /lib/x86_64-linux-gnu/libnsl-2.27.so
7fd553766000-7fd553767000 r--p 00016000 00:00 487265             /lib/x86_64-linux-gnu/libnsl-2.27.so
7fd553767000-7fd553768000 rw-p 00017000 00:00 487265             /lib/x86_64-linux-gnu/libnsl-2.27.so
7fd553768000-7fd55376a000 rw-p 00000000 00:00 0
7fd553770000-7fd55377b000 r-xp 00000000 00:00 487276             /lib/x86_64-linux-gnu/libnss_nis-2.27.so
7fd55377b000-7fd55377c000 ---p 0000b000 00:00 487276             /lib/x86_64-linux-gnu/libnss_nis-2.27.so
7fd55377c000-7fd55397a000 ---p 0000000c 00:00 487276             /lib/x86_64-linux-gnu/libnss_nis-2.27.so
7fd55397a000-7fd55397b000 r--p 0000a000 00:00 487276             /lib/x86_64-linux-gnu/libnss_nis-2.27.so
7fd55397b000-7fd55397c000 rw-p 0000b000 00:00 487276             /lib/x86_64-linux-gnu/libnss_nis-2.27.so
7fd553980000-7fd553988000 r-xp 00000000 00:00 487267             /lib/x86_64-linux-gnu/libnss_compat-2.27.so
7fd553988000-7fd55398a000 ---p 00008000 00:00 487267             /lib/x86_64-linux-gnu/libnss_compat-2.27.so
7fd55398a000-7fd553b88000 ---p 0000000a 00:00 487267             /lib/x86_64-linux-gnu/libnss_compat-2.27.so
7fd553b88000-7fd553b89000 r--p 00008000 00:00 487267             /lib/x86_64-linux-gnu/libnss_compat-2.27.so
7fd553b89000-7fd553b8a000 rw-p 00009000 00:00 487267             /lib/x86_64-linux-gnu/libnss_compat-2.27.so
7fd553b90000-7fd553bcb000 r-xp 00000000 00:00 138617             /usr/lib/jvm/java-11-openjdk-amd64/lib/libjdwp.so
7fd553bcb000-7fd553bcc000 ---p 0003b000 00:00 138617             /usr/lib/jvm/java-11-openjdk-amd64/lib/libjdwp.so
7fd553bcc000-7fd553dca000 ---p 0000003c 00:00 138617             /usr/lib/jvm/java-11-openjdk-amd64/lib/libjdwp.so
7fd553dca000-7fd553dcb000 r--p 0003a000 00:00 138617             /usr/lib/jvm/java-11-openjdk-amd64/lib/libjdwp.so
7fd553dcb000-7fd553dcc000 rw-p 0003b000 00:00 138617             /usr/lib/jvm/java-11-openjdk-amd64/lib/libjdwp.so
7fd553dd0000-7fd553df9000 r-xp 00000000 00:00 138269             /usr/lib/jvm/java-11-openjdk-amd64/lib/libjava.so
7fd553df9000-7fd553dfb000 ---p 00029000 00:00 138269             /usr/lib/jvm/java-11-openjdk-amd64/lib/libjava.so
7fd553dfb000-7fd553ff8000 ---p 0000002b 00:00 138269             /usr/lib/jvm/java-11-openjdk-amd64/lib/libjava.so
7fd553ff8000-7fd553ff9000 r--p 00028000 00:00 138269             /usr/lib/jvm/java-11-openjdk-amd64/lib/libjava.so
7fd553ff9000-7fd553ffb000 rw-p 00029000 00:00 138269             /usr/lib/jvm/java-11-openjdk-amd64/lib/libjava.so
7fd554000000-7fd5542ec000 rw-p 00000000 00:00 0
7fd5542ec000-7fd558000000 ---p 00000000 00:00 0
7fd558010000-7fd558091000 rw-p 00000000 00:00 0
7fd5580a0000-7fd5580fb000 rw-p 00000000 00:00 0
7fd558100000-7fd558105000 rw-p 00000000 00:00 0
7fd558105000-7fd5581eb000 ---p 00000000 00:00 0
7fd5581f0000-7fd5581fd000 r-xp 00000000 00:00 140960             /usr/lib/jvm/java-11-openjdk-amd64/lib/libverify.so
7fd5581fd000-7fd5581ff000 ---p 0000d000 00:00 140960             /usr/lib/jvm/java-11-openjdk-amd64/lib/libverify.so
7fd5581ff000-7fd5583fc000 ---p 0000000f 00:00 140960             /usr/lib/jvm/java-11-openjdk-amd64/lib/libverify.so
7fd5583fc000-7fd5583fe000 r--p 0000c000 00:00 140960             /usr/lib/jvm/java-11-openjdk-amd64/lib/libverify.so
7fd5583fe000-7fd5583ff000 rw-p 0000e000 00:00 140960             /usr/lib/jvm/java-11-openjdk-amd64/lib/libverify.so
7fd558400000-7fd558407000 r-xp 00000000 00:00 487328             /lib/x86_64-linux-gnu/librt-2.27.so
7fd558407000-7fd558408000 ---p 00007000 00:00 487328             /lib/x86_64-linux-gnu/librt-2.27.so
7fd558408000-7fd558606000 ---p 00000008 00:00 487328             /lib/x86_64-linux-gnu/librt-2.27.so
7fd558606000-7fd558607000 r--p 00006000 00:00 487328             /lib/x86_64-linux-gnu/librt-2.27.so
7fd558607000-7fd558608000 rw-p 00007000 00:00 487328             /lib/x86_64-linux-gnu/librt-2.27.so
7fd558610000-7fd558627000 r-xp 00000000 00:00 487212             /lib/x86_64-linux-gnu/libgcc_s.so.1
7fd558627000-7fd558628000 ---p 00017000 00:00 487212             /lib/x86_64-linux-gnu/libgcc_s.so.1
7fd558628000-7fd558826000 ---p 00000018 00:00 487212             /lib/x86_64-linux-gnu/libgcc_s.so.1
7fd558826000-7fd558827000 r--p 00016000 00:00 487212             /lib/x86_64-linux-gnu/libgcc_s.so.1
7fd558827000-7fd558828000 rw-p 00017000 00:00 487212             /lib/x86_64-linux-gnu/libgcc_s.so.1
7fd558830000-7fd5589cd000 r-xp 00000000 00:00 487240             /lib/x86_64-linux-gnu/libm-2.27.so
7fd5589cd000-7fd5589d0000 ---p 0019d000 00:00 487240             /lib/x86_64-linux-gnu/libm-2.27.so
7fd5589d0000-7fd558bcc000 ---p 000001a0 00:00 487240             /lib/x86_64-linux-gnu/libm-2.27.so
7fd558bcc000-7fd558bcd000 r--p 0019c000 00:00 487240             /lib/x86_64-linux-gnu/libm-2.27.so
7fd558bcd000-7fd558bce000 rw-p 0019d000 00:00 487240             /lib/x86_64-linux-gnu/libm-2.27.so
7fd558bd0000-7fd558d49000 r-xp 00000000 00:00 682071             /usr/lib/x86_64-linux-gnu/libstdc++.so.6.0.25
7fd558d49000-7fd558d56000 ---p 00179000 00:00 682071             /usr/lib/x86_64-linux-gnu/libstdc++.so.6.0.25
7fd558d56000-7fd558f49000 ---p 00000186 00:00 682071             /usr/lib/x86_64-linux-gnu/libstdc++.so.6.0.25
7fd558f49000-7fd558f53000 r--p 00179000 00:00 682071             /usr/lib/x86_64-linux-gnu/libstdc++.so.6.0.25
7fd558f53000-7fd558f55000 rw-p 00183000 00:00 682071             /usr/lib/x86_64-linux-gnu/libstdc++.so.6.0.25
7fd558f55000-7fd558f59000 rw-p 00000000 00:00 0
7fd558f60000-7fd55a034000 r-xp 00000000 00:00 142530             /usr/lib/jvm/java-11-openjdk-amd64/lib/server/libjvm.so
7fd55a034000-7fd55a12b000 ---p 010d4000 00:00 142530             /usr/lib/jvm/java-11-openjdk-amd64/lib/server/libjvm.so
7fd55a12b000-7fd55a234000 ---p 000011cb 00:00 142530             /usr/lib/jvm/java-11-openjdk-amd64/lib/server/libjvm.so
7fd55a234000-7fd55a2f1000 r--p 010d4000 00:00 142530             /usr/lib/jvm/java-11-openjdk-amd64/lib/server/libjvm.so
7fd55a2f1000-7fd55a32a000 rw-p 01191000 00:00 142530             /usr/lib/jvm/java-11-openjdk-amd64/lib/server/libjvm.so
7fd55a32a000-7fd55a381000 rw-p 00000000 00:00 0
7fd55a390000-7fd55a3aa000 r-xp 00000000 00:00 487320             /lib/x86_64-linux-gnu/libpthread-2.27.so
7fd55a3aa000-7fd55a3b4000 ---p 0001a000 00:00 487320             /lib/x86_64-linux-gnu/libpthread-2.27.so
7fd55a3b4000-7fd55a5a9000 ---p 00000024 00:00 487320             /lib/x86_64-linux-gnu/libpthread-2.27.so
7fd55a5a9000-7fd55a5aa000 r--p 00019000 00:00 487320             /lib/x86_64-linux-gnu/libpthread-2.27.so
7fd55a5aa000-7fd55a5ab000 rw-p 0001a000 00:00 487320             /lib/x86_64-linux-gnu/libpthread-2.27.so
7fd55a5ab000-7fd55a5af000 rw-p 00000000 00:00 0
7fd55a5b0000-7fd55a5b3000 r-xp 00000000 00:00 487187             /lib/x86_64-linux-gnu/libdl-2.27.so
7fd55a5b3000-7fd55a5b4000 ---p 00003000 00:00 487187             /lib/x86_64-linux-gnu/libdl-2.27.so
7fd55a5b4000-7fd55a7b2000 ---p 00000004 00:00 487187             /lib/x86_64-linux-gnu/libdl-2.27.so
7fd55a7b2000-7fd55a7b3000 r--p 00002000 00:00 487187             /lib/x86_64-linux-gnu/libdl-2.27.so
7fd55a7b3000-7fd55a7b4000 rw-p 00003000 00:00 487187             /lib/x86_64-linux-gnu/libdl-2.27.so
7fd55a7c0000-7fd55a7dc000 r-xp 00000000 00:00 487370             /lib/x86_64-linux-gnu/libz.so.1.2.11
7fd55a7dc000-7fd55a7dd000 ---p 0001c000 00:00 487370             /lib/x86_64-linux-gnu/libz.so.1.2.11
7fd55a7dd000-7fd55a9db000 ---p 0000001d 00:00 487370             /lib/x86_64-linux-gnu/libz.so.1.2.11
7fd55a9db000-7fd55a9dc000 r--p 0001b000 00:00 487370             /lib/x86_64-linux-gnu/libz.so.1.2.11
7fd55a9dc000-7fd55a9dd000 rw-p 0001c000 00:00 487370             /lib/x86_64-linux-gnu/libz.so.1.2.11
7fd55a9e0000-7fd55abc7000 r-xp 00000000 00:00 487157             /lib/x86_64-linux-gnu/libc-2.27.so
7fd55abc7000-7fd55abd0000 ---p 001e7000 00:00 487157             /lib/x86_64-linux-gnu/libc-2.27.so
7fd55abd0000-7fd55adc7000 ---p 000001f0 00:00 487157             /lib/x86_64-linux-gnu/libc-2.27.so
7fd55adc7000-7fd55adcb000 r--p 001e7000 00:00 487157             /lib/x86_64-linux-gnu/libc-2.27.so
7fd55adcb000-7fd55adcd000 rw-p 001eb000 00:00 487157             /lib/x86_64-linux-gnu/libc-2.27.so
7fd55adcd000-7fd55add1000 rw-p 00000000 00:00 0
7fd55ade0000-7fd55adf0000 r-xp 00000000 00:00 137834             /usr/lib/jvm/java-11-openjdk-amd64/lib/jli/libjli.so
7fd55adf0000-7fd55adf1000 ---p 00010000 00:00 137834             /usr/lib/jvm/java-11-openjdk-amd64/lib/jli/libjli.so
7fd55adf1000-7fd55afef000 ---p 00000011 00:00 137834             /usr/lib/jvm/java-11-openjdk-amd64/lib/jli/libjli.so
7fd55afef000-7fd55aff0000 r--p 0000f000 00:00 137834             /usr/lib/jvm/java-11-openjdk-amd64/lib/jli/libjli.so
7fd55aff0000-7fd55aff1000 rw-p 00010000 00:00 137834             /usr/lib/jvm/java-11-openjdk-amd64/lib/jli/libjli.so
7fd55b000000-7fd55b026000 r-xp 00000000 00:00 487133             /lib/x86_64-linux-gnu/ld-2.27.so
7fd55b026000-7fd55b027000 r-xp 00026000 00:00 487133             /lib/x86_64-linux-gnu/ld-2.27.so
7fd55b030000-7fd55b035000 rw-p 00000000 00:00 0
7fd55b035000-7fd55b11b000 ---p 00000000 00:00 0
7fd55b120000-7fd55b124000 ---p 00000000 00:00 0
7fd55b124000-7fd55b221000 rw-p 00000000 00:00 0
7fd55b227000-7fd55b228000 r--p 00027000 00:00 487133             /lib/x86_64-linux-gnu/ld-2.27.so
7fd55b228000-7fd55b229000 rw-p 00028000 00:00 487133             /lib/x86_64-linux-gnu/ld-2.27.so
7fd55b229000-7fd55b22a000 rw-p 00000000 00:00 0
7fd55b22f000-7fd55b260000 r--p 00000000 00:00 620223             /usr/lib/locale/C.UTF-8/LC_CTYPE
7fd55b260000-7fd55b288000 rw-p 00000000 00:00 0
7fd55b290000-7fd55b2b1000 rw-p 00000000 00:00 0
7fd55b2c0000-7fd55b2e1000 rw-p 00000000 00:00 0
7fd55b2f0000-7fd55b2f5000 rw-p 00000000 00:00 0
7fd55b2f5000-7fd55b2fc000 ---p 00000000 00:00 0
7fd55b300000-7fd55b301000 ---p 00000000 00:00 0
7fd55b301000-7fd55b302000 r--p 00000000 00:00 0
7fd55b310000-7fd55b312000 rw-p 00000000 00:00 0
7fd55b316000-7fd55b317000 r--p 00000000 00:00 620278             /usr/lib/locale/C.UTF-8/LC_NUMERIC
7fd55b317000-7fd55b318000 r--p 00000000 00:00 620293             /usr/lib/locale/C.UTF-8/LC_TIME
7fd55b318000-7fd55b319000 r--p 00000000 00:00 620258             /usr/lib/locale/C.UTF-8/LC_MONETARY
7fd55b319000-7fd55b320000 r--s 00000000 00:00 681823             /usr/lib/x86_64-linux-gnu/gconv/gconv-modules.cache
7fd55b320000-7fd55b322000 rw-p 00000000 00:00 0
7fd55b322000-7fd55b323000 r--p 00000000 00:00 620254             /usr/lib/locale/C.UTF-8/LC_MESSAGES/SYS_LC_MESSAGES
7fd55b323000-7fd55b324000 r--p 00000000 00:00 620279             /usr/lib/locale/C.UTF-8/LC_PAPER
7fd55b324000-7fd55b325000 r--p 00000000 00:00 620267             /usr/lib/locale/C.UTF-8/LC_NAME
7fd55b325000-7fd55b326000 r--p 00000000 00:00 620210             /usr/lib/locale/C.UTF-8/LC_ADDRESS
7fd55b326000-7fd55b327000 r--p 00000000 00:00 620281             /usr/lib/locale/C.UTF-8/LC_TELEPHONE
7fd55b327000-7fd55b328000 r--p 00000000 0