#
# A fatal error has been detected by the Java Runtime Environment:
#
#  SIGSEGV (0xb) at pc=0x00007fdd3e1772e1, pid=10162, tid=10167
#
# JRE version: OpenJDK Runtime Environment (11.0.5+10) (build 11.0.5+10-post-Ubuntu-0ubuntu1.118.04)
# Java VM: OpenJDK 64-Bit Server VM (11.0.5+10-post-Ubuntu-0ubuntu1.118.04, mixed mode, sharing, tiered, compressed oops, g1 gc, linux-amd64)
# Problematic frame:
# V  [libjvm.so+0xe172e1]
#
# Core dump will be written. Default location: core.10162 (may not exist)
#
# If you would like to submit a bug report, please visit:
#   Unknown
#

---------------  S U M M A R Y ------------

Command Line: -agentlib:jdwp=transport=dt_socket,address=localhost:50802 jdk.jshell.execution.RemoteExecutionControl 50801

Host: Intel(R) Core(TM) i7-8565U CPU @ 1.80GHz, 8 cores, 15G, Ubuntu 18.04.2 LTS
Time: Thu Apr  2 02:10:58 2020 DST elapsed time: 37436 seconds (0d 10h 23m 56s)

---------------  T H R E A D  ---------------

Current thread (0x00007fdd3802e000):  GCTaskThread "GC Thread#0" [stack: 0x00007fdd1fba2000,0x00007fdd1fca2000] [id=10167]

Stack: [0x00007fdd1fba2000,0x00007fdd1fca2000],  sp=0x00007fdd1fca0e10,  free space=1019k
Native frames: (J=compiled Java code, A=aot compiled Java code, j=interpreted, Vv=VM code, C=native code)
V  [libjvm.so+0xe172e1]
V  [libjvm.so+0xd7ba0a]
V  [libjvm.so+0xbcd3ce]


siginfo: si_signo: 11 (SIGSEGV), si_code: 1 (SEGV_MAPERR), si_addr: 0x0000000000000010

Register to memory mapping:

RAX=0x0 is NULL
RBX=0x00007fdd1c4b09c0 points into unknown readable memory: 00 00 00 00 00 00 00 00
RCX=0x0 is NULL
RDX=0x0 is NULL
RSP=0x00007fdd1fca0e10 points into unknown readable memory: 70 0e ca 1f dd 7f 00 00
RBP=0x00007fdd1fca0e40 points into unknown readable memory: c0 0e ca 1f dd 7f 00 00
RSI=0x0 is NULL
RDI=0x00007fdd1fca0d70 points into unknown readable memory: 90 06 7a 3e dd 7f 00 00
R8 =0x0 is NULL
R9 =0x00000000ffffffff is an unknown value
R10=0x0 is NULL
R11=0x0 is NULL
R12=0x00007fdd1fca0e1c points into unknown readable memory: ff ff ff ff
R13=0x00007fdd3802e000 points into unknown readable memory: 50 01 6f 3e dd 7f 00 00
R14=0x0 is NULL
R15=0x00007fdd3f61f7d0 is pointing into the stack for thread: 0x00007fdd38015000


Registers:
RAX=0x0000000000000000, RBX=0x00007fdd1c4b09c0, RCX=0x0000000000000000, RDX=0x0000000000000000
RSP=0x00007fdd1fca0e10, RBP=0x00007fdd1fca0e40, RSI=0x0000000000000000, RDI=0x00007fdd1fca0d70
R8 =0x0000000000000000, R9 =0x00000000ffffffff, R10=0x0000000000000000, R11=0x0000000000000000
R12=0x00007fdd1fca0e1c, R13=0x00007fdd3802e000, R14=0x0000000000000000, R15=0x00007fdd3f61f7d0
RIP=0x00007fdd3e1772e1, EFLAGS=0x0000000000010202, CSGSFS=0x00000053002b0033, ERR=0x0000000000000000
  TRAPNO=0x0000000000000000

Top of Stack: (sp=0x00007fdd1fca0e10)
0x00007fdd1fca0e10:   00007fdd1fca0e70 ffffffff3802e000
0x00007fdd1fca0e20:   00007fdd3e70f378 00007fdd3802e000
0x00007fdd1fca0e30:   00007fdd1fba2000 0000000000100000
0x00007fdd1fca0e40:   00007fdd1fca0ec0 00007fdd3e0dba0a 

Instructions: (pc=0x00007fdd3e1772e1)
0x00007fdd3e1771e1:   35 cf 49 0f 00 31 c0 4c 89 e7 83 c3 01 e8 bd 0c
0x00007fdd3e1771f1:   dc ff 41 39 5e 08 77 d7 5b 4c 89 e7 41 5c 41 5d
0x00007fdd3e177201:   41 5e 5d e9 77 13 dc ff 0f 1f 80 00 00 00 00 31
0x00007fdd3e177211:   c0 4c 89 ee 4c 89 e7 e8 93 0c dc ff 83 c3 01 41
0x00007fdd3e177221:   39 5e 08 77 aa 5b 4c 89 e7 41 5c 41 5d 41 5e 5d
0x00007fdd3e177231:   e9 4a 13 dc ff 66 2e 0f 1f 84 00 00 00 00 00 48
0x00007fdd3e177241:   8b 87 20 03 00 00 55 48 89 e5 0f b6 40 28 5d c3
0x00007fdd3e177251:   90 0f 1f 40 00 66 2e 0f 1f 84 00 00 00 00 00 48
0x00007fdd3e177261:   8b 87 20 03 00 00 55 48 89 e5 0f b6 40 29 5d c3
0x00007fdd3e177271:   90 0f 1f 40 00 66 2e 0f 1f 84 00 00 00 00 00 55
0x00007fdd3e177281:   48 89 e5 53 48 89 fb 48 83 ec 08 e8 ef f0 f5 ff
0x00007fdd3e177291:   48 83 c4 08 48 89 df be 09 00 00 00 5b 5d e9 ac
0x00007fdd3e1772a1:   46 da ff 66 90 66 2e 0f 1f 84 00 00 00 00 00 55
0x00007fdd3e1772b1:   48 89 e5 41 56 41 55 41 54 53 4c 8d 65 dc 49 89
0x00007fdd3e1772c1:   fd 48 83 ec 10 66 2e 0f 1f 84 00 00 00 00 00 49
0x00007fdd3e1772d1:   8b 85 20 03 00 00 48 8b 78 30 48 8b 07 ff 50 18
0x00007fdd3e1772e1:   8b 70 10 48 89 c3 4c 89 e7 49 89 d6 e8 7e 7e 97
0x00007fdd3e1772f1:   ff 48 8b 03 44 89 f6 48 89 df ff 10 4c 89 e7 e8
0x00007fdd3e177301:   ab 7e 97 ff 49 8b 85 20 03 00 00 48 8b 78 30 48
0x00007fdd3e177311:   8b 07 ff 50 20 eb b8 0f 1f 84 00 00 00 00 00 55
0x00007fdd3e177321:   48 8d 15 d8 d8 7f ff 48 89 e5 41 54 53 48 8b 07
0x00007fdd3e177331:   49 89 fc 48 89 f3 48 8b 80 88 00 00 00 48 39 d0
0x00007fdd3e177341:   75 45 48 8b 97 08 03 00 00 48 8d 05 ff dd 07 00
0x00007fdd3e177351:   48 85 d2 48 0f 44 d0 48 8d 35 a4 d3 09 00 48 89
0x00007fdd3e177361:   df 31 c0 e8 47 0b dc ff 4c 89 e7 48 89 de 31 d2
0x00007fdd3e177371:   e8 da e8 f5 ff 48 89 df 5b 41 5c 5d e9 fe 11 dc
0x00007fdd3e177381:   ff 66 0f 1f 44 00 00 ff d0 48 89 c2 eb c9 90 55
0x00007fdd3e177391:   48 8d 15 e8 fe ff ff 48 89 e5 53 48 89 fb 48 83
0x00007fdd3e1773a1:   ec 08 48 8b 07 48 8b 80 b8 00 00 00 48 39 d0 75
0x00007fdd3e1773b1:   2e e8 c9 ef f5 ff be 09 00 00 00 48 89 df e8 8c
0x00007fdd3e1773c1:   45 da ff 48 8b 03 48 89 df 48 8b 80 c0 00 00 00
0x00007fdd3e1773d1:   48 83 c4 08 5b 5d ff e0 0f 1f 80 00 00 00 00 ff 


Stack slot to memory mapping:
stack at sp + 0 slots: 0x00007fdd1fca0e70 points into unknown readable memory: c0 0e ca 1f dd 7f 00 00
stack at sp + 1 slots: 0xffffffff3802e000 is an unknown value
stack at sp + 2 slots: 0x00007fdd3e70f378: <offset 0x00000000013af378> in /usr/lib/jvm/java-11-openjdk-amd64/lib/server/libjvm.so at 0x00007fdd3d360000
stack at sp + 3 slots: 0x00007fdd3802e000 points into unknown readable memory: 50 01 6f 3e dd 7f 00 00
stack at sp + 4 slots: 0x00007fdd1fba2000 points into unknown readable memory: 00 00 00 00 00 00 00 00
stack at sp + 5 slots: 0x0000000000100000 is an unknown value
stack at sp + 6 slots: 0x00007fdd1fca0ec0 points into unknown readable memory: f0 0e ca 1f dd 7f 00 00
stack at sp + 7 slots: 0x00007fdd3e0dba0a: <offset 0x0000000000d7ba0a> in /usr/lib/jvm/java-11-openjdk-amd64/lib/server/libjvm.so at 0x00007fdd3d360000


---------------  P R O C E S S  ---------------

Threads class SMR info:
_java_thread_list=0x00007fdd382c5860, length=13, elements={
0x00007fdd38015000, 0x00007fdd381d6800, 0x00007fdd381d8800, 0x00007fdd381e0800,
0x00007fdd381e2800, 0x00007fdd381e4800, 0x00007fdd381e6800, 0x00007fdd38259800,
0x00007fdd3825d800, 0x00007fdcd8001800, 0x00007fdd3825f000, 0x00007fdd38274800,
0x00007fdd382c4000
}

Java Threads: ( => current thread )
  0x00007fdd38015000 JavaThread "main" [_thread_blocked, id=10166, stack(0x00007fdd3f520000,0x00007fdd3f621000)]
  0x00007fdd381d6800 JavaThread "Reference Handler" daemon [_thread_blocked, id=10173, stack(0x00007fdd1c2a0000,0x00007fdd1c3a1000)]
  0x00007fdd381d8800 JavaThread "Finalizer" daemon [_thread_blocked, id=10174, stack(0x00007fdd1c190000,0x00007fdd1c291000)]
  0x00007fdd381e0800 JavaThread "Signal Dispatcher" daemon [_thread_in_vm, id=10175, stack(0x00007fdd09d60000,0x00007fdd09e61000)]
  0x00007fdd381e2800 JavaThread "C2 CompilerThread0" daemon [_thread_blocked, id=10176, stack(0x00007fdd09c50000,0x00007fdd09d51000)]
  0x00007fdd381e4800 JavaThread "C1 CompilerThread0" daemon [_thread_blocked, id=10177, stack(0x00007fdd09b40000,0x00007fdd09c41000)]
  0x00007fdd381e6800 JavaThread "Sweeper thread" daemon [_thread_blocked, id=10178, stack(0x00007fdd09a30000,0x00007fdd09b31000)]
  0x00007fdd38259800 JavaThread "JDWP Transport Listener: dt_socket" daemon [_thread_blocked, id=10179, stack(0x00007fdd09710000,0x00007fdd09811000)]
  0x00007fdd3825d800 JavaThread "JDWP Event Helper Thread" daemon [_thread_blocked, id=10180, stack(0x00007fdd09600000,0x00007fdd09701000)]
  0x00007fdcd8001800 JavaThread "JDWP Command Reader" daemon [_thread_in_native, id=10181, stack(0x00007fdd094f0000,0x00007fdd095f1000)]
  0x00007fdd3825f000 JavaThread "Service Thread" daemon [_thread_blocked, id=10185, stack(0x00007fdd093e0000,0x00007fdd094e1000)]
  0x00007fdd38274800 JavaThread "Common-Cleaner" daemon [_thread_blocked, id=10187, stack(0x00007fdd08d80000,0x00007fdd08e81000)]
  0x00007fdd382c4000 JavaThread "output reader" daemon [_thread_in_native, id=10189, stack(0x00007fdd08a60000,0x00007fdd08b61000)]

Other Threads:
  0x00007fdd381d3800 VMThread "VM Thread" [stack: 0x00007fdd1c3b2000,0x00007fdd1c4b2000] [id=10172]
  0x00007fdd38261800 WatcherThread [stack: 0x00007fdd092d2000,0x00007fdd093d2000] [id=10186]
=>0x00007fdd3802e000 GCTaskThread "GC Thread#0" [stack: 0x00007fdd1fba2000,0x00007fdd1fca2000] [id=10167]
  0x00007fdd3808e000 ConcurrentGCThread "G1 Main Marker" [stack: 0x00007fdd1d902000,0x00007fdd1da02000] [id=10168]
  0x00007fdd3808f800 ConcurrentGCThread "G1 Conc#0" [stack: 0x00007fdd1d7f2000,0x00007fdd1d8f2000] [id=10169]
  0x00007fdd38195800 ConcurrentGCThread "G1 Refine#0" [stack: 0x00007fdd1ce62000,0x00007fdd1cf62000] [id=10170]
  0x00007fdd38197800 ConcurrentGCThread "G1 Young RemSet Sampling" [stack: 0x00007fdd1cd52000,0x00007fdd1ce52000] [id=10171]

Threads with active compile tasks:

VM state:not at safepoint (normal execution)

VM Mutex/Monitor currently owned by a thread:  ([mutex/lock_event])
[0x00007fdd38011150] Threads_lock - owner thread: 0x00007fdd381e0800

Heap address: 0x0000000701c00000, size: 4068 MB, Compressed Oops mode: Zero based, Oop shift amount: 3
Narrow klass base: 0x0000000800000000, Narrow klass shift: 3
Compressed class space size: 1073741824 Address: 0x0000000840000000

Heap:
 garbage-first heap   total 264192K, used 3768K [0x0000000701c00000, 0x0000000800000000)
  region size 1024K, 4 young (4096K), 0 survivors (0K)
 Metaspace       used 2093K, capacity 5119K, committed 5248K, reserved 1056768K
  class space    used 240K, capacity 558K, committed 640K, reserved 1048576K
Heap Regions: E=young(eden), S=young(survivor), O=old, HS=humongous(starts), HC=humongous(continues), CS=collection set, F=free, A=archive, TAMS=top-at-mark-start (previous, next)
|   0|0x0000000701c00000, 0x0000000701c00000, 0x0000000701d00000|  0%| F|  |TAMS 0x0000000701c00000, 0x0000000701c00000| Untracked 
|   1|0x0000000701d00000, 0x0000000701d00000, 0x0000000701e00000|  0%| F|  |TAMS 0x0000000701d00000, 0x0000000701d00000| Untracked 
|   2|0x0000000701e00000, 0x0000000701e00000, 0x0000000701f00000|  0%| F|  |TAMS 0x0000000701e00000, 0x0000000701e00000| Untracked 
|   3|0x0000000701f00000, 0x0000000701f00000, 0x0000000702000000|  0%| F|  |TAMS 0x0000000701f00000, 0x0000000701f00000| Untracked 
|   4|0x0000000702000000, 0x0000000702000000, 0x0000000702100000|  0%| F|  |TAMS 0x0000000702000000, 0x0000000702000000| Untracked 
|   5|0x0000000702100000, 0x0000000702100000, 0x0000000702200000|  0%| F|  |TAMS 0x0000000702100000, 0x0000000702100000| Untracked 
|   6|0x0000000702200000, 0x0000000702200000, 0x0000000702300000|  0%| F|  |TAMS 0x0000000702200000, 0x0000000702200000| Untracked 
|   7|0x0000000702300000, 0x0000000702300000, 0x0000000702400000|  0%| F|  |TAMS 0x0000000702300000, 0x0000000702300000| Untracked 
|   8|0x0000000702400000, 0x0000000702400000, 0x0000000702500000|  0%| F|  |TAMS 0x0000000702400000, 0x0000000702400000| Untracked 
|   9|0x0000000702500000, 0x0000000702500000, 0x0000000702600000|  0%| F|  |TAMS 0x0000000702500000, 0x0000000702500000| Untracked 
|  10|0x0000000702600000, 0x0000000702600000, 0x0000000702700000|  0%| F|  |TAMS 0x0000000702600000, 0x0000000702600000| Untracked 
|  11|0x0000000702700000, 0x0000000702700000, 0x0000000702800000|  0%| F|  |TAMS 0x0000000702700000, 0x0000000702700000| Untracked 
|  12|0x0000000702800000, 0x0000000702800000, 0x0000000702900000|  0%| F|  |TAMS 0x0000000702800000, 0x0000000702800000| Untracked 
|  13|0x0000000702900000, 0x0000000702900000, 0x0000000702a00000|  0%| F|  |TAMS 0x0000000702900000, 0x0000000702900000| Untracked 
|  14|0x0000000702a00000, 0x0000000702a00000, 0x0000000702b00000|  0%| F|  |TAMS 0x0000000702a00000, 0x0000000702a00000| Untracked 
|  15|0x0000000702b00000, 0x0000000702b00000, 0x0000000702c00000|  0%| F|  |TAMS 0x0000000702b00000, 0x0000000702b00000| Untracked 
|  16|0x0000000702c00000, 0x0000000702c00000, 0x0000000702d00000|  0%| F|  |TAMS 0x0000000702c00000, 0x0000000702c00000| Untracked 
|  17|0x0000000702d00000, 0x0000000702d00000, 0x0000000702e00000|  0%| F|  |TAMS 0x0000000702d00000, 0x0000000702d00000| Untracked 
|  18|0x0000000702e00000, 0x0000000702e00000, 0x0000000702f00000|  0%| F|  |TAMS 0x0000000702e00000, 0x0000000702e00000| Untracked 
|  19|0x0000000702f00000, 0x0000000702f00000, 0x0000000703000000|  0%| F|  |TAMS 0x0000000702f00000, 0x0000000702f00000| Untracked 
|  20|0x0000000703000000, 0x0000000703000000, 0x0000000703100000|  0%| F|  |TAMS 0x0000000703000000, 0x0000000703000000| Untracked 
|  21|0x0000000703100000, 0x0000000703100000, 0x0000000703200000|  0%| F|  |TAMS 0x0000000703100000, 0x0000000703100000| Untracked 
|  22|0x0000000703200000, 0x0000000703200000, 0x0000000703300000|  0%| F|  |TAMS 0x0000000703200000, 0x0000000703200000| Untracked 
|  23|0x0000000703300000, 0x0000000703300000, 0x0000000703400000|  0%| F|  |TAMS 0x0000000703300000, 0x0000000703300000| Untracked 
|  24|0x0000000703400000, 0x0000000703400000, 0x0000000703500000|  0%| F|  |TAMS 0x0000000703400000, 0x0000000703400000| Untracked 
|  25|0x0000000703500000, 0x0000000703500000, 0x0000000703600000|  0%| F|  |TAMS 0x0000000703500000, 0x0000000703500000| Untracked 
|  26|0x0000000703600000, 0x0000000703600000, 0x0000000703700000|  0%| F|  |TAMS 0x0000000703600000, 0x0000000703600000| Untracked 
|  27|0x0000000703700000, 0x0000000703700000, 0x0000000703800000|  0%| F|  |TAMS 0x0000000703700000, 0x0000000703700000| Untracked 
|  28|0x0000000703800000, 0x0000000703800000, 0x0000000703900000|  0%| F|  |TAMS 0x0000000703800000, 0x0000000703800000| Untracked 
|  29|0x0000000703900000, 0x0000000703900000, 0x0000000703a00000|  0%| F|  |TAMS 0x0000000703900000, 0x0000000703900000| Untracked 
|  30|0x0000000703a00000, 0x0000000703a00000, 0x0000000703b00000|  0%| F|  |TAMS 0x0000000703a00000, 0x0000000703a00000| Untracked 
|  31|0x0000000703b00000, 0x0000000703b00000, 0x0000000703c00000|  0%| F|  |TAMS 0x0000000703b00000, 0x0000000703b00000| Untracked 
|  32|0x0000000703c00000, 0x0000000703c00000, 0x0000000703d00000|  0%| F|  |TAMS 0x0000000703c00000, 0x0000000703c00000| Untracked 
|  33|0x0000000703d00000, 0x0000000703d00000, 0x0000000703e00000|  0%| F|  |TAMS 0x0000000703d00000, 0x0000000703d00000| Untracked 
|  34|0x0000000703e00000, 0x0000000703e00000, 0x0000000703f00000|  0%| F|  |TAMS 0x0000000703e00000, 0x0000000703e00000| Untracked 
|  35|0x0000000703f00000, 0x0000000703f00000, 0x0000000704000000|  0%| F|  |TAMS 0x0000000703f00000, 0x0000000703f00000| Untracked 
|  36|0x0000000704000000, 0x0000000704000000, 0x0000000704100000|  0%| F|  |TAMS 0x0000000704000000, 0x0000000704000000| Untracked 
|  37|0x0000000704100000, 0x0000000704100000, 0x0000000704200000|  0%| F|  |TAMS 0x0000000704100000, 0x0000000704100000| Untracked 
|  38|0x0000000704200000, 0x0000000704200000, 0x0000000704300000|  0%| F|  |TAMS 0x0000000704200000, 0x0000000704200000| Untracked 
|  39|0x0000000704300000, 0x0000000704300000, 0x0000000704400000|  0%| F|  |TAMS 0x0000000704300000, 0x0000000704300000| Untracked 
|  40|0x0000000704400000, 0x0000000704400000, 0x0000000704500000|  0%| F|  |TAMS 0x0000000704400000, 0x0000000704400000| Untracked 
|  41|0x0000000704500000, 0x0000000704500000, 0x0000000704600000|  0%| F|  |TAMS 0x0000000704500000, 0x0000000704500000| Untracked 
|  42|0x0000000704600000, 0x0000000704600000, 0x0000000704700000|  0%| F|  |TAMS 0x0000000704600000, 0x0000000704600000| Untracked 
|  43|0x0000000704700000, 0x0000000704700000, 0x0000000704800000|  0%| F|  |TAMS 0x0000000704700000, 0x0000000704700000| Untracked 
|  44|0x0000000704800000, 0x0000000704800000, 0x0000000704900000|  0%| F|  |TAMS 0x0000000704800000, 0x0000000704800000| Untracked 
|  45|0x0000000704900000, 0x0000000704900000, 0x0000000704a00000|  0%| F|  |TAMS 0x0000000704900000, 0x0000000704900000| Untracked 
|  46|0x0000000704a00000, 0x0000000704a00000, 0x0000000704b00000|  0%| F|  |TAMS 0x0000000704a00000, 0x0000000704a00000| Untracked 
|  47|0x0000000704b00000, 0x0000000704b00000, 0x0000000704c00000|  0%| F|  |TAMS 0x0000000704b00000, 0x0000000704b00000| Untracked 
|  48|0x0000000704c00000, 0x0000000704c00000, 0x0000000704d00000|  0%| F|  |TAMS 0x0000000704c00000, 0x0000000704c00000| Untracked 
|  49|0x0000000704d00000, 0x0000000704d00000, 0x0000000704e00000|  0%| F|  |TAMS 0x0000000704d00000, 0x0000000704d00000| Untracked 
|  50|0x0000000704e00000, 0x0000000704e00000, 0x0000000704f00000|  0%| F|  |TAMS 0x0000000704e00000, 0x0000000704e00000| Untracked 
|  51|0x0000000704f00000, 0x0000000704f00000, 0x0000000705000000|  0%| F|  |TAMS 0x0000000704f00000, 0x0000000704f00000| Untracked 
|  52|0x0000000705000000, 0x0000000705000000, 0x0000000705100000|  0%| F|  |TAMS 0x0000000705000000, 0x0000000705000000| Untracked 
|  53|0x0000000705100000, 0x0000000705100000, 0x0000000705200000|  0%| F|  |TAMS 0x0000000705100000, 0x0000000705100000| Untracked 
|  54|0x0000000705200000, 0x0000000705200000, 0x0000000705300000|  0%| F|  |TAMS 0x0000000705200000, 0x0000000705200000| Untracked 
|  55|0x0000000705300000, 0x0000000705300000, 0x0000000705400000|  0%| F|  |TAMS 0x0000000705300000, 0x0000000705300000| Untracked 
|  56|0x0000000705400000, 0x0000000705400000, 0x0000000705500000|  0%| F|  |TAMS 0x0000000705400000, 0x0000000705400000| Untracked 
|  57|0x0000000705500000, 0x0000000705500000, 0x0000000705600000|  0%| F|  |TAMS 0x0000000705500000, 0x0000000705500000| Untracked 
|  58|0x0000000705600000, 0x0000000705600000, 0x0000000705700000|  0%| F|  |TAMS 0x0000000705600000, 0x0000000705600000| Untracked 
|  59|0x0000000705700000, 0x0000000705700000, 0x0000000705800000|  0%| F|  |TAMS 0x0000000705700000, 0x0000000705700000| Untracked 
|  60|0x0000000705800000, 0x0000000705800000, 0x0000000705900000|  0%| F|  |TAMS 0x0000000705800000, 0x0000000705800000| Untracked 
|  61|0x0000000705900000, 0x0000000705900000, 0x0000000705a00000|  0%| F|  |TAMS 0x0000000705900000, 0x0000000705900000| Untracked 
|  62|0x0000000705a00000, 0x0000000705a00000, 0x0000000705b00000|  0%| F|  |TAMS 0x0000000705a00000, 0x0000000705a00000| Untracked 
|  63|0x0000000705b00000, 0x0000000705b00000, 0x0000000705c00000|  0%| F|  |TAMS 0x0000000705b00000, 0x0000000705b00000| Untracked 
|  64|0x0000000705c00000, 0x0000000705c00000, 0x0000000705d00000|  0%| F|  |TAMS 0x0000000705c00000, 0x0000000705c00000| Untracked 
|  65|0x0000000705d00000, 0x0000000705d00000, 0x0000000705e00000|  0%| F|  |TAMS 0x0000000705d00000, 0x0000000705d00000| Untracked 
|  66|0x0000000705e00000, 0x0000000705e00000, 0x0000000705f00000|  0%| F|  |TAMS 0x0000000705e00000, 0x0000000705e00000| Untracked 
|  67|0x0000000705f00000, 0x0000000705f00000, 0x0000000706000000|  0%| F|  |TAMS 0x0000000705f00000, 0x0000000705f00000| Untracked 
|  68|0x0000000706000000, 0x0000000706000000, 0x0000000706100000|  0%| F|  |TAMS 0x0000000706000000, 0x0000000706000000| Untracked 
|  69|0x0000000706100000, 0x0000000706100000, 0x0000000706200000|  0%| F|  |TAMS 0x0000000706100000, 0x0000000706100000| Untracked 
|  70|0x0000000706200000, 0x0000000706200000, 0x0000000706300000|  0%| F|  |TAMS 0x0000000706200000, 0x0000000706200000| Untracked 
|  71|0x0000000706300000, 0x0000000706300000, 0x0000000706400000|  0%| F|  |TAMS 0x0000000706300000, 0x0000000706300000| Untracked 
|  72|0x0000000706400000, 0x0000000706400000, 0x0000000706500000|  0%| F|  |TAMS 0x0000000706400000, 0x0000000706400000| Untracked 
|  73|0x0000000706500000, 0x0000000706500000, 0x0000000706600000|  0%| F|  |TAMS 0x0000000706500000, 0x0000000706500000| Untracked 
|  74|0x0000000706600000, 0x0000000706600000, 0x0000000706700000|  0%| F|  |TAMS 0x0000000706600000, 0x0000000706600000| Untracked 
|  75|0x0000000706700000, 0x0000000706700000, 0x0000000706800000|  0%| F|  |TAMS 0x0000000706700000, 0x0000000706700000| Untracked 
|  76|0x0000000706800000, 0x0000000706800000, 0x0000000706900000|  0%| F|  |TAMS 0x0000000706800000, 0x0000000706800000| Untracked 
|  77|0x0000000706900000, 0x0000000706900000, 0x0000000706a00000|  0%| F|  |TAMS 0x0000000706900000, 0x0000000706900000| Untracked 
|  78|0x0000000706a00000, 0x0000000706a00000, 0x0000000706b00000|  0%| F|  |TAMS 0x0000000706a00000, 0x0000000706a00000| Untracked 
|  79|0x0000000706b00000, 0x0000000706b00000, 0x0000000706c00000|  0%| F|  |TAMS 0x0000000706b00000, 0x0000000706b00000| Untracked 
|  80|0x0000000706c00000, 0x0000000706c00000, 0x0000000706d00000|  0%| F|  |TAMS 0x0000000706c00000, 0x0000000706c00000| Untracked 
|  81|0x0000000706d00000, 0x0000000706d00000, 0x0000000706e00000|  0%| F|  |TAMS 0x0000000706d00000, 0x0000000706d00000| Untracked 
|  82|0x0000000706e00000, 0x0000000706e00000, 0x0000000706f00000|  0%| F|  |TAMS 0x0000000706e00000, 0x0000000706e00000| Untracked 
|  83|0x0000000706f00000, 0x0000000706f00000, 0x0000000707000000|  0%| F|  |TAMS 0x0000000706f00000, 0x0000000706f00000| Untracked 
|  84|0x0000000707000000, 0x0000000707000000, 0x0000000707100000|  0%| F|  |TAMS 0x0000000707000000, 0x0000000707000000| Untracked 
|  85|0x0000000707100000, 0x0000000707100000, 0x0000000707200000|  0%| F|  |TAMS 0x0000000707100000, 0x0000000707100000| Untracked 
|  86|0x0000000707200000, 0x0000000707200000, 0x0000000707300000|  0%| F|  |TAMS 0x0000000707200000, 0x0000000707200000| Untracked 
|  87|0x0000000707300000, 0x0000000707300000, 0x0000000707400000|  0%| F|  |TAMS 0x0000000707300000, 0x0000000707300000| Untracked 
|  88|0x0000000707400000, 0x0000000707400000, 0x0000000707500000|  0%| F|  |TAMS 0x0000000707400000, 0x0000000707400000| Untracked 
|  89|0x0000000707500000, 0x0000000707500000, 0x0000000707600000|  0%| F|  |TAMS 0x0000000707500000, 0x0000000707500000| Untracked 
|  90|0x0000000707600000, 0x0000000707600000, 0x0000000707700000|  0%| F|  |TAMS 0x0000000707600000, 0x0000000707600000| Untracked 
|  91|0x0000000707700000, 0x0000000707700000, 0x0000000707800000|  0%| F|  |TAMS 0x0000000707700000, 0x0000000707700000| Untracked 
|  92|0x0000000707800000, 0x0000000707800000, 0x0000000707900000|  0%| F|  |TAMS 0x0000000707800000, 0x0000000707800000| Untracked 
|  93|0x0000000707900000, 0x0000000707900000, 0x0000000707a00000|  0%| F|  |TAMS 0x0000000707900000, 0x0000000707900000| Untracked 
|  94|0x0000000707a00000, 0x0000000707a00000, 0x0000000707b00000|  0%| F|  |TAMS 0x0000000707a00000, 0x0000000707a00000| Untracked 
|  95|0x0000000707b00000, 0x0000000707b00000, 0x0000000707c00000|  0%| F|  |TAMS 0x0000000707b00000, 0x0000000707b00000| Untracked 
|  96|0x0000000707c00000, 0x0000000707c00000, 0x0000000707d00000|  0%| F|  |TAMS 0x0000000707c00000, 0x0000000707c00000| Untracked 
|  97|0x0000000707d00000, 0x0000000707d00000, 0x0000000707e00000|  0%| F|  |TAMS 0x0000000707d00000, 0x0000000707d00000| Untracked 
|  98|0x0000000707e00000, 0x0000000707e00000, 0x0000000707f00000|  0%| F|  |TAMS 0x0000000707e00000, 0x0000000707e00000| Untracked 
|  99|0x0000000707f00000, 0x0000000707f00000, 0x0000000708000000|  0%| F|  |TAMS 0x0000000707f00000, 0x0000000707f00000| Untracked 
| 100|0x0000000708000000, 0x0000000708000000, 0x0000000708100000|  0%| F|  |TAMS 0x0000000708000000, 0x0000000708000000| Untracked 
| 101|0x0000000708100000, 0x0000000708100000, 0x0000000708200000|  0%| F|  |TAMS 0x0000000708100000, 0x0000000708100000| Untracked 
| 102|0x0000000708200000, 0x0000000708200000, 0x0000000708300000|  0%| F|  |TAMS 0x0000000708200000, 0x0000000708200000| Untracked 
| 103|0x0000000708300000, 0x0000000708300000, 0x0000000708400000|  0%| F|  |TAMS 0x0000000708300000, 0x0000000708300000| Untracked 
| 104|0x0000000708400000, 0x0000000708400000, 0x0000000708500000|  0%| F|  |TAMS 0x0000000708400000, 0x0000000708400000| Untracked 
| 105|0x0000000708500000, 0x0000000708500000, 0x0000000708600000|  0%| F|  |TAMS 0x0000000708500000, 0x0000000708500000| Untracked 
| 106|0x0000000708600000, 0x0000000708600000, 0x0000000708700000|  0%| F|  |TAMS 0x0000000708600000, 0x0000000708600000| Untracked 
| 107|0x0000000708700000, 0x0000000708700000, 0x0000000708800000|  0%| F|  |TAMS 0x0000000708700000, 0x0000000708700000| Untracked 
| 108|0x0000000708800000, 0x0000000708800000, 0x0000000708900000|  0%| F|  |TAMS 0x0000000708800000, 0x0000000708800000| Untracked 
| 109|0x0000000708900000, 0x0000000708900000, 0x0000000708a00000|  0%| F|  |TAMS 0x0000000708900000, 0x0000000708900000| Untracked 
| 110|0x0000000708a00000, 0x0000000708a00000, 0x0000000708b00000|  0%| F|  |TAMS 0x0000000708a00000, 0x0000000708a00000| Untracked 
| 111|0x0000000708b00000, 0x0000000708b00000, 0x0000000708c00000|  0%| F|  |TAMS 0x0000000708b00000, 0x0000000708b00000| Untracked 
| 112|0x0000000708c00000, 0x0000000708c00000, 0x0000000708d00000|  0%| F|  |TAMS 0x0000000708c00000, 0x0000000708c00000| Untracked 
| 113|0x0000000708d00000, 0x0000000708d00000, 0x0000000708e00000|  0%| F|  |TAMS 0x0000000708d00000, 0x0000000708d00000| Untracked 
| 114|0x0000000708e00000, 0x0000000708e00000, 0x0000000708f00000|  0%| F|  |TAMS 0x0000000708e00000, 0x0000000708e00000| Untracked 
| 115|0x0000000708f00000, 0x0000000708f00000, 0x0000000709000000|  0%| F|  |TAMS 0x0000000708f00000, 0x0000000708f00000| Untracked 
| 116|0x0000000709000000, 0x0000000709000000, 0x0000000709100000|  0%| F|  |TAMS 0x0000000709000000, 0x0000000709000000| Untracked 
| 117|0x0000000709100000, 0x0000000709100000, 0x0000000709200000|  0%| F|  |TAMS 0x0000000709100000, 0x0000000709100000| Untracked 
| 118|0x0000000709200000, 0x0000000709200000, 0x0000000709300000|  0%| F|  |TAMS 0x0000000709200000, 0x0000000709200000| Untracked 
| 119|0x0000000709300000, 0x0000000709300000, 0x0000000709400000|  0%| F|  |TAMS 0x0000000709300000, 0x0000000709300000| Untracked 
| 120|0x0000000709400000, 0x0000000709400000, 0x0000000709500000|  0%| F|  |TAMS 0x0000000709400000, 0x0000000709400000| Untracked 
| 121|0x0000000709500000, 0x0000000709500000, 0x0000000709600000|  0%| F|  |TAMS 0x0000000709500000, 0x0000000709500000| Untracked 
| 122|0x0000000709600000, 0x0000000709600000, 0x0000000709700000|  0%| F|  |TAMS 0x0000000709600000, 0x0000000709600000| Untracked 
| 123|0x0000000709700000, 0x0000000709700000, 0x0000000709800000|  0%| F|  |TAMS 0x0000000709700000, 0x0000000709700000| Untracked 
| 124|0x0000000709800000, 0x0000000709800000, 0x0000000709900000|  0%| F|  |TAMS 0x0000000709800000, 0x0000000709800000| Untracked 
| 125|0x0000000709900000, 0x0000000709900000, 0x0000000709a00000|  0%| F|  |TAMS 0x0000000709900000, 0x0000000709900000| Untracked 
| 126|0x0000000709a00000, 0x0000000709a00000, 0x0000000709b00000|  0%| F|  |TAMS 0x0000000709a00000, 0x0000000709a00000| Untracked 
| 127|0x0000000709b00000, 0x0000000709b00000, 0x0000000709c00000|  0%| F|  |TAMS 0x0000000709b00000, 0x0000000709b00000| Untracked 
| 128|0x0000000709c00000, 0x0000000709c00000, 0x0000000709d00000|  0%| F|  |TAMS 0x0000000709c00000, 0x0000000709c00000| Untracked 
| 129|0x0000000709d00000, 0x0000000709d00000, 0x0000000709e00000|  0%| F|  |TAMS 0x0000000709d00000, 0x0000000709d00000| Untracked 
| 130|0x0000000709e00000, 0x0000000709e00000, 0x0000000709f00000|  0%| F|  |TAMS 0x0000000709e00000, 0x0000000709e00000| Untracked 
| 131|0x0000000709f00000, 0x0000000709f00000, 0x000000070a000000|  0%| F|  |TAMS 0x0000000709f00000, 0x0000000709f00000| Untracked 
| 132|0x000000070a000000, 0x000000070a000000, 0x000000070a100000|  0%| F|  |TAMS 0x000000070a000000, 0x000000070a000000| Untracked 
| 133|0x000000070a100000, 0x000000070a100000, 0x000000070a200000|  0%| F|  |TAMS 0x000000070a100000, 0x000000070a100000| Untracked 
| 134|0x000000070a200000, 0x000000070a200000, 0x000000070a300000|  0%| F|  |TAMS 0x000000070a200000, 0x000000070a200000| Untracked 
| 135|0x000000070a300000, 0x000000070a300000, 0x000000070a400000|  0%| F|  |TAMS 0x000000070a300000, 0x000000070a300000| Untracked 
| 136|0x000000070a400000, 0x000000070a400000, 0x000000070a500000|  0%| F|  |TAMS 0x000000070a400000, 0x000000070a400000| Untracked 
| 137|0x000000070a500000, 0x000000070a500000, 0x000000070a600000|  0%| F|  |TAMS 0x000000070a500000, 0x000000070a500000| Untracked 
| 138|0x000000070a600000, 0x000000070a600000, 0x000000070a700000|  0%| F|  |TAMS 0x000000070a600000, 0x000000070a600000| Untracked 
| 139|0x000000070a700000, 0x000000070a700000, 0x000000070a800000|  0%| F|  |TAMS 0x000000070a700000, 0x000000070a700000| Untracked 
| 140|0x000000070a800000, 0x000000070a800000, 0x000000070a900000|  0%| F|  |TAMS 0x000000070a800000, 0x000000070a800000| Untracked 
| 141|0x000000070a900000, 0x000000070a900000, 0x000000070aa00000|  0%| F|  |TAMS 0x000000070a900000, 0x000000070a900000| Untracked 
| 142|0x000000070aa00000, 0x000000070aa00000, 0x000000070ab00000|  0%| F|  |TAMS 0x000000070aa00000, 0x000000070aa00000| Untracked 
| 143|0x000000070ab00000, 0x000000070ab00000, 0x000000070ac00000|  0%| F|  |TAMS 0x000000070ab00000, 0x000000070ab00000| Untracked 
| 144|0x000000070ac00000, 0x000000070ac00000, 0x000000070ad00000|  0%| F|  |TAMS 0x000000070ac00000, 0x000000070ac00000| Untracked 
| 145|0x000000070ad00000, 0x000000070ad00000, 0x000000070ae00000|  0%| F|  |TAMS 0x000000070ad00000, 0x000000070ad00000| Untracked 
| 146|0x000000070ae00000, 0x000000070ae00000, 0x000000070af00000|  0%| F|  |TAMS 0x000000070ae00000, 0x000000070ae00000| Untracked 
| 147|0x000000070af00000, 0x000000070af00000, 0x000000070b000000|  0%| F|  |TAMS 0x000000070af00000, 0x000000070af00000| Untracked 
| 148|0x000000070b000000, 0x000000070b000000, 0x000000070b100000|  0%| F|  |TAMS 0x000000070b000000, 0x000000070b000000| Untracked 
| 149|0x000000070b100000, 0x000000070b100000, 0x000000070b200000|  0%| F|  |TAMS 0x000000070b100000, 0x000000070b100000| Untracked 
| 150|0x000000070b200000, 0x000000070b200000, 0x000000070b300000|  0%| F|  |TAMS 0x000000070b200000, 0x000000070b200000| Untracked 
| 151|0x000000070b300000, 0x000000070b300000, 0x000000070b400000|  0%| F|  |TAMS 0x000000070b300000, 0x000000070b300000| Untracked 
| 152|0x000000070b400000, 0x000000070b400000, 0x000000070b500000|  0%| F|  |TAMS 0x000000070b400000, 0x000000070b400000| Untracked 
| 153|0x000000070b500000, 0x000000070b500000, 0x000000070b600000|  0%| F|  |TAMS 0x000000070b500000, 0x000000070b500000| Untracked 
| 154|0x000000070b600000, 0x000000070b600000, 0x000000070b700000|  0%| F|  |TAMS 0x000000070b600000, 0x000000070b600000| Untracked 
| 155|0x000000070b700000, 0x000000070b700000, 0x000000070b800000|  0%| F|  |TAMS 0x000000070b700000, 0x000000070b700000| Untracked 
| 156|0x000000070b800000, 0x000000070b800000, 0x000000070b900000|  0%| F|  |TAMS 0x000000070b800000, 0x000000070b800000| Untracked 
| 157|0x000000070b900000, 0x000000070b900000, 0x000000070ba00000|  0%| F|  |TAMS 0x000000070b900000, 0x000000070b900000| Untracked 
| 158|0x000000070ba00000, 0x000000070ba00000, 0x000000070bb00000|  0%| F|  |TAMS 0x000000070ba00000, 0x000000070ba00000| Untracked 
| 159|0x000000070bb00000, 0x000000070bb00000, 0x000000070bc00000|  0%| F|  |TAMS 0x000000070bb00000, 0x000000070bb00000| Untracked 
| 160|0x000000070bc00000, 0x000000070bc00000, 0x000000070bd00000|  0%| F|  |TAMS 0x000000070bc00000, 0x000000070bc00000| Untracked 
| 161|0x000000070bd00000, 0x000000070bd00000, 0x000000070be00000|  0%| F|  |TAMS 0x000000070bd00000, 0x000000070bd00000| Untracked 
| 162|0x000000070be00000, 0x000000070be00000, 0x000000070bf00000|  0%| F|  |TAMS 0x000000070be00000, 0x000000070be00000| Untracked 
| 163|0x000000070bf00000, 0x000000070bf00000, 0x000000070c000000|  0%| F|  |TAMS 0x000000070bf00000, 0x000000070bf00000| Untracked 
| 164|0x000000070c000000, 0x000000070c000000, 0x000000070c100000|  0%| F|  |TAMS 0x000000070c000000, 0x000000070c000000| Untracked 
| 165|0x000000070c100000, 0x000000070c100000, 0x000000070c200000|  0%| F|  |TAMS 0x000000070c100000, 0x000000070c100000| Untracked 
| 166|0x000000070c200000, 0x000000070c200000, 0x000000070c300000|  0%| F|  |TAMS 0x000000070c200000, 0x000000070c200000| Untracked 
| 167|0x000000070c300000, 0x000000070c300000, 0x000000070c400000|  0%| F|  |TAMS 0x000000070c300000, 0x000000070c300000| Untracked 
| 168|0x000000070c400000, 0x000000070c400000, 0x000000070c500000|  0%| F|  |TAMS 0x000000070c400000, 0x000000070c400000| Untracked 
| 169|0x000000070c500000, 0x000000070c500000, 0x000000070c600000|  0%| F|  |TAMS 0x000000070c500000, 0x000000070c500000| Untracked 
| 170|0x000000070c600000, 0x000000070c600000, 0x000000070c700000|  0%| F|  |TAMS 0x000000070c600000, 0x000000070c600000| Untracked 
| 171|0x000000070c700000, 0x000000070c700000, 0x000000070c800000|  0%| F|  |TAMS 0x000000070c700000, 0x000000070c700000| Untracked 
| 172|0x000000070c800000, 0x000000070c800000, 0x000000070c900000|  0%| F|  |TAMS 0x000000070c800000, 0x000000070c800000| Untracked 
| 173|0x000000070c900000, 0x000000070c900000, 0x000000070ca00000|  0%| F|  |TAMS 0x000000070c900000, 0x000000070c900000| Untracked 
| 174|0x000000070ca00000, 0x000000070ca00000, 0x000000070cb00000|  0%| F|  |TAMS 0x000000070ca00000, 0x000000070ca00000| Untracked 
| 175|0x000000070cb00000, 0x000000070cb00000, 0x000000070cc00000|  0%| F|  |TAMS 0x000000070cb00000, 0x000000070cb00000| Untracked 
| 176|0x000000070cc00000, 0x000000070cc00000, 0x000000070cd00000|  0%| F|  |TAMS 0x000000070cc00000, 0x000000070cc00000| Untracked 
| 177|0x000000070cd00000, 0x000000070cd00000, 0x000000070ce00000|  0%| F|  |TAMS 0x000000070cd00000, 0x000000070cd00000| Untracked 
| 178|0x000000070ce00000, 0x000000070ce00000, 0x000000070cf00000|  0%| F|  |TAMS 0x000000070ce00000, 0x000000070ce00000| Untracked 
| 179|0x000000070cf00000, 0x000000070cf00000, 0x000000070d000000|  0%| F|  |TAMS 0x000000070cf00000, 0x000000070cf00000| Untracked 
| 180|0x000000070d000000, 0x000000070d000000, 0x000000070d100000|  0%| F|  |TAMS 0x000000070d000000, 0x000000070d000000| Untracked 
| 181|0x000000070d100000, 0x000000070d100000, 0x000000070d200000|  0%| F|  |TAMS 0x000000070d100000, 0x000000070d100000| Untracked 
| 182|0x000000070d200000, 0x000000070d200000, 0x000000070d300000|  0%| F|  |TAMS 0x000000070d200000, 0x000000070d200000| Untracked 
| 183|0x000000070d300000, 0x000000070d300000, 0x000000070d400000|  0%| F|  |TAMS 0x000000070d300000, 0x000000070d300000| Untracked 
| 184|0x000000070d400000, 0x000000070d400000, 0x000000070d500000|  0%| F|  |TAMS 0x000000070d400000, 0x000000070d400000| Untracked 
| 185|0x000000070d500000, 0x000000070d500000, 0x000000070d600000|  0%| F|  |TAMS 0x000000070d500000, 0x000000070d500000| Untracked 
| 186|0x000000070d600000, 0x000000070d600000, 0x000000070d700000|  0%| F|  |TAMS 0x000000070d600000, 0x000000070d600000| Untracked 
| 187|0x000000070d700000, 0x000000070d700000, 0x000000070d800000|  0%| F|  |TAMS 0x000000070d700000, 0x000000070d700000| Untracked 
| 188|0x000000070d800000, 0x000000070d800000, 0x000000070d900000|  0%| F|  |TAMS 0x000000070d800000, 0x000000070d800000| Untracked 
| 189|0x000000070d900000, 0x000000070d900000, 0x000000070da00000|  0%| F|  |TAMS 0x000000070d900000, 0x000000070d900000| Untracked 
| 190|0x000000070da00000, 0x000000070da00000, 0x000000070db00000|  0%| F|  |TAMS 0x000000070da00000, 0x000000070da00000| Untracked 
| 191|0x000000070db00000, 0x000000070db00000, 0x000000070dc00000|  0%| F|  |TAMS 0x000000070db00000, 0x000000070db00000| Untracked 
| 192|0x000000070dc00000, 0x000000070dc00000, 0x000000070dd00000|  0%| F|  |TAMS 0x000000070dc00000, 0x000000070dc00000| Untracked 
| 193|0x000000070dd00000, 0x000000070dd00000, 0x000000070de00000|  0%| F|  |TAMS 0x000000070dd00000, 0x000000070dd00000| Untracked 
| 194|0x000000070de00000, 0x000000070de00000, 0x000000070df00000|  0%| F|  |TAMS 0x000000070de00000, 0x000000070de00000| Untracked 
| 195|0x000000070df00000, 0x000000070df00000, 0x000000070e000000|  0%| F|  |TAMS 0x000000070df00000, 0x000000070df00000| Untracked 
| 196|0x000000070e000000, 0x000000070e000000, 0x000000070e100000|  0%| F|  |TAMS 0x000000070e000000, 0x000000070e000000| Untracked 
| 197|0x000000070e100000, 0x000000070e100000, 0x000000070e200000|  0%| F|  |TAMS 0x000000070e100000, 0x000000070e100000| Untracked 
| 198|0x000000070e200000, 0x000000070e200000, 0x000000070e300000|  0%| F|  |TAMS 0x000000070e200000, 0x000000070e200000| Untracked 
| 199|0x000000070e300000, 0x000000070e300000, 0x000000070e400000|  0%| F|  |TAMS 0x000000070e300000, 0x000000070e300000| Untracked 
| 200|0x000000070e400000, 0x000000070e400000, 0x000000070e500000|  0%| F|  |TAMS 0x000000070e400000, 0x000000070e400000| Untracked 
| 201|0x000000070e500000, 0x000000070e500000, 0x000000070e600000|  0%| F|  |TAMS 0x000000070e500000, 0x000000070e500000| Untracked 
| 202|0x000000070e600000, 0x000000070e600000, 0x000000070e700000|  0%| F|  |TAMS 0x000000070e600000, 0x000000070e600000| Untracked 
| 203|0x000000070e700000, 0x000000070e700000, 0x000000070e800000|  0%| F|  |TAMS 0x000000070e700000, 0x000000070e700000| Untracked 
| 204|0x000000070e800000, 0x000000070e800000, 0x000000070e900000|  0%| F|  |TAMS 0x000000070e800000, 0x000000070e800000| Untracked 
| 205|0x000000070e900000, 0x000000070e900000, 0x000000070ea00000|  0%| F|  |TAMS 0x000000070e900000, 0x000000070e900000| Untracked 
| 206|0x000000070ea00000, 0x000000070ea00000, 0x000000070eb00000|  0%| F|  |TAMS 0x000000070ea00000, 0x000000070ea00000| Untracked 
| 207|0x000000070eb00000, 0x000000070eb00000, 0x000000070ec00000|  0%| F|  |TAMS 0x000000070eb00000, 0x000000070eb00000| Untracked 
| 208|0x000000070ec00000, 0x000000070ec00000, 0x000000070ed00000|  0%| F|  |TAMS 0x000000070ec00000, 0x000000070ec00000| Untracked 
| 209|0x000000070ed00000, 0x000000070ed00000, 0x000000070ee00000|  0%| F|  |TAMS 0x000000070ed00000, 0x000000070ed00000| Untracked 
| 210|0x000000070ee00000, 0x000000070ee00000, 0x000000070ef00000|  0%| F|  |TAMS 0x000000070ee00000, 0x000000070ee00000| Untracked 
| 211|0x000000070ef00000, 0x000000070ef00000, 0x000000070f000000|  0%| F|  |TAMS 0x000000070ef00000, 0x000000070ef00000| Untracked 
| 212|0x000000070f000000, 0x000000070f000000, 0x000000070f100000|  0%| F|  |TAMS 0x000000070f000000, 0x000000070f000000| Untracked 
| 213|0x000000070f100000, 0x000000070f100000, 0x000000070f200000|  0%| F|  |TAMS 0x000000070f100000, 0x000000070f100000| Untracked 
| 214|0x000000070f200000, 0x000000070f200000, 0x000000070f300000|  0%| F|  |TAMS 0x000000070f200000, 0x000000070f200000| Untracked 
| 215|0x000000070f300000, 0x000000070f300000, 0x000000070f400000|  0%| F|  |TAMS 0x000000070f300000, 0x000000070f300000| Untracked 
| 216|0x000000070f400000, 0x000000070f400000, 0x000000070f500000|  0%| F|  |TAMS 0x000000070f400000, 0x000000070f400000| Untracked 
| 217|0x000000070f500000, 0x000000070f500000, 0x000000070f600000|  0%| F|  |TAMS 0x000000070f500000, 0x000000070f500000| Untracked 
| 218|0x000000070f600000, 0x000000070f600000, 0x000000070f700000|  0%| F|  |TAMS 0x000000070f600000, 0x000000070f600000| Untracked 
| 219|0x000000070f700000, 0x000000070f700000, 0x000000070f800000|  0%| F|  |TAMS 0x000000070f700000, 0x000000070f700000| Untracked 
| 220|0x000000070f800000, 0x000000070f800000, 0x000000070f900000|  0%| F|  |TAMS 0x000000070f800000, 0x000000070f800000| Untracked 
| 221|0x000000070f900000, 0x000000070f900000, 0x000000070fa00000|  0%| F|  |TAMS 0x000000070f900000, 0x000000070f900000| Untracked 
| 222|0x000000070fa00000, 0x000000070fa00000, 0x000000070fb00000|  0%| F|  |TAMS 0x000000070fa00000, 0x000000070fa00000| Untracked 
| 223|0x000000070fb00000, 0x000000070fb00000, 0x000000070fc00000|  0%| F|  |TAMS 0x000000070fb00000, 0x000000070fb00000| Untracked 
| 224|0x000000070fc00000, 0x000000070fc00000, 0x000000070fd00000|  0%| F|  |TAMS 0x000000070fc00000, 0x000000070fc00000| Untracked 
| 225|0x000000070fd00000, 0x000000070fd00000, 0x000000070fe00000|  0%| F|  |TAMS 0x000000070fd00000, 0x000000070fd00000| Untracked 
| 226|0x000000070fe00000, 0x000000070fe00000, 0x000000070ff00000|  0%| F|  |TAMS 0x000000070fe00000, 0x000000070fe00000| Untracked 
| 227|0x000000070ff00000, 0x000000070ff00000, 0x0000000710000000|  0%| F|  |TAMS 0x000000070ff00000, 0x000000070ff00000| Untracked 
| 228|0x0000000710000000, 0x0000000710000000, 0x0000000710100000|  0%| F|  |TAMS 0x0000000710000000, 0x0000000710000000| Untracked 
| 229|0x0000000710100000, 0x0000000710100000, 0x0000000710200000|  0%| F|  |TAMS 0x0000000710100000, 0x0000000710100000| Untracked 
| 230|0x0000000710200000, 0x0000000710200000, 0x0000000710300000|  0%| F|  |TAMS 0x0000000710200000, 0x0000000710200000| Untracked 
| 231|0x0000000710300000, 0x0000000710300000, 0x0000000710400000|  0%| F|  |TAMS 0x0000000710300000, 0x0000000710300000| Untracked 
| 232|0x0000000710400000, 0x0000000710400000, 0x0000000710500000|  0%| F|  |TAMS 0x0000000710400000, 0x0000000710400000| Untracked 
| 233|0x0000000710500000, 0x0000000710500000, 0x0000000710600000|  0%| F|  |TAMS 0x0000000710500000, 0x0000000710500000| Untracked 
| 234|0x0000000710600000, 0x0000000710600000, 0x0000000710700000|  0%| F|  |TAMS 0x0000000710600000, 0x0000000710600000| Untracked 
| 235|0x0000000710700000, 0x0000000710700000, 0x0000000710800000|  0%| F|  |TAMS 0x0000000710700000, 0x0000000710700000| Untracked 
| 236|0x0000000710800000, 0x0000000710800000, 0x0000000710900000|  0%| F|  |TAMS 0x0000000710800000, 0x0000000710800000| Untracked 
| 237|0x0000000710900000, 0x0000000710900000, 0x0000000710a00000|  0%| F|  |TAMS 0x0000000710900000, 0x0000000710900000| Untracked 
| 238|0x0000000710a00000, 0x0000000710a00000, 0x0000000710b00000|  0%| F|  |TAMS 0x0000000710a00000, 0x0000000710a00000| Untracked 
| 239|0x0000000710b00000, 0x0000000710b00000, 0x0000000710c00000|  0%| F|  |TAMS 0x0000000710b00000, 0x0000000710b00000| Untracked 
| 240|0x0000000710c00000, 0x0000000710c00000, 0x0000000710d00000|  0%| F|  |TAMS 0x0000000710c00000, 0x0000000710c00000| Untracked 
| 241|0x0000000710d00000, 0x0000000710d00000, 0x0000000710e00000|  0%| F|  |TAMS 0x0000000710d00000, 0x0000000710d00000| Untracked 
| 242|0x0000000710e00000, 0x0000000710e00000, 0x0000000710f00000|  0%| F|  |TAMS 0x0000000710e00000, 0x0000000710e00000| Untracked 
| 243|0x0000000710f00000, 0x0000000710f00000, 0x0000000711000000|  0%| F|  |TAMS 0x0000000710f00000, 0x0000000710f00000| Untracked 
| 244|0x0000000711000000, 0x0000000711000000, 0x0000000711100000|  0%| F|  |TAMS 0x0000000711000000, 0x0000000711000000| Untracked 
| 245|0x0000000711100000, 0x0000000711100000, 0x0000000711200000|  0%| F|  |TAMS 0x0000000711100000, 0x0000000711100000| Untracked 
| 246|0x0000000711200000, 0x0000000711200000, 0x0000000711300000|  0%| F|  |TAMS 0x0000000711200000, 0x0000000711200000| Untracked 
| 247|0x0000000711300000, 0x0000000711300000, 0x0000000711400000|  0%| F|  |TAMS 0x0000000711300000, 0x0000000711300000| Untracked 
| 248|0x0000000711400000, 0x0000000711400000, 0x0000000711500000|  0%| F|  |TAMS 0x0000000711400000, 0x0000000711400000| Untracked 
| 249|0x0000000711500000, 0x0000000711500000, 0x0000000711600000|  0%| F|  |TAMS 0x0000000711500000, 0x0000000711500000| Untracked 
| 250|0x0000000711600000, 0x0000000711600000, 0x0000000711700000|  0%| F|  |TAMS 0x0000000711600000, 0x0000000711600000| Untracked 
| 251|0x0000000711700000, 0x0000000711700000, 0x0000000711800000|  0%| F|  |TAMS 0x0000000711700000, 0x0000000711700000| Untracked 
| 252|0x0000000711800000, 0x0000000711900000, 0x0000000711900000|100%| E|  |TAMS 0x0000000711800000, 0x0000000711800000| Complete 
| 253|0x0000000711900000, 0x0000000711a00000, 0x0000000711a00000|100%| E|CS|TAMS 0x0000000711900000, 0x0000000711900000| Complete 
| 254|0x0000000711a00000, 0x0000000711b00000, 0x0000000711b00000|100%| E|CS|TAMS 0x0000000711a00000, 0x0000000711a00000| Complete 
| 255|0x0000000711b00000, 0x0000000711c00000, 0x0000000711c00000|100%| E|CS|TAMS 0x0000000711b00000, 0x0000000711b00000| Complete 
|3042|0x00000007bfe00000, 0x00000007bfe44000, 0x00000007bff00000| 26%|OA|  |TAMS 0x00000007bfe00000, 0x00000007bfe00000| Untracked 
|3043|0x00000007bff00000, 0x00000007bff6a000, 0x00000007c0000000| 41%|CA|  |TAMS 0x00000007bff00000, 0x00000007bff00000| Untracked 

Card table byte_map: [0x00007fdd1e320000,0x00007fdd1eb12000] _byte_map_base: 0x00007fdd1ab12000

Marking Bits (Prev, Next): (CMBitMap*) 0x00007fdd3807d138, (CMBitMap*) 0x00007fdd3807d170
 Prev Bits: [0x00007fdd14070000, 0x00007fdd18000000)
 Next Bits: [0x00007fdd100e0000, 0x00007fdd14070000)

Polling page: 0x00007fdd3f6f0000

Metaspace:

Usage:
  Non-class:      4.45 MB capacity,     1.81 MB ( 41%) used,     2.63 MB ( 59%) free+waste,    11.12 KB ( <1%) overhead. 
      Class:    558.00 KB capacity,   240.73 KB ( 43%) used,   310.77 KB ( 56%) free+waste,     6.50 KB (  1%) overhead. 
       Both:      5.00 MB capacity,     2.04 MB ( 41%) used,     2.94 MB ( 59%) free+waste,    17.62 KB ( <1%) overhead. 

Virtual space:
  Non-class space:        8.00 MB reserved,       4.50 MB ( 56%) committed 
      Class space:        1.00 GB reserved,     640.00 KB ( <1%) committed 
             Both:        1.01 GB reserved,       5.12 MB ( <1%) committed 

Chunk freelists:
   Non-Class:  0 bytes
       Class:  0 bytes
        Both:  0 bytes

MaxMetaspaceSize: unlimited
CompressedClassSpaceSize: 1.00 GB

CodeHeap 'non-profiled nmethods': size=120032Kb used=146Kb max_used=146Kb free=119885Kb
 bounds [0x00007fdd27778000, 0x00007fdd279e8000, 0x00007fdd2ecb0000]
CodeHeap 'profiled nmethods': size=120028Kb used=807Kb max_used=807Kb free=119220Kb
 bounds [0x00007fdd20241000, 0x00007fdd204b1000, 0x00007fdd27778000]
CodeHeap 'non-nmethods': size=5700Kb used=1124Kb max_used=1138Kb free=4575Kb
 bounds [0x00007fdd1fcb0000, 0x00007fdd1ff20000, 0x00007fdd20241000]
 total_blobs=960 nmethods=505 adapters=269
 compilation: enabled
              stopped_count=0, restarted_count=0
 full_count=0

Compilation events (20 events):
Event: 3.788 Thread 0x00007fdd381e4800  495       3       java.io.ObjectOutputStream$BlockDataOutputStream::writeInt (46 bytes)
Event: 3.788 Thread 0x00007fdd381e4800 nmethod 495 0x00007fdd20305610 code [0x00007fdd203057e0, 0x00007fdd20305a58]
Event: 3.851 Thread 0x00007fdd381e4800  496       3       java.net.SocketOutputStream::write (9 bytes)
Event: 3.851 Thread 0x00007fdd381e4800 nmethod 496 0x00007fdd20305b90 code [0x00007fdd20305d40, 0x00007fdd20305f08]
Event: 3.851 Thread 0x00007fdd381e4800  497   !   3       java.net.SocketOutputStream::socketWrite (133 bytes)
Event: 3.853 Thread 0x00007fdd381e4800 nmethod 497 0x00007fdd20306010 code [0x00007fdd20306380, 0x00007fdd20307a78]
Event: 3.853 Thread 0x00007fdd381e4800  498   !   3       jdk.jshell.execution.MultiplexingOutputStream::write (143 bytes)
Event: 3.854 Thread 0x00007fdd381e4800 nmethod 498 0x00007fdd20308390 code [0x00007fdd203085c0, 0x00007fdd20308f38]
Event: 3.949 Thread 0x00007fdd381e4800  499       3       java.lang.StringBuilder::append (10 bytes)
Event: 3.950 Thread 0x00007fdd381e4800 nmethod 499 0x00007fdd20309410 code [0x00007fdd20309600, 0x00007fdd203098c8]
Event: 3.950 Thread 0x00007fdd381e4800  500       3       java.lang.AbstractStringBuilder::append (33 bytes)
Event: 3.950 Thread 0x00007fdd381e4800 nmethod 500 0x00007fdd20309a10 code [0x00007fdd20309be0, 0x00007fdd20309e48]
Event: 3.950 Thread 0x00007fdd381e4800  501       3       jdk.internal.misc.VM::initLevel (4 bytes)
Event: 3.950 Thread 0x00007fdd381e4800 nmethod 501 0x00007fdd20309f90 code [0x00007fdd2030a140, 0x00007fdd2030a290]
Event: 3.950 Thread 0x00007fdd381e4800  502       1       java.io.ObjectStreamClass$WeakClassKey::hashCode (5 bytes)
Event: 3.950 Thread 0x00007fdd381e4800 nmethod 502 0x00007fdd2779c710 code [0x00007fdd2779c8c0, 0x00007fdd2779c9f0]
Event: 3.951 Thread 0x00007fdd381e4800  505       3       java.io.ObjectOutputStream$HandleTable::hash (8 bytes)
Event: 3.952 Thread 0x00007fdd381e4800 nmethod 505 0x00007fdd2030a310 code [0x00007fdd2030a4c0, 0x00007fdd2030a688]
Event: 3.952 Thread 0x00007fdd381e4800  504       3       java.io.ObjectOutputStream$HandleTable::insert (39 bytes)
Event: 3.952 Thread 0x00007fdd381e4800 nmethod 504 0x00007fdd2030a710 code [0x00007fdd2030a900, 0x00007fdd2030ad88]

GC Heap History (0 events):
No events

Deoptimization events (4 events):
Event: 0.185 Thread 0x00007fdd38015000 Uncommon trap: trap_request=0xffffff4d fr.pc=0x00007fdd27782384 relative=0x00000000000000e4
Event: 0.185 Thread 0x00007fdd38015000 Uncommon trap: reason=unstable_if action=reinterpret pc=0x00007fdd27782384 method=java.lang.String.isLatin1()Z @ 10 c2
Event: 0.185 Thread 0x00007fdd38015000 DEOPT PACKING pc=0x00007fdd27782384 sp=0x00007fdd3f61f420
Event: 0.185 Thread 0x00007fdd38015000 DEOPT UNPACKING pc=0x00007fdd1fce92a5 sp=0x00007fdd3f61f390 mode 2

Classes redefined (3 events):
Event: 1.865 Thread 0x00007fdd381d3800 redefined class name=REPL.$JShell$20$InfiniteList, count=1
Event: 2.203 Thread 0x00007fdd381d3800 redefined class name=REPL.$JShell$20$InfiniteList, count=2
Event: 2.284 Thread 0x00007fdd381d3800 redefined class name=REPL.$JShell$20$InfiniteList, count=3

Internal exceptions (17 events):
Event: 0.202 Thread 0x00007fdd38015000 Exception <a 'java/lang/NoSuchMethodError'{0x0000000711a71fc8}: 'java.lang.Object java.lang.invoke.DirectMethodHandle$Holder.invokeStatic(java.lang.Object, java.lang.Object, java.lang.Object, java.lang.Object, java.lang.Object, java.lang.Object, java.lang
Event: 0.205 Thread 0x00007fdd38015000 Exception <a 'java/lang/NoSuchMethodError'{0x0000000711a8d3e8}: 'java.lang.Object java.lang.invoke.DirectMethodHandle$Holder.invokeStatic(java.lang.Object, java.lang.Object, java.lang.Object, java.lang.Object, java.lang.Object, java.lang.Object, java.lang
Event: 2.180 Thread 0x00007fdd38015000 Exception <a 'java/lang/VerifyError'{0x0000000711974e68}: Bad return type
Exception Details:
  Location:
    REPL/$JShell$21B$InfiniteListImpl.limit(J)LREPL/$JShell$21B$InfiniteListImpl; @13: areturn
  Reason:
    Type 'REPL/$JShell$22$EmptyList' (current
Event: 2.186 Thread 0x00007fdd38015000 Exception <a 'java/lang/NoSuchMethodError'{0x000000071180ed40}: <clinit>> (0x000000071180ed40) thrown at [/build/openjdk-lts-ioLltV/openjdk-lts-11.0.5+10/src/hotspot/share/prims/jni.cpp, line 1362]
Event: 3.476 Thread 0x00007fdd38015000 Exception <a 'java/lang/NoSuchMethodError'{0x0000000711891d68}: 'java.lang.Object java.lang.invoke.DirectMethodHandle$Holder.invokeStatic(java.lang.Object, java.lang.Object, long)'> (0x0000000711891d68) thrown at [/build/openjdk-lts-ioLltV/openjdk-lts-11.
Event: 3.477 Thread 0x00007fdd38015000 Exception <a 'java/lang/NoSuchMethodError'{0x0000000711898188}: 'java.lang.Object java.lang.invoke.Invokers$Holder.linkToTargetMethod(java.lang.Object, long, java.lang.Object)'> (0x0000000711898188) thrown at [/build/openjdk-lts-ioLltV/openjdk-lts-11.0.5+
Event: 3.576 Thread 0x00007fdd38015000 Exception <a 'java/lang/NullPointerException'{0x000000071189ca28}> (0x000000071189ca28) thrown at [/build/openjdk-lts-ioLltV/openjdk-lts-11.0.5+10/src/hotspot/share/interpreter/linkResolver.cpp, line 1440]
Event: 3.576 Thread 0x00007fdd38015000 Exception <a 'java/lang/reflect/InvocationTargetException'{0x000000071189ccf8}> (0x000000071189ccf8) thrown at [/build/openjdk-lts-ioLltV/openjdk-lts-11.0.5+10/src/hotspot/share/runtime/reflection.cpp, line 1246]
Event: 3.577 Thread 0x00007fdd38015000 Exception <a 'java/lang/NoSuchMethodError'{0x000000071189ebb0}: <clinit>> (0x000000071189ebb0) thrown at [/build/openjdk-lts-ioLltV/openjdk-lts-11.0.5+10/src/hotspot/share/prims/jni.cpp, line 1362]
Event: 3.711 Thread 0x00007fdd38015000 Exception <a 'java/lang/NullPointerException'{0x00000007118b3188}> (0x00000007118b3188) thrown at [/build/openjdk-lts-ioLltV/openjdk-lts-11.0.5+10/src/hotspot/share/interpreter/linkResolver.cpp, line 1440]
Event: 3.711 Thread 0x00007fdd38015000 Exception <a 'java/lang/reflect/InvocationTargetException'{0x00000007118b3458}> (0x00000007118b3458) thrown at [/build/openjdk-lts-ioLltV/openjdk-lts-11.0.5+10/src/hotspot/share/runtime/reflection.cpp, line 1246]
Event: 3.782 Thread 0x00007fdd38015000 Exception <a 'java/lang/NullPointerException'{0x00000007118b6718}> (0x00000007118b6718) thrown at [/build/openjdk-lts-ioLltV/openjdk-lts-11.0.5+10/src/hotspot/share/interpreter/linkResolver.cpp, line 1440]
Event: 3.782 Thread 0x00007fdd38015000 Exception <a 'java/lang/reflect/InvocationTargetException'{0x00000007118b69e8}> (0x00000007118b69e8) thrown at [/build/openjdk-lts-ioLltV/openjdk-lts-11.0.5+10/src/hotspot/share/runtime/reflection.cpp, line 1246]
Event: 3.849 Thread 0x00007fdd38015000 Exception <a 'java/lang/NullPointerException'{0x00000007118b9a10}> (0x00000007118b9a10) thrown at [/build/openjdk-lts-ioLltV/openjdk-lts-11.0.5+10/src/hotspot/share/interpreter/linkResolver.cpp, line 1440]
Event: 3.849 Thread 0x00007fdd38015000 Exception <a 'java/lang/reflect/InvocationTargetException'{0x00000007118b9ce0}> (0x00000007118b9ce0) thrown at [/build/openjdk-lts-ioLltV/openjdk-lts-11.0.5+10/src/hotspot/share/runtime/reflection.cpp, line 1246]
Event: 3.950 Thread 0x00007fdd38015000 Exception <a 'java/lang/NullPointerException'{0x00000007118bc768}> (0x00000007118bc768) thrown at [/build/openjdk-lts-ioLltV/openjdk-lts-11.0.5+10/src/hotspot/share/interpreter/linkResolver.cpp, line 1440]
Event: 3.950 Thread 0x00007fdd38015000 Exception <a 'java/lang/reflect/InvocationTargetException'{0x00000007118bca38}> (0x00000007118bca38) thrown at [/build/openjdk-lts-ioLltV/openjdk-lts-11.0.5+10/src/hotspot/share/runtime/reflection.cpp, line 1246]

Events (20 events):
Event: 3.578 loading class jdk/internal/reflect/UnsafeQualifiedStaticObjectFieldAccessorImpl
Event: 3.579 loading class jdk/internal/reflect/UnsafeQualifiedStaticObjectFieldAccessorImpl done
Event: 3.579 loading class java/util/stream/IntStream
Event: 3.580 loading class java/util/stream/IntStream done
Event: 3.646 loading class REPL/$JShell$41
Event: 3.646 loading class REPL/$JShell$41 done
Event: 3.709 loading class REPL/$JShell$42
Event: 3.709 loading class REPL/$JShell$42 done
Event: 3.712 Executing VM operation: BulkRevokeBias
Event: 3.712 Executing VM operation: BulkRevokeBias done
Event: 3.779 loading class REPL/$JShell$43
Event: 3.779 loading class REPL/$JShell$43 done
Event: 3.847 loading class REPL/$JShell$44
Event: 3.847 loading class REPL/$JShell$44 done
Event: 3.850 Executing VM operation: BulkRevokeBias
Event: 3.850 Executing VM operation: BulkRevokeBias done
Event: 3.948 loading class REPL/$JShell$45
Event: 3.948 loading class REPL/$JShell$45 done
Event: 37436.289 loading class jdk/internal/misc/Signal$1
Event: 37436.290 loading class jdk/internal/misc/Signal$1 done


Dynamic libraries:
701c00000-711c00000 rw-p 00000000 00:00 0
711c00000-7bfe00000 ---p 00000000 00:00 0
7bfe00000-7bfe44000 rw-p 01104000 00:00 181837                   /usr/lib/jvm/java-11-openjdk-amd64/lib/server/classes.jsa
7bfe44000-7bff00000 rw-p 00000000 00:00 0
7bff00000-7bff6a000 rw-p 0109a000 00:00 181837                   /usr/lib/jvm/java-11-openjdk-amd64/lib/server/classes.jsa
7bff6a000-7c0000000 rw-p 00000000 00:00 0
7c0000000-800000000 ---p 00000000 00:00 0
800000000-800002000 rwxp 00001000 00:00 181837                   /usr/lib/jvm/java-11-openjdk-amd64/lib/server/classes.jsa
800002000-8003b8000 rw-p 00003000 00:00 181837                   /usr/lib/jvm/java-11-openjdk-amd64/lib/server/classes.jsa
8003b8000-800a8c000 rw-p 003b9000 00:00 181837                   /usr/lib/jvm/java-11-openjdk-amd64/lib/server/classes.jsa
800a8c000-800a8d000 rw-p 00a8d000 00:00 181837                   /usr/lib/jvm/java-11-openjdk-amd64/lib/server/classes.jsa
800a8d000-801099000 rw-p 00a8e000 00:00 181837                   /usr/lib/jvm/java-11-openjdk-amd64/lib/server/classes.jsa
840000000-8400a0000 rw-p 00000000 00:00 0
8400a0000-880000000 ---p 00000000 00:00 0
7fdcc0000000-7fdcc0021000 rw-p 00000000 00:00 0
7fdcc0021000-7fdcc4000000 ---p 00000000 00:00 0
7fdcc4000000-7fdcc4021000 rw-p 00000000 00:00 0
7fdcc4021000-7fdcc8000000 ---p 00000000 00:00 0
7fdcc8000000-7fdcc8021000 rw-p 00000000 00:00 0
7fdcc8021000-7fdccc000000 ---p 00000000 00:00 0
7fdccc000000-7fdccc021000 rw-p 00000000 00:00 0
7fdccc021000-7fdcd0000000 ---p 00000000 00:00 0
7fdcd0000000-7fdcd0021000 rw-p 00000000 00:00 0
7fdcd0021000-7fdcd4000000 ---p 00000000 00:00 0
7fdcd4000000-7fdcd4021000 rw-p 00000000 00:00 0
7fdcd4021000-7fdcd8000000 ---p 00000000 00:00 0
7fdcd8000000-7fdcd8021000 rw-p 00000000 00:00 0
7fdcd8021000-7fdcdc000000 ---p 00000000 00:00 0
7fdcdc000000-7fdcdc021000 rw-p 00000000 00:00 0
7fdcdc021000-7fdce0000000 ---p 00000000 00:00 0
7fdce0000000-7fdce0229000 rw-p 00000000 00:00 0
7fdce0229000-7fdce4000000 ---p 00000000 00:00 0
7fdce4000000-7fdce4021000 rw-p 00000000 00:00 0
7fdce4021000-7fdce8000000 ---p 00000000 00:00 0
7fdce8000000-7fdce8021000 rw-p 00000000 00:00 0
7fdce8021000-7fdcec000000 ---p 00000000 00:00 0
7fdcec000000-7fdcec0f2000 rw-p 00000000 00:00 0
7fdcec0f2000-7fdcf0000000 ---p 00000000 00:00 0
7fdcf0000000-7fdcf0021000 rw-p 00000000 00:00 0
7fdcf0021000-7fdcf4000000 ---p 00000000 00:00 0
7fdcf4000000-7fdcf4021000 rw-p 00000000 00:00 0
7fdcf4021000-7fdcf8000000 ---p 00000000 00:00 0
7fdcf8000000-7fdcf8021000 rw-p 00000000 00:00 0
7fdcf8021000-7fdcfc000000 ---p 00000000 00:00 0
7fdcfc000000-7fdcfc021000 rw-p 00000000 00:00 0
7fdcfc021000-7fdd00000000 ---p 00000000 00:00 0
7fdd00000000-7fdd00021000 rw-p 00000000 00:00 0
7fdd00021000-7fdd04000000 ---p 00000000 00:00 0
7fdd04000000-7fdd04021000 rw-p 00000000 00:00 0
7fdd04021000-7fdd08000000 ---p 00000000 00:00 0
7fdd08950000-7fdd08a51000 rw-p 00000000 00:00 0
7fdd08a60000-7fdd08a64000 ---p 00000000 00:00 0
7fdd08a64000-7fdd08b61000 rw-p 00000000 00:00 0
7fdd08b70000-7fdd08b72000 r-xp 00000000 00:00 138092             /usr/lib/jvm/java-11-openjdk-amd64/lib/libextnet.so
7fdd08b72000-7fdd08b73000 ---p 00002000 00:00 138092             /usr/lib/jvm/java-11-openjdk-amd64/lib/libextnet.so
7fdd08b73000-7fdd08d71000 ---p 00000003 00:00 138092             /usr/lib/jvm/java-11-openjdk-amd64/lib/libextnet.so
7fdd08d71000-7fdd08d72000 r--p 00001000 00:00 138092             /usr/lib/jvm/java-11-openjdk-amd64/lib/libextnet.so
7fdd08d72000-7fdd08d73000 rw-p 00002000 00:00 138092             /usr/lib/jvm/java-11-openjdk-amd64/lib/libextnet.so
7fdd08d80000-7fdd08d84000 ---p 00000000 00:00 0
7fdd08d84000-7fdd08e81000 rw-p 00000000 00:00 0
7fdd08e90000-7fdd08ea6000 r-xp 00000000 00:00 139242             /usr/lib/jvm/java-11-openjdk-amd64/lib/libnet.so
7fdd08ea6000-7fdd08ea7000 ---p 00016000 00:00 139242             /usr/lib/jvm/java-11-openjdk-amd64/lib/libnet.so
7fdd08ea7000-7fdd090a5000 ---p 00000017 00:00 139242             /usr/lib/jvm/java-11-openjdk-amd64/lib/libnet.so
7fdd090a5000-7fdd090a6000 r--p 00015000 00:00 139242             /usr/lib/jvm/java-11-openjdk-amd64/lib/libnet.so
7fdd090a6000-7fdd090a7000 rw-p 00016000 00:00 139242             /usr/lib/jvm/java-11-openjdk-amd64/lib/libnet.so
7fdd090b0000-7fdd090c0000 r-xp 00000000 00:00 139247             /usr/lib/jvm/java-11-openjdk-amd64/lib/libnio.so
7fdd090c0000-7fdd090c1000 ---p 00010000 00:00 139247             /usr/lib/jvm/java-11-openjdk-amd64/lib/libnio.so
7fdd090c1000-7fdd092bf000 ---p 00000011 00:00 139247             /usr/lib/jvm/java-11-openjdk-amd64/lib/libnio.so
7fdd092bf000-7fdd092c0000 r--p 0000f000 00:00 139247             /usr/lib/jvm/java-11-openjdk-amd64/lib/libnio.so
7fdd092c0000-7fdd092c1000 rw-p 00010000 00:00 139247             /usr/lib/jvm/java-11-openjdk-amd64/lib/libnio.so
7fdd092d0000-7fdd092d1000 ---p 00000000 00:00 0
7fdd092d1000-7fdd093d2000 rw-p 00000000 00:00 0
7fdd093e0000-7fdd093e4000 ---p 00000000 00:00 0
7fdd093e4000-7fdd094e1000 rw-p 00000000 00:00 0
7fdd094f0000-7fdd094f4000 ---p 00000000 00:00 0
7fdd094f4000-7fdd095f1000 rw-p 00000000 00:00 0
7fdd09600000-7fdd09604000 ---p 00000000 00:00 0
7fdd09604000-7fdd09701000 rw-p 00000000 00:00 0
7fdd09710000-7fdd09714000 ---p 00000000 00:00 0
7fdd09714000-7fdd09811000 rw-p 00000000 00:00 0
7fdd09820000-7fdd09824000 r-xp 00000000 00:00 137958             /usr/lib/jvm/java-11-openjdk-amd64/lib/libdt_socket.so
7fdd09824000-7fdd09826000 ---p 00004000 00:00 137958             /usr/lib/jvm/java-11-openjdk-amd64/lib/libdt_socket.so
7fdd09826000-7fdd09a24000 ---p 00000006 00:00 137958             /usr/lib/jvm/java-11-openjdk-amd64/lib/libdt_socket.so
7fdd09a24000-7fdd09a25000 r--p 00004000 00:00 137958             /usr/lib/jvm/java-11-openjdk-amd64/lib/libdt_socket.so
7fdd09a25000-7fdd09a26000 rw-p 00005000 00:00 137958             /usr/lib/jvm/java-11-openjdk-amd64/lib/libdt_socket.so
7fdd09a30000-7fdd09a34000 ---p 00000000 00:00 0
7fdd09a34000-7fdd09b31000 rw-p 00000000 00:00 0
7fdd09b40000-7fdd09b44000 ---p 00000000 00:00 0
7fdd09b44000-7fdd09c41000 rw-p 00000000 00:00 0
7fdd09c50000-7fdd09c54000 ---p 00000000 00:00 0
7fdd09c54000-7fdd09d51000 rw-p 00000000 00:00 0
7fdd09d60000-7fdd09d64000 ---p 00000000 00:00 0
7fdd09d64000-7fdd09e61000 rw-p 00000000 00:00 0
7fdd09e65000-7fdd0a000000 r--p 00000000 00:00 620296             /usr/lib/locale/locale-archive
7fdd0a000000-7fdd0c021000 rw-p 00000000 00:00 0
7fdd0c021000-7fdd10000000 ---p 00000000 00:00 0
7fdd10070000-7fdd100a1000 rw-p 00000000 00:00 0
7fdd100af000-7fdd100e0000 r--p 00000000 00:00 620223             /usr/lib/locale/C.UTF-8/LC_CTYPE
7fdd100e0000-7fdd104e0000 rw-p 00000000 00:00 0
7fdd104e0000-7fdd13068000 ---p 00000000 00:00 0
7fdd13068000-7fdd13070000 rw-p 00000000 00:00 0
7fdd13070000-7fdd14070000 ---p 00000000 00:00 0
7fdd14070000-7fdd14470000 rw-p 00000000 00:00 0
7fdd14470000-7fdd16ff8000 ---p 00000000 00:00 0
7fdd16ff8000-7fdd17000000 rw-p 00000000 00:00 0
7fdd17000000-7fdd18000000 ---p 00000000 00:00 0
7fdd18000000-7fdd18021000 rw-p 00000000 00:00 0
7fdd18021000-7fdd1c000000 ---p 00000000 00:00 0
7fdd1c01d000-7fdd1c190000 r--p 00000000 00:00 620215             /usr/lib/locale/C.UTF-8/LC_COLLATE
7fdd1c190000-7fdd1c194000 ---p 00000000 00:00 0
7fdd1c194000-7fdd1c291000 rw-p 00000000 00:00 0
7fdd1c2a0000-7fdd1c2a4000 ---p 00000000 00:00 0
7fdd1c2a4000-7fdd1c3a1000 rw-p 00000000 00:00 0
7fdd1c3b0000-7fdd1c3b1000 ---p 00000000 00:00 0
7fdd1c3b1000-7fdd1c4b2000 rw-p 00000000 00:00 0
7fdd1c4c0000-7fdd1c541000 rw-p 00000000 00:00 0
7fdd1c550000-7fdd1c9d0000 rw-p 00000000 00:00 0
7fdd1c9d0000-7fdd1cd51000 ---p 00000000 00:00 0
7fdd1cd51000-7fdd1ce52000 rw-p 00000000 00:00 0
7fdd1ce60000-7fdd1ce61000 ---p 00000000 00:00 0
7fdd1ce61000-7fdd1cf62000 rw-p 00000000 00:00 0
7fdd1cf70000-7fdd1d071000 rw-p 00000000 00:00 0
7fdd1d080000-7fdd1d181000 rw-p 00000000 00:00 0
7fdd1d190000-7fdd1d291000 rw-p 00000000 00:00 0
7fdd1d2a0000-7fdd1d3a1000 rw-p 00000000 00:00 0
7fdd1d3b0000-7fdd1d4b1000 rw-p 00000000 00:00 0
7fdd1d4c0000-7fdd1d5c1000 rw-p 00000000 00:00 0
7fdd1d5d0000-7fdd1d6d1000 rw-p 00000000 00:00 0
7fdd1d6e0000-7fdd1d7e1000 rw-p 00000000 00:00 0
7fdd1d7f0000-7fdd1d7f1000 ---p 00000000 00:00 0
7fdd1d7f1000-7fdd1d8f2000 rw-p 00000000 00:00 0
7fdd1d900000-7fdd1d901000 ---p 00000000 00:00 0
7fdd1d901000-7fdd1da02000 rw-p 00000000 00:00 0
7fdd1da10000-7fdd1db17000 rw-p 00000000 00:00 0
7fdd1db20000-7fdd1dba0000 rw-p 00000000 00:00 0
7fdd1dba0000-7fdd1e111000 ---p 00000000 00:00 0
7fdd1e111000-7fdd1e112000 rw-p 00000000 00:00 0
7fdd1e112000-7fdd1e312000 ---p 00000000 00:00 0
7fdd1e320000-7fdd1e3a0000 rw-p 00000000 00:00 0
7fdd1e3a0000-7fdd1e911000 ---p 00000000 00:00 0
7fdd1e911000-7fdd1e912000 rw-p 00000000 00:00 0
7fdd1e912000-7fdd1eb12000 ---p 00000000 00:00 0
7fdd1eb20000-7fdd1eba0000 rw-p 00000000 00:00 0
7fdd1eba0000-7fdd1f111000 ---p 00000000 00:00 0
7fdd1f111000-7fdd1f112000 rw-p 00000000 00:00 0
7fdd1f112000-7fdd1f312000 ---p 00000000 00:00 0
7fdd1f320000-7fdd1f421000 rw-p 00000000 00:00 0
7fdd1f430000-7fdd1f531000 rw-p 00000000 00:00 0
7fdd1f540000-7fdd1f641000 rw-p 00000000 00:00 0
7fdd1f650000-7fdd1f751000 rw-p 00000000 00:00 0
7fdd1f760000-7fdd1f861000 rw-p 00000000 00:00 0
7fdd1f870000-7fdd1f971000 rw-p 00000000 00:00 0
7fdd1f980000-7fdd1fa81000 rw-p 00000000 00:00 0
7fdd1fa90000-7fdd1fb91000 rw-p 00000000 00:00 0
7fdd1fba0000-7fdd1fba1000 ---p 00000000 00:00 0
7fdd1fba1000-7fdd1fca2000 rw-p 00000000 00:00 0
7fdd1fcb0000-7fdd1ff20000 rwxp 00000000 00:00 0
7fdd1ff20000-7fdd20241000 ---p 00000000 00:00 0
7fdd20241000-7fdd204b1000 rwxp 00000000 00:00 0
7fdd204b1000-7fdd27778000 ---p 00000000 00:00 0
7fdd27778000-7fdd279e8000 rwxp 00000000 00:00 0
7fdd279e8000-7fdd2ecb0000 ---p 00000000 00:00 0
7fdd2ecbe000-7fdd37380000 r--s 00000000 00:00 141554             /usr/lib/jvm/java-11-openjdk-amd64/lib/modules
7fdd37380000-7fdd37385000 r-xp 00000000 00:00 138887             /usr/lib/jvm/java-11-openjdk-amd64/lib/libjimage.so
7fdd37385000-7fdd37386000 ---p 00005000 00:00 138887             /usr/lib/jvm/java-11-openjdk-amd64/lib/libjimage.so
7fdd37386000-7fdd37584000 ---p 00000006 00:00 138887             /usr/lib/jvm/java-11-openjdk-amd64/lib/libjimage.so
7fdd37584000-7fdd37585000 r--p 00004000 00:00 138887             /usr/lib/jvm/java-11-openjdk-amd64/lib/libjimage.so
7fdd37585000-7fdd37586000 rw-p 00005000 00:00 138887             /usr/lib/jvm/java-11-openjdk-amd64/lib/libjimage.so
7fdd37590000-7fdd37597000 r-xp 00000000 00:00 140971             /usr/lib/jvm/java-11-openjdk-amd64/lib/libzip.so
7fdd37597000-7fdd37598000 ---p 00007000 00:00 140971             /usr/lib/jvm/java-11-openjdk-amd64/lib/libzip.so
7fdd37598000-7fdd37796000 ---p 00000008 00:00 140971             /usr/lib/jvm/java-11-openjdk-amd64/lib/libzip.so
7fdd37796000-7fdd37797000 r--p 00006000 00:00 140971             /usr/lib/jvm/java-11-openjdk-amd64/lib/libzip.so
7fdd37797000-7fdd37798000 rw-p 00007000 00:00 140971             /usr/lib/jvm/java-11-openjdk-amd64/lib/libzip.so
7fdd377a0000-7fdd377ab000 r-xp 00000000 00:00 487271             /lib/x86_64-linux-gnu/libnss_files-2.27.so
7fdd377ab000-7fdd377ac000 ---p 0000b000 00:00 487271             /lib/x86_64-linux-gnu/libnss_files-2.27.so
7fdd377ac000-7fdd379aa000 ---p 0000000c 00:00 487271             /lib/x86_64-linux-gnu/libnss_files-2.27.so
7fdd379aa000-7fdd379ab000 r--p 0000a000 00:00 487271             /lib/x86_64-linux-gnu/libnss_files-2.27.so
7fdd379ab000-7fdd379ac000 rw-p 0000b000 00:00 487271             /lib/x86_64-linux-gnu/libnss_files-2.27.so
7fdd379ac000-7fdd379b2000 rw-p 00000000 00:00 0
7fdd379c0000-7fdd379d7000 r-xp 00000000 00:00 487265             /lib/x86_64-linux-gnu/libnsl-2.27.so
7fdd379d7000-7fdd379d8000 ---p 00017000 00:00 487265             /lib/x86_64-linux-gnu/libnsl-2.27.so
7fdd379d8000-7fdd37bd6000 ---p 00000018 00:00 487265             /lib/x86_64-linux-gnu/libnsl-2.27.so
7fdd37bd6000-7fdd37bd7000 r--p 00016000 00:00 487265             /lib/x86_64-linux-gnu/libnsl-2.27.so
7fdd37bd7000-7fdd37bd8000 rw-p 00017000 00:00 487265             /lib/x86_64-linux-gnu/libnsl-2.27.so
7fdd37bd8000-7fdd37bda000 rw-p 00000000 00:00 0
7fdd37be0000-7fdd37beb000 r-xp 00000000 00:00 487276             /lib/x86_64-linux-gnu/libnss_nis-2.27.so
7fdd37beb000-7fdd37bec000 ---p 0000b000 00:00 487276             /lib/x86_64-linux-gnu/libnss_nis-2.27.so
7fdd37bec000-7fdd37dea000 ---p 0000000c 00:00 487276             /lib/x86_64-linux-gnu/libnss_nis-2.27.so
7fdd37dea000-7fdd37deb000 r--p 0000a000 00:00 487276             /lib/x86_64-linux-gnu/libnss_nis-2.27.so
7fdd37deb000-7fdd37dec000 rw-p 0000b000 00:00 487276             /lib/x86_64-linux-gnu/libnss_nis-2.27.so
7fdd37df0000-7fdd37df8000 r-xp 00000000 00:00 487267             /lib/x86_64-linux-gnu/libnss_compat-2.27.so
7fdd37df8000-7fdd37dfa000 ---p 00008000 00:00 487267             /lib/x86_64-linux-gnu/libnss_compat-2.27.so
7fdd37dfa000-7fdd37ff8000 ---p 0000000a 00:00 487267             /lib/x86_64-linux-gnu/libnss_compat-2.27.so
7fdd37ff8000-7fdd37ff9000 r--p 00008000 00:00 487267             /lib/x86_64-linux-gnu/libnss_compat-2.27.so
7fdd37ff9000-7fdd37ffa000 rw-p 00009000 00:00 487267             /lib/x86_64-linux-gnu/libnss_compat-2.27.so
7fdd38000000-7fdd382f8000 rw-p 00000000 00:00 0
7fdd382f8000-7fdd3c000000 ---p 00000000 00:00 0
7fdd3c030000-7fdd3c08b000 rw-p 00000000 00:00 0
7fdd3c090000-7fdd3c095000 rw-p 00000000 00:00 0
7fdd3c095000-7fdd3c17b000 ---p 00000000 00:00 0
7fdd3c180000-7fdd3c1bb000 r-xp 00000000 00:00 138617             /usr/lib/jvm/java-11-openjdk-amd64/lib/libjdwp.so
7fdd3c1bb000-7fdd3c1bc000 ---p 0003b000 00:00 138617             /usr/lib/jvm/java-11-openjdk-amd64/lib/libjdwp.so
7fdd3c1bc000-7fdd3c3ba000 ---p 0000003c 00:00 138617             /usr/lib/jvm/java-11-openjdk-amd64/lib/libjdwp.so
7fdd3c3ba000-7fdd3c3bb000 r--p 0003a000 00:00 138617             /usr/lib/jvm/java-11-openjdk-amd64/lib/libjdwp.so
7fdd3c3bb000-7fdd3c3bc000 rw-p 0003b000 00:00 138617             /usr/lib/jvm/java-11-openjdk-amd64/lib/libjdwp.so
7fdd3c3c0000-7fdd3c3e9000 r-xp 00000000 00:00 138269             /usr/lib/jvm/java-11-openjdk-amd64/lib/libjava.so
7fdd3c3e9000-7fdd3c3eb000 ---p 00029000 00:00 138269             /usr/lib/jvm/java-11-openjdk-amd64/lib/libjava.so
7fdd3c3eb000-7fdd3c5e8000 ---p 0000002b 00:00 138269             /usr/lib/jvm/java-11-openjdk-amd64/lib/libjava.so
7fdd3c5e8000-7fdd3c5e9000 r--p 00028000 00:00 138269             /usr/lib/jvm/java-11-openjdk-amd64/lib/libjava.so
7fdd3c5e9000-7fdd3c5eb000 rw-p 00029000 00:00 138269             /usr/lib/jvm/java-11-openjdk-amd64/lib/libjava.so
7fdd3c5f0000-7fdd3c5fd000 r-xp 00000000 00:00 140960             /usr/lib/jvm/java-11-openjdk-amd64/lib/libverify.so
7fdd3c5fd000-7fdd3c5ff000 ---p 0000d000 00:00 140960             /usr/lib/jvm/java-11-openjdk-amd64/lib/libverify.so
7fdd3c5ff000-7fdd3c7fc000 ---p 0000000f 00:00 140960             /usr/lib/jvm/java-11-openjdk-amd64/lib/libverify.so
7fdd3c7fc000-7fdd3c7fe000 r--p 0000c000 00:00 140960             /usr/lib/jvm/java-11-openjdk-amd64/lib/libverify.so
7fdd3c7fe000-7fdd3c7ff000 rw-p 0000e000 00:00 140960             /usr/lib/jvm/java-11-openjdk-amd64/lib/libverify.so
7fdd3c800000-7fdd3c807000 r-xp 00000000 00:00 487328             /lib/x86_64-linux-gnu/librt-2.27.so
7fdd3c807000-7fdd3c808000 ---p 00007000 00:00 487328             /lib/x86_64-linux-gnu/librt-2.27.so
7fdd3c808000-7fdd3ca06000 ---p 00000008 00:00 487328             /lib/x86_64-linux-gnu/librt-2.27.so
7fdd3ca06000-7fdd3ca07000 r--p 00006000 00:00 487328             /lib/x86_64-linux-gnu/librt-2.27.so
7fdd3ca07000-7fdd3ca08000 rw-p 00007000 00:00 487328             /lib/x86_64-linux-gnu/librt-2.27.so
7fdd3ca10000-7fdd3ca27000 r-xp 00000000 00:00 487212             /lib/x86_64-linux-gnu/libgcc_s.so.1
7fdd3ca27000-7fdd3ca28000 ---p 00017000 00:00 487212             /lib/x86_64-linux-gnu/libgcc_s.so.1
7fdd3ca28000-7fdd3cc26000 ---p 00000018 00:00 487212             /lib/x86_64-linux-gnu/libgcc_s.so.1
7fdd3cc26000-7fdd3cc27000 r--p 00016000 00:00 487212             /lib/x86_64-linux-gnu/libgcc_s.so.1
7fdd3cc27000-7fdd3cc28000 rw-p 00017000 00:00 487212             /lib/x86_64-linux-gnu/libgcc_s.so.1
7fdd3cc30000-7fdd3cdcd000 r-xp 00000000 00:00 487240             /lib/x86_64-linux-gnu/libm-2.27.so
7fdd3cdcd000-7fdd3cdd0000 ---p 0019d000 00:00 487240             /lib/x86_64-linux-gnu/libm-2.27.so
7fdd3cdd0000-7fdd3cfcc000 ---p 000001a0 00:00 487240             /lib/x86_64-linux-gnu/libm-2.27.so
7fdd3cfcc000-7fdd3cfcd000 r--p 0019c000 00:00 487240             /lib/x86_64-linux-gnu/libm-2.27.so
7fdd3cfcd000-7fdd3cfce000 rw-p 0019d000 00:00 487240             /lib/x86_64-linux-gnu/libm-2.27.so
7fdd3cfd0000-7fdd3d149000 r-xp 00000000 00:00 682071             /usr/lib/x86_64-linux-gnu/libstdc++.so.6.0.25
7fdd3d149000-7fdd3d156000 ---p 00179000 00:00 682071             /usr/lib/x86_64-linux-gnu/libstdc++.so.6.0.25
7fdd3d156000-7fdd3d349000 ---p 00000186 00:00 682071             /usr/lib/x86_64-linux-gnu/libstdc++.so.6.0.25
7fdd3d349000-7fdd3d353000 r--p 00179000 00:00 682071             /usr/lib/x86_64-linux-gnu/libstdc++.so.6.0.25
7fdd3d353000-7fdd3d355000 rw-p 00183000 00:00 682071             /usr/lib/x86_64-linux-gnu/libstdc++.so.6.0.25
7fdd3d355000-7fdd3d359000 rw-p 00000000 00:00 0
7fdd3d360000-7fdd3e434000 r-xp 00000000 00:00 142530             /usr/lib/jvm/java-11-openjdk-amd64/lib/server/libjvm.so
7fdd3e434000-7fdd3e52b000 ---p 010d4000 00:00 142530             /usr/lib/jvm/java-11-openjdk-amd64/lib/server/libjvm.so
7fdd3e52b000-7fdd3e634000 ---p 000011cb 00:00 142530             /usr/lib/jvm/java-11-openjdk-amd64/lib/server/libjvm.so
7fdd3e634000-7fdd3e6f1000 r--p 010d4000 00:00 142530             /usr/lib/jvm/java-11-openjdk-amd64/lib/server/libjvm.so
7fdd3e6f1000-7fdd3e72a000 rw-p 01191000 00:00 142530             /usr/lib/jvm/java-11-openjdk-amd64/lib/server/libjvm.so
7fdd3e72a000-7fdd3e781000 rw-p 00000000 00:00 0
7fdd3e790000-7fdd3e7aa000 r-xp 00000000 00:00 487320             /lib/x86_64-linux-gnu/libpthread-2.27.so
7fdd3e7aa000-7fdd3e7b4000 ---p 0001a000 00:00 487320             /lib/x86_64-linux-gnu/libpthread-2.27.so
7fdd3e7b4000-7fdd3e9a9000 ---p 00000024 00:00 487320             /lib/x86_64-linux-gnu/libpthread-2.27.so
7fdd3e9a9000-7fdd3e9aa000 r--p 00019000 00:00 487320             /lib/x86_64-linux-gnu/libpthread-2.27.so
7fdd3e9aa000-7fdd3e9ab000 rw-p 0001a000 00:00 487320             /lib/x86_64-linux-gnu/libpthread-2.27.so
7fdd3e9ab000-7fdd3e9af000 rw-p 00000000 00:00 0
7fdd3e9b0000-7fdd3e9b3000 r-xp 00000000 00:00 487187             /lib/x86_64-linux-gnu/libdl-2.27.so
7fdd3e9b3000-7fdd3e9b4000 ---p 00003000 00:00 487187             /lib/x86_64-linux-gnu/libdl-2.27.so
7fdd3e9b4000-7fdd3ebb2000 ---p 00000004 00:00 487187             /lib/x86_64-linux-gnu/libdl-2.27.so
7fdd3ebb2000-7fdd3ebb3000 r--p 00002000 00:00 487187             /lib/x86_64-linux-gnu/libdl-2.27.so
7fdd3ebb3000-7fdd3ebb4000 rw-p 00003000 00:00 487187             /lib/x86_64-linux-gnu/libdl-2.27.so
7fdd3ebc0000-7fdd3ebdc000 r-xp 00000000 00:00 487370             /lib/x86_64-linux-gnu/libz.so.1.2.11
7fdd3ebdc000-7fdd3ebdd000 ---p 0001c000 00:00 487370             /lib/x86_64-linux-gnu/libz.so.1.2.11
7fdd3ebdd000-7fdd3eddb000 ---p 0000001d 00:00 487370             /lib/x86_64-linux-gnu/libz.so.1.2.11
7fdd3eddb000-7fdd3eddc000 r--p 0001b000 00:00 487370             /lib/x86_64-linux-gnu/libz.so.1.2.11
7fdd3eddc000-7fdd3eddd000 rw-p 0001c000 00:00 487370             /lib/x86_64-linux-gnu/libz.so.1.2.11
7fdd3ede0000-7fdd3efc7000 r-xp 00000000 00:00 487157             /lib/x86_64-linux-gnu/libc-2.27.so
7fdd3efc7000-7fdd3efd0000 ---p 001e7000 00:00 487157             /lib/x86_64-linux-gnu/libc-2.27.so
7fdd3efd0000-7fdd3f1c7000 ---p 000001f0 00:00 487157             /lib/x86_64-linux-gnu/libc-2.27.so
7fdd3f1c7000-7fdd3f1cb000 r--p 001e7000 00:00 487157             /lib/x86_64-linux-gnu/libc-2.27.so
7fdd3f1cb000-7fdd3f1cd000 rw-p 001eb000 00:00 487157             /lib/x86_64-linux-gnu/libc-2.27.so
7fdd3f1cd000-7fdd3f1d1000 rw-p 00000000 00:00 0
7fdd3f1e0000-7fdd3f1f0000 r-xp 00000000 00:00 137834             /usr/lib/jvm/java-11-openjdk-amd64/lib/jli/libjli.so
7fdd3f1f0000-7fdd3f1f1000 ---p 00010000 00:00 137834             /usr/lib/jvm/java-11-openjdk-amd64/lib/jli/libjli.so
7fdd3f1f1000-7fdd3f3ef000 ---p 00000011 00:00 137834             /usr/lib/jvm/java-11-openjdk-amd64/lib/jli/libjli.so
7fdd3f3ef000-7fdd3f3f0000 r--p 0000f000 00:00 137834             /usr/lib/jvm/java-11-openjdk-amd64/lib/jli/libjli.so
7fdd3f3f0000-7fdd3f3f1000 rw-p 00010000 00:00 137834             /usr/lib/jvm/java-11-openjdk-amd64/lib/jli/libjli.so
7fdd3f400000-7fdd3f426000 r-xp 00000000 00:00 487133             /lib/x86_64-linux-gnu/ld-2.27.so
7fdd3f426000-7fdd3f427000 r-xp 00026000 00:00 487133             /lib/x86_64-linux-gnu/ld-2.27.so
7fdd3f430000-7fdd3f435000 rw-p 00000000 00:00 0
7fdd3f435000-7fdd3f51b000 ---p 00000000 00:00 0
7fdd3f520000-7fdd3f524000 ---p 00000000 00:00 0
7fdd3f524000-7fdd3f621000 rw-p 00000000 00:00 0
7fdd3f627000-7fdd3f628000 r--p 00027000 00:00 487133             /lib/x86_64-linux-gnu/ld-2.27.so
7fdd3f628000-7fdd3f629000 rw-p 00028000 00:00 487133             /lib/x86_64-linux-gnu/ld-2.27.so
7fdd3f629000-7fdd3f62a000 rw-p 00000000 00:00 0
7fdd3f650000-7fdd3f678000 rw-p 00000000 00:00 0
7fdd3f680000-7fdd3f6a1000 rw-p 00000000 00:00 0
7fdd3f6b0000-7fdd3f6d1000 rw-p 00000000 00:00 0
7fdd3f6e0000-7fdd3f6e5000 rw-p 00000000 00:00 0
7fdd3f6e5000-7fdd3f6ec000 ---p 00000000 00:00 0
7fdd3f6f0000-7fdd3f6f1000 ---p 00000000 00:00 0
7fdd3f6f1000-7fdd3f6f2000 r--p 00000000 00:00 0
7fdd3f700000-7fdd3f702000 rw-p 00000000 00:00 0
7fdd3f706000-7fdd3f707000 r--p 00000000 00:00 620278             /usr/lib/locale/C.UTF-8/LC_NUMERIC
7fdd3f707000-7fdd3f708000 r--p 00000000 00:00 620293             /usr/lib/locale/C.UTF-8/LC_TIME
7fdd3f708000-7fdd3f709000 r--p 00000000 00:00 620258             /usr/lib/locale/C.UTF-8/LC_MONETARY
7fdd3f709000-7fdd3f710000 r--s 00000000 00:00 681823             /usr/lib/x86_64-linux-gnu/gconv/gconv-modules.cache
7fdd3f710000-7fdd3f712000 rw-p 00000000 00:00 0
7fdd3f712000-7fdd3f713000 r--p 00000000 00:00 620254             /usr/lib/locale/C.UTF-8/LC_MESSAGES/SYS_LC_MESSAGES
7fdd3f713000-7fdd3f714000 r--p 00000000 00:00 620279             /usr/lib/locale/C.UTF-8/LC_PAPER
7fdd3f714000-7fdd3f715000 r--p 00000000 00:00 620267             /usr/lib/locale/C.UTF-8/LC_NAME
7fdd3f715000-7fdd3f716000 r--p 00000000 00:00 620210             /usr/lib/locale/C.UTF-8/LC_ADDRESS
7fdd3f716000-7fdd3f717000 r--p 00000000 00:00 620281             /usr/lib/locale/C.UTF-8/LC_TELEPHONE
7fdd3f717000-7fdd3f718000 r--p 00000000 00:00 620242             /usr/lib/locale/C.UTF-8/LC_MEASUREMENT
7fdd3f718000-7fdd3f719000 r--p 00000000 00:00 620231             /usr/lib/locale/C.UTF-8/LC_IDENTIFICATION
7fdd3f719000-7fdd3f721000 rw-s 00000000 00:00 362223             /tmp/hsperfdata_ashleyljh/10162
7fdd3f800000-7fdd3f801000 r-xp 00000000 00:00 136991             /usr/lib/jvm/java-11-openjdk-amd64/bin/java
7fdd3fa01000-7fdd3fa02000 r--p 00001000 00:00 136991             /usr/lib/jvm/java-11-openjdk-amd64/bin/java
7fdd3fa02000-7fdd3fa03000 rw-p 00002000 00:00 136991             /usr/lib/jvm/java-11-openjdk-amd64/bin/java
7fffd75eb000-7fffd760c000 rw-p 00000000 00:00 0                  [heap]
7fffdf29d000-7fffdfa9d000 rw-p 00000000 00:00 0                  [stack]
7fffe023c000-7fffe023d000 r-xp 00000000 00:00 0                  [vdso]


VM Arguments:
jvm_args: -agentlib:jdwp=transport=dt_socket,address=localhost:50802 
java_command: jdk.jshell.execution.RemoteExecutionControl 50801
java_class_path (initial): .
Launcher Type: SUN_STANDARD

[Global flags]
     intx CICompilerCount                          = 4                                         {product} {ergonomic}
     uint ConcGCThreads                            = 2                                         {product} {ergonomic}
     uint G1ConcRefinementThreads                  = 8                                         {product} {ergonomic}
   size_t G1HeapRegionSize                         = 1048576                                   {product} {ergonomic}
    uintx GCDrainStackTargetSize                   = 64                                        {product} {ergonomic}
   size_t InitialHeapSize                          = 268435456                                 {product} {ergonomic}
   size_t MarkStackSize                            = 4194304                                   {product} {ergonomic}
   size_t MaxHeapSize                              = 4265607168                                {product} {ergonomic}
   size_t MaxNewSize                               = 2558525440                                {product} {ergonomic}
   size_t MinHeapDeltaBytes                        = 1048576                                   {product} {ergonomic}
    uintx NonNMethodCodeHeapSize                   = 5836300                                {pd product} {ergonomic}
    uintx NonProfiledCodeHeapSize                  = 122910970                              {pd product} {ergonomic}
    uintx ProfiledCodeHeapSize                     = 122910970                              {pd product} {ergonomic}
    uintx ReservedCodeCacheSize                    = 251658240                              {pd product} {ergonomic}
     bool SegmentedCodeCache                       = true                                      {product} {ergonomic}
     bool UseCompressedClassPointers               = true                                 {lp64_product} {ergonomic}
     bool UseCompressedOops                        = true                                 {lp64_product} {ergonomic}
     bool UseG1GC                                  = true                                      {product} {ergonomic}

Logging:
Log output configuration:
 #0: stdout all=warning uptime,level,tags
 #1: stderr all=off uptime,level,tags

Environment Variables:
PATH=/usr/local/sbin:/usr/local/bin:/usr/sbin:/usr/bin:/sbin:/bin:/usr/games:/usr/local/games:/mnt/c/Program Files/WindowsApps/CanonicalGroupLimited.UbuntuonWindows_1804.2020.5.0_x64__79rhkp1fndgsc:/mnt/c/Program Files (x86)/Common Files/Oracle/Java/javapath:/mnt/c/Windows/System32:/mnt/c/Windows:/mnt/c/Windows/System32/wbem:/mnt/c/Windows/System32/WindowsPowerShell/v1.0:/mnt/c/Windows/System32/OpenSSH:/mnt/c/Program Files (x86)/NVIDIA Corporation/PhysX/Common:/mnt/c/Program Files/Intel/WiFi/bin:/mnt/c/Program Files/Common Files/Intel/WirelessCommon:/mnt/c/Program Files/Java/jdk-12.0.2/bin:/mnt/d/Matlab/bin:/mnt/c/Users/ashle/AppData/Local/Microsoft/WindowsApps:/mnt/c/Users/ashle/AppData/Local/Programs/Microsoft VS Code/bin:/snap/bin
SHELL=/bin/bash
DISPLAY=:0
HOSTTYPE=x86_64

Signal Handlers:
SIGSEGV: [libjvm.so+0xdeda70], sa_mask[0]=11111111111111111111111111111110, sa_flags=SA_RESTART|SA_SIGINFO
SIGBUS: [libjvm.so+0xdeda70], sa_mask[0]=11111111111111111111111111111110, sa_flags=SA_RESTART|SA_SIGINFO
SIGFPE: [libjvm.so+0xdeda70], sa_mask[0]=11111111111111111111111111111110, sa_flags=SA_RESTART|SA_SIGINFO
SIGPIPE: [libjvm.so+0xbc3040], sa_mask[0]=11111111111111111111111111111110, sa_flags=SA_RESTART|SA_SIGINFO
SIGXFSZ: [libjvm.so+0xbc3040], sa_mask[0]=11111111111111111111111111111110, sa_flags=SA_RESTART|SA_SIGINFO
SIGILL: [libjvm.so+0xdeda70], sa_mask[0]=11111111111111111111111111111110, sa_flags=SA_RESTART|SA_SIGINFO
SIGUSR2: [libjvm.so+0xbc2ee0], sa_mask[0]=00100000000000000000000000000000, sa_flags=SA_RESTART|SA_SIGINFO
SIGHUP: [libjvm.so+0xbc3240], sa_mask[0]=11111111111111111111111111111110, sa_flags=SA_RESTART|SA_SIGINFO
SIGINT: [libjvm.so+0xbc3240], sa_mask[0]=11111111111111111111111111111110, sa_flags=SA_RESTART|SA_SIGINFO
SIGTERM: [libjvm.so+0xbc3240], sa_mask[0]=11111111111111111111111111111110, sa_flags=SA_RESTART|SA_SIGINFO
SIGQUIT: [libjvm.so+0xbc3240], sa_mask[0]=11111111111111111111111111111110, sa_flags=SA_RESTART|SA_SIGINFO


---------------  S Y S T E M  ---------------

OS:DISTRIB_ID=Ubuntu
DISTRIB_RELEASE=18.04
DISTRIB_CODENAME=bionic
DISTRIB_DESCRIPTION="Ubuntu 18.04.2 LTS"
uname:Linux 4.4.0-17763-Microsoft #864-Microsoft Thu Nov 07 15:22:00 PST 2019 x86_64
libc:glibc 2.27 NPTL 2.27 
rlimit: STACK 8192k, CORE 0k, NPROC 7823, NOFILE 65536, AS infinity, DATA infinity, FSIZE infinity
load average:0.52 0.58 0.59

/proc/meminfo:
MemTotal:       16661812 kB
MemFree:         6754164 kB
Buffers:           34032 kB
Cached:           188576 kB
SwapCached:            0 kB
Active:           167556 kB
Inactive:         157876 kB
Active(anon):     103104 kB
Inactive(anon):    17440 kB
Active(file):      64452 kB
Inactive(file):   140436 kB
Unevictable:           0 kB
Mlocked:               0 kB
SwapTotal:      15467644 kB
SwapFree:       15255796 kB
Dirty:                 0 kB
Writeback:             0 kB
AnonPages:        102824 kB
Mapped:            71404 kB
Shmem:             17720 kB
Slab:              13868 kB
SReclaimable:       6744 kB
SUnreclaim:         7124 kB
KernelStack:        2848 kB
PageTables:         2524 kB
NFS_Unstable:          0 kB
Bounce:                0 kB
WritebackTmp:          0 kB
CommitLimit:      515524 kB
Committed_AS:    3450064 kB
VmallocTotal:     122880 kB
VmallocUsed:       21296 kB
VmallocChunk:      66044 kB
HardwareCorrupted:     0 kB
AnonHugePages:      2048 kB
HugePages_Total:       0
HugePages_Free:        0
HugePages_Rsvd:        0
HugePages_Surp:        0
Hugepagesize:       2048 kB
DirectMap4k:       12280 kB
DirectMap4M:      897024 kB


/proc/sys/kernel/threads-max (system-wide limit on the number of threads):
32768


/proc/sys/vm/max_map_count (maximum number of memory map areas a process may have):


/proc/sys/kernel/pid_max (system-wide limit on number of process identifiers):
32768



Steal ticks since vm start: 0
Steal ticks percentage since vm start:  0.000

CPU:total 8 (initial active 8) (4 cores per cpu, 2 threads per core) family 6 model 142 stepping 11, cmov, cx8, fxsr, mmx, sse, sse2, sse3, ssse3, sse4.1, sse4.2, popcnt, avx, avx2, aes, clmul, erms, 3dnowpref, lzcnt, ht, tsc, tscinvbit, bmi1, bmi2, adx, fma
CPU Model and flags from /proc/cpuinfo:
model name	: Intel(R) Core(TM) i7-8565U CPU @ 1.80GHz
flags		: fpu vme de pse tsc msr pae mce cx8 apic sep mtrr pge mca cmov pat pse36 clflush dts acpi mmx fxsr sse sse2 ss ht tm pbe syscall nx pdpe1gb rdtscp lm pni pclmulqdq dtes64 monitor ds_cpl vmx est tm2 ssse3 fma cx16 xtpr pdcm pcid sse4_1 sse4_2 x2apic movbe popcnt tsc_deadline_timer aes xsave osxsave avx f16c rdrand

Memory: 4k page, physical 16661812k(6748648k free), swap 15467644k(15256028k free)

vm_info: OpenJDK 64-Bit Server VM (11.0.5+10-post-Ubuntu-0ubuntu1.118.04) for linux-amd64 JRE (11.0.5+10-post-Ubuntu-0ubuntu1.118.04), built on Oct 16 2019 22:01:07 by "buildd" with gcc 7.4.0

END.
