#
# A fatal error has been detected by the Java Runtime Environment:
#
#  SIGSEGV (0xb) at pc=0x00007f4e111772e1, pid=962, tid=969
#
# JRE version: OpenJDK Runtime Environment (11.0.5+10) (build 11.0.5+10-post-Ubuntu-0ubuntu1.118.04)
# Java VM: OpenJDK 64-Bit Server VM (11.0.5+10-post-Ubuntu-0ubuntu1.118.04, mixed mode, sharing, tiered, compressed oops, g1 gc, linux-amd64)
# Problematic frame:
# V  [libjvm.so+0xe172e1]
#
# Core dump will be written. Default location: core.962 (may not exist)
#
# If you would like to submit a bug report, please visit:
#   Unknown
#

---------------  S U M M A R Y ------------

Command Line: -agentlib:jdwp=transport=dt_socket,address=localhost:50034 jdk.jshell.execution.RemoteExecutionControl 50033

Host: Intel(R) Core(TM) i7-8565U CPU @ 1.80GHz, 8 cores, 15G, Ubuntu 18.04.2 LTS
Time: Fri Apr  3 00:09:53 2020 DST elapsed time: 77377 seconds (0d 21h 29m 37s)

---------------  T H R E A D  ---------------

Current thread (0x00007f4e0808f800):  ConcurrentGCThread "G1 Conc#0" [stack: 0x00007f4df0822000,0x00007f4df0922000] [id=969]

Stack: [0x00007f4df0822000,0x00007f4df0922000],  sp=0x00007f4df0920e10,  free space=1019k
Native frames: (J=compiled Java code, A=aot compiled Java code, j=interpreted, Vv=VM code, C=native code)
V  [libjvm.so+0xe172e1]
V  [libjvm.so+0xd7ba0a]
V  [libjvm.so+0xbcd3ce]


siginfo: si_signo: 11 (SIGSEGV), si_code: 1 (SEGV_MAPERR), si_addr: 0x0000000000000010

Register to memory mapping:

RAX=0x0 is NULL
RBX=0x00007f4e1170f378: <offset 0x00000000013af378> in /usr/lib/jvm/java-11-openjdk-amd64/lib/server/libjvm.so at 0x00007f4e10360000
RCX=0x0 is NULL
RDX=0x0 is NULL
RSP=0x00007f4df0920e10 points into unknown readable memory: 70 0e 92 f0 4d 7f 00 00
RBP=0x00007f4df0920e40 points into unknown readable memory: c0 0e 92 f0 4d 7f 00 00
RSI=0x0 is NULL
RDI=0x00007f4df0920d70 points into unknown readable memory: 90 06 7a 11 4e 7f 00 00
R8 =0x0 is NULL
R9 =0x00000000ffffffff is an unknown value
R10=0x0 is NULL
R11=0x0 is NULL
R12=0x00007f4df0920e1c points into unknown readable memory: 4e 7f 00 00
R13=0x00007f4e0808f800 points into unknown readable memory: 50 01 6f 11 4e 7f 00 00
R14=0x0000000000100000 is an unknown value
R15=0x00007f4e1261f710 is pointing into the stack for thread: 0x00007f4e08015000


Registers:
RAX=0x0000000000000000, RBX=0x00007f4e1170f378, RCX=0x0000000000000000, RDX=0x0000000000000000
RSP=0x00007f4df0920e10, RBP=0x00007f4df0920e40, RSI=0x0000000000000000, RDI=0x00007f4df0920d70
R8 =0x0000000000000000, R9 =0x00000000ffffffff, R10=0x0000000000000000, R11=0x0000000000000000
R12=0x00007f4df0920e1c, R13=0x00007f4e0808f800, R14=0x0000000000100000, R15=0x00007f4e1261f710
RIP=0x00007f4e111772e1, EFLAGS=0x0000000000010202, CSGSFS=0x00000053002b0033, ERR=0x0000000000000000
  TRAPNO=0x0000000000000000

Top of Stack: (sp=0x00007f4df0920e10)
0x00007f4df0920e10:   00007f4df0920e70 00007f4e0808f800
0x00007f4df0920e20:   00007f4e1170f378 00007f4e0808f800
0x00007f4df0920e30:   00007f4df0822000 0000000000100000
0x00007f4df0920e40:   00007f4df0920ec0 00007f4e110dba0a 

Instructions: (pc=0x00007f4e111772e1)
0x00007f4e111771e1:   35 cf 49 0f 00 31 c0 4c 89 e7 83 c3 01 e8 bd 0c
0x00007f4e111771f1:   dc ff 41 39 5e 08 77 d7 5b 4c 89 e7 41 5c 41 5d
0x00007f4e11177201:   41 5e 5d e9 77 13 dc ff 0f 1f 80 00 00 00 00 31
0x00007f4e11177211:   c0 4c 89 ee 4c 89 e7 e8 93 0c dc ff 83 c3 01 41
0x00007f4e11177221:   39 5e 08 77 aa 5b 4c 89 e7 41 5c 41 5d 41 5e 5d
0x00007f4e11177231:   e9 4a 13 dc ff 66 2e 0f 1f 84 00 00 00 00 00 48
0x00007f4e11177241:   8b 87 20 03 00 00 55 48 89 e5 0f b6 40 28 5d c3
0x00007f4e11177251:   90 0f 1f 40 00 66 2e 0f 1f 84 00 00 00 00 00 48
0x00007f4e11177261:   8b 87 20 03 00 00 55 48 89 e5 0f b6 40 29 5d c3
0x00007f4e11177271:   90 0f 1f 40 00 66 2e 0f 1f 84 00 00 00 00 00 55
0x00007f4e11177281:   48 89 e5 53 48 89 fb 48 83 ec 08 e8 ef f0 f5 ff
0x00007f4e11177291:   48 83 c4 08 48 89 df be 09 00 00 00 5b 5d e9 ac
0x00007f4e111772a1:   46 da ff 66 90 66 2e 0f 1f 84 00 00 00 00 00 55
0x00007f4e111772b1:   48 89 e5 41 56 41 55 41 54 53 4c 8d 65 dc 49 89
0x00007f4e111772c1:   fd 48 83 ec 10 66 2e 0f 1f 84 00 00 00 00 00 49
0x00007f4e111772d1:   8b 85 20 03 00 00 48 8b 78 30 48 8b 07 ff 50 18
0x00007f4e111772e1:   8b 70 10 48 89 c3 4c 89 e7 49 89 d6 e8 7e 7e 97
0x00007f4e111772f1:   ff 48 8b 03 44 89 f6 48 89 df ff 10 4c 89 e7 e8
0x00007f4e11177301:   ab 7e 97 ff 49 8b 85 20 03 00 00 48 8b 78 30 48
0x00007f4e11177311:   8b 07 ff 50 20 eb b8 0f 1f 84 00 00 00 00 00 55
0x00007f4e11177321:   48 8d 15 d8 d8 7f ff 48 89 e5 41 54 53 48 8b 07
0x00007f4e11177331:   49 89 fc 48 89 f3 48 8b 80 88 00 00 00 48 39 d0
0x00007f4e11177341:   75 45 48 8b 97 08 03 00 00 48 8d 05 ff dd 07 00
0x00007f4e11177351:   48 85 d2 48 0f 44 d0 48 8d 35 a4 d3 09 00 48 89
0x00007f4e11177361:   df 31 c0 e8 47 0b dc ff 4c 89 e7 48 89 de 31 d2
0x00007f4e11177371:   e8 da e8 f5 ff 48 89 df 5b 41 5c 5d e9 fe 11 dc
0x00007f4e11177381:   ff 66 0f 1f 44 00 00 ff d0 48 89 c2 eb c9 90 55
0x00007f4e11177391:   48 8d 15 e8 fe ff ff 48 89 e5 53 48 89 fb 48 83
0x00007f4e111773a1:   ec 08 48 8b 07 48 8b 80 b8 00 00 00 48 39 d0 75
0x00007f4e111773b1:   2e e8 c9 ef f5 ff be 09 00 00 00 48 89 df e8 8c
0x00007f4e111773c1:   45 da ff 48 8b 03 48 89 df 48 8b 80 c0 00 00 00
0x00007f4e111773d1:   48 83 c4 08 5b 5d ff e0 0f 1f 80 00 00 00 00 ff 


Stack slot to memory mapping:
stack at sp + 0 slots: 0x00007f4df0920e70 points into unknown readable memory: c0 0e 92 f0 4d 7f 00 00
stack at sp + 1 slots: 0x00007f4e0808f800 points into unknown readable memory: 50 01 6f 11 4e 7f 00 00
stack at sp + 2 slots: 0x00007f4e1170f378: <offset 0x00000000013af378> in /usr/lib/jvm/java-11-openjdk-amd64/lib/server/libjvm.so at 0x00007f4e10360000
stack at sp + 3 slots: 0x00007f4e0808f800 points into unknown readable memory: 50 01 6f 11 4e 7f 00 00
stack at sp + 4 slots: 0x00007f4df0822000 points into unknown readable memory: 00 00 00 00 00 00 00 00
stack at sp + 5 slots: 0x0000000000100000 is an unknown value
stack at sp + 6 slots: 0x00007f4df0920ec0 points into unknown readable memory: f0 0e 92 f0 4d 7f 00 00
stack at sp + 7 slots: 0x00007f4e110dba0a: <offset 0x0000000000d7ba0a> in /usr/lib/jvm/java-11-openjdk-amd64/lib/server/libjvm.so at 0x00007f4e10360000


---------------  P R O C E S S  ---------------

Threads class SMR info:
_java_thread_list=0x00007f4dbc002df0, length=14, elements={
0x00007f4e08015000, 0x00007f4e081d6800, 0x00007f4e081d8800, 0x00007f4e081e0800,
0x00007f4e081e2800, 0x00007f4e081e4800, 0x00007f4e081e6800, 0x00007f4e08241800,
0x00007f4e08245800, 0x00007f4dac001800, 0x00007f4e08247000, 0x00007f4e0825c800,
0x00007f4e082ac000, 0x00007f4dbc001800
}

Java Threads: ( => current thread )
  0x00007f4e08015000 JavaThread "main" [_thread_blocked, id=965, stack(0x00007f4e12520000,0x00007f4e12621000)]
  0x00007f4e081d6800 JavaThread "Reference Handler" daemon [_thread_blocked, id=973, stack(0x00007f4ddd2b0000,0x00007f4ddd3b1000)]
  0x00007f4e081d8800 JavaThread "Finalizer" daemon [_thread_blocked, id=974, stack(0x00007f4ddd1a0000,0x00007f4ddd2a1000)]
  0x00007f4e081e0800 JavaThread "Signal Dispatcher" daemon [_thread_blocked, id=975, stack(0x00007f4ddcd90000,0x00007f4ddce91000)]
  0x00007f4e081e2800 JavaThread "C2 CompilerThread0" daemon [_thread_blocked, id=976, stack(0x00007f4ddcc80000,0x00007f4ddcd81000)]
  0x00007f4e081e4800 JavaThread "C1 CompilerThread0" daemon [_thread_blocked, id=977, stack(0x00007f4ddcb70000,0x00007f4ddcc71000)]
  0x00007f4e081e6800 JavaThread "Sweeper thread" daemon [_thread_blocked, id=978, stack(0x00007f4ddca60000,0x00007f4ddcb61000)]
  0x00007f4e08241800 JavaThread "JDWP Transport Listener: dt_socket" daemon [_thread_blocked, id=979, stack(0x00007f4ddc740000,0x00007f4ddc841000)]
  0x00007f4e08245800 JavaThread "JDWP Event Helper Thread" daemon [_thread_blocked, id=980, stack(0x00007f4ddc630000,0x00007f4ddc731000)]
  0x00007f4dac001800 JavaThread "JDWP Command Reader" daemon [_thread_in_native, id=981, stack(0x00007f4ddc520000,0x00007f4ddc621000)]
  0x00007f4e08247000 JavaThread "Service Thread" daemon [_thread_blocked, id=985, stack(0x00007f4ddc410000,0x00007f4ddc511000)]
  0x00007f4e0825c800 JavaThread "Common-Cleaner" daemon [_thread_blocked, id=987, stack(0x00007f4da3cd0000,0x00007f4da3dd1000)]
  0x00007f4e082ac000 JavaThread "output reader" daemon [_thread_in_native, id=989, stack(0x00007f4da39b0000,0x00007f4da3ab1000)]
  0x00007f4dbc001800 JavaThread "SIGTERM handler" daemon [_thread_blocked, id=5883, stack(0x00007f4da38a0000,0x00007f4da39a1000)]

Other Threads:
  0x00007f4e081d3800 VMThread "VM Thread" [stack: 0x00007f4ddd3c2000,0x00007f4ddd4c2000] [id=972]
  0x00007f4e08249800 WatcherThread [stack: 0x00007f4ddc302000,0x00007f4ddc402000] [id=986]
  0x00007f4e0802e000 GCTaskThread "GC Thread#0" [stack: 0x00007f4e0e302000,0x00007f4e0e402000] [id=967]
  0x00007f4e0808e000 ConcurrentGCThread "G1 Main Marker" [stack: 0x00007f4e0c062000,0x00007f4e0c162000] [id=968]
=>0x00007f4e0808f800 ConcurrentGCThread "G1 Conc#0" [stack: 0x00007f4df0822000,0x00007f4df0922000] [id=969]
  0x00007f4e08195800 ConcurrentGCThread "G1 Refine#0" [stack: 0x00007f4dddde2000,0x00007f4dddee2000] [id=970]
  0x00007f4e08197800 ConcurrentGCThread "G1 Young RemSet Sampling" [stack: 0x00007f4dddcd2000,0x00007f4ddddd2000] [id=971]

Threads with active compile tasks:

VM state:not at safepoint (normal execution)

VM Mutex/Monitor currently owned by a thread: None

Heap address: 0x0000000701c00000, size: 4068 MB, Compressed Oops mode: Zero based, Oop shift amount: 3
Narrow klass base: 0x0000000800000000, Narrow klass shift: 3
Compressed class space size: 1073741824 Address: 0x0000000840000000

Heap:
 garbage-first heap   total 264192K, used 3768K [0x0000000701c00000, 0x0000000800000000)
  region size 1024K, 4 young (4096K), 0 survivors (0K)
 Metaspace       used 1959K, capacity 5006K, committed 5248K, reserved 1056768K
  class space    used 222K, capacity 543K, committed 640K, reserved 1048576K
Heap Regions: E=young(eden), S=young(survivor), O=old, HS=humongous(starts), HC=humongous(continues), CS=collection set, F=free, A=archive, TAMS=top-at-mark-start (previous, next)
|   0|0x0000000701c00000, 0x0000000701c00000, 0x0000000701d00000|  0%| F|  |TAMS 0x0000000701c00000, 0x0000000701c00000| Untracked 
|   1|0x0000000701d00000, 0x0000000701d00000, 0x0000000701e00000|  0%| F|  |TAMS 0x0000000701d00000, 0x0000000701d00000| Untracked 
|   2|0x0000000701e00000, 0x0000000701e00000, 0x0000000701f00000|  0%| F|  |TAMS 0x0000000701e00000, 0x0000000701e00000| Untracked 
|   3|0x0000000701f00000, 0x0000000701f00000, 0x0000000702000000|  0%| F|  |TAMS 0x0000000701f00000, 0x0000000701f00000| Untracked 
|   4|0x0000000702000000, 0x0000000702000000, 0x0000000702100000|  0%| F|  |TAMS 0x0000000702000000, 0x0000000702000000| Untracked 
|   5|0x0000000702100000, 0x0000000702100000, 0x0000000702200000|  0%| F|  |TAMS 0x0000000702100000, 0x0000000702100000| Untracked 
|   6|0x0000000702200000, 0x0000000702200000, 0x0000000702300000|  0%| F|  |TAMS 0x0000000702200000, 0x0000000702200000| Untracked 
|   7|0x0000000702300000, 0x0000000702300000, 0x0000000702400000|  0%| F|  |TAMS 0x0000000702300000, 0x0000000702300000| Untracked 
|   8|0x0000000702400000, 0x0000000702400000, 0x0000000702500000|  0%| F|  |TAMS 0x0000000702400000, 0x0000000702400000| Untracked 
|   9|0x0000000702500000, 0x0000000702500000, 0x0000000702600000|  0%| F|  |TAMS 0x0000000702500000, 0x0000000702500000| Untracked 
|  10|0x0000000702600000, 0x0000000702600000, 0x0000000702700000|  0%| F|  |TAMS 0x0000000702600000, 0x0000000702600000| Untracked 
|  11|0x0000000702700000, 0x0000000702700000, 0x0000000702800000|  0%| F|  |TAMS 0x0000000702700000, 0x0000000702700000| Untracked 
|  12|0x0000000702800000, 0x0000000702800000, 0x0000000702900000|  0%| F|  |TAMS 0x0000000702800000, 0x0000000702800000| Untracked 
|  13|0x0000000702900000, 0x0000000702900000, 0x0000000702a00000|  0%| F|  |TAMS 0x0000000702900000, 0x0000000702900000| Untracked 
|  14|0x0000000702a00000, 0x0000000702a00000, 0x0000000702b00000|  0%| F|  |TAMS 0x0000000702a00000, 0x0000000702a00000| Untracked 
|  15|0x0000000702b00000, 0x0000000702b00000, 0x0000000702c00000|  0%| F|  |TAMS 0x0000000702b00000, 0x0000000702b00000| Untracked 
|  16|0x0000000702c00000, 0x0000000702c00000, 0x0000000702d00000|  0%| F|  |TAMS 0x0000000702c00000, 0x0000000702c00000| Untracked 
|  17|0x0000000702d00000, 0x0000000702d00000, 0x0000000702e00000|  0%| F|  |TAMS 0x0000000702d00000, 0x0000000702d00000| Untracked 
|  18|0x0000000702e00000, 0x0000000702e00000, 0x0000000702f00000|  0%| F|  |TAMS 0x0000000702e00000, 0x0000000702e00000| Untracked 
|  19|0x0000000702f00000, 0x0000000702f00000, 0x0000000703000000|  0%| F|  |TAMS 0x0000000702f00000, 0x0000000702f00000| Untracked 
|  20|0x0000000703000000, 0x0000000703000000, 0x0000000703100000|  0%| F|  |TAMS 0x0000000703000000, 0x0000000703000000| Untracked 
|  21|0x0000000703100000, 0x0000000703100000, 0x0000000703200000|  0%| F|  |TAMS 0x0000000703100000, 0x0000000703100000| Untracked 
|  22|0x0000000703200000, 0x0000000703200000, 0x0000000703300000|  0%| F|  |TAMS 0x0000000703200000, 0x0000000703200000| Untracked 
|  23|0x0000000703300000, 0x0000000703300000, 0x0000000703400000|  0%| F|  |TAMS 0x0000000703300000, 0x0000000703300000| Untracked 
|  24|0x0000000703400000, 0x0000000703400000, 0x0000000703500000|  0%| F|  |TAMS 0x0000000703400000, 0x0000000703400000| Untracked 
|  25|0x0000000703500000, 0x0000000703500000, 0x0000000703600000|  0%| F|  |TAMS 0x0000000703500000, 0x0000000703500000| Untracked 
|  26|0x0000000703600000, 0x0000000703600000, 0x0000000703700000|  0%| F|  |TAMS 0x0000000703600000, 0x0000000703600000| Untracked 
|  27|0x0000000703700000, 0x0000000703700000, 0x0000000703800000|  0%| F|  |TAMS 0x0000000703700000, 0x0000000703700000| Untracked 
|  28|0x0000000703800000, 0x0000000703800000, 0x0000000703900000|  0%| F|  |TAMS 0x0000000703800000, 0x0000000703800000| Untracked 
|  29|0x0000000703900000, 0x0000000703900000, 0x0000000703a00000|  0%| F|  |TAMS 0x0000000703900000, 0x0000000703900000| Untracked 
|  30|0x0000000703a00000, 0x0000000703a00000, 0x0000000703b00000|  0%| F|  |TAMS 0x0000000703a00000, 0x0000000703a00000| Untracked 
|  31|0x0000000703b00000, 0x0000000703b00000, 0x0000000703c00000|  0%| F|  |TAMS 0x0000000703b00000, 0x0000000703b00000| Untracked 
|  32|0x0000000703c00000, 0x0000000703c00000, 0x0000000703d00000|  0%| F|  |TAMS 0x0000000703c00000, 0x0000000703c00000| Untracked 
|  33|0x0000000703d00000, 0x0000000703d00000, 0x0000000703e00000|  0%| F|  |TAMS 0x0000000703d00000, 0x0000000703d00000| Untracked 
|  34|0x0000000703e00000, 0x0000000703e00000, 0x0000000703f00000|  0%| F|  |TAMS 0x0000000703e00000, 0x0000000703e00000| Untracked 
|  35|0x0000000703f00000, 0x0000000703f00000, 0x0000000704000000|  0%| F|  |TAMS 0x0000000703f00000, 0x0000000703f00000| Untracked 
|  36|0x0000000704000000, 0x0000000704000000, 0x0000000704100000|  0%| F|  |TAMS 0x0000000704000000, 0x0000000704000000| Untracked 
|  37|0x0000000704100000, 0x0000000704100000, 0x0000000704200000|  0%| F|  |TAMS 0x0000000704100000, 0x0000000704100000| Untracked 
|  38|0x0000000704200000, 0x0000000704200000, 0x0000000704300000|  0%| F|  |TAMS 0x0000000704200000, 0x0000000704200000| Untracked 
|  39|0x0000000704300000, 0x0000000704300000, 0x0000000704400000|  0%| F|  |TAMS 0x0000000704300000, 0x0000000704300000| Untracked 
|  40|0x0000000704400000, 0x0000000704400000, 0x0000000704500000|  0%| F|  |TAMS 0x0000000704400000, 0x0000000704400000| Untracked 
|  41|0x0000000704500000, 0x0000000704500000, 0x0000000704600000|  0%| F|  |TAMS 0x0000000704500000, 0x0000000704500000| Untracked 
|  42|0x0000000704600000, 0x0000000704600000, 0x0000000704700000|  0%| F|  |TAMS 0x0000000704600000, 0x0000000704600000| Untracked 
|  43|0x0000000704700000, 0x0000000704700000, 0x0000000704800000|  0%| F|  |TAMS 0x0000000704700000, 0x0000000704700000| Untracked 
|  44|0x0000000704800000, 0x0000000704800000, 0x0000000704900000|  0%| F|  |TAMS 0x0000000704800000, 0x0000000704800000| Untracked 
|  45|0x0000000704900000, 0x0000000704900000, 0x0000000704a00000|  0%| F|  |TAMS 0x0000000704900000, 0x0000000704900000| Untracked 
|  46|0x0000000704a00000, 0x0000000704a00000, 0x0000000704b00000|  0%| F|  |TAMS 0x0000000704a00000, 0x0000000704a00000| Untracked 
|  47|0x0000000704b00000, 0x0000000704b00000, 0x0000000704c00000|  0%| F|  |TAMS 0x0000000704b00000, 0x0000000704b00000| Untracked 
|  48|0x0000000704c00000, 0x0000000704c00000, 0x0000000704d00000|  0%| F|  |TAMS 0x0000000704c00000, 0x0000000704c00000| Untracked 
|  49|0x0000000704d00000, 0x0000000704d00000, 0x0000000704e00000|  0%| F|  |TAMS 0x0000000704d00000, 0x0000000704d00000| Untracked 
|  50|0x0000000704e00000, 0x0000000704e00000, 0x0000000704f00000|  0%| F|  |TAMS 0x0000000704e00000, 0x0000000704e00000| Untracked 
|  51|0x0000000704f00000, 0x0000000704f00000, 0x0000000705000000|  0%| F|  |TAMS 0x0000000704f00000, 0x0000000704f00000| Untracked 
|  52|0x0000000705000000, 0x0000000705000000, 0x0000000705100000|  0%| F|  |TAMS 0x0000000705000000, 0x0000000705000000| Untracked 
|  53|0x0000000705100000, 0x0000000705100000, 0x0000000705200000|  0%| F|  |TAMS 0x0000000705100000, 0x0000000705100000| Untracked 
|  54|0x0000000705200000, 0x0000000705200000, 0x0000000705300000|  0%| F|  |TAMS 0x0000000705200000, 0x0000000705200000| Untracked 
|  55|0x0000000705300000, 0x0000000705300000, 0x0000000705400000|  0%| F|  |TAMS 0x0000000705300000, 0x0000000705300000| Untracked 
|  56|0x0000000705400000, 0x0000000705400000, 0x0000000705500000|  0%| F|  |TAMS 0x0000000705400000, 0x0000000705400000| Untracked 
|  57|0x0000000705500000, 0x0000000705500000, 0x0000000705600000|  0%| F|  |TAMS 0x0000000705500000, 0x0000000705500000| Untracked 
|  58|0x0000000705600000, 0x0000000705600000, 0x0000000705700000|  0%| F|  |TAMS 0x0000000705600000, 0x0000000705600000| Untracked 
|  59|0x0000000705700000, 0x0000000705700000, 0x0000000705800000|  0%| F|  |TAMS 0x0000000705700000, 0x0000000705700000| Untracked 
|  60|0x0000000705800000, 0x0000000705800000, 0x0000000705900000|  0%| F|  |TAMS 0x0000000705800000, 0x0000000705800000| Untracked 
|  61|0x0000000705900000, 0x0000000705900000, 0x0000000705a00000|  0%| F|  |TAMS 0x0000000705900000, 0x0000000705900000| Untracked 
|  62|0x0000000705a00000, 0x0000000705a00000, 0x0000000705b00000|  0%| F|  |TAMS 0x0000000705a00000, 0x0000000705a00000| Untracked 
|  63|0x0000000705b00000, 0x0000000705b00000, 0x0000000705c00000|  0%| F|  |TAMS 0x0000000705b00000, 0x0000000705b00000| Untracked 
|  64|0x0000000705c00000, 0x0000000705c00000, 0x0000000705d00000|  0%| F|  |TAMS 0x0000000705c00000, 0x0000000705c00000| Untracked 
|  65|0x0000000705d00000, 0x0000000705d00000, 0x0000000705e00000|  0%| F|  |TAMS 0x0000000705d00000, 0x0000000705d00000| Untracked 
|  66|0x0000000705e00000, 0x0000000705e00000, 0x0000000705f00000|  0%| F|  |TAMS 0x0000000705e00000, 0x0000000705e00000| Untracked 
|  67|0x0000000705f00000, 0x0000000705f00000, 0x0000000706000000|  0%| F|  |TAMS 0x0000000705f00000, 0x0000000705f00000| Untracked 
|  68|0x0000000706000000, 0x0000000706000000, 0x0000000706100000|  0%| F|  |TAMS 0x0000000706000000, 0x0000000706000000| Untracked 
|  69|0x0000000706100000, 0x0000000706100000, 0x0000000706200000|  0%| F|  |TAMS 0x0000000706100000, 0x0000000706100000| Untracked 
|  70|0x0000000706200000, 0x0000000706200000, 0x0000000706300000|  0%| F|  |TAMS 0x0000000706200000, 0x0000000706200000| Untracked 
|  71|0x0000000706300000, 0x0000000706300000, 0x0000000706400000|  0%| F|  |TAMS 0x0000000706300000, 0x0000000706300000| Untracked 
|  72|0x0000000706400000, 0x0000000706400000, 0x0000000706500000|  0%| F|  |TAMS 0x0000000706400000, 0x0000000706400000| Untracked 
|  73|0x0000000706500000, 0x0000000706500000, 0x0000000706600000|  0%| F|  |TAMS 0x0000000706500000, 0x0000000706500000| Untracked 
|  74|0x0000000706600000, 0x0000000706600000, 0x0000000706700000|  0%| F|  |TAMS 0x0000000706600000, 0x0000000706600000| Untracked 
|  75|0x0000000706700000, 0x0000000706700000, 0x0000000706800000|  0%| F|  |TAMS 0x0000000706700000, 0x0000000706700000| Untracked 
|  76|0x0000000706800000, 0x0000000706800000, 0x0000000706900000|  0%| F|  |TAMS 0x0000000706800000, 0x0000000706800000| Untracked 
|  77|0x0000000706900000, 0x0000000706900000, 0x0000000706a00000|  0%| F|  |TAMS 0x0000000706900000, 0x0000000706900000| Untracked 
|  78|0x0000000706a00000, 0x0000000706a00000, 0x0000000706b00000|  0%| F|  |TAMS 0x0000000706a00000, 0x0000000706a00000| Untracked 
|  79|0x0000000706b00000, 0x0000000706b00000, 0x0000000706c00000|  0%| F|  |TAMS 0x0000000706b00000, 0x0000000706b00000| Untracked 
|  80|0x0000000706c00000, 0x0000000706c00000, 0x0000000706d00000|  0%| F|  |TAMS 0x0000000706c00000, 0x0000000706c00000| Untracked 
|  81|0x0000000706d00000, 0x0000000706d00000, 0x0000000706e00000|  0%| F|  |TAMS 0x0000000706d00000, 0x0000000706d00000| Untracked 
|  82|0x0000000706e00000, 0x0000000706e00000, 0x0000000706f00000|  0%| F|  |TAMS 0x0000000706e00000, 0x0000000706e00000| Untracked 
|  83|0x0000000706f00000, 0x0000000706f00000, 0x0000000707000000|  0%| F|  |TAMS 0x0000000706f00000, 0x0000000706f00000| Untracked 
|  84|0x0000000707000000, 0x0000000707000000, 0x0000000707100000|  0%| F|  |TAMS 0x0000000707000000, 0x0000000707000000| Untracked 
|  85|0x0000000707100000, 0x0000000707100000, 0x0000000707200000|  0%| F|  |TAMS 0x0000000707100000, 0x0000000707100000| Untracked 
|  86|0x0000000707200000, 0x0000000707200000, 0x0000000707300000|  0%| F|  |TAMS 0x0000000707200000, 0x0000000707200000| Untracked 
|  87|0x0000000707300000, 0x0000000707300000, 0x0000000707400000|  0%| F|  |TAMS 0x0000000707300000, 0x0000000707300000| Untracked 
|  88|0x0000000707400000, 0x0000000707400000, 0x0000000707500000|  0%| F|  |TAMS 0x0000000707400000, 0x0000000707400000| Untracked 
|  89|0x0000000707500000, 0x0000000707500000, 0x0000000707600000|  0%| F|  |TAMS 0x0000000707500000, 0x0000000707500000| Untracked 
|  90|0x0000000707600000, 0x0000000707600000, 0x0000000707700000|  0%| F|  |TAMS 0x0000000707600000, 0x0000000707600000| Untracked 
|  91|0x0000000707700000, 0x0000000707700000, 0x0000000707800000|  0%| F|  |TAMS 0x0000000707700000, 0x0000000707700000| Untracked 
|  92|0x0000000707800000, 0x0000000707800000, 0x0000000707900000|  0%| F|  |TAMS 0x0000000707800000, 0x0000000707800000| Untracked 
|  93|0x0000000707900000, 0x0000000707900000, 0x0000000707a00000|  0%| F|  |TAMS 0x0000000707900000, 0x0000000707900000| Untracked 
|  94|0x0000000707a00000, 0x0000000707a00000, 0x0000000707b00000|  0%| F|  |TAMS 0x0000000707a00000, 0x0000000707a00000| Untracked 
|  95|0x0000000707b00000, 0x0000000707b00000, 0x0000000707c00000|  0%| F|  |TAMS 0x0000000707b00000, 0x0000000707b00000| Untracked 
|  96|0x0000000707c00000, 0x0000000707c00000, 0x0000000707d00000|  0%| F|  |TAMS 0x0000000707c00000, 0x0000000707c00000| Untracked 
|  97|0x0000000707d00000, 0x0000000707d00000, 0x0000000707e00000|  0%| F|  |TAMS 0x0000000707d00000, 0x0000000707d00000| Untracked 
|  98|0x0000000707e00000, 0x0000000707e00000, 0x0000000707f00000|  0%| F|  |TAMS 0x0000000707e00000, 0x0000000707e00000| Untracked 
|  99|0x0000000707f00000, 0x0000000707f00000, 0x0000000708000000|  0%| F|  |TAMS 0x0000000707f00000, 0x0000000707f00000| Untracked 
| 100|0x0000000708000000, 0x0000000708000000, 0x0000000708100000|  0%| F|  |TAMS 0x0000000708000000, 0x0000000708000000| Untracked 
| 101|0x0000000708100000, 0x0000000708100000, 0x0000000708200000|  0%| F|  |TAMS 0x0000000708100000, 0x0000000708100000| Untracked 
| 102|0x0000000708200000, 0x0000000708200000, 0x0000000708300000|  0%| F|  |TAMS 0x0000000708200000, 0x0000000708200000| Untracked 
| 103|0x0000000708300000, 0x0000000708300000, 0x0000000708400000|  0%| F|  |TAMS 0x0000000708300000, 0x0000000708300000| Untracked 
| 104|0x0000000708400000, 0x0000000708400000, 0x0000000708500000|  0%| F|  |TAMS 0x0000000708400000, 0x0000000708400000| Untracked 
| 105|0x0000000708500000, 0x0000000708500000, 0x0000000708600000|  0%| F|  |TAMS 0x0000000708500000, 0x0000000708500000| Untracked 
| 106|0x0000000708600000, 0x0000000708600000, 0x0000000708700000|  0%| F|  |TAMS 0x0000000708600000, 0x0000000708600000| Untracked 
| 107|0x0000000708700000, 0x0000000708700000, 0x0000000708800000|  0%| F|  |TAMS 0x0000000708700000, 0x0000000708700000| Untracked 
| 108|0x0000000708800000, 0x0000000708800000, 0x0000000708900000|  0%| F|  |TAMS 0x0000000708800000, 0x0000000708800000| Untracked 
| 109|0x0000000708900000, 0x0000000708900000, 0x0000000708a00000|  0%| F|  |TAMS 0x0000000708900000, 0x0000000708900000| Untracked 
| 110|0x0000000708a00000, 0x0000000708a00000, 0x0000000708b00000|  0%| F|  |TAMS 0x0000000708a00000, 0x0000000708a00000| Untracked 
| 111|0x0000000708b00000, 0x0000000708b00000, 0x0000000708c00000|  0%| F|  |TAMS 0x0000000708b00000, 0x0000000708b00000| Untracked 
| 112|0x0000000708c00000, 0x0000000708c00000, 0x0000000708d00000|  0%| F|  |TAMS 0x0000000708c00000, 0x0000000708c00000| Untracked 
| 113|0x0000000708d00000, 0x0000000708d00000, 0x0000000708e00000|  0%| F|  |TAMS 0x0000000708d00000, 0x0000000708d00000| Untracked 
| 114|0x0000000708e00000, 0x0000000708e00000, 0x0000000708f00000|  0%| F|  |TAMS 0x0000000708e00000, 0x0000000708e00000| Untracked 
| 115|0x0000000708f00000, 0x0000000708f00000, 0x0000000709000000|  0%| F|  |TAMS 0x0000000708f00000, 0x0000000708f00000| Untracked 
| 116|0x0000000709000000, 0x0000000709000000, 0x0000000709100000|  0%| F|  |TAMS 0x0000000709000000, 0x0000000709000000| Untracked 
| 117|0x0000000709100000, 0x0000000709100000, 0x0000000709200000|  0%| F|  |TAMS 0x0000000709100000, 0x0000000709100000| Untracked 
| 118|0x0000000709200000, 0x0000000709200000, 0x0000000709300000|  0%| F|  |TAMS 0x0000000709200000, 0x0000000709200000| Untracked 
| 119|0x0000000709300000, 0x0000000709300000, 0x0000000709400000|  0%| F|  |TAMS 0x0000000709300000, 0x0000000709300000| Untracked 
| 120|0x0000000709400000, 0x0000000709400000, 0x0000000709500000|  0%| F|  |TAMS 0x0000000709400000, 0x0000000709400000| Untracked 
| 121|0x0000000709500000, 0x0000000709500000, 0x0000000709600000|  0%| F|  |TAMS 0x0000000709500000, 0x0000000709500000| Untracked 
| 122|0x0000000709600000, 0x0000000709600000, 0x0000000709700000|  0%| F|  |TAMS 0x0000000709600000, 0x0000000709600000| Untracked 
| 123|0x0000000709700000, 0x0000000709700000, 0x0000000709800000|  0%| F|  |TAMS 0x0000000709700000, 0x0000000709700000| Untracked 
| 124|0x0000000709800000, 0x0000000709800000, 0x0000000709900000|  0%| F|  |TAMS 0x0000000709800000, 0x0000000709800000| Untracked 
| 125|0x0000000709900000, 0x0000000709900000, 0x0000000709a00000|  0%| F|  |TAMS 0x0000000709900000, 0x0000000709900000| Untracked 
| 126|0x0000000709a00000, 0x0000000709a00000, 0x0000000709b00000|  0%| F|  |TAMS 0x0000000709a00000, 0x0000000709a00000| Untracked 
| 127|0x0000000709b00000, 0x0000000709b00000, 0x0000000709c00000|  0%| F|  |TAMS 0x0000000709b00000, 0x0000000709b00000| Untracked 
| 128|0x0000000709c00000, 0x0000000709c00000, 0x0000000709d00000|  0%| F|  |TAMS 0x0000000709c00000, 0x0000000709c00000| Untracked 
| 129|0x0000000709d00000, 0x0000000709d00000, 0x0000000709e00000|  0%| F|  |TAMS 0x0000000709d00000, 0x0000000709d00000| Untracked 
| 130|0x0000000709e00000, 0x0000000709e00000, 0x0000000709f00000|  0%| F|  |TAMS 0x0000000709e00000, 0x0000000709e00000| Untracked 
| 131|0x0000000709f00000, 0x0000000709f00000, 0x000000070a000000|  0%| F|  |TAMS 0x0000000709f00000, 0x0000000709f00000| Untracked 
| 132|0x000000070a000000, 0x000000070a000000, 0x000000070a100000|  0%| F|  |TAMS 0x000000070a000000, 0x000000070a000000| Untracked 
| 133|0x000000070a100000, 0x000000070a100000, 0x000000070a200000|  0%| F|  |TAMS 0x000000070a100000, 0x000000070a100000| Untracked 
| 134|0x000000070a200000, 0x000000070a200000, 0x000000070a300000|  0%| F|  |TAMS 0x000000070a200000, 0x000000070a200000| Untracked 
| 135|0x000000070a300000, 0x000000070a300000, 0x000000070a400000|  0%| F|  |TAMS 0x000000070a300000, 0x000000070a300000| Untracked 
| 136|0x000000070a400000, 0x000000070a400000, 0x000000070a500000|  0%| F|  |TAMS 0x000000070a400000, 0x000000070a400000| Untracked 
| 137|0x000000070a500000, 0x000000070a500000, 0x000000070a600000|  0%| F|  |TAMS 0x000000070a500000, 0x000000070a500000| Untracked 
| 138|0x000000070a600000, 0x000000070a600000, 0x000000070a700000|  0%| F|  |TAMS 0x000000070a600000, 0x000000070a600000| Untracked 
| 139|0x000000070a700000, 0x000000070a700000, 0x000000070a800000|  0%| F|  |TAMS 0x000000070a700000, 0x000000070a700000| Untracked 
| 140|0x000000070a800000, 0x000000070a800000, 0x000000070a900000|  0%| F|  |TAMS 0x000000070a800000, 0x000000070a800000| Untracked 
| 141|0x000000070a900000, 0x000000070a900000, 0x000000070aa00000|  0%| F|  |TAMS 0x000000070a900000, 0x000000070a900000| Untracked 
| 142|0x000000070aa00000, 0x000000070aa00000, 0x000000070ab00000|  0%| F|  |TAMS 0x000000070aa00000, 0x000000070aa00000| Untracked 
| 143|0x000000070ab00000, 0x000000070ab00000, 0x000000070ac00000|  0%| F|  |TAMS 0x000000070ab00000, 0x000000070ab00000| Untracked 
| 144|0x000000070ac00000, 0x000000070ac00000, 0x000000070ad00000|  0%| F|  |TAMS 0x000000070ac00000, 0x000000070ac00000| Untracked 
| 145|0x000000070ad00000, 0x000000070ad00000, 0x000000070ae00000|  0%| F|  |TAMS 0x000000070ad00000, 0x000000070ad00000| Untracked 
| 146|0x000000070ae00000, 0x000000070ae00000, 0x000000070af00000|  0%| F|  |TAMS 0x000000070ae00000, 0x000000070ae00000| Untracked 
| 147|0x000000070af00000, 0x000000070af00000, 0x000000070b000000|  0%| F|  |TAMS 0x000000070af00000, 0x000000070af00000| Untracked 
| 148|0x000000070b000000, 0x000000070b000000, 0x000000070b100000|  0%| F|  |TAMS 0x000000070b000000, 0x000000070b000000| Untracked 
| 149|0x000000070b100000, 0x000000070b100000, 0x000000070b200000|  0%| F|  |TAMS 0x000000070b100000, 0x000000070b100000| Untracked 
| 150|0x000000070b200000, 0x000000070b200000, 0x000000070b300000|  0%| F|  |TAMS 0x000000070b200000, 0x000000070b200000| Untracked 
| 151|0x000000070b300000, 0x000000070b300000, 0x000000070b400000|  0%| F|  |TAMS 0x000000070b300000, 0x000000070b300000| Untracked 
| 152|0x000000070b400000, 0x000000070b400000, 0x000000070b500000|  0%| F|  |TAMS 0x000000070b400000, 0x000000070b400000| Untracked 
| 153|0x000000070b500000, 0x000000070b500000, 0x000000070b600000|  0%| F|  |TAMS 0x000000070b500000, 0x000000070b500000| Untracked 
| 154|0x000000070b600000, 0x000000070b600000, 0x000000070b700000|  0%| F|  |TAMS 0x000000070b600000, 0x000000070b600000| Untracked 
| 155|0x000000070b700000, 0x000000070b700000, 0x000000070b800000|  0%| F|  |TAMS 0x000000070b700000, 0x000000070b700000| Untracked 
| 156|0x000000070b800000, 0x000000070b800000, 0x000000070b900000|  0%| F|  |TAMS 0x000000070b800000, 0x000000070b800000| Untracked 
| 157|0x000000070b900000, 0x000000070b900000, 0x000000070ba00000|  0%| F|  |TAMS 0x000000070b900000, 0x000000070b900000| Untracked 
| 158|0x000000070ba00000, 0x000000070ba00000, 0x000000070bb00000|  0%| F|  |TAMS 0x000000070ba00000, 0x000000070ba00000| Untracked 
| 159|0x000000070bb00000, 0x000000070bb00000, 0x000000070bc00000|  0%| F|  |TAMS 0x000000070bb00000, 0x000000070bb00000| Untracked 
| 160|0x000000070bc00000, 0x000000070bc00000, 0x000000070bd00000|  0%| F|  |TAMS 0x000000070bc00000, 0x000000070bc00000| Untracked 
| 161|0x000000070bd00000, 0x000000070bd00000, 0x000000070be00000|  0%| F|  |TAMS 0x000000070bd00000, 0x000000070bd00000| Untracked 
| 162|0x000000070be00000, 0x000000070be00000, 0x000000070bf00000|  0%| F|  |TAMS 0x000000070be00000, 0x000000070be00000| Untracked 
| 163|0x000000070bf00000, 0x000000070bf00000, 0x000000070c000000|  0%| F|  |TAMS 0x000000070bf00000, 0x000000070bf00000| Untracked 
| 164|0x000000070c000000, 0x000000070c000000, 0x000000070c100000|  0%| F|  |TAMS 0x000000070c000000, 0x000000070c000000| Untracked 
| 165|0x000000070c100000, 0x000000070c100000, 0x000000070c200000|  0%| F|  |TAMS 0x000000070c100000, 0x000000070c100000| Untracked 
| 166|0x000000070c200000, 0x000000070c200000, 0x000000070c300000|  0%| F|  |TAMS 0x000000070c200000, 0x000000070c200000| Untracked 
| 167|0x000000070c300000, 0x000000070c300000, 0x000000070c400000|  0%| F|  |TAMS 0x000000070c300000, 0x000000070c300000| Untracked 
| 168|0x000000070c400000, 0x000000070c400000, 0x000000070c500000|  0%| F|  |TAMS 0x000000070c400000, 0x000000070c400000| Untracked 
| 169|0x000000070c500000, 0x000000070c500000, 0x000000070c600000|  0%| F|  |TAMS 0x000000070c500000, 0x000000070c500000| Untracked 
| 170|0x000000070c600000, 0x000000070c600000, 0x000000070c700000|  0%| F|  |TAMS 0x000000070c600000, 0x000000070c600000| Untracked 
| 171|0x000000070c700000, 0x000000070c700000, 0x000000070c800000|  0%| F|  |TAMS 0x000000070c700000, 0x000000070c700000| Untracked 
| 172|0x000000070c800000, 0x000000070c800000, 0x000000070c900000|  0%| F|  |TAMS 0x000000070c800000, 0x000000070c800000| Untracked 
| 173|0x000000070c900000, 0x000000070c900000, 0x000000070ca00000|  0%| F|  |TAMS 0x000000070c900000, 0x000000070c900000| Untracked 
| 174|0x000000070ca00000, 0x000000070ca00000, 0x000000070cb00000|  0%| F|  |TAMS 0x000000070ca00000, 0x000000070ca00000| Untracked 
| 175|0x000000070cb00000, 0x000000070cb00000, 0x000000070cc00000|  0%| F|  |TAMS 0x000000070cb00000, 0x000000070cb00000| Untracked 
| 176|0x000000070cc00000, 0x000000070cc00000, 0x000000070cd00000|  0%| F|  |TAMS 0x000000070cc00000, 0x000000070cc00000| Untracked 
| 177|0x000000070cd00000, 0x000000070cd00000, 0x000000070ce00000|  0%| F|  |TAMS 0x000000070cd00000, 0x000000070cd00000| Untracked 
| 178|0x000000070ce00000, 0x000000070ce00000, 0x000000070cf00000|  0%| F|  |TAMS 0x000000070ce00000, 0x000000070ce00000| Untracked 
| 179|0x000000070cf00000, 0x000000070cf00000, 0x000000070d000000|  0%| F|  |TAMS 0x000000070cf00000, 0x000000070cf00000| Untracked 
| 180|0x000000070d000000, 0x000000070d000000, 0x000000070d100000|  0%| F|  |TAMS 0x000000070d000000, 0x000000070d000000| Untracked 
| 181|0x000000070d100000, 0x000000070d100000, 0x000000070d200000|  0%| F|  |TAMS 0x000000070d100000, 0x000000070d100000| Untracked 
| 182|0x000000070d200000, 0x000000070d200000, 0x000000070d300000|  0%| F|  |TAMS 0x000000070d200000, 0x000000070d200000| Untracked 
| 183|0x000000070d300000, 0x000000070d300000, 0x000000070d400000|  0%| F|  |TAMS 0x000000070d300000, 0x000000070d300000| Untracked 
| 184|0x000000070d400000, 0x000000070d400000, 0x000000070d500000|  0%| F|  |TAMS 0x000000070d400000, 0x000000070d400000| Untracked 
| 185|0x000000070d500000, 0x000000070d500000, 0x000000070d600000|  0%| F|  |TAMS 0x000000070d500000, 0x000000070d500000| Untracked 
| 186|0x000000070d600000, 0x000000070d600000, 0x000000070d700000|  0%| F|  |TAMS 0x000000070d600000, 0x000000070d600000| Untracked 
| 187|0x000000070d700000, 0x000000070d700000, 0x000000070d800000|  0%| F|  |TAMS 0x000000070d700000, 0x000000070d700000| Untracked 
| 188|0x000000070d800000, 0x000000070d800000, 0x000000070d900000|  0%| F|  |TAMS 0x000000070d800000, 0x000000070d800000| Untracked 
| 189|0x000000070d900000, 0x000000070d900000, 0x000000070da00000|  0%| F|  |TAMS 0x000000070d900000, 0x000000070d900000| Untracked 
| 190|0x000000070da00000, 0x000000070da00000, 0x000000070db00000|  0%| F|  |TAMS 0x000000070da00000, 0x000000070da00000| Untracked 
| 191|0x000000070db00000, 0x000000070db00000, 0x000000070dc00000|  0%| F|  |TAMS 0x000000070db00000, 0x000000070db00000| Untracked 
| 192|0x000000070dc00000, 0x000000070dc00000, 0x000000070dd00000|  0%| F|  |TAMS 0x000000070dc00000, 0x000000070dc00000| Untracked 
| 193|0x000000070dd00000, 0x000000070dd00000, 0x000000070de00000|  0%| F|  |TAMS 0x000000070dd00000, 0x000000070dd00000| Untracked 
| 194|0x000000070de00000, 0x000000070de00000, 0x000000070df00000|  0%| F|  |TAMS 0x000000070de00000, 0x000000070de00000| Untracked 
| 195|0x000000070df00000, 0x000000070df00000, 0x000000070e000000|  0%| F|  |TAMS 0x000000070df00000, 0x000000070df00000| Untracked 
| 196|0x000000070e000000, 0x000000070e000000, 0x000000070e100000|  0%| F|  |TAMS 0x000000070e000000, 0x000000070e000000| Untracked 
| 197|0x000000070e100000, 0x000000070e100000, 0x000000070e200000|  0%| F|  |TAMS 0x000000070e100000, 0x000000070e100000| Untracked 
| 198|0x000000070e200000, 0x000000070e200000, 0x000000070e300000|  0%| F|  |TAMS 0x000000070e200000, 0x000000070e200000| Untracked 
| 199|0x000000070e300000, 0x000000070e300000, 0x000000070e400000|  0%| F|  |TAMS 0x000000070e300000, 0x000000070e300000| Untracked 
| 200|0x000000070e400000, 0x000000070e400000, 0x000000070e500000|  0%| F|  |TAMS 0x000000070e400000, 0x000000070e400000| Untracked 
| 201|0x000000070e500000, 0x000000070e500000, 0x000000070e600000|  0%| F|  |TAMS 0x000000070e500000, 0x000000070e500000| Untracked 
| 202|0x000000070e600000, 0x000000070e600000, 0x000000070e700000|  0%| F|  |TAMS 0x000000070e600000, 0x000000070e600000| Untracked 
| 203|0x000000070e700000, 0x000000070e700000, 0x000000070e800000|  0%| F|  |TAMS 0x000000070e700000, 0x000000070e700000| Untracked 
| 204|0x000000070e800000, 0x000000070e800000, 0x000000070e900000|  0%| F|  |TAMS 0x000000070e800000, 0x000000070e800000| Untracked 
| 205|0x000000070e900000, 0x000000070e900000, 0x000000070ea00000|  0%| F|  |TAMS 0x000000070e900000, 0x000000070e900000| Untracked 
| 206|0x000000070ea00000, 0x000000070ea00000, 0x000000070eb00000|  0%| F|  |TAMS 0x000000070ea00000, 0x000000070ea00000| Untracked 
| 207|0x000000070eb00000, 0x000000070eb00000, 0x000000070ec00000|  0%| F|  |TAMS 0x000000070eb00000, 0x000000070eb00000| Untracked 
| 208|0x000000070ec00000, 0x000000070ec00000, 0x000000070ed00000|  0%| F|  |TAMS 0x000000070ec00000, 0x000000070ec00000| Untracked 
| 209|0x000000070ed00000, 0x000000070ed00000, 0x000000070ee00000|  0%| F|  |TAMS 0x000000070ed00000, 0x000000070ed00000| Untracked 
| 210|0x000000070ee00000, 0x000000070ee00000, 0x000000070ef00000|  0%| F|  |TAMS 0x000000070ee00000, 0x000000070ee00000| Untracked 
| 211|0x000000070ef00000, 0x000000070ef00000, 0x000000070f000000|  0%| F|  |TAMS 0x000000070ef00000, 0x000000070ef00000| Untracked 
| 212|0x000000070f000000, 0x000000070f000000, 0x000000070f100000|  0%| F|  |TAMS 0x000000070f000000, 0x000000070f000000| Untracked 
| 213|0x000000070f100000, 0x000000070f100000, 0x000000070f200000|  0%| F|  |TAMS 0x000000070f100000, 0x000000070f100000| Untracked 
| 214|0x000000070f200000, 0x000000070f200000, 0x000000070f300000|  0%| F|  |TAMS 0x000000070f200000, 0x000000070f200000| Untracked 
| 215|0x000000070f300000, 0x000000070f300000, 0x000000070f400000|  0%| F|  |TAMS 0x000000070f300000, 0x000000070f300000| Untracked 
| 216|0x000000070f400000, 0x000000070f400000, 0x000000070f500000|  0%| F|  |TAMS 0x000000070f400000, 0x000000070f400000| Untracked 
| 217|0x000000070f500000, 0x000000070f500000, 0x000000070f600000|  0%| F|  |TAMS 0x000000070f500000, 0x000000070f500000| Untracked 
| 218|0x000000070f600000, 0x000000070f600000, 0x000000070f700000|  0%| F|  |TAMS 0x000000070f600000, 0x000000070f600000| Untracked 
| 219|0x000000070f700000, 0x000000070f700000, 0x000000070f800000|  0%| F|  |TAMS 0x000000070f700000, 0x000000070f700000| Untracked 
| 220|0x000000070f800000, 0x000000070f800000, 0x000000070f900000|  0%| F|  |TAMS 0x000000070f800000, 0x000000070f800000| Untracked 
| 221|0x000000070f900000, 0x000000070f900000, 0x000000070fa00000|  0%| F|  |TAMS 0x000000070f900000, 0x000000070f900000| Untracked 
| 222|0x000000070fa00000, 0x000000070fa00000, 0x000000070fb00000|  0%| F|  |TAMS 0x000000070fa00000, 0x000000070fa00000| Untracked 
| 223|0x000000070fb00000, 0x000000070fb00000, 0x000000070fc00000|  0%| F|  |TAMS 0x000000070fb00000, 0x000000070fb00000| Untracked 
| 224|0x000000070fc00000, 0x000000070fc00000, 0x000000070fd00000|  0%| F|  |TAMS 0x000000070fc00000, 0x000000070fc00000| Untracked 
| 225|0x000000070fd00000, 0x000000070fd00000, 0x000000070fe00000|  0%| F|  |TAMS 0x000000070fd00000, 0x000000070fd00000| Untracked 
| 226|0x000000070fe00000, 0x000000070fe00000, 0x000000070ff00000|  0%| F|  |TAMS 0x000000070fe00000, 0x000000070fe00000| Untracked 
| 227|0x000000070ff00000, 0x000000070ff00000, 0x0000000710000000|  0%| F|  |TAMS 0x000000070ff00000, 0x000000070ff00000| Untracked 
| 228|0x0000000710000000, 0x0000000710000000, 0x0000000710100000|  0%| F|  |TAMS 0x0000000710000000, 0x0000000710000000| Untracked 
| 229|0x0000000710100000, 0x0000000710100000, 0x0000000710200000|  0%| F|  |TAMS 0x0000000710100000, 0x0000000710100000| Untracked 
| 230|0x0000000710200000, 0x0000000710200000, 0x0000000710300000|  0%| F|  |TAMS 0x0000000710200000, 0x0000000710200000| Untracked 
| 231|0x0000000710300000, 0x0000000710300000, 0x0000000710400000|  0%| F|  |TAMS 0x0000000710300000, 0x0000000710300000| Untracked 
| 232|0x0000000710400000, 0x0000000710400000, 0x0000000710500000|  0%| F|  |TAMS 0x0000000710400000, 0x0000000710400000| Untracked 
| 233|0x0000000710500000, 0x0000000710500000, 0x0000000710600000|  0%| F|  |TAMS 0x0000000710500000, 0x0000000710500000| Untracked 
| 234|0x0000000710600000, 0x0000000710600000, 0x0000000710700000|  0%| F|  |TAMS 0x0000000710600000, 0x0000000710600000| Untracked 
| 235|0x0000000710700000, 0x0000000710700000, 0x0000000710800000|  0%| F|  |TAMS 0x0000000710700000, 0x0000000710700000| Untracked 
| 236|0x0000000710800000, 0x0000000710800000, 0x0000000710900000|  0%| F|  |TAMS 0x0000000710800000, 0x0000000710800000| Untracked 
| 237|0x0000000710900000, 0x0000000710900000, 0x0000000710a00000|  0%| F|  |TAMS 0x0000000710900000, 0x0000000710900000| Untracked 
| 238|0x0000000710a00000, 0x0000000710a00000, 0x0000000710b00000|  0%| F|  |TAMS 0x0000000710a00000, 0x0000000710a00000| Untracked 
| 239|0x0000000710b00000, 0x0000000710b00000, 0x0000000710c00000|  0%| F|  |TAMS 0x0000000710b00000, 0x0000000710b00000| Untracked 
| 240|0x0000000710c00000, 0x0000000710c00000, 0x0000000710d00000|  0%| F|  |TAMS 0x0000000710c00000, 0x0000000710c00000| Untracked 
| 241|0x0000000710d00000, 0x0000000710d00000, 0x0000000710e00000|  0%| F|  |TAMS 0x0000000710d00000, 0x0000000710d00000| Untracked 
| 242|0x0000000710e00000, 0x0000000710e00000, 0x0000000710f00000|  0%| F|  |TAMS 0x0000000710e00000, 0x0000000710e00000| Untracked 
| 243|0x0000000710f00000, 0x0000000710f00000, 0x0000000711000000|  0%| F|  |TAMS 0x0000000710f00000, 0x0000000710f00000| Untracked 
| 244|0x0000000711000000, 0x0000000711000000, 0x0000000711100000|  0%| F|  |TAMS 0x0000000711000000, 0x0000000711000000| Untracked 
| 245|0x0000000711100000, 0x0000000711100000, 0x0000000711200000|  0%| F|  |TAMS 0x0000000711100000, 0x0000000711100000| Untracked 
| 246|0x0000000711200000, 0x0000000711200000, 0x0000000711300000|  0%| F|  |TAMS 0x0000000711200000, 0x0000000711200000| Untracked 
| 247|0x0000000711300000, 0x0000000711300000, 0x0000000711400000|  0%| F|  |TAMS 0x0000000711300000, 0x0000000711300000| Untracked 
| 248|0x0000000711400000, 0x0000000711400000, 0x0000000711500000|  0%| F|  |TAMS 0x0000000711400000, 0x0000000711400000| Untracked 
| 249|0x0000000711500000, 0x0000000711500000, 0x0000000711600000|  0%| F|  |TAMS 0x0000000711500000, 0x0000000711500000| Untracked 
| 250|0x0000000711600000, 0x0000000711600000, 0x0000000711700000|  0%| F|  |TAMS 0x0000000711600000, 0x0000000711600000| Untracked 
| 251|0x0000000711700000, 0x0000000711700000, 0x0000000711800000|  0%| F|  |TAMS 0x0000000711700000, 0x0000000711700000| Untracked 
| 252|0x0000000711800000, 0x0000000711900000, 0x0000000711900000|100%| E|  |TAMS 0x0000000711800000, 0x0000000711800000| Complete 
| 253|0x0000000711900000, 0x0000000711a00000, 0x0000000711a00000|100%| E|CS|TAMS 0x0000000711900000, 0x0000000711900000| Complete 
| 254|0x0000000711a00000, 0x0000000711b00000, 0x0000000711b00000|100%| E|CS|TAMS 0x0000000711a00000, 0x0000000711a00000| Complete 
| 255|0x0000000711b00000, 0x0000000711c00000, 0x0000000711c00000|100%| E|CS|TAMS 0x0000000711b00000, 0x0000000711b00000| Complete 
|3042|0x00000007bfe00000, 0x00000007bfe44000, 0x00000007bff00000| 26%|OA|  |TAMS 0x00000007bfe00000, 0x00000007bfe00000| Untracked 
|3043|0x00000007bff00000, 0x00000007bff6a000, 0x00000007c0000000| 41%|CA|  |TAMS 0x00000007bff00000, 0x00000007bff00000| Untracked 

Card table byte_map: [0x00007f4e0ca80000,0x00007f4e0d272000] _byte_map_base: 0x00007f4e09272000

Marking Bits (Prev, Next): (CMBitMap*) 0x00007f4e0807d138, (CMBitMap*) 0x00007f4e0807d170
 Prev Bits: [0x00007f4de8070000, 0x00007f4dec000000)
 Next Bits: [0x00007f4de40e0000, 0x00007f4de8070000)

Polling page: 0x00007f4e12650000

Metaspace:

Usage:
  Non-class:      4.36 MB capacity,     1.70 MB ( 39%) used,     2.65 MB ( 61%) free+waste,     9.31 KB ( <1%) overhead. 
      Class:    543.00 KB capacity,   222.03 KB ( 41%) used,   315.41 KB ( 58%) free+waste,     5.56 KB (  1%) overhead. 
       Both:      4.89 MB capacity,     1.91 MB ( 39%) used,     2.96 MB ( 61%) free+waste,    14.88 KB ( <1%) overhead. 

Virtual space:
  Non-class space:        8.00 MB reserved,       4.50 MB ( 56%) committed 
      Class space:        1.00 GB reserved,     640.00 KB ( <1%) committed 
             Both:        1.01 GB reserved,       5.12 MB ( <1%) committed 

Chunk freelists:
   Non-Class:  17.00 KB
       Class:  1.00 KB
        Both:  18.00 KB

MaxMetaspaceSize: unlimited
CompressedClassSpaceSize: 1.00 GB

CodeHeap 'non-profiled nmethods': size=120032Kb used=134Kb max_used=134Kb free=119897Kb
 bounds [0x00007f4df83f8000, 0x00007f4df8668000, 0x00007f4dff930000]
CodeHeap 'profiled nmethods': size=120028Kb used=734Kb max_used=734Kb free=119293Kb
 bounds [0x00007f4df0ec1000, 0x00007f4df1131000, 0x00007f4df83f8000]
CodeHeap 'non-nmethods': size=5700Kb used=1126Kb max_used=1139Kb free=4573Kb
 bounds [0x00007f4df0930000, 0x00007f4df0ba0000, 0x00007f4df0ec1000]
 total_blobs=923 nmethods=463 adapters=272
 compilation: enabled
              stopped_count=0, restarted_count=0
 full_count=0

Compilation events (20 events):
Event: 5.242 Thread 0x00007f4e081e4800  454       3       java.lang.StringCoding$Result::with (12 bytes)
Event: 5.242 Thread 0x00007f4e081e4800 nmethod 454 0x00007f4df0f70890 code [0x00007f4df0f70a40, 0x00007f4df0f70c10]
Event: 5.242 Thread 0x00007f4e081e4800  455       3       java.lang.String::<init> (10 bytes)
Event: 5.243 Thread 0x00007f4e081e4800 nmethod 455 0x00007f4df0f70c90 code [0x00007f4df0f70e40, 0x00007f4df0f71028]
Event: 5.243 Thread 0x00007f4e081e4800  456       3       java.lang.String::<init> (55 bytes)
Event: 5.243 Thread 0x00007f4e081e4800 nmethod 456 0x00007f4df0f71110 code [0x00007f4df0f71300, 0x00007f4df0f71708]
Event: 5.243 Thread 0x00007f4e081e4800  457   !   3       java.lang.StringCoding::decode (165 bytes)
Event: 5.247 Thread 0x00007f4e081e4800 nmethod 457 0x00007f4df0f71910 code [0x00007f4df0f71cc0, 0x00007f4df0f73408]
Event: 5.247 Thread 0x00007f4e081e4800  460       3       java.lang.invoke.MethodType::toMethodDescriptorString (28 bytes)
Event: 5.247 Thread 0x00007f4e081e4800 nmethod 460 0x00007f4df0f73e10 code [0x00007f4df0f73fe0, 0x00007f4df0f74248]
Event: 5.247 Thread 0x00007f4e081e4800  459       3       java.lang.invoke.MemberName::checkForTypeAlias (168 bytes)
Event: 5.251 Thread 0x00007f4e081e4800 nmethod 459 0x00007f4df0f74310 code [0x00007f4df0f747e0, 0x00007f4df0f76bb8]
Event: 5.251 Thread 0x00007f4e081e4800  458       1       java.net.URL::getHost (5 bytes)
Event: 5.251 Thread 0x00007f4e081e4800 nmethod 458 0x00007f4df8419690 code [0x00007f4df8419840, 0x00007f4df8419970]
Event: 5.481 Thread 0x00007f4e081e4800  461       3       java.io.ObjectInputStream$BlockDataInputStream::read (62 bytes)
Event: 5.482 Thread 0x00007f4e081e4800 nmethod 461 0x00007f4df0f77690 code [0x00007f4df0f77880, 0x00007f4df0f77bb8]
Event: 5.485 Thread 0x00007f4e081e4800  462       3       jdk.internal.org.objectweb.asm.ByteVector::<init> (13 bytes)
Event: 5.485 Thread 0x00007f4e081e4800 nmethod 462 0x00007f4df0f77d10 code [0x00007f4df0f77ec0, 0x00007f4df0f781b0]
Event: 5.485 Thread 0x00007f4e081e4800  463       3       jdk.internal.org.objectweb.asm.ByteVector::putByteArray (49 bytes)
Event: 5.485 Thread 0x00007f4e081e4800 nmethod 463 0x00007f4df0f78290 code [0x00007f4df0f78460, 0x00007f4df0f78798]

GC Heap History (0 events):
No events

Deoptimization events (8 events):
Event: 0.277 Thread 0x00007f4e08015000 Uncommon trap: trap_request=0xffffff4d fr.pc=0x00007f4df8402784 relative=0x00000000000000e4
Event: 0.277 Thread 0x00007f4e08015000 Uncommon trap: reason=unstable_if action=reinterpret pc=0x00007f4df8402784 method=java.lang.String.isLatin1()Z @ 10 c2
Event: 0.277 Thread 0x00007f4e08015000 DEOPT PACKING pc=0x00007f4df8402784 sp=0x00007f4e1261f420
Event: 0.277 Thread 0x00007f4e08015000 DEOPT UNPACKING pc=0x00007f4df09692a5 sp=0x00007f4e1261f390 mode 2
Event: 0.278 Thread 0x00007f4e08015000 Uncommon trap: trap_request=0xffffff4d fr.pc=0x00007f4df8402f8c relative=0x000000000000006c
Event: 0.278 Thread 0x00007f4e08015000 Uncommon trap: reason=unstable_if action=reinterpret pc=0x00007f4df8402f8c method=java.lang.String.isLatin1()Z @ 10 c2
Event: 0.278 Thread 0x00007f4e08015000 DEOPT PACKING pc=0x00007f4df8402f8c sp=0x00007f4e1261f3d0
Event: 0.278 Thread 0x00007f4e08015000 DEOPT UNPACKING pc=0x00007f4df09692a5 sp=0x00007f4e1261f390 mode 2

Classes redefined (3 events):
Event: 3.624 Thread 0x00007f4e081d3800 redefined class name=REPL.$JShell$20$InfiniteList, count=1
Event: 4.325 Thread 0x00007f4e081d3800 redefined class name=REPL.$JShell$20$InfiniteList, count=2
Event: 4.480 Thread 0x00007f4e081d3800 redefined class name=REPL.$JShell$20$InfiniteList, count=3

Internal exceptions (6 events):
Event: 0.300 Thread 0x00007f4e08015000 Exception <a 'java/lang/NoSuchMethodError'{0x0000000711a72000}: 'java.lang.Object java.lang.invoke.DirectMethodHandle$Holder.invokeStatic(java.lang.Object, java.lang.Object, java.lang.Object, java.lang.Object, java.lang.Object, java.lang.Object, java.lang
Event: 0.306 Thread 0x00007f4e08015000 Exception <a 'java/lang/NoSuchMethodError'{0x0000000711a8d430}: 'java.lang.Object java.lang.invoke.DirectMethodHandle$Holder.invokeStatic(java.lang.Object, java.lang.Object, java.lang.Object, java.lang.Object, java.lang.Object, java.lang.Object, java.lang
Event: 4.281 Thread 0x00007f4e08015000 Exception <a 'java/lang/VerifyError'{0x0000000711975c20}: Bad return type
Exception Details:
  Location:
    REPL/$JShell$22B$InfiniteListImpl.limit(J)LREPL/$JShell$22B$InfiniteListImpl; @13: areturn
  Reason:
    Type 'REPL/$JShell$23$EmptyList' (current
Event: 4.292 Thread 0x00007f4e08015000 Exception <a 'java/lang/NoSuchMethodError'{0x000000071180fad0}: <clinit>> (0x000000071180fad0) thrown at [/build/openjdk-lts-ioLltV/openjdk-lts-11.0.5+10/src/hotspot/share/prims/jni.cpp, line 1362]
Event: 4.844 Thread 0x00007f4e08015000 Exception <a 'java/lang/NoSuchMethodError'{0x000000071184ffc0}: 'java.lang.Object java.lang.invoke.DirectMethodHandle$Holder.invokeStatic(java.lang.Object, java.lang.Object, long)'> (0x000000071184ffc0) thrown at [/build/openjdk-lts-ioLltV/openjdk-lts-11.
Event: 4.845 Thread 0x00007f4e08015000 Exception <a 'java/lang/NoSuchMethodError'{0x00000007118563e0}: 'java.lang.Object java.lang.invoke.Invokers$Holder.linkToTargetMethod(java.lang.Object, long, java.lang.Object)'> (0x00000007118563e0) thrown at [/build/openjdk-lts-ioLltV/openjdk-lts-11.0.5+

Events (20 events):
Event: 4.841 loading class REPL/$JShell$22C$InfiniteListImpl
Event: 4.841 loading class REPL/$JShell$22C$InfiniteListImpl done
Event: 4.842 loading class REPL/$JShell$22C$InfiniteListImpl
Event: 4.842 loading class REPL/$JShell$22C$InfiniteListImpl done
Event: 4.843 loading class REPL/$JShell$22C$InfiniteListImpl
Event: 4.843 loading class REPL/$JShell$22C$InfiniteListImpl done
Event: 4.846 loading class REPL/$JShell$22C$InfiniteListImpl
Event: 4.846 loading class REPL/$JShell$22C$InfiniteListImpl done
Event: 4.975 loading class REPL/$JShell$26
Event: 4.975 loading class REPL/$JShell$26 done
Event: 5.109 loading class REPL/$JShell$27
Event: 5.109 loading class REPL/$JShell$27 done
Event: 5.242 loading class REPL/$JShell$28
Event: 5.242 loading class REPL/$JShell$28 done
Event: 5.347 loading class REPL/$JShell$29
Event: 5.347 loading class REPL/$JShell$29 done
Event: 5.482 loading class REPL/$JShell$30
Event: 5.482 loading class REPL/$JShell$30 done
Event: 77377.192 loading class jdk/internal/misc/Signal$1
Event: 77377.193 loading class jdk/internal/misc/Signal$1 done


Dynamic libraries:
701c00000-711c00000 rw-p 00000000 00:00 0
711c00000-7bfe00000 ---p 00000000 00:00 0
7bfe00000-7bfe44000 rw-p 01104000 00:00 181837                   /usr/lib/jvm/java-11-openjdk-amd64/lib/server/classes.jsa
7bfe44000-7bff00000 rw-p 00000000 00:00 0
7bff00000-7bff6a000 rw-p 0109a000 00:00 181837                   /usr/lib/jvm/java-11-openjdk-amd64/lib/server/classes.jsa
7bff6a000-7c0000000 rw-p 00000000 00:00 0
7c0000000-800000000 ---p 00000000 00:00 0
800000000-800002000 rwxp 00001000 00:00 181837                   /usr/lib/jvm/java-11-openjdk-amd64/lib/server/classes.jsa
800002000-8003b8000 rw-p 00003000 00:00 181837                   /usr/lib/jvm/java-11-openjdk-amd64/lib/server/classes.jsa
8003b8000-800a8c000 rw-p 003b9000 00:00 181837                   /usr/lib/jvm/java-11-openjdk-amd64/lib/server/classes.jsa
800a8c000-800a8d000 rw-p 00a8d000 00:00 181837                   /usr/lib/jvm/java-11-openjdk-amd64/lib/server/classes.jsa
800a8d000-801099000 rw-p 00a8e000 00:00 181837                   /usr/lib/jvm/java-11-openjdk-amd64/lib/server/classes.jsa
840000000-8400a0000 rw-p 00000000 00:00 0
8400a0000-880000000 ---p 00000000 00:00 0
7f4d90000000-7f4d90021000 rw-p 00000000 00:00 0
7f4d90021000-7f4d94000000 ---p 00000000 00:00 0
7f4d94000000-7f4d94021000 rw-p 00000000 00:00 0
7f4d94021000-7f4d98000000 ---p 00000000 00:00 0
7f4d98000000-7f4d98021000 rw-p 00000000 00:00 0
7f4d98021000-7f4d9c000000 ---p 00000000 00:00 0
7f4d9c000000-7f4d9c021000 rw-p 00000000 00:00 0
7f4d9c021000-7f4da0000000 ---p 00000000 00:00 0
7f4da38a0000-7f4da38a4000 ---p 00000000 00:00 0
7f4da38a4000-7f4da39a1000 rw-p 00000000 00:00 0
7f4da39b0000-7f4da39b4000 ---p 00000000 00:00 0
7f4da39b4000-7f4da3ab1000 rw-p 00000000 00:00 0
7f4da3ac0000-7f4da3ac2000 r-xp 00000000 00:00 138092             /usr/lib/jvm/java-11-openjdk-amd64/lib/libextnet.so
7f4da3ac2000-7f4da3ac3000 ---p 00002000 00:00 138092             /usr/lib/jvm/java-11-openjdk-amd64/lib/libextnet.so
7f4da3ac3000-7f4da3cc1000 ---p 00000003 00:00 138092             /usr/lib/jvm/java-11-openjdk-amd64/lib/libextnet.so
7f4da3cc1000-7f4da3cc2000 r--p 00001000 00:00 138092             /usr/lib/jvm/java-11-openjdk-amd64/lib/libextnet.so
7f4da3cc2000-7f4da3cc3000 rw-p 00002000 00:00 138092             /usr/lib/jvm/java-11-openjdk-amd64/lib/libextnet.so
7f4da3cd0000-7f4da3cd4000 ---p 00000000 00:00 0
7f4da3cd4000-7f4da3dd1000 rw-p 00000000 00:00 0
7f4da3de0000-7f4da3df6000 r-xp 00000000 00:00 139242             /usr/lib/jvm/java-11-openjdk-amd64/lib/libnet.so
7f4da3df6000-7f4da3df7000 ---p 00016000 00:00 139242             /usr/lib/jvm/java-11-openjdk-amd64/lib/libnet.so
7f4da3df7000-7f4da3ff5000 ---p 00000017 00:00 139242             /usr/lib/jvm/java-11-openjdk-amd64/lib/libnet.so
7f4da3ff5000-7f4da3ff6000 r--p 00015000 00:00 139242             /usr/lib/jvm/java-11-openjdk-amd64/lib/libnet.so
7f4da3ff6000-7f4da3ff7000 rw-p 00016000 00:00 139242             /usr/lib/jvm/java-11-openjdk-amd64/lib/libnet.so
7f4da4000000-7f4da4021000 rw-p 00000000 00:00 0
7f4da4021000-7f4da8000000 ---p 00000000 00:00 0
7f4da8000000-7f4da8021000 rw-p 00000000 00:00 0
7f4da8021000-7f4dac000000 ---p 00000000 00:00 0
7f4dac000000-7f4dac021000 rw-p 00000000 00:00 0
7f4dac021000-7f4db0000000 ---p 00000000 00:00 0
7f4db0000000-7f4db0021000 rw-p 00000000 00:00 0
7f4db0021000-7f4db4000000 ---p 00000000 00:00 0
7f4db4000000-7f4db4210000 rw-p 00000000 00:00 0
7f4db4210000-7f4db8000000 ---p 00000000 00:00 0
7f4db8000000-7f4db8021000 rw-p 00000000 00:00 0
7f4db8021000-7f4dbc000000 ---p 00000000 00:00 0
7f4dbc000000-7f4dbc021000 rw-p 00000000 00:00 0
7f4dbc021000-7f4dc0000000 ---p 00000000 00:00 0
7f4dc0000000-7f4dc0110000 rw-p 00000000 00:00 0
7f4dc0110000-7f4dc4000000 ---p 00000000 00:00 0
7f4dc4000000-7f4dc4021000 rw-p 00000000 00:00 0
7f4dc4021000-7f4dc8000000 ---p 00000000 00:00 0
7f4dc8000000-7f4dc8021000 rw-p 00000000 00:00 0
7f4dc8021000-7f4dcc000000 ---p 00000000 00:00 0
7f4dcc000000-7f4dcc021000 rw-p 00000000 00:00 0
7f4dcc021000-7f4dd0000000 ---p 00000000 00:00 0
7f4dd0000000-7f4dd0021000 rw-p 00000000 00:00 0
7f4dd0021000-7f4dd4000000 ---p 00000000 00:00 0
7f4dd4000000-7f4dd4021000 rw-p 00000000 00:00 0
7f4dd4021000-7f4dd8000000 ---p 00000000 00:00 0
7f4dd8000000-7f4dd8021000 rw-p 00000000 00:00 0
7f4dd8021000-7f4ddc000000 ---p 00000000 00:00 0
7f4ddc0a0000-7f4ddc0d1000 rw-p 00000000 00:00 0
7f4ddc0e0000-7f4ddc0f0000 r-xp 00000000 00:00 139247             /usr/lib/jvm/java-11-openjdk-amd64/lib/libnio.so
7f4ddc0f0000-7f4ddc0f1000 ---p 00010000 00:00 139247             /usr/lib/jvm/java-11-openjdk-amd64/lib/libnio.so
7f4ddc0f1000-7f4ddc2ef000 ---p 00000011 00:00 139247             /usr/lib/jvm/java-11-openjdk-amd64/lib/libnio.so
7f4ddc2ef000-7f4ddc2f0000 r--p 0000f000 00:00 139247             /usr/lib/jvm/java-11-openjdk-amd64/lib/libnio.so
7f4ddc2f0000-7f4ddc2f1000 rw-p 00010000 00:00 139247             /usr/lib/jvm/java-11-openjdk-amd64/lib/libnio.so
7f4ddc300000-7f4ddc301000 ---p 00000000 00:00 0
7f4ddc301000-7f4ddc402000 rw-p 00000000 00:00 0
7f4ddc410000-7f4ddc414000 ---p 00000000 00:00 0
7f4ddc414000-7f4ddc511000 rw-p 00000000 00:00 0
7f4ddc520000-7f4ddc524000 ---p 00000000 00:00 0
7f4ddc524000-7f4ddc621000 rw-p 00000000 00:00 0
7f4ddc630000-7f4ddc634000 ---p 00000000 00:00 0
7f4ddc634000-7f4ddc731000 rw-p 00000000 00:00 0
7f4ddc740000-7f4ddc744000 ---p 00000000 00:00 0
7f4ddc744000-7f4ddc841000 rw-p 00000000 00:00 0
7f4ddc850000-7f4ddc854000 r-xp 00000000 00:00 137958             /usr/lib/jvm/java-11-openjdk-amd64/lib/libdt_socket.so
7f4ddc854000-7f4ddc856000 ---p 00004000 00:00 137958             /usr/lib/jvm/java-11-openjdk-amd64/lib/libdt_socket.so
7f4ddc856000-7f4ddca54000 ---p 00000006 00:00 137958             /usr/lib/jvm/java-11-openjdk-amd64/lib/libdt_socket.so
7f4ddca54000-7f4ddca55000 r--p 00004000 00:00 137958             /usr/lib/jvm/java-11-openjdk-amd64/lib/libdt_socket.so
7f4ddca55000-7f4ddca56000 rw-p 00005000 00:00 137958             /usr/lib/jvm/java-11-openjdk-amd64/lib/libdt_socket.so
7f4ddca60000-7f4ddca64000 ---p 00000000 00:00 0
7f4ddca64000-7f4ddcb61000 rw-p 00000000 00:00 0
7f4ddcb70000-7f4ddcb74000 ---p 00000000 00:00 0
7f4ddcb74000-7f4ddcc71000 rw-p 00000000 00:00 0
7f4ddcc80000-7f4ddcc84000 ---p 00000000 00:00 0
7f4ddcc84000-7f4ddcd81000 rw-p 00000000 00:00 0
7f4ddcd90000-7f4ddcd94000 ---p 00000000 00:00 0
7f4ddcd94000-7f4ddce91000 rw-p 00000000 00:00 0
7f4ddce92000-7f4ddd005000 r--p 00000000 00:00 620215             /usr/lib/locale/C.UTF-8/LC_COLLATE
7f4ddd005000-7f4ddd1a0000 r--p 00000000 00:00 620296             /usr/lib/locale/locale-archive
7f4ddd1a0000-7f4ddd1a4000 ---p 00000000 00:00 0
7f4ddd1a4000-7f4ddd2a1000 rw-p 00000000 00:00 0
7f4ddd2b0000-7f4ddd2b4000 ---p 00000000 00:00 0
7f4ddd2b4000-7f4ddd3b1000 rw-p 00000000 00:00 0
7f4ddd3c0000-7f4ddd3c1000 ---p 00000000 00:00 0
7f4ddd3c1000-7f4ddd4c2000 rw-p 00000000 00:00 0
7f4ddd4d0000-7f4ddd950000 rw-p 00000000 00:00 0
7f4ddd950000-7f4dddcd1000 ---p 00000000 00:00 0
7f4dddcd1000-7f4ddddd2000 rw-p 00000000 00:00 0
7f4dddde0000-7f4dddde1000 ---p 00000000 00:00 0
7f4dddde1000-7f4dddee2000 rw-p 00000000 00:00 0
7f4dddef0000-7f4dddff1000 rw-p 00000000 00:00 0
7f4dde000000-7f4de0021000 rw-p 00000000 00:00 0
7f4de0021000-7f4de4000000 ---p 00000000 00:00 0
7f4de401f000-7f4de4050000 r--p 00000000 00:00 620223             /usr/lib/locale/C.UTF-8/LC_CTYPE
7f4de4050000-7f4de40d1000 rw-p 00000000 00:00 0
7f4de40e0000-7f4de44e0000 rw-p 00000000 00:00 0
7f4de44e0000-7f4de7068000 ---p 00000000 00:00 0
7f4de7068000-7f4de7070000 rw-p 00000000 00:00 0
7f4de7070000-7f4de8070000 ---p 00000000 00:00 0
7f4de8070000-7f4de8470000 rw-p 00000000 00:00 0
7f4de8470000-7f4deaff8000 ---p 00000000 00:00 0
7f4deaff8000-7f4deb000000 rw-p 00000000 00:00 0
7f4deb000000-7f4dec000000 ---p 00000000 00:00 0
7f4dec000000-7f4dec021000 rw-p 00000000 00:00 0
7f4dec021000-7f4df0000000 ---p 00000000 00:00 0
7f4df0020000-7f4df007b000 rw-p 00000000 00:00 0
7f4df0080000-7f4df00a8000 rw-p 00000000 00:00 0
7f4df00b0000-7f4df01b1000 rw-p 00000000 00:00 0
7f4df01c0000-7f4df02c1000 rw-p 00000000 00:00 0
7f4df02d0000-7f4df03d1000 rw-p 00000000 00:00 0
7f4df03e0000-7f4df04e1000 rw-p 00000000 00:00 0
7f4df04f0000-7f4df05f1000 rw-p 00000000 00:00 0
7f4df0600000-7f4df0701000 rw-p 00000000 00:00 0
7f4df0710000-7f4df0811000 rw-p 00000000 00:00 0
7f4df0820000-7f4df0821000 ---p 00000000 00:00 0
7f4df0821000-7f4df0922000 rw-p 00000000 00:00 0
7f4df0930000-7f4df0ba0000 rwxp 00000000 00:00 0
7f4df0ba0000-7f4df0ec1000 ---p 00000000 00:00 0
7f4df0ec1000-7f4df1131000 rwxp 00000000 00:00 0
7f4df1131000-7f4df83f8000 ---p 00000000 00:00 0
7f4df83f8000-7f4df8668000 rwxp 00000000 00:00 0
7f4df8668000-7f4dff930000 ---p 00000000 00:00 0
7f4dff93e000-7f4e08000000 r--s 00000000 00:00 141554             /usr/lib/jvm/java-11-openjdk-amd64/lib/modules
7f4e08000000-7f4e082d5000 rw-p 00000000 00:00 0
7f4e082d5000-7f4e0c000000 ---p 00000000 00:00 0
7f4e0c000000-7f4e0c021000 rw-p 00000000 00:00 0
7f4e0c030000-7f4e0c051000 rw-p 00000000 00:00 0
7f4e0c060000-7f4e0c061000 ---p 00000000 00:00 0
7f4e0c061000-7f4e0c162000 rw-p 00000000 00:00 0
7f4e0c170000-7f4e0c277000 rw-p 00000000 00:00 0
7f4e0c280000-7f4e0c300000 rw-p 00000000 00:00 0
7f4e0c300000-7f4e0c871000 ---p 00000000 00:00 0
7f4e0c871000-7f4e0c872000 rw-p 00000000 00:00 0
7f4e0c872000-7f4e0ca72000 ---p 00000000 00:00 0
7f4e0ca80000-7f4e0cb00000 rw-p 00000000 00:00 0
7f4e0cb00000-7f4e0d071000 ---p 00000000 00:00 0
7f4e0d071000-7f4e0d072000 rw-p 00000000 00:00 0
7f4e0d072000-7f4e0d272000 ---p 00000000 00:00 0
7f4e0d280000-7f4e0d300000 rw-p 00000000 00:00 0
7f4e0d300000-7f4e0d871000 ---p 00000000 00:00 0
7f4e0d871000-7f4e0d872000 rw-p 00000000 00:00 0
7f4e0d872000-7f4e0da72000 ---p 00000000 00:00 0
7f4e0da80000-7f4e0db81000 rw-p 00000000 00:00 0
7f4e0db90000-7f4e0dc91000 rw-p 00000000 00:00 0
7f4e0dca0000-7f4e0dda1000 rw-p 00000000 00:00 0
7f4e0ddb0000-7f4e0deb1000 rw-p 00000000 00:00 0
7f4e0dec0000-7f4e0dfc1000 rw-p 00000000 00:00 0
7f4e0dfd0000-7f4e0e0d1000 rw-p 00000000 00:00 0
7f4e0e0e0000-7f4e0e1e1000 rw-p 00000000 00:00 0
7f4e0e1f0000-7f4e0e2f1000 rw-p 00000000 00:00 0
7f4e0e300000-7f4e0e301000 ---p 00000000 00:00 0
7f4e0e301000-7f4e0e402000 rw-p 00000000 00:00 0
7f4e0e410000-7f4e0e415000 rw-p 00000000 00:00 0
7f4e0e415000-7f4e0e4fb000 ---p 00000000 00:00 0
7f4e0e500000-7f4e0e505000 r-xp 00000000 00:00 138887             /usr/lib/jvm/java-11-openjdk-amd64/lib/libjimage.so
7f4e0e505000-7f4e0e506000 ---p 00005000 00:00 138887             /usr/lib/jvm/java-11-openjdk-amd64/lib/libjimage.so
7f4e0e506000-7f4e0e704000 ---p 00000006 00:00 138887             /usr/lib/jvm/java-11-openjdk-amd64/lib/libjimage.so
7f4e0e704000-7f4e0e705000 r--p 00004000 00:00 138887             /usr/lib/jvm/java-11-openjdk-amd64/lib/libjimage.so
7f4e0e705000-7f4e0e706000 rw-p 00005000 00:00 138887             /usr/lib/jvm/java-11-openjdk-amd64/lib/libjimage.so
7f4e0e710000-7f4e0e717000 r-xp 00000000 00:00 140971             /usr/lib/jvm/java-11-openjdk-amd64/lib/libzip.so
7f4e0e717000-7f4e0e718000 ---p 00007000 00:00 140971             /usr/lib/jvm/java-11-openjdk-amd64/lib/libzip.so
7f4e0e718000-7f4e0e916000 ---p 00000008 00:00 140971             /usr/lib/jvm/java-11-openjdk-amd64/lib/libzip.so
7f4e0e916000-7f4e0e917000 r--p 00006000 00:00 140971             /usr/lib/jvm/java-11-openjdk-amd64/lib/libzip.so
7f4e0e917000-7f4e0e918000 rw-p 00007000 00:00 140971             /usr/lib/jvm/java-11-openjdk-amd64/lib/libzip.so
7f4e0e920000-7f4e0e92b000 r-xp 00000000 00:00 487271             /lib/x86_64-linux-gnu/libnss_files-2.27.so
7f4e0e92b000-7f4e0e92c000 ---p 0000b000 00:00 487271             /lib/x86_64-linux-gnu/libnss_files-2.27.so
7f4e0e92c000-7f4e0eb2a000 ---p 0000000c 00:00 487271             /lib/x86_64-linux-gnu/libnss_files-2.27.so
7f4e0eb2a000-7f4e0eb2b000 r--p 0000a000 00:00 487271             /lib/x86_64-linux-gnu/libnss_files-2.27.so
7f4e0eb2b000-7f4e0eb2c000 rw-p 0000b000 00:00 487271             /lib/x86_64-linux-gnu/libnss_files-2.27.so
7f4e0eb2c000-7f4e0eb32000 rw-p 00000000 00:00 0
7f4e0eb40000-7f4e0eb57000 r-xp 00000000 00:00 487265             /lib/x86_64-linux-gnu/libnsl-2.27.so
7f4e0eb57000-7f4e0eb58000 ---p 00017000 00:00 487265             /lib/x86_64-linux-gnu/libnsl-2.27.so
7f4e0eb58000-7f4e0ed56000 ---p 00000018 00:00 487265             /lib/x86_64-linux-gnu/libnsl-2.27.so
7f4e0ed56000-7f4e0ed57000 r--p 00016000 00:00 487265             /lib/x86_64-linux-gnu/libnsl-2.27.so
7f4e0ed57000-7f4e0ed58000 rw-p 00017000 00:00 487265             /lib/x86_64-linux-gnu/libnsl-2.27.so
7f4e0ed58000-7f4e0ed5a000 rw-p 00000000 00:00 0
7f4e0ed60000-7f4e0ed6b000 r-xp 00000000 00:00 487276             /lib/x86_64-linux-gnu/libnss_nis-2.27.so
7f4e0ed6b000-7f4e0ed6c000 ---p 0000b000 00:00 487276             /lib/x86_64-linux-gnu/libnss_nis-2.27.so
7f4e0ed6c000-7f4e0ef6a000 ---p 0000000c 00:00 487276             /lib/x86_64-linux-gnu/libnss_nis-2.27.so
7f4e0ef6a000-7f4e0ef6b000 r--p 0000a000 00:00 487276             /lib/x86_64-linux-gnu/libnss_nis-2.27.so
7f4e0ef6b000-7f4e0ef6c000 rw-p 0000b000 00:00 487276             /lib/x86_64-linux-gnu/libnss_nis-2.27.so
7f4e0ef70000-7f4e0ef78000 r-xp 00000000 00:00 487267             /lib/x86_64-linux-gnu/libnss_compat-2.27.so
7f4e0ef78000-7f4e0ef7a000 ---p 00008000 00:00 487267             /lib/x86_64-linux-gnu/libnss_compat-2.27.so
7f4e0ef7a000-7f4e0f178000 ---p 0000000a 00:00 487267             /lib/x86_64-linux-gnu/libnss_compat-2.27.so
7f4e0f178000-7f4e0f179000 r--p 00008000 00:00 487267             /lib/x86_64-linux-gnu/libnss_compat-2.27.so
7f4e0f179000-7f4e0f17a000 rw-p 00009000 00:00 487267             /lib/x86_64-linux-gnu/libnss_compat-2.27.so
7f4e0f180000-7f4e0f1bb000 r-xp 00000000 00:00 138617             /usr/lib/jvm/java-11-openjdk-amd64/lib/libjdwp.so
7f4e0f1bb000-7f4e0f1bc000 ---p 0003b000 00:00 138617             /usr/lib/jvm/java-11-openjdk-amd64/lib/libjdwp.so
7f4e0f1bc000-7f4e0f3ba000 ---p 0000003c 00:00 138617             /usr/lib/jvm/java-11-openjdk-amd64/lib/libjdwp.so
7f4e0f3ba000-7f4e0f3bb000 r--p 0003a000 00:00 138617             /usr/lib/jvm/java-11-openjdk-amd64/lib/libjdwp.so
7f4e0f3bb000-7f4e0f3bc000 rw-p 0003b000 00:00 138617             /usr/lib/jvm/java-11-openjdk-amd64/lib/libjdwp.so
7f4e0f3c0000-7f4e0f3e9000 r-xp 00000000 00:00 138269             /usr/lib/jvm/java-11-openjdk-amd64/lib/libjava.so
7f4e0f3e9000-7f4e0f3eb000 ---p 00029000 00:00 138269             /usr/lib/jvm/java-11-openjdk-amd64/lib/libjava.so
7f4e0f3eb000-7f4e0f5e8000 ---p 0000002b 00:00 138269             /usr/lib/jvm/java-11-openjdk-amd64/lib/libjava.so
7f4e0f5e8000-7f4e0f5e9000 r--p 00028000 00:00 138269             /usr/lib/jvm/java-11-openjdk-amd64/lib/libjava.so
7f4e0f5e9000-7f4e0f5eb000 rw-p 00029000 00:00 138269             /usr/lib/jvm/java-11-openjdk-amd64/lib/libjava.so
7f4e0f5f0000-7f4e0f5fd000 r-xp 00000000 00:00 140960             /usr/lib/jvm/java-11-openjdk-amd64/lib/libverify.so
7f4e0f5fd000-7f4e0f5ff000 ---p 0000d000 00:00 140960             /usr/lib/jvm/java-11-openjdk-amd64/lib/libverify.so
7f4e0f5ff000-7f4e0f7fc000 ---p 0000000f 00:00 140960             /usr/lib/jvm/java-11-openjdk-amd64/lib/libverify.so
7f4e0f7fc000-7f4e0f7fe000 r--p 0000c000 00:00 140960             /usr/lib/jvm/java-11-openjdk-amd64/lib/libverify.so
7f4e0f7fe000-7f4e0f7ff000 rw-p 0000e000 00:00 140960             /usr/lib/jvm/java-11-openjdk-amd64/lib/libverify.so
7f4e0f800000-7f4e0f807000 r-xp 00000000 00:00 487328             /lib/x86_64-linux-gnu/librt-2.27.so
7f4e0f807000-7f4e0f808000 ---p 00007000 00:00 487328             /lib/x86_64-linux-gnu/librt-2.27.so
7f4e0f808000-7f4e0fa06000 ---p 00000008 00:00 487328             /lib/x86_64-linux-gnu/librt-2.27.so
7f4e0fa06000-7f4e0fa07000 r--p 00006000 00:00 487328             /lib/x86_64-linux-gnu/librt-2.27.so
7f4e0fa07000-7f4e0fa08000 rw-p 00007000 00:00 487328             /lib/x86_64-linux-gnu/librt-2.27.so
7f4e0fa10000-7f4e0fa27000 r-xp 00000000 00:00 487212             /lib/x86_64-linux-gnu/libgcc_s.so.1
7f4e0fa27000-7f4e0fa28000 ---p 00017000 00:00 487212             /lib/x86_64-linux-gnu/libgcc_s.so.1
7f4e0fa28000-7f4e0fc26000 ---p 00000018 00:00 487212             /lib/x86_64-linux-gnu/libgcc_s.so.1
7f4e0fc26000-7f4e0fc27000 r--p 00016000 00:00 487212             /lib/x86_64-linux-gnu/libgcc_s.so.1
7f4e0fc27000-7f4e0fc28000 rw-p 00017000 00:00 487212             /lib/x86_64-linux-gnu/libgcc_s.so.1
7f4e0fc30000-7f4e0fdcd000 r-xp 00000000 00:00 487240             /lib/x86_64-linux-gnu/libm-2.27.so
7f4e0fdcd000-7f4e0fdd0000 ---p 0019d000 00:00 487240             /lib/x86_64-linux-gnu/libm-2.27.so
7f4e0fdd0000-7f4e0ffcc000 ---p 000001a0 00:00 487240             /lib/x86_64-linux-gnu/libm-2.27.so
7f4e0ffcc000-7f4e0ffcd000 r--p 0019c000 00:00 487240             /lib/x86_64-linux-gnu/libm-2.27.so
7f4e0ffcd000-7f4e0ffce000 rw-p 0019d000 00:00 487240             /lib/x86_64-linux-gnu/libm-2.27.so
7f4e0ffd0000-7f4e10149000 r-xp 00000000 00:00 682071             /usr/lib/x86_64-linux-gnu/libstdc++.so.6.0.25
7f4e10149000-7f4e10156000 ---p 00179000 00:00 682071             /usr/lib/x86_64-linux-gnu/libstdc++.so.6.0.25
7f4e10156000-7f4e10349000 ---p 00000186 00:00 682071             /usr/lib/x86_64-linux-gnu/libstdc++.so.6.0.25
7f4e10349000-7f4e10353000 r--p 00179000 00:00 682071             /usr/lib/x86_64-linux-gnu/libstdc++.so.6.0.25
7f4e10353000-7f4e10355000 rw-p 00183000 00:00 682071             /usr/lib/x86_64-linux-gnu/libstdc++.so.6.0.25
7f4e10355000-7f4e10359000 rw-p 00000000 00:00 0
7f4e10360000-7f4e11434000 r-xp 00000000 00:00 142530             /usr/lib/jvm/java-11-openjdk-amd64/lib/server/libjvm.so
7f4e11434000-7f4e1152b000 ---p 010d4000 00:00 142530             /usr/lib/jvm/java-11-openjdk-amd64/lib/server/libjvm.so
7f4e1152b000-7f4e11634000 ---p 000011cb 00:00 142530             /usr/lib/jvm/java-11-openjdk-amd64/lib/server/libjvm.so
7f4e11634000-7f4e116f1000 r--p 010d4000 00:00 142530             /usr/lib/jvm/java-11-openjdk-amd64/lib/server/libjvm.so
7f4e116f1000-7f4e1172a000 rw-p 01191000 00:00 142530             /usr/lib/jvm/java-11-openjdk-amd64/lib/server/libjvm.so
7f4e1172a000-7f4e11781000 rw-p 00000000 00:00 0
7f4e11790000-7f4e117aa000 r-xp 00000000 00:00 487320             /lib/x86_64-linux-gnu/libpthread-2.27.so
7f4e117aa000-7f4e117b4000 ---p 0001a000 00:00 487320             /lib/x86_64-linux-gnu/libpthread-2.27.so
7f4e117b4000-7f4e119a9000 ---p 00000024 00:00 487320             /lib/x86_64-linux-gnu/libpthread-2.27.so
7f4e119a9000-7f4e119aa000 r--p 00019000 00:00 487320             /lib/x86_64-linux-gnu/libpthread-2.27.so
7f4e119aa000-7f4e119ab000 rw-p 0001a000 00:00 487320             /lib/x86_64-linux-gnu/libpthread-2.27.so
7f4e119ab000-7f4e119af000 rw-p 00000000 00:00 0
7f4e119b0000-7f4e119b3000 r-xp 00000000 00:00 487187             /lib/x86_64-linux-gnu/libdl-2.27.so
7f4e119b3000-7f4e119b4000 ---p 00003000 00:00 487187             /lib/x86_64-linux-gnu/libdl-2.27.so
7f4e119b4000-7f4e11bb2000 ---p 00000004 00:00 487187             /lib/x86_64-linux-gnu/libdl-2.27.so
7f4e11bb2000-7f4e11bb3000 r--p 00002000 00:00 487187             /lib/x86_64-linux-gnu/libdl-2.27.so
7f4e11bb3000-7f4e11bb4000 rw-p 00003000 00:00 487187             /lib/x86_64-linux-gnu/libdl-2.27.so
7f4e11bc0000-7f4e11bdc000 r-xp 00000000 00:00 487370             /lib/x86_64-linux-gnu/libz.so.1.2.11
7f4e11bdc000-7f4e11bdd000 ---p 0001c000 00:00 487370             /lib/x86_64-linux-gnu/libz.so.1.2.11
7f4e11bdd000-7f4e11ddb000 ---p 0000001d 00:00 487370             /lib/x86_64-linux-gnu/libz.so.1.2.11
7f4e11ddb000-7f4e11ddc000 r--p 0001b000 00:00 487370             /lib/x86_64-linux-gnu/libz.so.1.2.11
7f4e11ddc000-7f4e11ddd000 rw-p 0001c000 00:00 487370             /lib/x86_64-linux-gnu/libz.so.1.2.11
7f4e11de0000-7f4e11fc7000 r-xp 00000000 00:00 487157             /lib/x86_64-linux-gnu/libc-2.27.so
7f4e11fc7000-7f4e11fd0000 ---p 001e7000 00:00 487157             /lib/x86_64-linux-gnu/libc-2.27.so
7f4e11fd0000-7f4e121c7000 ---p 000001f0 00:00 487157             /lib/x86_64-linux-gnu/libc-2.27.so
7f4e121c7000-7f4e121cb000 r--p 001e7000 00:00 487157             /lib/x86_64-linux-gnu/libc-2.27.so
7f4e121cb000-7f4e121cd000 rw-p 001eb000 00:00 487157             /lib/x86_64-linux-gnu/libc-2.27.so
7f4e121cd000-7f4e121d1000 rw-p 00000000 00:00 0
7f4e121e0000-7f4e121f0000 r-xp 00000000 00:00 137834             /usr/lib/jvm/java-11-openjdk-amd64/lib/jli/libjli.so
7f4e121f0000-7f4e121f1000 ---p 00010000 00:00 137834             /usr/lib/jvm/java-11-openjdk-amd64/lib/jli/libjli.so
7f4e121f1000-7f4e123ef000 ---p 00000011 00:00 137834             /usr/lib/jvm/java-11-openjdk-amd64/lib/jli/libjli.so
7f4e123ef000-7f4e123f0000 r--p 0000f000 00:00 137834             /usr/lib/jvm/java-11-openjdk-amd64/lib/jli/libjli.so
7f4e123f0000-7f4e123f1000 rw-p 00010000 00:00 137834             /usr/lib/jvm/java-11-openjdk-amd64/lib/jli/libjli.so
7f4e12400000-7f4e12426000 r-xp 00000000 00:00 487133             /lib/x86_64-linux-gnu/ld-2.27.so
7f4e12426000-7f4e12427000 r-xp 00026000 00:00 487133             /lib/x86_64-linux-gnu/ld-2.27.so
7f4e12430000-7f4e12435000 rw-p 00000000 00:00 0
7f4e12435000-7f4e1251b000 ---p 00000000 00:00 0
7f4e12520000-7f4e12524000 ---p 00000000 00:00 0
7f4e12524000-7f4e12621000 rw-p 00000000 00:00 0
7f4e12627000-7f4e12628000 r--p 00027000 00:00 487133             /lib/x86_64-linux-gnu/ld-2.27.so
7f4e12628000-7f4e12629000 rw-p 00028000 00:00 487133             /lib/x86_64-linux-gnu/ld-2.27.so
7f4e12629000-7f4e1262a000 rw-p 00000000 00:00 0
7f4e12640000-7f4e12645000 rw-p 00000000 00:00 0
7f4e12645000-7f4e1264c000 ---p 00000000 00:00 0
7f4e12650000-7f4e12651000 ---p 00000000 00:00 0
7f4e12651000-7f4e12652000 r--p 00000000 00:00 0
7f4e12655000-7f4e12656000 r--p 00000000 00:00 620278             /usr/lib/locale/C.UTF-8/LC_NUMERIC
7f4e12656000-7f4e12657000 r--p 00000000 00:00 620293             /usr/lib/locale/C.UTF-8/LC_TIME
7f4e12657000-7f4e12658000 r--p 00000000 00:00 620258             /usr/lib/locale/C.UTF-8/LC_MONETARY
7f4e12658000-7f4e12659000 r--p 00000000 00:00 620254             /usr/lib/locale/C.UTF-8/LC_MESSAGES/SYS_LC_MESSAGES
7f4e12659000-7f4e12660000 r--s 00000000 00:00 681823             /usr/lib/x86_64-linux-gnu/gconv/gconv-modules.cache
7f4e12660000-7f4e12662000 rw-p 00000000 00:00 0
7f4e12662000-7f4e12663000 r--p 00000000 00:00 620279             /usr/lib/locale/C.UTF-8/LC_PAPER
7f4e12663000-7f4e12664000 r--p 00000000 00:00 620267             /usr/lib/locale/C.UTF-8/LC_NAME
7f4e12664000-7f4e12665000 r--p 00000000 00:00 620210             /usr/lib/locale/C.UTF-8/LC_ADDRESS
7f4e12665000-7f4e12666000 r--p 00000000 00:00 620281             /usr/lib/locale/C.UTF-8/LC_TELEPHONE
7f4e12666000-7f4e12667000 r--p 00000000 00:00 620242             /usr/lib/locale/C.UTF-8/LC_MEASUREMENT
7f4e12667000-7f4e12668000 r--p 00000000 00:00 620231             /usr/lib/locale/C.UTF-8/LC_IDENTIFICATION
7f4e12668000-7f4e12670000 rw-s 00000000 00:00 216873             /tmp/hsperfdata_ashleyljh/962
7f4e12670000-7f4e12672000 rw-p 00000000 00:00 0
7f4e12800000-7f4e12801000 r-xp 00000000 00:00 136991             /usr/lib/jvm/java-11-openjdk-amd64/bin/java
7f4e12a01000-7f4e12a02000 r--p 00001000 00:00 136991             /usr/lib/jvm/java-11-openjdk-amd64/bin/java
7f4e12a02000-7f4e12a03000 rw-p 00002000 00:00 136991             /usr/lib/jvm/java-11-openjdk-amd64/bin/java
7ffff4db9000-7ffff4dda000 rw-p 00000000 00:00 0                  [heap]
7ffffb869000-7ffffc069000 rw-p 00000000 00:00 0                  [stack]
7ffffc551000-7ffffc552000 r-xp 00000000 00:00 0                  [vdso]


VM Arguments:
jvm_args: -agentlib:jdwp=transport=dt_socket,address=localhost:50034 
java_command: jdk.jshell.execution.RemoteExecutionControl 50033
java_class_path (initial): .
Launcher Type: SUN_STANDARD

[Global flags]
     intx CICompilerCount                          = 4                                         {product} {ergonomic}
     uint ConcGCThreads                            = 2                                         {product} {ergonomic}
     uint G1ConcRefinementThreads                  = 8                                         {product} {ergonomic}
   size_t G1HeapRegionSize                         = 1048576                                   {product} {ergonomic}
    uintx GCDrainStackTargetSize                   = 64                                        {product} {ergonomic}
   size_t InitialHeapSize                          = 268435456                                 {product} {ergonomic}
   size_t MarkStackSize                            = 4194304                                   {product} {ergonomic}
   size_t MaxHeapSize                              = 4265607168                                {product} {ergonomic}
   size_t MaxNewSize                               = 2558525440                                {product} {ergonomic}
   size_t MinHeapDeltaBytes                        = 1048576                                   {product} {ergonomic}
    uintx NonNMethodCodeHeapSize                   = 5836300                                {pd product} {ergonomic}
    uintx NonProfiledCodeHeapSize                  = 122910970                              {pd product} {ergonomic}
    uintx ProfiledCodeHeapSize                     = 122910970                              {pd product} {ergonomic}
    uintx ReservedCodeCacheSize                    = 251658240                              {pd product} {ergonomic}
     bool SegmentedCodeCache                       = true                                      {product} {ergonomic}
     bool UseCompressedClassPointers               = true                                 {lp64_product} {ergonomic}
     bool UseCompressedOops                        = true                                 {lp64_product} {ergonomic}
     bool UseG1GC                                  = true                                      {product} {ergonomic}

Logging:
Log output configuration:
 #0: stdout all=warning uptime,level,tags
 #1: stderr all=off uptime,level,tags

Environment Variables:
PATH=/usr/local/sbin:/usr/local/bin:/usr/sbin:/usr/bin:/sbin:/bin:/usr/games:/usr/local/games:/mnt/c/Program Files/WindowsApps/CanonicalGroupLimited.UbuntuonWindows_1804.2020.5.0_x64__79rhkp1fndgsc:/mnt/c/Program Files (x86)/Common Files/Oracle/Java/javapath:/mnt/c/Windows/System32:/mnt/c/Windows:/mnt/c/Windows/System32/wbem:/mnt/c/Windows/System32/WindowsPowerShell/v1.0:/mnt/c/Windows/System32/OpenSSH:/mnt/c/Program Files (x86)/NVIDIA Corporation/PhysX/Common:/mnt/c/Program Files/Intel/WiFi/bin:/mnt/c/Program Files/Common Files/Intel/WirelessCommon:/mnt/c/Program Files/Java/jdk-12.0.2/bin:/mnt/d/Matlab/bin:/mnt/c/Users/ashle/AppData/Local/Microsoft/WindowsApps:/mnt/c/Users/ashle/AppData/Local/Programs/Microsoft VS Code/bin:/snap/bin
SHELL=/bin/bash
DISPLAY=:0
HOSTTYPE=x86_64

Signal Handlers:
SIGSEGV: [libjvm.so+0xdeda70], sa_mask[0]=11111111111111111111111111111110, sa_flags=SA_RESTART|SA_SIGINFO
SIGBUS: [libjvm.so+0xdeda70], sa_mask[0]=11111111111111111111111111111110, sa_flags=SA_RESTART|SA_SIGINFO
SIGFPE: [libjvm.so+0xdeda70], sa_mask[0]=11111111111111111111111111111110, sa_flags=SA_RESTART|SA_SIGINFO
SIGPIPE: [libjvm.so+0xbc3040], sa_mask[0]=11111111111111111111111111111110, sa_flags=SA_RESTART|SA_SIGINFO
SIGXFSZ: [libjvm.so+0xbc3040], sa_mask[0]=11111111111111111111111111111110, sa_flags=SA_RESTART|SA_SIGINFO
SIGILL: [libjvm.so+0xdeda70], sa_mask[0]=11111111111111111111111111111110, sa_flags=SA_RESTART|SA_SIGINFO
SIGUSR2: [libjvm.so+0xbc2ee0], sa_mask[0]=00100000000000000000000000000000, sa_flags=SA_RESTART|SA_SIGINFO
SIGHUP: [libjvm.so+0xbc3240], sa_mask[0]=11111111111111111111111111111110, sa_flags=SA_RESTART|SA_SIGINFO
SIGINT: [libjvm.so+0xbc3240], sa_mask[0]=11111111111111111111111111111110, sa_flags=SA_RESTART|SA_SIGINFO
SIGTERM: [libjvm.so+0xbc3240], sa_mask[0]=11111111111111111111111111111110, sa_flags=SA_RESTART|SA_SIGINFO
SIGQUIT: [libjvm.so+0xbc3240], sa_mask[0]=11111111111111111111111111111110, sa_flags=SA_RESTART|SA_SIGINFO


---------------  S Y S T E M  ---------------

OS:DISTRIB_ID=Ubuntu
DISTRIB_RELEASE=18.04
DISTRIB_CODENAME=bionic
DISTRIB_DESCRIPTION="Ubuntu 18.04.2 LTS"
uname:Linux 4.4.0-17763-Microsoft #864-Microsoft Thu Nov 07 15:22:00 PST 2019 x86_64
libc:glibc 2.27 NPTL 2.27 
rlimit: STACK 8192k, CORE 0k, NPROC 7823, NOFILE 65536, AS infinity, DATA infinity, FSIZE infinity
load average:0.52 0.58 0.59

/proc/meminfo:
MemTotal:       16661812 kB
MemFree:         2469620 kB
Buffers:           34032 kB
Cached:           188576 kB
SwapCached:            0 kB
Active:           167556 kB
Inactive:         157876 kB
Active(anon):     103104 kB
Inactive(anon):    17440 kB
Active(file):      64452 kB
Inactive(file):   140436 kB
Unevictable:           0 kB
Mlocked:               0 kB
SwapTotal:      15467644 kB
SwapFree:       12783792 kB
Dirty:                 0 kB
Writeback:             0 kB
AnonPages:        102824 kB
Mapped:            71404 kB
Shmem:             17720 kB
Slab:              13868 kB
SReclaimable:       6744 kB
SUnreclaim:         7124 kB
KernelStack:        2848 kB
PageTables:         2524 kB
NFS_Unstable:          0 kB
Bounce:                0 kB
WritebackTmp:          0 kB
CommitLimit:      515524 kB
Committed_AS:    3450064 kB
VmallocTotal:     122880 kB
VmallocUsed:       21296 kB
VmallocChunk:      66044 kB
HardwareCorrupted:     0 kB
AnonHugePages:      2048 kB
HugePages_Total:       0
HugePages_Free:        0
HugePages_Rsvd:        0
HugePages_Surp:        0
Hugepagesize:       2048 kB
DirectMap4k:       12280 kB
DirectMap4M:      897024 kB


/proc/sys/kernel/threads-max (system-wide limit on the number of threads):
32768


/proc/sys/vm/max_map_count (maximum number of memory map areas a process may have):


/proc/sys/kernel/pid_max (system-wide limit on number of process identifiers):
32768



Steal ticks since vm start: 0
Steal ticks percentage since vm start:  0.000

CPU:total 8 (initial active 8) (4 cores per cpu, 2 threads per core) family 6 model 142 stepping 11, cmov, cx8, fxsr, mmx, sse, sse2, sse3, ssse3, sse4.1, sse4.2, popcnt, avx, avx2, aes, clmul, erms, 3dnowpref, lzcnt, ht, tsc, tscinvbit, bmi1, bmi2, adx, fma
CPU Model and flags from /proc/cpuinfo:
model name	: Intel(R) Core(TM) i7-8565U CPU @ 1.80GHz
flags		: fpu vme de pse tsc msr pae mce cx8 apic sep mtrr pge mca cmov pat pse36 clflush dts acpi mmx fxsr sse sse2 ss ht tm pbe syscall nx pdpe1gb rdtscp lm pni pclmulqdq dtes64 monitor ds_cpl vmx est tm2 ssse3 fma cx16 xtpr pdcm pcid sse4_1 sse4_2 x2apic movbe popcnt tsc_deadline_timer aes xsave osxsave avx f16c rdrand

Memory: 4k page, physical 16661812k(2468464k free), swap 15467644k(12783792k free)

vm_info: OpenJDK 64-Bit Server VM (11.0.5+10-post-Ubuntu-0ubuntu1.118.04) for linux-amd64 JRE (11.0.5+10-post-Ubuntu-0ubuntu1.118.04), built on Oct 16 2019 22:01:07 by "buildd" with gcc 7.4.0

END.
